13:47 INFO    : Running for label 'AT2017gfo', output will be saved to 'output/POSSISSmoothUni'
13:47 INFO    : Running for label 'AT2017gfo', output will be saved to 'output/POSSISSmoothUni'
13:47 INFO    : Running for label 'AT2017gfo', output will be saved to 'output/POSSISSmoothUni'
13:47 INFO    : Running for label 'AT2017gfo', output will be saved to 'output/POSSISSmoothUni'
13:47 INFO    : Running for label 'AT2017gfo', output will be saved to 'output/POSSISSmoothUni'
13:47 INFO    : Running for label 'AT2017gfo', output will be saved to 'output/POSSISSmoothUni'
13:47 INFO    : Running for label 'AT2017gfo', output will be saved to 'output/POSSISSmoothUni'
13:47 INFO    : Running for label 'AT2017gfo', output will be saved to 'output/POSSISSmoothUni'
13:47 INFO    : Running for label 'AT2017gfo', output will be saved to 'output/POSSISSmoothUni'
13:47 INFO    : Running for label 'AT2017gfo', output will be saved to 'output/POSSISSmoothUni'
13:47 INFO    : Running for label 'AT2017gfo', output will be saved to 'output/POSSISSmoothUni'
13:47 INFO    : Running for label 'AT2017gfo', output will be saved to 'output/POSSISSmoothUni'
13:47 INFO    : Running for label 'AT2017gfo', output will be saved to 'output/POSSISSmoothUni'
13:47 INFO    : Running for label 'AT2017gfo', output will be saved to 'output/POSSISSmoothUni'
13:47 INFO    : Search parameters:
13:47 INFO    :   luminosity_distance = Uniform(minimum=0.0, maximum=200.0, name='luminosity_distance', latex_label='$D_L$', unit=None, boundary=None)
13:47 INFO    :   KNphi = Uniform(minimum=15.0, maximum=75.0, name='KNphi', latex_label='$\\Phi$', unit=None, boundary=None)
13:47 INFO    :   inclination_EM = Sine(minimum=0.0, maximum=1.5707963267948966, name='inclination_EM', latex_label='$\\iota$', unit=None, boundary=None)
13:47 INFO    :   KNtimeshift = Uniform(minimum=-2.0, maximum=1.0, name='trigger_time', latex_label='$t_0$', unit=None, boundary=None)
13:47 INFO    :   log10_mej_dyn = Uniform(minimum=-3.0, maximum=-1.0, name='log10_mej_dyn', latex_label='$\\log_{10}M^{\\rm{dyn}}_{\\rm{ej}}$', unit=None, boundary=None)
13:47 INFO    :   log10_mej_wind = Uniform(minimum=-3.0, maximum=-0.5, name='log10_mej_wind', latex_label='$\\log_{10}M^{\\rm{wind}}_{\\rm{ej}}$', unit=None, boundary=None)
13:47 INFO    :   Ebv = 0.0
13:47 WARNING : Supplied argument 'npool' not an argument of 'Pymultinest', removing.
13:47 WARNING : Supplied argument 'queue_size' not an argument of 'Pymultinest', removing.
13:47 WARNING : Supplied argument 'check_point_delta_t' not an argument of 'Pymultinest', removing.
13:47 INFO    : Using sampler Pymultinest with kwargs {'importance_nested_sampling': False, 'resume': True, 'verbose': True, 'sampling_efficiency': 'parameter', 'n_live_points': 2048, 'n_params': 6, 'n_clustering_params': None, 'wrapped_params': None, 'multimodal': True, 'const_efficiency_mode': False, 'evidence_tolerance': 0.5, 'n_iter_before_update': 100, 'null_log_evidence': -1e+90, 'max_modes': 100, 'mode_tolerance': -1e+90, 'seed': 42, 'context': 0, 'write_output': True, 'log_zero': -1e+100, 'max_iter': 0, 'init_MPI': False, 'dump_callback': <bound method Pymultinest._dump_callback of <bilby.core.sampler.pymultinest.Pymultinest object at 0x7f6d80337c40>>}
13:47 INFO    : Temporary directory incompatible with MPI, will run in original directory
13:47 INFO    : Using output file output/POSSISSmoothUni/pm_AT2017gfo/
13:47 INFO    : Search parameters:
13:47 INFO    :   luminosity_distance = Uniform(minimum=0.0, maximum=200.0, name='luminosity_distance', latex_label='$D_L$', unit=None, boundary=None)
13:47 INFO    :   KNphi = Uniform(minimum=15.0, maximum=75.0, name='KNphi', latex_label='$\\Phi$', unit=None, boundary=None)
13:47 INFO    :   inclination_EM = Sine(minimum=0.0, maximum=1.5707963267948966, name='inclination_EM', latex_label='$\\iota$', unit=None, boundary=None)
13:47 INFO    :   KNtimeshift = Uniform(minimum=-2.0, maximum=1.0, name='trigger_time', latex_label='$t_0$', unit=None, boundary=None)
13:47 INFO    :   log10_mej_dyn = Uniform(minimum=-3.0, maximum=-1.0, name='log10_mej_dyn', latex_label='$\\log_{10}M^{\\rm{dyn}}_{\\rm{ej}}$', unit=None, boundary=None)
13:47 INFO    :   log10_mej_wind = Uniform(minimum=-3.0, maximum=-0.5, name='log10_mej_wind', latex_label='$\\log_{10}M^{\\rm{wind}}_{\\rm{ej}}$', unit=None, boundary=None)
13:47 INFO    :   Ebv = 0.0
13:47 WARNING : Supplied argument 'npool' not an argument of 'Pymultinest', removing.
13:47 WARNING : Supplied argument 'queue_size' not an argument of 'Pymultinest', removing.
13:47 WARNING : Supplied argument 'check_point_delta_t' not an argument of 'Pymultinest', removing.
13:47 INFO    : Using sampler Pymultinest with kwargs {'importance_nested_sampling': False, 'resume': True, 'verbose': True, 'sampling_efficiency': 'parameter', 'n_live_points': 2048, 'n_params': 6, 'n_clustering_params': None, 'wrapped_params': None, 'multimodal': True, 'const_efficiency_mode': False, 'evidence_tolerance': 0.5, 'n_iter_before_update': 100, 'null_log_evidence': -1e+90, 'max_modes': 100, 'mode_tolerance': -1e+90, 'seed': 42, 'context': 0, 'write_output': True, 'log_zero': -1e+100, 'max_iter': 0, 'init_MPI': False, 'dump_callback': <bound method Pymultinest._dump_callback of <bilby.core.sampler.pymultinest.Pymultinest object at 0x7fdd246e43a0>>}
13:47 INFO    : Temporary directory incompatible with MPI, will run in original directory
13:47 INFO    : Using output file output/POSSISSmoothUni/pm_AT2017gfo/
13:47 INFO    : Search parameters:
13:47 INFO    :   luminosity_distance = Uniform(minimum=0.0, maximum=200.0, name='luminosity_distance', latex_label='$D_L$', unit=None, boundary=None)
13:47 INFO    :   KNphi = Uniform(minimum=15.0, maximum=75.0, name='KNphi', latex_label='$\\Phi$', unit=None, boundary=None)
13:47 INFO    :   inclination_EM = Sine(minimum=0.0, maximum=1.5707963267948966, name='inclination_EM', latex_label='$\\iota$', unit=None, boundary=None)
13:47 INFO    :   KNtimeshift = Uniform(minimum=-2.0, maximum=1.0, name='trigger_time', latex_label='$t_0$', unit=None, boundary=None)
13:47 INFO    :   log10_mej_dyn = Uniform(minimum=-3.0, maximum=-1.0, name='log10_mej_dyn', latex_label='$\\log_{10}M^{\\rm{dyn}}_{\\rm{ej}}$', unit=None, boundary=None)
13:47 INFO    :   log10_mej_wind = Uniform(minimum=-3.0, maximum=-0.5, name='log10_mej_wind', latex_label='$\\log_{10}M^{\\rm{wind}}_{\\rm{ej}}$', unit=None, boundary=None)
13:47 INFO    :   Ebv = 0.0
13:47 WARNING : Supplied argument 'npool' not an argument of 'Pymultinest', removing.
13:47 WARNING : Supplied argument 'queue_size' not an argument of 'Pymultinest', removing.
13:47 WARNING : Supplied argument 'check_point_delta_t' not an argument of 'Pymultinest', removing.
13:47 INFO    : Using sampler Pymultinest with kwargs {'importance_nested_sampling': False, 'resume': True, 'verbose': True, 'sampling_efficiency': 'parameter', 'n_live_points': 2048, 'n_params': 6, 'n_clustering_params': None, 'wrapped_params': None, 'multimodal': True, 'const_efficiency_mode': False, 'evidence_tolerance': 0.5, 'n_iter_before_update': 100, 'null_log_evidence': -1e+90, 'max_modes': 100, 'mode_tolerance': -1e+90, 'seed': 42, 'context': 0, 'write_output': True, 'log_zero': -1e+100, 'max_iter': 0, 'init_MPI': False, 'dump_callback': <bound method Pymultinest._dump_callback of <bilby.core.sampler.pymultinest.Pymultinest object at 0x7fe734048ca0>>}
13:47 INFO    : Temporary directory incompatible with MPI, will run in original directory
13:47 INFO    : Using output file output/POSSISSmoothUni/pm_AT2017gfo/
13:47 INFO    : Search parameters:
13:47 INFO    :   luminosity_distance = Uniform(minimum=0.0, maximum=200.0, name='luminosity_distance', latex_label='$D_L$', unit=None, boundary=None)
13:47 INFO    :   KNphi = Uniform(minimum=15.0, maximum=75.0, name='KNphi', latex_label='$\\Phi$', unit=None, boundary=None)
13:47 INFO    :   inclination_EM = Sine(minimum=0.0, maximum=1.5707963267948966, name='inclination_EM', latex_label='$\\iota$', unit=None, boundary=None)
13:47 INFO    :   KNtimeshift = Uniform(minimum=-2.0, maximum=1.0, name='trigger_time', latex_label='$t_0$', unit=None, boundary=None)
13:47 INFO    :   log10_mej_dyn = Uniform(minimum=-3.0, maximum=-1.0, name='log10_mej_dyn', latex_label='$\\log_{10}M^{\\rm{dyn}}_{\\rm{ej}}$', unit=None, boundary=None)
13:47 INFO    : Search parameters:
13:47 INFO    :   log10_mej_wind = Uniform(minimum=-3.0, maximum=-0.5, name='log10_mej_wind', latex_label='$\\log_{10}M^{\\rm{wind}}_{\\rm{ej}}$', unit=None, boundary=None)
13:47 INFO    :   luminosity_distance = Uniform(minimum=0.0, maximum=200.0, name='luminosity_distance', latex_label='$D_L$', unit=None, boundary=None)
13:47 INFO    :   Ebv = 0.0
13:47 INFO    :   KNphi = Uniform(minimum=15.0, maximum=75.0, name='KNphi', latex_label='$\\Phi$', unit=None, boundary=None)
13:47 WARNING : Supplied argument 'npool' not an argument of 'Pymultinest', removing.
13:47 WARNING : Supplied argument 'queue_size' not an argument of 'Pymultinest', removing.
13:47 WARNING : Supplied argument 'check_point_delta_t' not an argument of 'Pymultinest', removing.
13:47 INFO    : Using sampler Pymultinest with kwargs {'importance_nested_sampling': False, 'resume': True, 'verbose': True, 'sampling_efficiency': 'parameter', 'n_live_points': 2048, 'n_params': 6, 'n_clustering_params': None, 'wrapped_params': None, 'multimodal': True, 'const_efficiency_mode': False, 'evidence_tolerance': 0.5, 'n_iter_before_update': 100, 'null_log_evidence': -1e+90, 'max_modes': 100, 'mode_tolerance': -1e+90, 'seed': 42, 'context': 0, 'write_output': True, 'log_zero': -1e+100, 'max_iter': 0, 'init_MPI': False, 'dump_callback': <bound method Pymultinest._dump_callback of <bilby.core.sampler.pymultinest.Pymultinest object at 0x7fbd68419bb0>>}
13:47 INFO    :   inclination_EM = Sine(minimum=0.0, maximum=1.5707963267948966, name='inclination_EM', latex_label='$\\iota$', unit=None, boundary=None)
13:47 INFO    :   KNtimeshift = Uniform(minimum=-2.0, maximum=1.0, name='trigger_time', latex_label='$t_0$', unit=None, boundary=None)
13:47 INFO    : Temporary directory incompatible with MPI, will run in original directory
13:47 INFO    :   log10_mej_dyn = Uniform(minimum=-3.0, maximum=-1.0, name='log10_mej_dyn', latex_label='$\\log_{10}M^{\\rm{dyn}}_{\\rm{ej}}$', unit=None, boundary=None)
13:47 INFO    : Using output file output/POSSISSmoothUni/pm_AT2017gfo/
13:47 INFO    :   log10_mej_wind = Uniform(minimum=-3.0, maximum=-0.5, name='log10_mej_wind', latex_label='$\\log_{10}M^{\\rm{wind}}_{\\rm{ej}}$', unit=None, boundary=None)
13:47 INFO    :   Ebv = 0.0
13:47 WARNING : Supplied argument 'npool' not an argument of 'Pymultinest', removing.
13:47 WARNING : Supplied argument 'queue_size' not an argument of 'Pymultinest', removing.
13:47 WARNING : Supplied argument 'check_point_delta_t' not an argument of 'Pymultinest', removing.
13:47 INFO    : Using sampler Pymultinest with kwargs {'importance_nested_sampling': False, 'resume': True, 'verbose': True, 'sampling_efficiency': 'parameter', 'n_live_points': 2048, 'n_params': 6, 'n_clustering_params': None, 'wrapped_params': None, 'multimodal': True, 'const_efficiency_mode': False, 'evidence_tolerance': 0.5, 'n_iter_before_update': 100, 'null_log_evidence': -1e+90, 'max_modes': 100, 'mode_tolerance': -1e+90, 'seed': 42, 'context': 0, 'write_output': True, 'log_zero': -1e+100, 'max_iter': 0, 'init_MPI': False, 'dump_callback': <bound method Pymultinest._dump_callback of <bilby.core.sampler.pymultinest.Pymultinest object at 0x7f93f8163eb0>>}
13:47 INFO    : Temporary directory incompatible with MPI, will run in original directory
13:47 INFO    : Using output file output/POSSISSmoothUni/pm_AT2017gfo/
13:47 INFO    : Search parameters:
13:47 INFO    :   luminosity_distance = Uniform(minimum=0.0, maximum=200.0, name='luminosity_distance', latex_label='$D_L$', unit=None, boundary=None)
13:47 INFO    :   KNphi = Uniform(minimum=15.0, maximum=75.0, name='KNphi', latex_label='$\\Phi$', unit=None, boundary=None)
13:47 INFO    :   inclination_EM = Sine(minimum=0.0, maximum=1.5707963267948966, name='inclination_EM', latex_label='$\\iota$', unit=None, boundary=None)
13:47 INFO    :   KNtimeshift = Uniform(minimum=-2.0, maximum=1.0, name='trigger_time', latex_label='$t_0$', unit=None, boundary=None)
13:47 INFO    :   log10_mej_dyn = Uniform(minimum=-3.0, maximum=-1.0, name='log10_mej_dyn', latex_label='$\\log_{10}M^{\\rm{dyn}}_{\\rm{ej}}$', unit=None, boundary=None)
13:47 INFO    :   log10_mej_wind = Uniform(minimum=-3.0, maximum=-0.5, name='log10_mej_wind', latex_label='$\\log_{10}M^{\\rm{wind}}_{\\rm{ej}}$', unit=None, boundary=None)
13:47 INFO    :   Ebv = 0.0
13:47 WARNING : Supplied argument 'npool' not an argument of 'Pymultinest', removing.
13:47 WARNING : Supplied argument 'queue_size' not an argument of 'Pymultinest', removing.
13:47 WARNING : Supplied argument 'check_point_delta_t' not an argument of 'Pymultinest', removing.
13:47 INFO    : Using sampler Pymultinest with kwargs {'importance_nested_sampling': False, 'resume': True, 'verbose': True, 'sampling_efficiency': 'parameter', 'n_live_points': 2048, 'n_params': 6, 'n_clustering_params': None, 'wrapped_params': None, 'multimodal': True, 'const_efficiency_mode': False, 'evidence_tolerance': 0.5, 'n_iter_before_update': 100, 'null_log_evidence': -1e+90, 'max_modes': 100, 'mode_tolerance': -1e+90, 'seed': 42, 'context': 0, 'write_output': True, 'log_zero': -1e+100, 'max_iter': 0, 'init_MPI': False, 'dump_callback': <bound method Pymultinest._dump_callback of <bilby.core.sampler.pymultinest.Pymultinest object at 0x7fb8943a6c40>>}
13:47 INFO    : Temporary directory incompatible with MPI, will run in original directory
13:47 INFO    : Using output file output/POSSISSmoothUni/pm_AT2017gfo/
13:47 INFO    : Search parameters:
13:47 INFO    :   luminosity_distance = Uniform(minimum=0.0, maximum=200.0, name='luminosity_distance', latex_label='$D_L$', unit=None, boundary=None)
13:47 INFO    :   KNphi = Uniform(minimum=15.0, maximum=75.0, name='KNphi', latex_label='$\\Phi$', unit=None, boundary=None)
13:47 INFO    :   inclination_EM = Sine(minimum=0.0, maximum=1.5707963267948966, name='inclination_EM', latex_label='$\\iota$', unit=None, boundary=None)
13:47 INFO    :   KNtimeshift = Uniform(minimum=-2.0, maximum=1.0, name='trigger_time', latex_label='$t_0$', unit=None, boundary=None)
13:47 INFO    :   log10_mej_dyn = Uniform(minimum=-3.0, maximum=-1.0, name='log10_mej_dyn', latex_label='$\\log_{10}M^{\\rm{dyn}}_{\\rm{ej}}$', unit=None, boundary=None)
13:47 INFO    :   log10_mej_wind = Uniform(minimum=-3.0, maximum=-0.5, name='log10_mej_wind', latex_label='$\\log_{10}M^{\\rm{wind}}_{\\rm{ej}}$', unit=None, boundary=None)
13:47 INFO    :   Ebv = 0.0
13:47 WARNING : Supplied argument 'npool' not an argument of 'Pymultinest', removing.
13:47 WARNING : Supplied argument 'queue_size' not an argument of 'Pymultinest', removing.
13:47 WARNING : Supplied argument 'check_point_delta_t' not an argument of 'Pymultinest', removing.
13:47 INFO    : Using sampler Pymultinest with kwargs {'importance_nested_sampling': False, 'resume': True, 'verbose': True, 'sampling_efficiency': 'parameter', 'n_live_points': 2048, 'n_params': 6, 'n_clustering_params': None, 'wrapped_params': None, 'multimodal': True, 'const_efficiency_mode': False, 'evidence_tolerance': 0.5, 'n_iter_before_update': 100, 'null_log_evidence': -1e+90, 'max_modes': 100, 'mode_tolerance': -1e+90, 'seed': 42, 'context': 0, 'write_output': True, 'log_zero': -1e+100, 'max_iter': 0, 'init_MPI': False, 'dump_callback': <bound method Pymultinest._dump_callback of <bilby.core.sampler.pymultinest.Pymultinest object at 0x7f1904102400>>}
13:47 INFO    : Temporary directory incompatible with MPI, will run in original directory
13:47 INFO    : Using output file output/POSSISSmoothUni/pm_AT2017gfo/
13:47 INFO    : Search parameters:
13:47 INFO    :   luminosity_distance = Uniform(minimum=0.0, maximum=200.0, name='luminosity_distance', latex_label='$D_L$', unit=None, boundary=None)
13:47 INFO    : Search parameters:
13:47 INFO    :   KNphi = Uniform(minimum=15.0, maximum=75.0, name='KNphi', latex_label='$\\Phi$', unit=None, boundary=None)
13:47 INFO    :   luminosity_distance = Uniform(minimum=0.0, maximum=200.0, name='luminosity_distance', latex_label='$D_L$', unit=None, boundary=None)
13:47 INFO    :   KNphi = Uniform(minimum=15.0, maximum=75.0, name='KNphi', latex_label='$\\Phi$', unit=None, boundary=None)
13:47 INFO    :   inclination_EM = Sine(minimum=0.0, maximum=1.5707963267948966, name='inclination_EM', latex_label='$\\iota$', unit=None, boundary=None)
13:47 INFO    :   KNtimeshift = Uniform(minimum=-2.0, maximum=1.0, name='trigger_time', latex_label='$t_0$', unit=None, boundary=None)
13:47 INFO    :   inclination_EM = Sine(minimum=0.0, maximum=1.5707963267948966, name='inclination_EM', latex_label='$\\iota$', unit=None, boundary=None)
13:47 INFO    :   KNtimeshift = Uniform(minimum=-2.0, maximum=1.0, name='trigger_time', latex_label='$t_0$', unit=None, boundary=None)
13:47 INFO    :   log10_mej_dyn = Uniform(minimum=-3.0, maximum=-1.0, name='log10_mej_dyn', latex_label='$\\log_{10}M^{\\rm{dyn}}_{\\rm{ej}}$', unit=None, boundary=None)
13:47 INFO    :   log10_mej_dyn = Uniform(minimum=-3.0, maximum=-1.0, name='log10_mej_dyn', latex_label='$\\log_{10}M^{\\rm{dyn}}_{\\rm{ej}}$', unit=None, boundary=None)
13:47 INFO    :   log10_mej_wind = Uniform(minimum=-3.0, maximum=-0.5, name='log10_mej_wind', latex_label='$\\log_{10}M^{\\rm{wind}}_{\\rm{ej}}$', unit=None, boundary=None)
13:47 INFO    :   Ebv = 0.0
13:47 INFO    : Search parameters:
13:47 INFO    :   log10_mej_wind = Uniform(minimum=-3.0, maximum=-0.5, name='log10_mej_wind', latex_label='$\\log_{10}M^{\\rm{wind}}_{\\rm{ej}}$', unit=None, boundary=None)
13:47 WARNING : Supplied argument 'npool' not an argument of 'Pymultinest', removing.
13:47 INFO    :   luminosity_distance = Uniform(minimum=0.0, maximum=200.0, name='luminosity_distance', latex_label='$D_L$', unit=None, boundary=None)
13:47 WARNING : Supplied argument 'queue_size' not an argument of 'Pymultinest', removing.
13:47 INFO    :   Ebv = 0.0
13:47 WARNING : Supplied argument 'check_point_delta_t' not an argument of 'Pymultinest', removing.
13:47 INFO    : Using sampler Pymultinest with kwargs {'importance_nested_sampling': False, 'resume': True, 'verbose': True, 'sampling_efficiency': 'parameter', 'n_live_points': 2048, 'n_params': 6, 'n_clustering_params': None, 'wrapped_params': None, 'multimodal': True, 'const_efficiency_mode': False, 'evidence_tolerance': 0.5, 'n_iter_before_update': 100, 'null_log_evidence': -1e+90, 'max_modes': 100, 'mode_tolerance': -1e+90, 'seed': 42, 'context': 0, 'write_output': True, 'log_zero': -1e+100, 'max_iter': 0, 'init_MPI': False, 'dump_callback': <bound method Pymultinest._dump_callback of <bilby.core.sampler.pymultinest.Pymultinest object at 0x7ff7985a22e0>>}
13:47 INFO    :   KNphi = Uniform(minimum=15.0, maximum=75.0, name='KNphi', latex_label='$\\Phi$', unit=None, boundary=None)
13:47 WARNING : Supplied argument 'npool' not an argument of 'Pymultinest', removing.
13:47 WARNING : Supplied argument 'queue_size' not an argument of 'Pymultinest', removing.
13:47 WARNING : Supplied argument 'check_point_delta_t' not an argument of 'Pymultinest', removing.
13:47 INFO    : Using sampler Pymultinest with kwargs {'importance_nested_sampling': False, 'resume': True, 'verbose': True, 'sampling_efficiency': 'parameter', 'n_live_points': 2048, 'n_params': 6, 'n_clustering_params': None, 'wrapped_params': None, 'multimodal': True, 'const_efficiency_mode': False, 'evidence_tolerance': 0.5, 'n_iter_before_update': 100, 'null_log_evidence': -1e+90, 'max_modes': 100, 'mode_tolerance': -1e+90, 'seed': 42, 'context': 0, 'write_output': True, 'log_zero': -1e+100, 'max_iter': 0, 'init_MPI': False, 'dump_callback': <bound method Pymultinest._dump_callback of <bilby.core.sampler.pymultinest.Pymultinest object at 0x7f271db6b070>>}
13:47 INFO    :   inclination_EM = Sine(minimum=0.0, maximum=1.5707963267948966, name='inclination_EM', latex_label='$\\iota$', unit=None, boundary=None)
13:47 INFO    : Search parameters:
13:47 INFO    : Temporary directory incompatible with MPI, will run in original directory
13:47 INFO    :   luminosity_distance = Uniform(minimum=0.0, maximum=200.0, name='luminosity_distance', latex_label='$D_L$', unit=None, boundary=None)
13:47 INFO    : Temporary directory incompatible with MPI, will run in original directory
13:47 INFO    :   KNtimeshift = Uniform(minimum=-2.0, maximum=1.0, name='trigger_time', latex_label='$t_0$', unit=None, boundary=None)
13:47 INFO    : Using output file output/POSSISSmoothUni/pm_AT2017gfo/
13:47 INFO    :   KNphi = Uniform(minimum=15.0, maximum=75.0, name='KNphi', latex_label='$\\Phi$', unit=None, boundary=None)
13:47 INFO    :   log10_mej_dyn = Uniform(minimum=-3.0, maximum=-1.0, name='log10_mej_dyn', latex_label='$\\log_{10}M^{\\rm{dyn}}_{\\rm{ej}}$', unit=None, boundary=None)
13:47 INFO    : Using output file output/POSSISSmoothUni/pm_AT2017gfo/
13:47 INFO    :   log10_mej_wind = Uniform(minimum=-3.0, maximum=-0.5, name='log10_mej_wind', latex_label='$\\log_{10}M^{\\rm{wind}}_{\\rm{ej}}$', unit=None, boundary=None)
13:47 INFO    : Search parameters:
13:47 INFO    :   inclination_EM = Sine(minimum=0.0, maximum=1.5707963267948966, name='inclination_EM', latex_label='$\\iota$', unit=None, boundary=None)
13:47 INFO    :   Ebv = 0.0
13:47 INFO    :   KNtimeshift = Uniform(minimum=-2.0, maximum=1.0, name='trigger_time', latex_label='$t_0$', unit=None, boundary=None)
13:47 INFO    :   luminosity_distance = Uniform(minimum=0.0, maximum=200.0, name='luminosity_distance', latex_label='$D_L$', unit=None, boundary=None)
13:47 WARNING : Supplied argument 'npool' not an argument of 'Pymultinest', removing.
13:47 WARNING : Supplied argument 'queue_size' not an argument of 'Pymultinest', removing.
13:47 WARNING : Supplied argument 'check_point_delta_t' not an argument of 'Pymultinest', removing.
13:47 INFO    : Using sampler Pymultinest with kwargs {'importance_nested_sampling': False, 'resume': True, 'verbose': True, 'sampling_efficiency': 'parameter', 'n_live_points': 2048, 'n_params': 6, 'n_clustering_params': None, 'wrapped_params': None, 'multimodal': True, 'const_efficiency_mode': False, 'evidence_tolerance': 0.5, 'n_iter_before_update': 100, 'null_log_evidence': -1e+90, 'max_modes': 100, 'mode_tolerance': -1e+90, 'seed': 42, 'context': 0, 'write_output': True, 'log_zero': -1e+100, 'max_iter': 0, 'init_MPI': False, 'dump_callback': <bound method Pymultinest._dump_callback of <bilby.core.sampler.pymultinest.Pymultinest object at 0x7f2390664700>>}
13:47 INFO    :   KNphi = Uniform(minimum=15.0, maximum=75.0, name='KNphi', latex_label='$\\Phi$', unit=None, boundary=None)
13:47 INFO    :   log10_mej_dyn = Uniform(minimum=-3.0, maximum=-1.0, name='log10_mej_dyn', latex_label='$\\log_{10}M^{\\rm{dyn}}_{\\rm{ej}}$', unit=None, boundary=None)
13:47 INFO    : Temporary directory incompatible with MPI, will run in original directory
13:47 INFO    :   log10_mej_wind = Uniform(minimum=-3.0, maximum=-0.5, name='log10_mej_wind', latex_label='$\\log_{10}M^{\\rm{wind}}_{\\rm{ej}}$', unit=None, boundary=None)
13:47 INFO    :   inclination_EM = Sine(minimum=0.0, maximum=1.5707963267948966, name='inclination_EM', latex_label='$\\iota$', unit=None, boundary=None)
13:47 INFO    :   Ebv = 0.0
13:47 INFO    :   KNtimeshift = Uniform(minimum=-2.0, maximum=1.0, name='trigger_time', latex_label='$t_0$', unit=None, boundary=None)
13:47 INFO    : Using output file output/POSSISSmoothUni/pm_AT2017gfo/
13:47 INFO    :   log10_mej_dyn = Uniform(minimum=-3.0, maximum=-1.0, name='log10_mej_dyn', latex_label='$\\log_{10}M^{\\rm{dyn}}_{\\rm{ej}}$', unit=None, boundary=None)
13:47 INFO    :   log10_mej_wind = Uniform(minimum=-3.0, maximum=-0.5, name='log10_mej_wind', latex_label='$\\log_{10}M^{\\rm{wind}}_{\\rm{ej}}$', unit=None, boundary=None)
13:47 INFO    :   Ebv = 0.0
13:47 WARNING : Supplied argument 'npool' not an argument of 'Pymultinest', removing.
13:47 WARNING : Supplied argument 'queue_size' not an argument of 'Pymultinest', removing.
13:47 WARNING : Supplied argument 'check_point_delta_t' not an argument of 'Pymultinest', removing.
13:47 INFO    : Using sampler Pymultinest with kwargs {'importance_nested_sampling': False, 'resume': True, 'verbose': True, 'sampling_efficiency': 'parameter', 'n_live_points': 2048, 'n_params': 6, 'n_clustering_params': None, 'wrapped_params': None, 'multimodal': True, 'const_efficiency_mode': False, 'evidence_tolerance': 0.5, 'n_iter_before_update': 100, 'null_log_evidence': -1e+90, 'max_modes': 100, 'mode_tolerance': -1e+90, 'seed': 42, 'context': 0, 'write_output': True, 'log_zero': -1e+100, 'max_iter': 0, 'init_MPI': False, 'dump_callback': <bound method Pymultinest._dump_callback of <bilby.core.sampler.pymultinest.Pymultinest object at 0x7f77c056cac0>>}
13:47 INFO    : Temporary directory incompatible with MPI, will run in original directory
13:47 INFO    : Using output file output/POSSISSmoothUni/pm_AT2017gfo/
13:47 WARNING : Supplied argument 'npool' not an argument of 'Pymultinest', removing.
13:47 INFO    : Search parameters:
13:47 INFO    : Search parameters:
13:47 WARNING : Supplied argument 'queue_size' not an argument of 'Pymultinest', removing.
13:47 WARNING : Supplied argument 'check_point_delta_t' not an argument of 'Pymultinest', removing.
13:47 INFO    :   luminosity_distance = Uniform(minimum=0.0, maximum=200.0, name='luminosity_distance', latex_label='$D_L$', unit=None, boundary=None)
13:47 INFO    :   luminosity_distance = Uniform(minimum=0.0, maximum=200.0, name='luminosity_distance', latex_label='$D_L$', unit=None, boundary=None)
13:47 INFO    : Using sampler Pymultinest with kwargs {'importance_nested_sampling': False, 'resume': True, 'verbose': True, 'sampling_efficiency': 'parameter', 'n_live_points': 2048, 'n_params': 6, 'n_clustering_params': None, 'wrapped_params': None, 'multimodal': True, 'const_efficiency_mode': False, 'evidence_tolerance': 0.5, 'n_iter_before_update': 100, 'null_log_evidence': -1e+90, 'max_modes': 100, 'mode_tolerance': -1e+90, 'seed': 42, 'context': 0, 'write_output': True, 'log_zero': -1e+100, 'max_iter': 0, 'init_MPI': False, 'dump_callback': <bound method Pymultinest._dump_callback of <bilby.core.sampler.pymultinest.Pymultinest object at 0x7f9f9c5932e0>>}
13:47 INFO    :   KNphi = Uniform(minimum=15.0, maximum=75.0, name='KNphi', latex_label='$\\Phi$', unit=None, boundary=None)
13:47 INFO    :   KNphi = Uniform(minimum=15.0, maximum=75.0, name='KNphi', latex_label='$\\Phi$', unit=None, boundary=None)
13:47 INFO    : Temporary directory incompatible with MPI, will run in original directory
13:47 INFO    :   inclination_EM = Sine(minimum=0.0, maximum=1.5707963267948966, name='inclination_EM', latex_label='$\\iota$', unit=None, boundary=None)
13:47 INFO    :   KNtimeshift = Uniform(minimum=-2.0, maximum=1.0, name='trigger_time', latex_label='$t_0$', unit=None, boundary=None)
13:47 INFO    :   inclination_EM = Sine(minimum=0.0, maximum=1.5707963267948966, name='inclination_EM', latex_label='$\\iota$', unit=None, boundary=None)
13:47 INFO    :   log10_mej_dyn = Uniform(minimum=-3.0, maximum=-1.0, name='log10_mej_dyn', latex_label='$\\log_{10}M^{\\rm{dyn}}_{\\rm{ej}}$', unit=None, boundary=None)
13:47 INFO    : Using output file output/POSSISSmoothUni/pm_AT2017gfo/
13:47 INFO    :   log10_mej_wind = Uniform(minimum=-3.0, maximum=-0.5, name='log10_mej_wind', latex_label='$\\log_{10}M^{\\rm{wind}}_{\\rm{ej}}$', unit=None, boundary=None)
13:47 INFO    :   Ebv = 0.0
13:47 INFO    :   KNtimeshift = Uniform(minimum=-2.0, maximum=1.0, name='trigger_time', latex_label='$t_0$', unit=None, boundary=None)
13:47 INFO    :   log10_mej_dyn = Uniform(minimum=-3.0, maximum=-1.0, name='log10_mej_dyn', latex_label='$\\log_{10}M^{\\rm{dyn}}_{\\rm{ej}}$', unit=None, boundary=None)
13:47 INFO    :   log10_mej_wind = Uniform(minimum=-3.0, maximum=-0.5, name='log10_mej_wind', latex_label='$\\log_{10}M^{\\rm{wind}}_{\\rm{ej}}$', unit=None, boundary=None)
13:47 INFO    :   Ebv = 0.0
13:47 WARNING : Supplied argument 'npool' not an argument of 'Pymultinest', removing.
13:47 WARNING : Supplied argument 'queue_size' not an argument of 'Pymultinest', removing.
13:47 WARNING : Supplied argument 'check_point_delta_t' not an argument of 'Pymultinest', removing.
13:47 INFO    : Using sampler Pymultinest with kwargs {'importance_nested_sampling': False, 'resume': True, 'verbose': True, 'sampling_efficiency': 'parameter', 'n_live_points': 2048, 'n_params': 6, 'n_clustering_params': None, 'wrapped_params': None, 'multimodal': True, 'const_efficiency_mode': False, 'evidence_tolerance': 0.5, 'n_iter_before_update': 100, 'null_log_evidence': -1e+90, 'max_modes': 100, 'mode_tolerance': -1e+90, 'seed': 42, 'context': 0, 'write_output': True, 'log_zero': -1e+100, 'max_iter': 0, 'init_MPI': False, 'dump_callback': <bound method Pymultinest._dump_callback of <bilby.core.sampler.pymultinest.Pymultinest object at 0x7f8a70400c70>>}
13:47 WARNING : Supplied argument 'npool' not an argument of 'Pymultinest', removing.
13:47 WARNING : Supplied argument 'queue_size' not an argument of 'Pymultinest', removing.
13:47 WARNING : Supplied argument 'check_point_delta_t' not an argument of 'Pymultinest', removing.
13:47 INFO    : Using sampler Pymultinest with kwargs {'importance_nested_sampling': False, 'resume': True, 'verbose': True, 'sampling_efficiency': 'parameter', 'n_live_points': 2048, 'n_params': 6, 'n_clustering_params': None, 'wrapped_params': None, 'multimodal': True, 'const_efficiency_mode': False, 'evidence_tolerance': 0.5, 'n_iter_before_update': 100, 'null_log_evidence': -1e+90, 'max_modes': 100, 'mode_tolerance': -1e+90, 'seed': 42, 'context': 0, 'write_output': True, 'log_zero': -1e+100, 'max_iter': 0, 'init_MPI': False, 'dump_callback': <bound method Pymultinest._dump_callback of <bilby.core.sampler.pymultinest.Pymultinest object at 0x7f1cf80c9220>>}
13:47 INFO    : Temporary directory incompatible with MPI, will run in original directory
13:47 INFO    : Temporary directory incompatible with MPI, will run in original directory
13:47 INFO    : Using output file output/POSSISSmoothUni/pm_AT2017gfo/
13:47 INFO    : Using output file output/POSSISSmoothUni/pm_AT2017gfo/
14:24 INFO    : Sampling time: 0:36:48.030488
14:24 INFO    : Sampling time: 0:36:48.196372
14:24 INFO    : Sampling time: 0:36:48.256336
14:24 INFO    : Sampling time: 0:36:48.454255
14:24 INFO    : Sampling time: 0:36:48.449900
14:24 INFO    : Sampling time: 0:36:48.436332
14:24 INFO    : Sampling time: 0:36:48.399681
14:24 INFO    : Sampling time: 0:36:48.458992
14:24 INFO    : Sampling time: 0:36:48.440275
14:24 INFO    : Sampling time: 0:36:48.426802
14:24 INFO    : Sampling time: 0:36:48.571234
14:24 INFO    : Sampling time: 0:36:48.468163
14:24 INFO    : Sampling time: 0:36:48.436803
14:24 INFO    : Sampling time: 0:36:48.549356
14:24 INFO    : Summary of results:
nsamples: 10964
ln_noise_evidence:  0.000
ln_evidence: -133.406 +/-  0.059
ln_bayes_factor: -133.406 +/-  0.059

14:24 INFO    : Summary of results:
nsamples: 10964
ln_noise_evidence:  0.000
ln_evidence: -133.406 +/-  0.059
ln_bayes_factor: -133.406 +/-  0.059

14:24 INFO    : Writing samples file to /nfs/enlil/pouyans/codes/nmma/output/POSSISSmoothUni/AT2017gfo_posterior_samples.dat
14:24 INFO    : Writing samples file to /nfs/enlil/pouyans/codes/nmma/output/POSSISSmoothUni/AT2017gfo_posterior_samples.dat
14:24 INFO    : Summary of results:
nsamples: 10964
ln_noise_evidence:  0.000
ln_evidence: -133.406 +/-  0.059
ln_bayes_factor: -133.406 +/-  0.059

14:24 INFO    : Writing samples file to /nfs/enlil/pouyans/codes/nmma/output/POSSISSmoothUni/AT2017gfo_posterior_samples.dat
14:24 INFO    : Summary of results:
nsamples: 10964
ln_noise_evidence:  0.000
ln_evidence: -133.406 +/-  0.059
ln_bayes_factor: -133.406 +/-  0.059

14:24 INFO    : Writing samples file to /nfs/enlil/pouyans/codes/nmma/output/POSSISSmoothUni/AT2017gfo_posterior_samples.dat
14:24 INFO    : Summary of results:
nsamples: 10964
ln_noise_evidence:  0.000
ln_evidence: -133.406 +/-  0.059
ln_bayes_factor: -133.406 +/-  0.059

14:24 INFO    : Writing samples file to /nfs/enlil/pouyans/codes/nmma/output/POSSISSmoothUni/AT2017gfo_posterior_samples.dat
14:24 INFO    : Summary of results:
nsamples: 10964
ln_noise_evidence:  0.000
ln_evidence: -133.406 +/-  0.059
ln_bayes_factor: -133.406 +/-  0.059

14:24 INFO    : Writing samples file to /nfs/enlil/pouyans/codes/nmma/output/POSSISSmoothUni/AT2017gfo_posterior_samples.dat
14:24 INFO    : Summary of results:
nsamples: 10964
ln_noise_evidence:  0.000
ln_evidence: -133.406 +/-  0.059
ln_bayes_factor: -133.406 +/-  0.059

14:24 INFO    : Writing samples file to /nfs/enlil/pouyans/codes/nmma/output/POSSISSmoothUni/AT2017gfo_posterior_samples.dat
