      date     time           total        used        free      shared  buff/cache   available
2022-05-25 12:12:52           31817       27006        1053          74        3756        4135
2022-05-25 12:13:02           31817       27584         803         100        3429        3678
2022-05-25 12:13:12           31817       27703         684         100        3429        3559
2022-05-25 12:13:22           31817       27807         579         100        3429        3455
2022-05-25 12:13:32           31817       27836         585          78        3395        3447
2022-05-25 12:13:42           31817       27843         586          78        3387        3440
2022-05-25 12:13:52           31817       27838         594          78        3383        3445
2022-05-25 12:14:02           31817       27871         612          78        3332        3412
2022-05-25 12:14:12           31817       27959         676          78        3180        3324
2022-05-25 12:14:22           31817       27968         666          78        3181        3315
2022-05-25 12:14:32           31817       27964         670          78        3181        3319
2022-05-25 12:14:42           31817       27970         671          78        3174        3312
2022-05-25 12:14:52           31817       27968         670          78        3178        3316
2022-05-25 12:15:02           31817       27992         722          79        3101        3286
2022-05-25 12:15:12           31817       28003         707          80        3105        3274
2022-05-25 12:15:23           31817       28006         704          80        3105        3272
2022-05-25 12:15:33           31817       28009         701          80        3105        3268
2022-05-25 12:15:43           31817       27999         711          80        3106        3279
2022-05-25 12:15:53           31817       28004         706          80        3106        3273
2022-05-25 12:16:03           31817       28011         678         101        3127        3245
2022-05-25 12:16:13           31817       28010         679         101        3127        3246
2022-05-25 12:16:23           31817       28007         681         102        3127        3248
2022-05-25 12:16:33           31817       28013         676         102        3127        3243
2022-05-25 12:16:43           31817       28016         672         102        3127        3239
2022-05-25 12:16:53           31817       28020         668         102        3128        3236
2022-05-25 12:17:03           31817       28023         665         102        3127        3232
2022-05-25 12:17:13           31817       28021         668         102        3127        3235
2022-05-25 12:17:23           31817       28021         667         102        3128        3235
2022-05-25 12:17:33           31817       28024         663         102        3128        3231
2022-05-25 12:17:43           31817       28031         656         102        3128        3224
2022-05-25 12:17:53           31817       28030         657         102        3128        3225
2022-05-25 12:18:03           31817       28026         661         102        3128        3229
2022-05-25 12:18:13           31817       28030         657         102        3128        3225
2022-05-25 12:18:23           31817       28031         657         102        3128        3224
2022-05-25 12:18:33           31817       28036         651         102        3128        3219
2022-05-25 12:18:43           31817       28033         655         102        3128        3222
2022-05-25 12:18:53           31817       28035         651         102        3129        3220
2022-05-25 12:19:03           31817       28034         653         103        3129        3221
2022-05-25 12:19:13           31817       28034         652         103        3129        3221
2022-05-25 12:19:23           31817       28043         669          82        3103        3236
2022-05-25 12:19:33           31817       28044         668          82        3103        3236
2022-05-25 12:19:43           31817       28045         667          82        3104        3234
2022-05-25 12:19:53           31817       28045         667          82        3104        3235
2022-05-25 12:20:03           31817       28044         708          82        3064        3212
2022-05-25 12:20:13           31817       28063         689          82        3064        3193
2022-05-25 12:20:23           31817       28063         688          82        3064        3192
2022-05-25 12:20:33           31817       28060         692          82        3064        3195
2022-05-25 12:20:43           31817       28061         690          82        3064        3195
2022-05-25 12:20:53           31817       28064         688          82        3064        3191
2022-05-25 12:21:03           31817       28071         659         103        3085        3163
2022-05-25 12:21:13           31817       28071         659         103        3085        3164
2022-05-25 12:21:23           31817       28067         663         103        3085        3168
2022-05-25 12:21:33           31817       28070         661         103        3085        3165
2022-05-25 12:21:43           31817       28065         665         103        3086        3170
2022-05-25 12:21:53           31817       28071         659         103        3086        3163
2022-05-25 12:22:03           31817       28077         652         103        3086        3157
2022-05-25 12:22:13           31817       28074         678          82        3064        3181
2022-05-25 12:22:23           31817       28076         675          82        3064        3179
2022-05-25 12:22:33           31817       28075         676          82        3064        3180
2022-05-25 12:22:43           31817       28082         669          82        3064        3173
2022-05-25 12:22:53           31817       28084         667          82        3064        3171
2022-05-25 12:23:03           31817       28085         645         103        3086        3149
2022-05-25 12:23:13           31817       28086         644         103        3086        3148
2022-05-25 12:23:23           31817       28085         666          82        3065        3170
2022-05-25 12:23:33           31817       28088         662          82        3065        3167
2022-05-25 12:23:43           31817       28092         659          82        3065        3163
2022-05-25 12:23:53           31817       28086         665          82        3065        3169
2022-05-25 12:24:03           31817       28088         641         104        3086        3146
2022-05-25 12:24:13           31817       28090         639         104        3086        3144
2022-05-25 12:24:23           31817       28093         658          82        3065        3163
2022-05-25 12:24:33           31817       28097         654          82        3065        3158
2022-05-25 12:24:43           31817       28096         655          82        3065        3159
2022-05-25 12:24:53           31817       28097         655          82        3064        3158
2022-05-25 12:25:03           31817       28098         705          82        3013        3145
2022-05-25 12:25:13           31817       28105         697          82        3013        3137
2022-05-25 12:25:23           31817       28113         689          82        3013        3129
2022-05-25 12:25:33           31817       28113         690          82        3013        3130
2022-05-25 12:25:43           31817       28115         688          82        3013        3127
2022-05-25 12:25:53           31817       28106         697          82        3013        3137
2022-05-25 12:26:03           31817       28109         673         104        3034        3113
2022-05-25 12:26:13           31817       28117         664         104        3034        3104
2022-05-25 12:26:23           31817       28118         663         104        3035        3103
2022-05-25 12:26:33           31817       28116         665         104        3034        3105
2022-05-25 12:26:43           31817       28115         687          82        3013        3127
2022-05-25 12:26:53           31817       28118         684          82        3013        3125
2022-05-25 12:27:03           31817       28124         682         104        3009        3134
2022-05-25 12:27:13           31817       28126         705          82        2985        3153
2022-05-25 12:27:23           31817       28125         705          82        2985        3154
2022-05-25 12:27:33           31817       28126         704          82        2986        3153
2022-05-25 12:27:43           31817       28126         703          82        2986        3153
2022-05-25 12:27:53           31817       28140         704          82        2971        3139
2022-05-25 12:28:03           31817       28140         683         104        2992        3118
2022-05-25 12:28:13           31817       28143         704          82        2968        3136
2022-05-25 12:28:23           31817       28141         707          82        2968        3138
2022-05-25 12:28:33           31817       28140         711          82        2965        3139
2022-05-25 12:28:43           31817       28146         710          82        2959        3133
2022-05-25 12:28:53           31817       28148         720          82        2947        3131
2022-05-25 12:29:03           31817       28146         700         104        2969        3112
2022-05-25 12:29:13           31817       28147         722          83        2947        3132
2022-05-25 12:29:23           31817       28148         720          83        2948        3131
2022-05-25 12:29:33           31817       28154         721          83        2940        3124
2022-05-25 12:29:43           31817       28158         722          83        2936        3121
2022-05-25 12:29:53           31817       28158         728          83        2929        3121
2022-05-25 12:30:03           31817       28154         784          83        2878        3099
2022-05-25 12:30:13           31817       28162         774          83        2879        3091
2022-05-25 12:30:23           31817       28163         774          83        2878        3091
2022-05-25 12:30:33           31817       28166         771          83        2878        3088
2022-05-25 12:30:43           31817       28167         771          83        2878        3087
2022-05-25 12:30:53           31817       28169         768          83        2879        3084
2022-05-25 12:31:03           31817       28168         748         104        2900        3064
2022-05-25 12:31:13           31817       28170         746         104        2900        3063
2022-05-25 12:31:23           31817       28176         739         104        2901        3056
2022-05-25 12:31:33           31817       28176         761          83        2879        3077
2022-05-25 12:31:43           31817       28177         760          83        2879        3076
2022-05-25 12:31:53           31817       28176         761          83        2879        3077
2022-05-25 12:32:03           31817       28178         738         104        2900        3055
2022-05-25 12:32:13           31817       28184         731         104        2900        3048
2022-05-25 12:32:23           31817       28186         730         104        2900        3046
2022-05-25 12:32:33           31817       28187         727         104        2901        3045
2022-05-25 12:32:44           31817       28186         751          83        2879        3068
2022-05-25 12:32:54           31817       28187         750          83        2879        3067
2022-05-25 12:33:04           31817       28192         722         104        2901        3040
2022-05-25 12:33:14           31817       28195         720         104        2901        3038
2022-05-25 12:33:24           31817       28193         722         104        2901        3039
2022-05-25 12:33:34           31817       28193         721         104        2901        3039
2022-05-25 12:33:44           31817       28195         721         104        2900        3038
2022-05-25 12:33:54           31817       28200         736          83        2879        3053
2022-05-25 12:34:04           31817       28202         751          83        2862        3077
2022-05-25 12:34:14           31817       28202         759          83        2854        3076
2022-05-25 12:34:24           31817       28205         756          83        2855        3074
2022-05-25 12:34:34           31817       28203         759          83        2854        3076
2022-05-25 12:34:44           31817       28210         752          83        2853        3065
2022-05-25 12:34:54           31817       28214         758          83        2843        3065
2022-05-25 12:35:04           31817       28220         891          83        2704        3059
2022-05-25 12:35:14           31817       28234         876          83        2705        3044
2022-05-25 12:35:24           31817       28227         884          83        2705        3052
2022-05-25 12:35:34           31817       28219         892          83        2705        3060
2022-05-25 12:35:44           31817       28234         878          83        2704        3045
2022-05-25 12:35:54           31817       28234         876          83        2705        3045
2022-05-25 12:36:04           31817       28240         849         104        2727        3017
2022-05-25 12:36:14           31817       28234         856         104        2726        3024
2022-05-25 12:36:24           31817       28235         875          83        2705        3044
2022-05-25 12:36:34           31817       28240         870          83        2705        3039
2022-05-25 12:36:44           31817       28241         870          83        2705        3038
2022-05-25 12:36:54           31817       28243         868          83        2705        3036
2022-05-25 12:37:04           31817       28245         844         104        2727        3013
2022-05-25 12:37:14           31817       28244         845         104        2726        3014
2022-05-25 12:37:24           31817       28251         838         104        2727        3007
2022-05-25 12:37:34           31817       28249         861          83        2705        3030
2022-05-25 12:37:44           31817       28251         859          83        2705        3028
2022-05-25 12:37:54           31817       28249         861          83        2705        3030
2022-05-25 12:38:04           31817       28252         838         104        2726        3006
2022-05-25 12:38:14           31817       28258         831         104        2726        3000
2022-05-25 12:38:24           31817       28261         828         104        2727        2997
2022-05-25 12:38:34           31817       28262         827         104        2727        2996
2022-05-25 12:38:44           31817       28259         851          83        2705        3020
2022-05-25 12:38:54           31817       28261         849          83        2705        3018
2022-05-25 12:39:04           31817       28264         825         103        2726        2994
2022-05-25 12:39:14           31817       28269         820         103        2726        2989
2022-05-25 12:39:24           31817       28267         822         103        2726        2991
2022-05-25 12:39:34           31817       28270         819         103        2726        2988
2022-05-25 12:39:44           31817       28266         822         103        2727        2992
2022-05-25 12:39:54           31817       28272         839          83        2705        3007
2022-05-25 12:40:04           31817       28290         862          83        2664        2989
2022-05-25 12:40:14           31817       28300         851          83        2664        2979
2022-05-25 12:40:24           31817       28298         853          83        2664        2981
2022-05-25 12:40:34           31817       28285         867          83        2664        2994
2022-05-25 12:40:44           31817       28295         857          83        2664        2984
2022-05-25 12:40:54           31817       28304         847          83        2664        2975
2022-05-25 12:41:04           31817       28301         851          83        2664        2978
2022-05-25 12:41:14           31817       28300         852          83        2664        2979
2022-05-25 12:41:24           31817       28301         850          83        2664        2978
2022-05-25 12:41:34           31817       28303         848          83        2664        2976
2022-05-25 12:41:44           31817       28310         842          83        2664        2969
2022-05-25 12:41:54           31817       28312         839          83        2665        2967
2022-05-25 12:42:04           31817       28312         818         104        2686        2945
2022-05-25 12:42:14           31817       28299         851          83        2665        2979
2022-05-25 12:42:24           31817       28301         850          83        2665        2978
2022-05-25 12:42:34           31817       28314         838          83        2664        2965
2022-05-25 12:42:44           31817       28312         839          83        2664        2967
2022-05-25 12:42:54           31817       28316         835          83        2665        2963
2022-05-25 12:43:04           31817       28317         814         103        2685        2942
2022-05-25 12:43:14           31817       28317         813         103        2685        2941
2022-05-25 12:43:24           31817       28332         798         103        2686        2926
2022-05-25 12:43:34           31817       28338         813          83        2665        2941
2022-05-25 12:43:44           31817       28333         818          83        2664        2946
2022-05-25 12:43:54           31817       28336         815          83        2664        2943
2022-05-25 12:44:04           31817       28337         793         104        2685        2921
2022-05-25 12:44:14           31817       28334         796         104        2686        2923
2022-05-25 12:44:24           31817       28343         810          83        2662        2936
2022-05-25 12:44:34           31817       28345         810          83        2660        2934
2022-05-25 12:44:44           31817       28344         812          83        2660        2935
2022-05-25 12:44:54           31817       28345         810          83        2660        2934
2022-05-25 12:45:04           31817       28344         861          83        2610        2934
2022-05-25 12:45:14           31817       28362         843          83        2611        2917
2022-05-25 12:45:24           31817       28357         848          83        2611        2922
2022-05-25 12:45:34           31817       28356         849          83        2611        2923
2022-05-25 12:45:44           31817       28359         846          83        2611        2920
2022-05-25 12:45:54           31817       28359         847          83        2610        2920
2022-05-25 12:46:04           31817       28364         820         103        2632        2894
2022-05-25 12:46:14           31817       28369         815         103        2632        2889
2022-05-25 12:46:24           31817       28365         819         103        2631        2893
2022-05-25 12:46:34           31817       28370         814         103        2632        2888
2022-05-25 12:46:44           31817       28366         818         103        2632        2892
2022-05-25 12:46:54           31817       28369         814         103        2632        2889
2022-05-25 12:47:04           31817       28378         827          83        2611        2901
2022-05-25 12:47:14           31817       28377         827          83        2611        2902
2022-05-25 12:47:24           31817       28375         829          83        2611        2903
2022-05-25 12:47:34           31817       28378         827          83        2611        2901
2022-05-25 12:47:44           31817       28379         825          83        2612        2900
2022-05-25 12:47:54           31817       28386         824          83        2606        2893
2022-05-25 12:48:04           31817       28388         803         104        2625        2870
2022-05-25 12:48:14           31817       28384         827          83        2604        2894
2022-05-25 12:48:24           31817       28386         829          83        2601        2893
2022-05-25 12:48:34           31817       28386         833          83        2596        2893
2022-05-25 12:48:45           31817       28395         832          83        2589        2884
2022-05-25 12:48:55           31817       28398         831          83        2586        2881
2022-05-25 12:49:05           31817       28395         813         103        2608        2863
2022-05-25 12:49:15           31817       28393         814         103        2608        2865
2022-05-25 12:49:25           31817       28392         837          83        2586        2886
2022-05-25 12:49:35           31817       28403         831          83        2582        2876
2022-05-25 12:49:45           31817       28406         829          83        2580        2873
2022-05-25 12:49:55           31817       28405         834          83        2577        2874
2022-05-25 12:50:05           31817       28406         882          83        2527        2872
2022-05-25 12:50:15           31817       28417         870          83        2529        2862
2022-05-25 12:50:25           31817       28415         873          83        2528        2864
2022-05-25 12:50:35           31817       28421         866          83        2529        2858
2022-05-25 12:50:45           31817       28422         865          83        2528        2857
2022-05-25 12:50:55           31817       28421         866          83        2528        2857
2022-05-25 12:51:05           31817       28421         845         104        2549        2837
2022-05-25 12:51:15           31817       28421         845         104        2550        2837
2022-05-25 12:51:25           31817       28429         837         104        2550        2829
2022-05-25 12:51:35           31817       28429         837         104        2550        2829
2022-05-25 12:51:45           31817       28428         838         104        2550        2830
2022-05-25 12:51:55           31817       28430         857          83        2528        2849
2022-05-25 12:52:05           31817       28430         837         103        2549        2828
2022-05-25 12:52:15           31817       28435         834         103        2547        2823
2022-05-25 12:52:25           31817       28440         825         103        2550        2818
2022-05-25 12:52:35           31817       28440         826         103        2550        2818
2022-05-25 12:52:45           31817       28439         827         103        2550        2819
2022-05-25 12:52:55           31817       28440         826         103        2550        2818
2022-05-25 12:53:05           31817       28446         819         104        2550        2811
2022-05-25 12:53:15           31817       28447         842          83        2527        2832
2022-05-25 12:53:25           31817       28447         842          83        2527        2832
2022-05-25 12:53:35           31817       28448         840          83        2527        2831
2022-05-25 12:53:45           31817       28448         840          83        2527        2831
2022-05-25 12:53:55           31817       28454         843          83        2519        2825
2022-05-25 12:54:05           31817       28454         824         104        2537        2804
2022-05-25 12:54:15           31817       28451         851          83        2514        2828
2022-05-25 12:54:25           31817       28454         847          83        2515        2825
2022-05-25 12:54:35           31817       28455         846          83        2515        2824
2022-05-25 12:54:45           31817       28457         844          83        2515        2822
2022-05-25 12:54:55           31817       28464         846          83        2506        2815
2022-05-25 12:55:05           31817       28464         963          83        2389        2816
2022-05-25 12:55:15           31817       28462         965          83        2389        2818
2022-05-25 12:55:25           31817       28464         962          83        2389        2815
2022-05-25 12:55:35           31817       28464         963          83        2389        2816
2022-05-25 12:55:45           31817       28475         951          83        2389        2804
2022-05-25 12:55:55           31817       28473         953          83        2389        2806
2022-05-25 12:56:05           31817       28473         933         104        2410        2786
2022-05-25 12:56:15           31817       28473         933         104        2410        2786
2022-05-25 12:56:25           31817       28477         927         104        2411        2781
2022-05-25 12:56:35           31817       28483         943          83        2390        2797
2022-05-25 12:56:45           31817       28481         945          83        2390        2799
2022-05-25 12:56:55           31817       28482         944          83        2390        2797
2022-05-25 12:57:05           31817       28484         920         104        2411        2774
2022-05-25 12:57:15           31817       28482         923         104        2411        2777
2022-05-25 12:57:25           31817       28489         943          83        2383        2791
2022-05-25 12:57:35           31817       28489         943          83        2383        2790
2022-05-25 12:57:45           31817       28490         942          83        2383        2789
2022-05-25 12:57:55           31817       28488         944          83        2383        2791
2022-05-25 12:58:05           31817       28490         921         104        2404        2768
2022-05-25 12:58:15           31817       28495         942          83        2379        2784
2022-05-25 12:58:25           31817       28497         949          83        2369        2782
2022-05-25 12:58:35           31817       28497         948          83        2370        2783
2022-05-25 12:58:45           31817       28499         946          83        2370        2781
2022-05-25 12:58:55           31817       28500         946          83        2370        2780
2022-05-25 12:59:05           31817       28499         925         104        2391        2759
2022-05-25 12:59:15           31817       28506         944          83        2365        2773
2022-05-25 12:59:25           31817       28507         944          83        2365        2773
2022-05-25 12:59:35           31817       28504         946          83        2365        2775
2022-05-25 12:59:45           31817       28506         944          83        2365        2774
2022-05-25 12:59:55           31817       28507         946          83        2363        2773
2022-05-25 13:00:05           31817       28514        1002          83        2300        2768
2022-05-25 13:00:15           31817       28515        1000          83        2300        2767
2022-05-25 13:00:25           31817       28513        1002          83        2300        2768
2022-05-25 13:00:35           31817       28514         999          83        2302        2768
2022-05-25 13:00:45           31817       28516         996          83        2303        2765
2022-05-25 13:00:55           31817       28520         992          83        2303        2762
2022-05-25 13:01:05           31817       28525         966         104        2324        2736
2022-05-25 13:01:15           31817       28525         966         104        2324        2736
2022-05-25 13:01:25           31817       28524         989          83        2303        2758
2022-05-25 13:01:35           31817       28524         989          83        2303        2758
2022-05-25 13:01:45           31817       28525         987          83        2303        2757
2022-05-25 13:01:55           31817       28533         980          83        2303        2749
2022-05-25 13:02:05           31817       28534         958         104        2324        2727
2022-05-25 13:02:15           31817       28531         960         104        2324        2730
2022-05-25 13:02:25           31817       28531         961         104        2324        2730
2022-05-25 13:02:35           31817       28530         983          83        2303        2752
2022-05-25 13:02:45           31817       28539         974          83        2303        2743
2022-05-25 13:02:55           31817       28540         973          83        2303        2742
2022-05-25 13:03:05           31817       28536         947         104        2332        2724
2022-05-25 13:03:15           31817       20705        8990          83        2121       10579
2022-05-25 13:03:25           31817        2090       27596          74        2130       29203
2022-05-25 13:03:35           31817        2089       27597          74        2130       29203
