15:15 INFO    : Running for label 'AT2017gfo', output will be saved to 'output/POSSIS'
15:15 INFO    : Running for label 'AT2017gfo', output will be saved to 'output/POSSIS'
15:15 INFO    : Running for label 'AT2017gfo', output will be saved to 'output/POSSIS'
15:15 INFO    : Running for label 'AT2017gfo', output will be saved to 'output/POSSIS'
15:15 INFO    : Running for label 'AT2017gfo', output will be saved to 'output/POSSIS'
15:15 INFO    : Running for label 'AT2017gfo', output will be saved to 'output/POSSIS'
15:15 INFO    : Running for label 'AT2017gfo', output will be saved to 'output/POSSIS'
15:15 INFO    : Running for label 'AT2017gfo', output will be saved to 'output/POSSIS'
15:15 INFO    : Running for label 'AT2017gfo', output will be saved to 'output/POSSIS'
15:15 INFO    : Running for label 'AT2017gfo', output will be saved to 'output/POSSIS'
15:15 INFO    : Running for label 'AT2017gfo', output will be saved to 'output/POSSIS'
15:15 INFO    : Running for label 'AT2017gfo', output will be saved to 'output/POSSIS'
15:15 INFO    : Running for label 'AT2017gfo', output will be saved to 'output/POSSIS'
15:15 INFO    : Running for label 'AT2017gfo', output will be saved to 'output/POSSIS'
15:15 INFO    : Search parameters:
15:15 INFO    : Search parameters:
15:15 INFO    :   luminosity_distance = Gaussian(mu=40.0, sigma=1.89, name='luminosity_distance', latex_label='$D_L$', unit=None, boundary=None)
15:15 INFO    :   luminosity_distance = Gaussian(mu=40.0, sigma=1.89, name='luminosity_distance', latex_label='$D_L$', unit=None, boundary=None)
15:15 INFO    :   KNphi = Uniform(minimum=15.0, maximum=75.0, name='KNphi', latex_label='$\\Phi$', unit=None, boundary=None)
15:15 INFO    :   KNphi = Uniform(minimum=15.0, maximum=75.0, name='KNphi', latex_label='$\\Phi$', unit=None, boundary=None)
15:15 INFO    :   inclination_EM = Sine(minimum=0.0, maximum=1.5707963267948966, name='inclination_EM', latex_label='$\\iota$', unit=None, boundary=None)
15:15 INFO    :   inclination_EM = Sine(minimum=0.0, maximum=1.5707963267948966, name='inclination_EM', latex_label='$\\iota$', unit=None, boundary=None)
15:15 INFO    :   log10_mej_dyn = Uniform(minimum=-3.0, maximum=-1.0, name='log10_mej_dyn', latex_label='$\\log_{10}M^{\\rm{dyn}}_{\\rm{ej}}$', unit=None, boundary=None)
15:15 INFO    :   log10_mej_dyn = Uniform(minimum=-3.0, maximum=-1.0, name='log10_mej_dyn', latex_label='$\\log_{10}M^{\\rm{dyn}}_{\\rm{ej}}$', unit=None, boundary=None)
15:15 INFO    :   log10_mej_wind = Uniform(minimum=-3.0, maximum=-0.5, name='log10_mej_wind', latex_label='$\\log_{10}M^{\\rm{wind}}_{\\rm{ej}}$', unit=None, boundary=None)
15:15 INFO    :   log10_mej_wind = Uniform(minimum=-3.0, maximum=-0.5, name='log10_mej_wind', latex_label='$\\log_{10}M^{\\rm{wind}}_{\\rm{ej}}$', unit=None, boundary=None)
15:15 INFO    :   KNtimeshift = 0.0
15:15 INFO    :   KNtimeshift = 0.0
15:15 INFO    :   Ebv = 0.0
15:15 INFO    :   Ebv = 0.0
15:15 WARNING : Supplied argument 'npool' not an argument of 'Pymultinest', removing.
15:15 WARNING : Supplied argument 'npool' not an argument of 'Pymultinest', removing.
15:15 WARNING : Supplied argument 'queue_size' not an argument of 'Pymultinest', removing.
15:15 WARNING : Supplied argument 'queue_size' not an argument of 'Pymultinest', removing.
15:15 WARNING : Supplied argument 'check_point_delta_t' not an argument of 'Pymultinest', removing.
15:15 WARNING : Supplied argument 'check_point_delta_t' not an argument of 'Pymultinest', removing.
15:15 INFO    : Using sampler Pymultinest with kwargs {'importance_nested_sampling': False, 'resume': True, 'verbose': True, 'sampling_efficiency': 'parameter', 'n_live_points': 2048, 'n_params': 5, 'n_clustering_params': None, 'wrapped_params': None, 'multimodal': True, 'const_efficiency_mode': False, 'evidence_tolerance': 0.5, 'n_iter_before_update': 100, 'null_log_evidence': -1e+90, 'max_modes': 100, 'mode_tolerance': -1e+90, 'seed': 42, 'context': 0, 'write_output': True, 'log_zero': -1e+100, 'max_iter': 0, 'init_MPI': False, 'dump_callback': <bound method Pymultinest._dump_callback of <bilby.core.sampler.pymultinest.Pymultinest object at 0x7f05242dcdf0>>}
15:15 INFO    : Using sampler Pymultinest with kwargs {'importance_nested_sampling': False, 'resume': True, 'verbose': True, 'sampling_efficiency': 'parameter', 'n_live_points': 2048, 'n_params': 5, 'n_clustering_params': None, 'wrapped_params': None, 'multimodal': True, 'const_efficiency_mode': False, 'evidence_tolerance': 0.5, 'n_iter_before_update': 100, 'null_log_evidence': -1e+90, 'max_modes': 100, 'mode_tolerance': -1e+90, 'seed': 42, 'context': 0, 'write_output': True, 'log_zero': -1e+100, 'max_iter': 0, 'init_MPI': False, 'dump_callback': <bound method Pymultinest._dump_callback of <bilby.core.sampler.pymultinest.Pymultinest object at 0x7f2a04512820>>}
15:15 INFO    : Temporary directory incompatible with MPI, will run in original directory
15:15 INFO    : Temporary directory incompatible with MPI, will run in original directory
15:15 INFO    : Using output file output/POSSIS/pm_AT2017gfo/
15:15 INFO    : Using output file output/POSSIS/pm_AT2017gfo/
15:15 INFO    : Search parameters:
15:15 INFO    : Search parameters:
15:15 INFO    :   luminosity_distance = Gaussian(mu=40.0, sigma=1.89, name='luminosity_distance', latex_label='$D_L$', unit=None, boundary=None)
15:15 INFO    :   KNphi = Uniform(minimum=15.0, maximum=75.0, name='KNphi', latex_label='$\\Phi$', unit=None, boundary=None)
15:15 INFO    :   luminosity_distance = Gaussian(mu=40.0, sigma=1.89, name='luminosity_distance', latex_label='$D_L$', unit=None, boundary=None)
15:15 INFO    : Search parameters:
15:15 INFO    :   KNphi = Uniform(minimum=15.0, maximum=75.0, name='KNphi', latex_label='$\\Phi$', unit=None, boundary=None)
15:15 INFO    :   inclination_EM = Sine(minimum=0.0, maximum=1.5707963267948966, name='inclination_EM', latex_label='$\\iota$', unit=None, boundary=None)
15:15 INFO    :   luminosity_distance = Gaussian(mu=40.0, sigma=1.89, name='luminosity_distance', latex_label='$D_L$', unit=None, boundary=None)
15:15 INFO    :   log10_mej_dyn = Uniform(minimum=-3.0, maximum=-1.0, name='log10_mej_dyn', latex_label='$\\log_{10}M^{\\rm{dyn}}_{\\rm{ej}}$', unit=None, boundary=None)
15:15 INFO    :   KNphi = Uniform(minimum=15.0, maximum=75.0, name='KNphi', latex_label='$\\Phi$', unit=None, boundary=None)
15:15 INFO    :   inclination_EM = Sine(minimum=0.0, maximum=1.5707963267948966, name='inclination_EM', latex_label='$\\iota$', unit=None, boundary=None)
15:15 INFO    :   log10_mej_wind = Uniform(minimum=-3.0, maximum=-0.5, name='log10_mej_wind', latex_label='$\\log_{10}M^{\\rm{wind}}_{\\rm{ej}}$', unit=None, boundary=None)
15:15 INFO    :   log10_mej_dyn = Uniform(minimum=-3.0, maximum=-1.0, name='log10_mej_dyn', latex_label='$\\log_{10}M^{\\rm{dyn}}_{\\rm{ej}}$', unit=None, boundary=None)
15:15 INFO    :   inclination_EM = Sine(minimum=0.0, maximum=1.5707963267948966, name='inclination_EM', latex_label='$\\iota$', unit=None, boundary=None)
15:15 INFO    :   KNtimeshift = 0.0
15:15 INFO    :   Ebv = 0.0
15:15 INFO    :   log10_mej_dyn = Uniform(minimum=-3.0, maximum=-1.0, name='log10_mej_dyn', latex_label='$\\log_{10}M^{\\rm{dyn}}_{\\rm{ej}}$', unit=None, boundary=None)
15:15 INFO    :   log10_mej_wind = Uniform(minimum=-3.0, maximum=-0.5, name='log10_mej_wind', latex_label='$\\log_{10}M^{\\rm{wind}}_{\\rm{ej}}$', unit=None, boundary=None)
15:15 INFO    :   KNtimeshift = 0.0
15:15 INFO    :   Ebv = 0.0
15:15 INFO    :   log10_mej_wind = Uniform(minimum=-3.0, maximum=-0.5, name='log10_mej_wind', latex_label='$\\log_{10}M^{\\rm{wind}}_{\\rm{ej}}$', unit=None, boundary=None)
15:15 WARNING : Supplied argument 'npool' not an argument of 'Pymultinest', removing.
15:15 INFO    :   KNtimeshift = 0.0
15:15 WARNING : Supplied argument 'queue_size' not an argument of 'Pymultinest', removing.
15:15 INFO    :   Ebv = 0.0
15:15 WARNING : Supplied argument 'npool' not an argument of 'Pymultinest', removing.
15:15 WARNING : Supplied argument 'queue_size' not an argument of 'Pymultinest', removing.
15:15 WARNING : Supplied argument 'check_point_delta_t' not an argument of 'Pymultinest', removing.
15:15 WARNING : Supplied argument 'check_point_delta_t' not an argument of 'Pymultinest', removing.
15:15 INFO    : Using sampler Pymultinest with kwargs {'importance_nested_sampling': False, 'resume': True, 'verbose': True, 'sampling_efficiency': 'parameter', 'n_live_points': 2048, 'n_params': 5, 'n_clustering_params': None, 'wrapped_params': None, 'multimodal': True, 'const_efficiency_mode': False, 'evidence_tolerance': 0.5, 'n_iter_before_update': 100, 'null_log_evidence': -1e+90, 'max_modes': 100, 'mode_tolerance': -1e+90, 'seed': 42, 'context': 0, 'write_output': True, 'log_zero': -1e+100, 'max_iter': 0, 'init_MPI': False, 'dump_callback': <bound method Pymultinest._dump_callback of <bilby.core.sampler.pymultinest.Pymultinest object at 0x7f8bdc69f640>>}
15:15 INFO    : Using sampler Pymultinest with kwargs {'importance_nested_sampling': False, 'resume': True, 'verbose': True, 'sampling_efficiency': 'parameter', 'n_live_points': 2048, 'n_params': 5, 'n_clustering_params': None, 'wrapped_params': None, 'multimodal': True, 'const_efficiency_mode': False, 'evidence_tolerance': 0.5, 'n_iter_before_update': 100, 'null_log_evidence': -1e+90, 'max_modes': 100, 'mode_tolerance': -1e+90, 'seed': 42, 'context': 0, 'write_output': True, 'log_zero': -1e+100, 'max_iter': 0, 'init_MPI': False, 'dump_callback': <bound method Pymultinest._dump_callback of <bilby.core.sampler.pymultinest.Pymultinest object at 0x7f1150763d30>>}
15:15 INFO    : Search parameters:
15:15 WARNING : Supplied argument 'npool' not an argument of 'Pymultinest', removing.
15:15 INFO    : Search parameters:
15:15 INFO    : Temporary directory incompatible with MPI, will run in original directory
15:15 WARNING : Supplied argument 'queue_size' not an argument of 'Pymultinest', removing.
15:15 WARNING : Supplied argument 'check_point_delta_t' not an argument of 'Pymultinest', removing.
15:15 INFO    : Using sampler Pymultinest with kwargs {'importance_nested_sampling': False, 'resume': True, 'verbose': True, 'sampling_efficiency': 'parameter', 'n_live_points': 2048, 'n_params': 5, 'n_clustering_params': None, 'wrapped_params': None, 'multimodal': True, 'const_efficiency_mode': False, 'evidence_tolerance': 0.5, 'n_iter_before_update': 100, 'null_log_evidence': -1e+90, 'max_modes': 100, 'mode_tolerance': -1e+90, 'seed': 42, 'context': 0, 'write_output': True, 'log_zero': -1e+100, 'max_iter': 0, 'init_MPI': False, 'dump_callback': <bound method Pymultinest._dump_callback of <bilby.core.sampler.pymultinest.Pymultinest object at 0x7f411c75e640>>}
15:15 INFO    :   luminosity_distance = Gaussian(mu=40.0, sigma=1.89, name='luminosity_distance', latex_label='$D_L$', unit=None, boundary=None)
15:15 INFO    :   luminosity_distance = Gaussian(mu=40.0, sigma=1.89, name='luminosity_distance', latex_label='$D_L$', unit=None, boundary=None)
15:15 INFO    : Temporary directory incompatible with MPI, will run in original directory
15:15 INFO    : Using output file output/POSSIS/pm_AT2017gfo/
15:15 INFO    : Temporary directory incompatible with MPI, will run in original directory
15:15 INFO    :   KNphi = Uniform(minimum=15.0, maximum=75.0, name='KNphi', latex_label='$\\Phi$', unit=None, boundary=None)
15:15 INFO    :   KNphi = Uniform(minimum=15.0, maximum=75.0, name='KNphi', latex_label='$\\Phi$', unit=None, boundary=None)
15:15 INFO    :   inclination_EM = Sine(minimum=0.0, maximum=1.5707963267948966, name='inclination_EM', latex_label='$\\iota$', unit=None, boundary=None)
15:15 INFO    :   log10_mej_dyn = Uniform(minimum=-3.0, maximum=-1.0, name='log10_mej_dyn', latex_label='$\\log_{10}M^{\\rm{dyn}}_{\\rm{ej}}$', unit=None, boundary=None)
15:15 INFO    : Using output file output/POSSIS/pm_AT2017gfo/
15:15 INFO    :   inclination_EM = Sine(minimum=0.0, maximum=1.5707963267948966, name='inclination_EM', latex_label='$\\iota$', unit=None, boundary=None)
15:15 INFO    : Using output file output/POSSIS/pm_AT2017gfo/
15:15 INFO    : Search parameters:
15:15 INFO    : Search parameters:
15:15 INFO    :   log10_mej_wind = Uniform(minimum=-3.0, maximum=-0.5, name='log10_mej_wind', latex_label='$\\log_{10}M^{\\rm{wind}}_{\\rm{ej}}$', unit=None, boundary=None)
15:15 INFO    : Search parameters:
15:15 INFO    :   log10_mej_dyn = Uniform(minimum=-3.0, maximum=-1.0, name='log10_mej_dyn', latex_label='$\\log_{10}M^{\\rm{dyn}}_{\\rm{ej}}$', unit=None, boundary=None)
15:15 INFO    :   luminosity_distance = Gaussian(mu=40.0, sigma=1.89, name='luminosity_distance', latex_label='$D_L$', unit=None, boundary=None)
15:15 INFO    :   KNtimeshift = 0.0
15:15 INFO    :   Ebv = 0.0
15:15 INFO    :   log10_mej_wind = Uniform(minimum=-3.0, maximum=-0.5, name='log10_mej_wind', latex_label='$\\log_{10}M^{\\rm{wind}}_{\\rm{ej}}$', unit=None, boundary=None)
15:15 INFO    :   luminosity_distance = Gaussian(mu=40.0, sigma=1.89, name='luminosity_distance', latex_label='$D_L$', unit=None, boundary=None)
15:15 INFO    :   KNphi = Uniform(minimum=15.0, maximum=75.0, name='KNphi', latex_label='$\\Phi$', unit=None, boundary=None)
15:15 INFO    :   KNtimeshift = 0.0
15:15 INFO    :   Ebv = 0.0
15:15 INFO    :   inclination_EM = Sine(minimum=0.0, maximum=1.5707963267948966, name='inclination_EM', latex_label='$\\iota$', unit=None, boundary=None)
15:15 INFO    :   luminosity_distance = Gaussian(mu=40.0, sigma=1.89, name='luminosity_distance', latex_label='$D_L$', unit=None, boundary=None)
15:15 WARNING : Supplied argument 'npool' not an argument of 'Pymultinest', removing.
15:15 INFO    :   KNphi = Uniform(minimum=15.0, maximum=75.0, name='KNphi', latex_label='$\\Phi$', unit=None, boundary=None)
15:15 WARNING : Supplied argument 'queue_size' not an argument of 'Pymultinest', removing.
15:15 WARNING : Supplied argument 'check_point_delta_t' not an argument of 'Pymultinest', removing.
15:15 INFO    : Using sampler Pymultinest with kwargs {'importance_nested_sampling': False, 'resume': True, 'verbose': True, 'sampling_efficiency': 'parameter', 'n_live_points': 2048, 'n_params': 5, 'n_clustering_params': None, 'wrapped_params': None, 'multimodal': True, 'const_efficiency_mode': False, 'evidence_tolerance': 0.5, 'n_iter_before_update': 100, 'null_log_evidence': -1e+90, 'max_modes': 100, 'mode_tolerance': -1e+90, 'seed': 42, 'context': 0, 'write_output': True, 'log_zero': -1e+100, 'max_iter': 0, 'init_MPI': False, 'dump_callback': <bound method Pymultinest._dump_callback of <bilby.core.sampler.pymultinest.Pymultinest object at 0x7f1aec487dc0>>}
15:15 WARNING : Supplied argument 'npool' not an argument of 'Pymultinest', removing.
15:15 INFO    :   log10_mej_dyn = Uniform(minimum=-3.0, maximum=-1.0, name='log10_mej_dyn', latex_label='$\\log_{10}M^{\\rm{dyn}}_{\\rm{ej}}$', unit=None, boundary=None)
15:15 INFO    :   KNphi = Uniform(minimum=15.0, maximum=75.0, name='KNphi', latex_label='$\\Phi$', unit=None, boundary=None)
15:15 WARNING : Supplied argument 'queue_size' not an argument of 'Pymultinest', removing.
15:15 WARNING : Supplied argument 'check_point_delta_t' not an argument of 'Pymultinest', removing.
15:15 INFO    :   log10_mej_wind = Uniform(minimum=-3.0, maximum=-0.5, name='log10_mej_wind', latex_label='$\\log_{10}M^{\\rm{wind}}_{\\rm{ej}}$', unit=None, boundary=None)
15:15 INFO    :   inclination_EM = Sine(minimum=0.0, maximum=1.5707963267948966, name='inclination_EM', latex_label='$\\iota$', unit=None, boundary=None)
15:15 INFO    : Search parameters:
15:15 INFO    :   inclination_EM = Sine(minimum=0.0, maximum=1.5707963267948966, name='inclination_EM', latex_label='$\\iota$', unit=None, boundary=None)
15:15 INFO    :   KNtimeshift = 0.0
15:15 INFO    :   Ebv = 0.0
15:15 INFO    :   log10_mej_dyn = Uniform(minimum=-3.0, maximum=-1.0, name='log10_mej_dyn', latex_label='$\\log_{10}M^{\\rm{dyn}}_{\\rm{ej}}$', unit=None, boundary=None)
15:15 INFO    : Using sampler Pymultinest with kwargs {'importance_nested_sampling': False, 'resume': True, 'verbose': True, 'sampling_efficiency': 'parameter', 'n_live_points': 2048, 'n_params': 5, 'n_clustering_params': None, 'wrapped_params': None, 'multimodal': True, 'const_efficiency_mode': False, 'evidence_tolerance': 0.5, 'n_iter_before_update': 100, 'null_log_evidence': -1e+90, 'max_modes': 100, 'mode_tolerance': -1e+90, 'seed': 42, 'context': 0, 'write_output': True, 'log_zero': -1e+100, 'max_iter': 0, 'init_MPI': False, 'dump_callback': <bound method Pymultinest._dump_callback of <bilby.core.sampler.pymultinest.Pymultinest object at 0x7f00e4501700>>}
15:15 INFO    : Temporary directory incompatible with MPI, will run in original directory
15:15 INFO    :   luminosity_distance = Gaussian(mu=40.0, sigma=1.89, name='luminosity_distance', latex_label='$D_L$', unit=None, boundary=None)
15:15 INFO    :   log10_mej_wind = Uniform(minimum=-3.0, maximum=-0.5, name='log10_mej_wind', latex_label='$\\log_{10}M^{\\rm{wind}}_{\\rm{ej}}$', unit=None, boundary=None)
15:15 INFO    :   log10_mej_dyn = Uniform(minimum=-3.0, maximum=-1.0, name='log10_mej_dyn', latex_label='$\\log_{10}M^{\\rm{dyn}}_{\\rm{ej}}$', unit=None, boundary=None)
15:15 WARNING : Supplied argument 'npool' not an argument of 'Pymultinest', removing.
15:15 INFO    :   KNphi = Uniform(minimum=15.0, maximum=75.0, name='KNphi', latex_label='$\\Phi$', unit=None, boundary=None)
15:15 INFO    : Temporary directory incompatible with MPI, will run in original directory
15:15 INFO    : Using output file output/POSSIS/pm_AT2017gfo/
15:15 WARNING : Supplied argument 'queue_size' not an argument of 'Pymultinest', removing.
15:15 WARNING : Supplied argument 'check_point_delta_t' not an argument of 'Pymultinest', removing.
15:15 INFO    :   KNtimeshift = 0.0
15:15 INFO    :   Ebv = 0.0
15:15 INFO    : Using sampler Pymultinest with kwargs {'importance_nested_sampling': False, 'resume': True, 'verbose': True, 'sampling_efficiency': 'parameter', 'n_live_points': 2048, 'n_params': 5, 'n_clustering_params': None, 'wrapped_params': None, 'multimodal': True, 'const_efficiency_mode': False, 'evidence_tolerance': 0.5, 'n_iter_before_update': 100, 'null_log_evidence': -1e+90, 'max_modes': 100, 'mode_tolerance': -1e+90, 'seed': 42, 'context': 0, 'write_output': True, 'log_zero': -1e+100, 'max_iter': 0, 'init_MPI': False, 'dump_callback': <bound method Pymultinest._dump_callback of <bilby.core.sampler.pymultinest.Pymultinest object at 0x7fa64040feb0>>}
15:15 INFO    : Search parameters:
15:15 INFO    :   inclination_EM = Sine(minimum=0.0, maximum=1.5707963267948966, name='inclination_EM', latex_label='$\\iota$', unit=None, boundary=None)
15:15 INFO    :   log10_mej_dyn = Uniform(minimum=-3.0, maximum=-1.0, name='log10_mej_dyn', latex_label='$\\log_{10}M^{\\rm{dyn}}_{\\rm{ej}}$', unit=None, boundary=None)
15:15 INFO    :   log10_mej_wind = Uniform(minimum=-3.0, maximum=-0.5, name='log10_mej_wind', latex_label='$\\log_{10}M^{\\rm{wind}}_{\\rm{ej}}$', unit=None, boundary=None)
15:15 WARNING : Supplied argument 'npool' not an argument of 'Pymultinest', removing.
15:15 INFO    : Using output file output/POSSIS/pm_AT2017gfo/
15:15 INFO    :   KNtimeshift = 0.0
15:15 INFO    :   Ebv = 0.0
15:15 INFO    :   log10_mej_wind = Uniform(minimum=-3.0, maximum=-0.5, name='log10_mej_wind', latex_label='$\\log_{10}M^{\\rm{wind}}_{\\rm{ej}}$', unit=None, boundary=None)
15:15 INFO    :   KNtimeshift = 0.0
15:15 INFO    :   Ebv = 0.0
15:15 INFO    :   luminosity_distance = Gaussian(mu=40.0, sigma=1.89, name='luminosity_distance', latex_label='$D_L$', unit=None, boundary=None)
15:15 INFO    : Temporary directory incompatible with MPI, will run in original directory
15:15 INFO    : Search parameters:
15:15 INFO    :   KNphi = Uniform(minimum=15.0, maximum=75.0, name='KNphi', latex_label='$\\Phi$', unit=None, boundary=None)
15:15 INFO    : Using output file output/POSSIS/pm_AT2017gfo/
15:15 INFO    :   inclination_EM = Sine(minimum=0.0, maximum=1.5707963267948966, name='inclination_EM', latex_label='$\\iota$', unit=None, boundary=None)
15:15 INFO    :   log10_mej_dyn = Uniform(minimum=-3.0, maximum=-1.0, name='log10_mej_dyn', latex_label='$\\log_{10}M^{\\rm{dyn}}_{\\rm{ej}}$', unit=None, boundary=None)
15:15 INFO    :   log10_mej_wind = Uniform(minimum=-3.0, maximum=-0.5, name='log10_mej_wind', latex_label='$\\log_{10}M^{\\rm{wind}}_{\\rm{ej}}$', unit=None, boundary=None)
15:15 INFO    :   KNtimeshift = 0.0
15:15 INFO    :   Ebv = 0.0
15:15 WARNING : Supplied argument 'queue_size' not an argument of 'Pymultinest', removing.
15:15 WARNING : Supplied argument 'npool' not an argument of 'Pymultinest', removing.
15:15 WARNING : Supplied argument 'queue_size' not an argument of 'Pymultinest', removing.
15:15 WARNING : Supplied argument 'check_point_delta_t' not an argument of 'Pymultinest', removing.
15:15 WARNING : Supplied argument 'check_point_delta_t' not an argument of 'Pymultinest', removing.
15:15 INFO    : Using sampler Pymultinest with kwargs {'importance_nested_sampling': False, 'resume': True, 'verbose': True, 'sampling_efficiency': 'parameter', 'n_live_points': 2048, 'n_params': 5, 'n_clustering_params': None, 'wrapped_params': None, 'multimodal': True, 'const_efficiency_mode': False, 'evidence_tolerance': 0.5, 'n_iter_before_update': 100, 'null_log_evidence': -1e+90, 'max_modes': 100, 'mode_tolerance': -1e+90, 'seed': 42, 'context': 0, 'write_output': True, 'log_zero': -1e+100, 'max_iter': 0, 'init_MPI': False, 'dump_callback': <bound method Pymultinest._dump_callback of <bilby.core.sampler.pymultinest.Pymultinest object at 0x7f8d3402f640>>}
15:15 WARNING : Supplied argument 'npool' not an argument of 'Pymultinest', removing.
15:15 INFO    :   luminosity_distance = Gaussian(mu=40.0, sigma=1.89, name='luminosity_distance', latex_label='$D_L$', unit=None, boundary=None)
15:15 WARNING : Supplied argument 'queue_size' not an argument of 'Pymultinest', removing.
15:15 WARNING : Supplied argument 'check_point_delta_t' not an argument of 'Pymultinest', removing.
15:15 INFO    :   KNphi = Uniform(minimum=15.0, maximum=75.0, name='KNphi', latex_label='$\\Phi$', unit=None, boundary=None)
15:15 WARNING : Supplied argument 'npool' not an argument of 'Pymultinest', removing.
15:15 WARNING : Supplied argument 'queue_size' not an argument of 'Pymultinest', removing.
15:15 WARNING : Supplied argument 'check_point_delta_t' not an argument of 'Pymultinest', removing.
15:15 INFO    :   inclination_EM = Sine(minimum=0.0, maximum=1.5707963267948966, name='inclination_EM', latex_label='$\\iota$', unit=None, boundary=None)
15:15 INFO    : Using sampler Pymultinest with kwargs {'importance_nested_sampling': False, 'resume': True, 'verbose': True, 'sampling_efficiency': 'parameter', 'n_live_points': 2048, 'n_params': 5, 'n_clustering_params': None, 'wrapped_params': None, 'multimodal': True, 'const_efficiency_mode': False, 'evidence_tolerance': 0.5, 'n_iter_before_update': 100, 'null_log_evidence': -1e+90, 'max_modes': 100, 'mode_tolerance': -1e+90, 'seed': 42, 'context': 0, 'write_output': True, 'log_zero': -1e+100, 'max_iter': 0, 'init_MPI': False, 'dump_callback': <bound method Pymultinest._dump_callback of <bilby.core.sampler.pymultinest.Pymultinest object at 0x7fd8483dfa00>>}
15:15 INFO    : Using sampler Pymultinest with kwargs {'importance_nested_sampling': False, 'resume': True, 'verbose': True, 'sampling_efficiency': 'parameter', 'n_live_points': 2048, 'n_params': 5, 'n_clustering_params': None, 'wrapped_params': None, 'multimodal': True, 'const_efficiency_mode': False, 'evidence_tolerance': 0.5, 'n_iter_before_update': 100, 'null_log_evidence': -1e+90, 'max_modes': 100, 'mode_tolerance': -1e+90, 'seed': 42, 'context': 0, 'write_output': True, 'log_zero': -1e+100, 'max_iter': 0, 'init_MPI': False, 'dump_callback': <bound method Pymultinest._dump_callback of <bilby.core.sampler.pymultinest.Pymultinest object at 0x7fe43648eb50>>}
15:15 INFO    : Temporary directory incompatible with MPI, will run in original directory
15:15 INFO    : Using sampler Pymultinest with kwargs {'importance_nested_sampling': False, 'resume': True, 'verbose': True, 'sampling_efficiency': 'parameter', 'n_live_points': 2048, 'n_params': 5, 'n_clustering_params': None, 'wrapped_params': None, 'multimodal': True, 'const_efficiency_mode': False, 'evidence_tolerance': 0.5, 'n_iter_before_update': 100, 'null_log_evidence': -1e+90, 'max_modes': 100, 'mode_tolerance': -1e+90, 'seed': 42, 'context': 0, 'write_output': True, 'log_zero': -1e+100, 'max_iter': 0, 'init_MPI': False, 'dump_callback': <bound method Pymultinest._dump_callback of <bilby.core.sampler.pymultinest.Pymultinest object at 0x7f8f9c3d44c0>>}
15:15 INFO    :   log10_mej_dyn = Uniform(minimum=-3.0, maximum=-1.0, name='log10_mej_dyn', latex_label='$\\log_{10}M^{\\rm{dyn}}_{\\rm{ej}}$', unit=None, boundary=None)
15:15 INFO    : Temporary directory incompatible with MPI, will run in original directory
15:15 INFO    :   log10_mej_wind = Uniform(minimum=-3.0, maximum=-0.5, name='log10_mej_wind', latex_label='$\\log_{10}M^{\\rm{wind}}_{\\rm{ej}}$', unit=None, boundary=None)
15:15 INFO    : Temporary directory incompatible with MPI, will run in original directory
15:15 INFO    :   KNtimeshift = 0.0
15:15 INFO    :   Ebv = 0.0
15:15 INFO    : Temporary directory incompatible with MPI, will run in original directory
15:15 INFO    : Using output file output/POSSIS/pm_AT2017gfo/
15:15 INFO    : Using output file output/POSSIS/pm_AT2017gfo/
15:15 WARNING : Supplied argument 'npool' not an argument of 'Pymultinest', removing.
15:15 INFO    : Using output file output/POSSIS/pm_AT2017gfo/
15:15 WARNING : Supplied argument 'queue_size' not an argument of 'Pymultinest', removing.
15:15 WARNING : Supplied argument 'check_point_delta_t' not an argument of 'Pymultinest', removing.
15:15 INFO    : Using sampler Pymultinest with kwargs {'importance_nested_sampling': False, 'resume': True, 'verbose': True, 'sampling_efficiency': 'parameter', 'n_live_points': 2048, 'n_params': 5, 'n_clustering_params': None, 'wrapped_params': None, 'multimodal': True, 'const_efficiency_mode': False, 'evidence_tolerance': 0.5, 'n_iter_before_update': 100, 'null_log_evidence': -1e+90, 'max_modes': 100, 'mode_tolerance': -1e+90, 'seed': 42, 'context': 0, 'write_output': True, 'log_zero': -1e+100, 'max_iter': 0, 'init_MPI': False, 'dump_callback': <bound method Pymultinest._dump_callback of <bilby.core.sampler.pymultinest.Pymultinest object at 0x7fd3a81c7c70>>}
15:15 INFO    : Temporary directory incompatible with MPI, will run in original directory
15:15 INFO    : Using output file output/POSSIS/pm_AT2017gfo/
15:15 INFO    : Using output file output/POSSIS/pm_AT2017gfo/
15:15 INFO    : Search parameters:
15:15 INFO    :   luminosity_distance = Gaussian(mu=40.0, sigma=1.89, name='luminosity_distance', latex_label='$D_L$', unit=None, boundary=None)
15:15 INFO    :   KNphi = Uniform(minimum=15.0, maximum=75.0, name='KNphi', latex_label='$\\Phi$', unit=None, boundary=None)
15:15 INFO    :   inclination_EM = Sine(minimum=0.0, maximum=1.5707963267948966, name='inclination_EM', latex_label='$\\iota$', unit=None, boundary=None)
15:15 INFO    :   log10_mej_dyn = Uniform(minimum=-3.0, maximum=-1.0, name='log10_mej_dyn', latex_label='$\\log_{10}M^{\\rm{dyn}}_{\\rm{ej}}$', unit=None, boundary=None)
15:15 INFO    :   log10_mej_wind = Uniform(minimum=-3.0, maximum=-0.5, name='log10_mej_wind', latex_label='$\\log_{10}M^{\\rm{wind}}_{\\rm{ej}}$', unit=None, boundary=None)
15:15 INFO    :   KNtimeshift = 0.0
15:15 INFO    :   Ebv = 0.0
15:15 WARNING : Supplied argument 'npool' not an argument of 'Pymultinest', removing.
15:15 WARNING : Supplied argument 'queue_size' not an argument of 'Pymultinest', removing.
15:15 WARNING : Supplied argument 'check_point_delta_t' not an argument of 'Pymultinest', removing.
15:15 INFO    : Using sampler Pymultinest with kwargs {'importance_nested_sampling': False, 'resume': True, 'verbose': True, 'sampling_efficiency': 'parameter', 'n_live_points': 2048, 'n_params': 5, 'n_clustering_params': None, 'wrapped_params': None, 'multimodal': True, 'const_efficiency_mode': False, 'evidence_tolerance': 0.5, 'n_iter_before_update': 100, 'null_log_evidence': -1e+90, 'max_modes': 100, 'mode_tolerance': -1e+90, 'seed': 42, 'context': 0, 'write_output': True, 'log_zero': -1e+100, 'max_iter': 0, 'init_MPI': False, 'dump_callback': <bound method Pymultinest._dump_callback of <bilby.core.sampler.pymultinest.Pymultinest object at 0x7f59f04cb640>>}
15:15 INFO    : Temporary directory incompatible with MPI, will run in original directory
15:15 INFO    : Using output file output/POSSIS/pm_AT2017gfo/
15:44 INFO    : Sampling time: 0:29:14.018798
15:44 INFO    : Sampling time: 0:29:14.007041
15:44 INFO    : Sampling time: 0:29:14.544557
15:44 INFO    : Sampling time: 0:29:14.357684
15:44 INFO    : Sampling time: 0:29:14.354235
15:44 INFO    : Sampling time: 0:29:14.356617
15:44 INFO    : Sampling time: 0:29:14.539237
15:44 INFO    : Sampling time: 0:29:14.346453
15:44 INFO    : Sampling time: 0:29:14.370927
15:44 INFO    : Sampling time: 0:29:14.386116
15:44 INFO    : Sampling time: 0:29:14.390556
15:44 INFO    : Sampling time: 0:29:14.372137
15:44 INFO    : Sampling time: 0:29:14.396286
15:44 INFO    : Sampling time: 0:29:14.397155
15:45 INFO    : Summary of results:
nsamples: 13148
ln_noise_evidence:  0.000
ln_evidence: -147.968 +/-  0.056
ln_bayes_factor: -147.968 +/-  0.056

15:45 INFO    : Writing samples file to /nfs/enlil/pouyans/codes/nmma/output/POSSIS/AT2017gfo_posterior_samples.dat
15:45 INFO    : Summary of results:
nsamples: 13148
ln_noise_evidence:  0.000
ln_evidence: -147.968 +/-  0.056
ln_bayes_factor: -147.968 +/-  0.056

15:45 INFO    : Summary of results:
nsamples: 13148
ln_noise_evidence:  0.000
ln_evidence: -147.968 +/-  0.056
ln_bayes_factor: -147.968 +/-  0.056

15:45 INFO    : Writing samples file to /nfs/enlil/pouyans/codes/nmma/output/POSSIS/AT2017gfo_posterior_samples.dat
15:45 INFO    : Writing samples file to /nfs/enlil/pouyans/codes/nmma/output/POSSIS/AT2017gfo_posterior_samples.dat
15:45 INFO    : Summary of results:
nsamples: 13148
ln_noise_evidence:  0.000
ln_evidence: -147.968 +/-  0.056
ln_bayes_factor: -147.968 +/-  0.056

15:45 INFO    : Writing samples file to /nfs/enlil/pouyans/codes/nmma/output/POSSIS/AT2017gfo_posterior_samples.dat
15:45 INFO    : Summary of results:
nsamples: 13148
ln_noise_evidence:  0.000
ln_evidence: -147.968 +/-  0.056
ln_bayes_factor: -147.968 +/-  0.056

15:45 INFO    : Writing samples file to /nfs/enlil/pouyans/codes/nmma/output/POSSIS/AT2017gfo_posterior_samples.dat
15:45 INFO    : Summary of results:
nsamples: 13148
ln_noise_evidence:  0.000
ln_evidence: -147.968 +/-  0.056
ln_bayes_factor: -147.968 +/-  0.056

15:45 INFO    : Writing samples file to /nfs/enlil/pouyans/codes/nmma/output/POSSIS/AT2017gfo_posterior_samples.dat
