11:39 INFO    : Running for label 'AT2017gfo', output will be saved to 'output/svdtrunc'
11:39 INFO    : Running for label 'AT2017gfo', output will be saved to 'output/svdtrunc'
11:39 INFO    : Running for label 'AT2017gfo', output will be saved to 'output/svdtrunc'
11:39 INFO    : Running for label 'AT2017gfo', output will be saved to 'output/svdtrunc'
11:39 INFO    : Running for label 'AT2017gfo', output will be saved to 'output/svdtrunc'
11:39 INFO    : Running for label 'AT2017gfo', output will be saved to 'output/svdtrunc'
11:39 INFO    : Running for label 'AT2017gfo', output will be saved to 'output/svdtrunc'
11:39 INFO    : Running for label 'AT2017gfo', output will be saved to 'output/svdtrunc'
11:39 INFO    : Running for label 'AT2017gfo', output will be saved to 'output/svdtrunc'
11:39 INFO    : Running for label 'AT2017gfo', output will be saved to 'output/svdtrunc'
11:39 INFO    : Running for label 'AT2017gfo', output will be saved to 'output/svdtrunc'
11:39 INFO    : Running for label 'AT2017gfo', output will be saved to 'output/svdtrunc'
11:39 INFO    : Running for label 'AT2017gfo', output will be saved to 'output/svdtrunc'
11:39 INFO    : Running for label 'AT2017gfo', output will be saved to 'output/svdtrunc'
11:39 INFO    : Search parameters:
11:39 INFO    :   luminosity_distance = Uniform(minimum=0.0, maximum=200.0, name='luminosity_distance', latex_label='$D_L$', unit=None, boundary=None)
11:39 INFO    :   KNphi = Uniform(minimum=15.0, maximum=75.0, name='KNphi', latex_label='$\\Phi$', unit=None, boundary=None)
11:39 INFO    :   inclination_EM = Sine(minimum=0.0, maximum=1.5707963267948966, name='inclination_EM', latex_label='$\\iota$', unit=None, boundary=None)
11:39 INFO    :   KNtimeshift = Uniform(minimum=-2.0, maximum=1.0, name='trigger_time', latex_label='$t_0$', unit=None, boundary=None)
11:39 INFO    :   log10_mej_dyn = Uniform(minimum=-3.0, maximum=-1.0, name='log10_mej_dyn', latex_label='$\\log_{10}M^{\\rm{dyn}}_{\\rm{ej}}$', unit=None, boundary=None)
11:39 INFO    :   log10_mej_wind = Uniform(minimum=-3.0, maximum=-0.5, name='log10_mej_wind', latex_label='$\\log_{10}M^{\\rm{wind}}_{\\rm{ej}}$', unit=None, boundary=None)
11:39 INFO    :   Ebv = 0.0
11:39 WARNING : Supplied argument 'npool' not an argument of 'Pymultinest', removing.
11:39 WARNING : Supplied argument 'queue_size' not an argument of 'Pymultinest', removing.
11:39 WARNING : Supplied argument 'check_point_delta_t' not an argument of 'Pymultinest', removing.
11:39 INFO    : Using sampler Pymultinest with kwargs {'importance_nested_sampling': False, 'resume': True, 'verbose': True, 'sampling_efficiency': 'parameter', 'n_live_points': 2048, 'n_params': 6, 'n_clustering_params': None, 'wrapped_params': None, 'multimodal': True, 'const_efficiency_mode': False, 'evidence_tolerance': 0.5, 'n_iter_before_update': 100, 'null_log_evidence': -1e+90, 'max_modes': 100, 'mode_tolerance': -1e+90, 'seed': 42, 'context': 0, 'write_output': True, 'log_zero': -1e+100, 'max_iter': 0, 'init_MPI': False, 'dump_callback': <bound method Pymultinest._dump_callback of <bilby.core.sampler.pymultinest.Pymultinest object at 0x7efda8122b80>>}
11:39 INFO    : Temporary directory incompatible with MPI, will run in original directory
11:39 INFO    : Using output file output/svdtrunc/pm_AT2017gfo/
11:39 INFO    : Search parameters:
11:39 INFO    :   luminosity_distance = Uniform(minimum=0.0, maximum=200.0, name='luminosity_distance', latex_label='$D_L$', unit=None, boundary=None)
11:39 INFO    :   KNphi = Uniform(minimum=15.0, maximum=75.0, name='KNphi', latex_label='$\\Phi$', unit=None, boundary=None)
11:39 INFO    :   inclination_EM = Sine(minimum=0.0, maximum=1.5707963267948966, name='inclination_EM', latex_label='$\\iota$', unit=None, boundary=None)
11:39 INFO    :   KNtimeshift = Uniform(minimum=-2.0, maximum=1.0, name='trigger_time', latex_label='$t_0$', unit=None, boundary=None)
11:39 INFO    :   log10_mej_dyn = Uniform(minimum=-3.0, maximum=-1.0, name='log10_mej_dyn', latex_label='$\\log_{10}M^{\\rm{dyn}}_{\\rm{ej}}$', unit=None, boundary=None)
11:39 INFO    :   log10_mej_wind = Uniform(minimum=-3.0, maximum=-0.5, name='log10_mej_wind', latex_label='$\\log_{10}M^{\\rm{wind}}_{\\rm{ej}}$', unit=None, boundary=None)
11:39 INFO    :   Ebv = 0.0
11:39 WARNING : Supplied argument 'npool' not an argument of 'Pymultinest', removing.
11:39 WARNING : Supplied argument 'queue_size' not an argument of 'Pymultinest', removing.
11:39 WARNING : Supplied argument 'check_point_delta_t' not an argument of 'Pymultinest', removing.
11:39 INFO    : Using sampler Pymultinest with kwargs {'importance_nested_sampling': False, 'resume': True, 'verbose': True, 'sampling_efficiency': 'parameter', 'n_live_points': 2048, 'n_params': 6, 'n_clustering_params': None, 'wrapped_params': None, 'multimodal': True, 'const_efficiency_mode': False, 'evidence_tolerance': 0.5, 'n_iter_before_update': 100, 'null_log_evidence': -1e+90, 'max_modes': 100, 'mode_tolerance': -1e+90, 'seed': 42, 'context': 0, 'write_output': True, 'log_zero': -1e+100, 'max_iter': 0, 'init_MPI': False, 'dump_callback': <bound method Pymultinest._dump_callback of <bilby.core.sampler.pymultinest.Pymultinest object at 0x7fb87c065c40>>}
11:39 INFO    : Temporary directory incompatible with MPI, will run in original directory
11:39 INFO    : Using output file output/svdtrunc/pm_AT2017gfo/
11:39 INFO    : Search parameters:
11:39 INFO    :   luminosity_distance = Uniform(minimum=0.0, maximum=200.0, name='luminosity_distance', latex_label='$D_L$', unit=None, boundary=None)
11:39 INFO    :   KNphi = Uniform(minimum=15.0, maximum=75.0, name='KNphi', latex_label='$\\Phi$', unit=None, boundary=None)
11:39 INFO    :   inclination_EM = Sine(minimum=0.0, maximum=1.5707963267948966, name='inclination_EM', latex_label='$\\iota$', unit=None, boundary=None)
11:39 INFO    :   KNtimeshift = Uniform(minimum=-2.0, maximum=1.0, name='trigger_time', latex_label='$t_0$', unit=None, boundary=None)
11:39 INFO    :   log10_mej_dyn = Uniform(minimum=-3.0, maximum=-1.0, name='log10_mej_dyn', latex_label='$\\log_{10}M^{\\rm{dyn}}_{\\rm{ej}}$', unit=None, boundary=None)
11:39 INFO    :   log10_mej_wind = Uniform(minimum=-3.0, maximum=-0.5, name='log10_mej_wind', latex_label='$\\log_{10}M^{\\rm{wind}}_{\\rm{ej}}$', unit=None, boundary=None)
11:39 INFO    :   Ebv = 0.0
11:39 WARNING : Supplied argument 'npool' not an argument of 'Pymultinest', removing.
11:39 WARNING : Supplied argument 'queue_size' not an argument of 'Pymultinest', removing.
11:39 WARNING : Supplied argument 'check_point_delta_t' not an argument of 'Pymultinest', removing.
11:39 INFO    : Using sampler Pymultinest with kwargs {'importance_nested_sampling': False, 'resume': True, 'verbose': True, 'sampling_efficiency': 'parameter', 'n_live_points': 2048, 'n_params': 6, 'n_clustering_params': None, 'wrapped_params': None, 'multimodal': True, 'const_efficiency_mode': False, 'evidence_tolerance': 0.5, 'n_iter_before_update': 100, 'null_log_evidence': -1e+90, 'max_modes': 100, 'mode_tolerance': -1e+90, 'seed': 42, 'context': 0, 'write_output': True, 'log_zero': -1e+100, 'max_iter': 0, 'init_MPI': False, 'dump_callback': <bound method Pymultinest._dump_callback of <bilby.core.sampler.pymultinest.Pymultinest object at 0x7f92e446b0d0>>}
11:39 INFO    : Temporary directory incompatible with MPI, will run in original directory
11:39 INFO    : Using output file output/svdtrunc/pm_AT2017gfo/
11:39 INFO    : Search parameters:
11:39 INFO    : Search parameters:
11:39 INFO    :   luminosity_distance = Uniform(minimum=0.0, maximum=200.0, name='luminosity_distance', latex_label='$D_L$', unit=None, boundary=None)
11:39 INFO    : Search parameters:
11:39 INFO    :   luminosity_distance = Uniform(minimum=0.0, maximum=200.0, name='luminosity_distance', latex_label='$D_L$', unit=None, boundary=None)
11:39 INFO    :   KNphi = Uniform(minimum=15.0, maximum=75.0, name='KNphi', latex_label='$\\Phi$', unit=None, boundary=None)
11:39 INFO    :   luminosity_distance = Uniform(minimum=0.0, maximum=200.0, name='luminosity_distance', latex_label='$D_L$', unit=None, boundary=None)
11:39 INFO    :   KNphi = Uniform(minimum=15.0, maximum=75.0, name='KNphi', latex_label='$\\Phi$', unit=None, boundary=None)
11:39 INFO    :   KNphi = Uniform(minimum=15.0, maximum=75.0, name='KNphi', latex_label='$\\Phi$', unit=None, boundary=None)
11:39 INFO    :   inclination_EM = Sine(minimum=0.0, maximum=1.5707963267948966, name='inclination_EM', latex_label='$\\iota$', unit=None, boundary=None)
11:39 INFO    :   inclination_EM = Sine(minimum=0.0, maximum=1.5707963267948966, name='inclination_EM', latex_label='$\\iota$', unit=None, boundary=None)
11:39 INFO    : Search parameters:
11:39 INFO    :   KNtimeshift = Uniform(minimum=-2.0, maximum=1.0, name='trigger_time', latex_label='$t_0$', unit=None, boundary=None)
11:39 INFO    :   KNtimeshift = Uniform(minimum=-2.0, maximum=1.0, name='trigger_time', latex_label='$t_0$', unit=None, boundary=None)
11:39 INFO    :   inclination_EM = Sine(minimum=0.0, maximum=1.5707963267948966, name='inclination_EM', latex_label='$\\iota$', unit=None, boundary=None)
11:39 INFO    :   luminosity_distance = Uniform(minimum=0.0, maximum=200.0, name='luminosity_distance', latex_label='$D_L$', unit=None, boundary=None)
11:39 INFO    :   log10_mej_dyn = Uniform(minimum=-3.0, maximum=-1.0, name='log10_mej_dyn', latex_label='$\\log_{10}M^{\\rm{dyn}}_{\\rm{ej}}$', unit=None, boundary=None)
11:39 INFO    :   log10_mej_wind = Uniform(minimum=-3.0, maximum=-0.5, name='log10_mej_wind', latex_label='$\\log_{10}M^{\\rm{wind}}_{\\rm{ej}}$', unit=None, boundary=None)
11:39 INFO    :   KNphi = Uniform(minimum=15.0, maximum=75.0, name='KNphi', latex_label='$\\Phi$', unit=None, boundary=None)
11:39 INFO    :   log10_mej_dyn = Uniform(minimum=-3.0, maximum=-1.0, name='log10_mej_dyn', latex_label='$\\log_{10}M^{\\rm{dyn}}_{\\rm{ej}}$', unit=None, boundary=None)
11:39 INFO    :   KNtimeshift = Uniform(minimum=-2.0, maximum=1.0, name='trigger_time', latex_label='$t_0$', unit=None, boundary=None)
11:39 INFO    :   Ebv = 0.0
11:39 INFO    :   log10_mej_dyn = Uniform(minimum=-3.0, maximum=-1.0, name='log10_mej_dyn', latex_label='$\\log_{10}M^{\\rm{dyn}}_{\\rm{ej}}$', unit=None, boundary=None)
11:39 INFO    :   inclination_EM = Sine(minimum=0.0, maximum=1.5707963267948966, name='inclination_EM', latex_label='$\\iota$', unit=None, boundary=None)
11:39 INFO    :   log10_mej_wind = Uniform(minimum=-3.0, maximum=-0.5, name='log10_mej_wind', latex_label='$\\log_{10}M^{\\rm{wind}}_{\\rm{ej}}$', unit=None, boundary=None)
11:39 WARNING : Supplied argument 'npool' not an argument of 'Pymultinest', removing.
11:39 WARNING : Supplied argument 'queue_size' not an argument of 'Pymultinest', removing.
11:39 INFO    :   Ebv = 0.0
11:39 WARNING : Supplied argument 'check_point_delta_t' not an argument of 'Pymultinest', removing.
11:39 INFO    :   log10_mej_wind = Uniform(minimum=-3.0, maximum=-0.5, name='log10_mej_wind', latex_label='$\\log_{10}M^{\\rm{wind}}_{\\rm{ej}}$', unit=None, boundary=None)
11:39 INFO    : Using sampler Pymultinest with kwargs {'importance_nested_sampling': False, 'resume': True, 'verbose': True, 'sampling_efficiency': 'parameter', 'n_live_points': 2048, 'n_params': 6, 'n_clustering_params': None, 'wrapped_params': None, 'multimodal': True, 'const_efficiency_mode': False, 'evidence_tolerance': 0.5, 'n_iter_before_update': 100, 'null_log_evidence': -1e+90, 'max_modes': 100, 'mode_tolerance': -1e+90, 'seed': 42, 'context': 0, 'write_output': True, 'log_zero': -1e+100, 'max_iter': 0, 'init_MPI': False, 'dump_callback': <bound method Pymultinest._dump_callback of <bilby.core.sampler.pymultinest.Pymultinest object at 0x7f7b5038f760>>}
11:39 WARNING : Supplied argument 'npool' not an argument of 'Pymultinest', removing.
11:39 INFO    :   KNtimeshift = Uniform(minimum=-2.0, maximum=1.0, name='trigger_time', latex_label='$t_0$', unit=None, boundary=None)
11:39 INFO    :   Ebv = 0.0
11:39 WARNING : Supplied argument 'queue_size' not an argument of 'Pymultinest', removing.
11:39 WARNING : Supplied argument 'check_point_delta_t' not an argument of 'Pymultinest', removing.
11:39 INFO    : Using sampler Pymultinest with kwargs {'importance_nested_sampling': False, 'resume': True, 'verbose': True, 'sampling_efficiency': 'parameter', 'n_live_points': 2048, 'n_params': 6, 'n_clustering_params': None, 'wrapped_params': None, 'multimodal': True, 'const_efficiency_mode': False, 'evidence_tolerance': 0.5, 'n_iter_before_update': 100, 'null_log_evidence': -1e+90, 'max_modes': 100, 'mode_tolerance': -1e+90, 'seed': 42, 'context': 0, 'write_output': True, 'log_zero': -1e+100, 'max_iter': 0, 'init_MPI': False, 'dump_callback': <bound method Pymultinest._dump_callback of <bilby.core.sampler.pymultinest.Pymultinest object at 0x7f57585b9040>>}
11:39 INFO    :   log10_mej_dyn = Uniform(minimum=-3.0, maximum=-1.0, name='log10_mej_dyn', latex_label='$\\log_{10}M^{\\rm{dyn}}_{\\rm{ej}}$', unit=None, boundary=None)
11:39 INFO    : Temporary directory incompatible with MPI, will run in original directory
11:39 WARNING : Supplied argument 'npool' not an argument of 'Pymultinest', removing.
11:39 WARNING : Supplied argument 'queue_size' not an argument of 'Pymultinest', removing.
11:39 WARNING : Supplied argument 'check_point_delta_t' not an argument of 'Pymultinest', removing.
11:39 INFO    :   log10_mej_wind = Uniform(minimum=-3.0, maximum=-0.5, name='log10_mej_wind', latex_label='$\\log_{10}M^{\\rm{wind}}_{\\rm{ej}}$', unit=None, boundary=None)
11:39 INFO    : Using sampler Pymultinest with kwargs {'importance_nested_sampling': False, 'resume': True, 'verbose': True, 'sampling_efficiency': 'parameter', 'n_live_points': 2048, 'n_params': 6, 'n_clustering_params': None, 'wrapped_params': None, 'multimodal': True, 'const_efficiency_mode': False, 'evidence_tolerance': 0.5, 'n_iter_before_update': 100, 'null_log_evidence': -1e+90, 'max_modes': 100, 'mode_tolerance': -1e+90, 'seed': 42, 'context': 0, 'write_output': True, 'log_zero': -1e+100, 'max_iter': 0, 'init_MPI': False, 'dump_callback': <bound method Pymultinest._dump_callback of <bilby.core.sampler.pymultinest.Pymultinest object at 0x7f701c758b80>>}
11:39 INFO    : Temporary directory incompatible with MPI, will run in original directory
11:39 INFO    : Using output file output/svdtrunc/pm_AT2017gfo/
11:39 INFO    :   Ebv = 0.0
11:39 INFO    : Temporary directory incompatible with MPI, will run in original directory
11:39 WARNING : Supplied argument 'npool' not an argument of 'Pymultinest', removing.
11:39 WARNING : Supplied argument 'queue_size' not an argument of 'Pymultinest', removing.
11:39 WARNING : Supplied argument 'check_point_delta_t' not an argument of 'Pymultinest', removing.
11:39 INFO    : Using output file output/svdtrunc/pm_AT2017gfo/
11:39 INFO    : Using sampler Pymultinest with kwargs {'importance_nested_sampling': False, 'resume': True, 'verbose': True, 'sampling_efficiency': 'parameter', 'n_live_points': 2048, 'n_params': 6, 'n_clustering_params': None, 'wrapped_params': None, 'multimodal': True, 'const_efficiency_mode': False, 'evidence_tolerance': 0.5, 'n_iter_before_update': 100, 'null_log_evidence': -1e+90, 'max_modes': 100, 'mode_tolerance': -1e+90, 'seed': 42, 'context': 0, 'write_output': True, 'log_zero': -1e+100, 'max_iter': 0, 'init_MPI': False, 'dump_callback': <bound method Pymultinest._dump_callback of <bilby.core.sampler.pymultinest.Pymultinest object at 0x7f5fc40f2640>>}
11:39 INFO    : Using output file output/svdtrunc/pm_AT2017gfo/
11:39 INFO    : Temporary directory incompatible with MPI, will run in original directory
11:39 INFO    : Using output file output/svdtrunc/pm_AT2017gfo/
11:39 INFO    : Search parameters:
11:39 INFO    :   luminosity_distance = Uniform(minimum=0.0, maximum=200.0, name='luminosity_distance', latex_label='$D_L$', unit=None, boundary=None)
11:39 INFO    :   KNphi = Uniform(minimum=15.0, maximum=75.0, name='KNphi', latex_label='$\\Phi$', unit=None, boundary=None)
11:39 INFO    :   inclination_EM = Sine(minimum=0.0, maximum=1.5707963267948966, name='inclination_EM', latex_label='$\\iota$', unit=None, boundary=None)
11:39 INFO    : Search parameters:
11:39 INFO    :   KNtimeshift = Uniform(minimum=-2.0, maximum=1.0, name='trigger_time', latex_label='$t_0$', unit=None, boundary=None)
11:39 INFO    :   luminosity_distance = Uniform(minimum=0.0, maximum=200.0, name='luminosity_distance', latex_label='$D_L$', unit=None, boundary=None)
11:39 INFO    :   log10_mej_dyn = Uniform(minimum=-3.0, maximum=-1.0, name='log10_mej_dyn', latex_label='$\\log_{10}M^{\\rm{dyn}}_{\\rm{ej}}$', unit=None, boundary=None)
11:39 INFO    :   KNphi = Uniform(minimum=15.0, maximum=75.0, name='KNphi', latex_label='$\\Phi$', unit=None, boundary=None)
11:39 INFO    :   log10_mej_wind = Uniform(minimum=-3.0, maximum=-0.5, name='log10_mej_wind', latex_label='$\\log_{10}M^{\\rm{wind}}_{\\rm{ej}}$', unit=None, boundary=None)
11:39 INFO    :   inclination_EM = Sine(minimum=0.0, maximum=1.5707963267948966, name='inclination_EM', latex_label='$\\iota$', unit=None, boundary=None)
11:39 INFO    :   Ebv = 0.0
11:39 INFO    :   KNtimeshift = Uniform(minimum=-2.0, maximum=1.0, name='trigger_time', latex_label='$t_0$', unit=None, boundary=None)
11:39 WARNING : Supplied argument 'npool' not an argument of 'Pymultinest', removing.
11:39 WARNING : Supplied argument 'queue_size' not an argument of 'Pymultinest', removing.
11:39 WARNING : Supplied argument 'check_point_delta_t' not an argument of 'Pymultinest', removing.
11:39 INFO    : Using sampler Pymultinest with kwargs {'importance_nested_sampling': False, 'resume': True, 'verbose': True, 'sampling_efficiency': 'parameter', 'n_live_points': 2048, 'n_params': 6, 'n_clustering_params': None, 'wrapped_params': None, 'multimodal': True, 'const_efficiency_mode': False, 'evidence_tolerance': 0.5, 'n_iter_before_update': 100, 'null_log_evidence': -1e+90, 'max_modes': 100, 'mode_tolerance': -1e+90, 'seed': 42, 'context': 0, 'write_output': True, 'log_zero': -1e+100, 'max_iter': 0, 'init_MPI': False, 'dump_callback': <bound method Pymultinest._dump_callback of <bilby.core.sampler.pymultinest.Pymultinest object at 0x7f813414d310>>}
11:39 INFO    :   log10_mej_dyn = Uniform(minimum=-3.0, maximum=-1.0, name='log10_mej_dyn', latex_label='$\\log_{10}M^{\\rm{dyn}}_{\\rm{ej}}$', unit=None, boundary=None)
11:39 INFO    :   log10_mej_wind = Uniform(minimum=-3.0, maximum=-0.5, name='log10_mej_wind', latex_label='$\\log_{10}M^{\\rm{wind}}_{\\rm{ej}}$', unit=None, boundary=None)
11:39 INFO    : Temporary directory incompatible with MPI, will run in original directory
11:39 INFO    :   Ebv = 0.0
11:39 WARNING : Supplied argument 'npool' not an argument of 'Pymultinest', removing.
11:39 INFO    : Using output file output/svdtrunc/pm_AT2017gfo/
11:39 WARNING : Supplied argument 'queue_size' not an argument of 'Pymultinest', removing.
11:39 WARNING : Supplied argument 'check_point_delta_t' not an argument of 'Pymultinest', removing.
11:39 INFO    : Using sampler Pymultinest with kwargs {'importance_nested_sampling': False, 'resume': True, 'verbose': True, 'sampling_efficiency': 'parameter', 'n_live_points': 2048, 'n_params': 6, 'n_clustering_params': None, 'wrapped_params': None, 'multimodal': True, 'const_efficiency_mode': False, 'evidence_tolerance': 0.5, 'n_iter_before_update': 100, 'null_log_evidence': -1e+90, 'max_modes': 100, 'mode_tolerance': -1e+90, 'seed': 42, 'context': 0, 'write_output': True, 'log_zero': -1e+100, 'max_iter': 0, 'init_MPI': False, 'dump_callback': <bound method Pymultinest._dump_callback of <bilby.core.sampler.pymultinest.Pymultinest object at 0x7f08507b2d90>>}
11:39 INFO    : Temporary directory incompatible with MPI, will run in original directory
11:39 INFO    : Using output file output/svdtrunc/pm_AT2017gfo/
11:39 INFO    : Search parameters:
11:39 INFO    :   luminosity_distance = Uniform(minimum=0.0, maximum=200.0, name='luminosity_distance', latex_label='$D_L$', unit=None, boundary=None)
11:39 INFO    :   KNphi = Uniform(minimum=15.0, maximum=75.0, name='KNphi', latex_label='$\\Phi$', unit=None, boundary=None)
11:39 INFO    :   inclination_EM = Sine(minimum=0.0, maximum=1.5707963267948966, name='inclination_EM', latex_label='$\\iota$', unit=None, boundary=None)
11:39 INFO    :   KNtimeshift = Uniform(minimum=-2.0, maximum=1.0, name='trigger_time', latex_label='$t_0$', unit=None, boundary=None)
11:39 INFO    :   log10_mej_dyn = Uniform(minimum=-3.0, maximum=-1.0, name='log10_mej_dyn', latex_label='$\\log_{10}M^{\\rm{dyn}}_{\\rm{ej}}$', unit=None, boundary=None)
11:39 INFO    :   log10_mej_wind = Uniform(minimum=-3.0, maximum=-0.5, name='log10_mej_wind', latex_label='$\\log_{10}M^{\\rm{wind}}_{\\rm{ej}}$', unit=None, boundary=None)
11:39 INFO    :   Ebv = 0.0
11:39 WARNING : Supplied argument 'npool' not an argument of 'Pymultinest', removing.
11:39 WARNING : Supplied argument 'queue_size' not an argument of 'Pymultinest', removing.
11:39 WARNING : Supplied argument 'check_point_delta_t' not an argument of 'Pymultinest', removing.
11:39 INFO    : Using sampler Pymultinest with kwargs {'importance_nested_sampling': False, 'resume': True, 'verbose': True, 'sampling_efficiency': 'parameter', 'n_live_points': 2048, 'n_params': 6, 'n_clustering_params': None, 'wrapped_params': None, 'multimodal': True, 'const_efficiency_mode': False, 'evidence_tolerance': 0.5, 'n_iter_before_update': 100, 'null_log_evidence': -1e+90, 'max_modes': 100, 'mode_tolerance': -1e+90, 'seed': 42, 'context': 0, 'write_output': True, 'log_zero': -1e+100, 'max_iter': 0, 'init_MPI': False, 'dump_callback': <bound method Pymultinest._dump_callback of <bilby.core.sampler.pymultinest.Pymultinest object at 0x7f87b007cd30>>}
11:39 INFO    : Temporary directory incompatible with MPI, will run in original directory
11:39 INFO    : Using output file output/svdtrunc/pm_AT2017gfo/
11:39 INFO    : Search parameters:
11:39 INFO    :   luminosity_distance = Uniform(minimum=0.0, maximum=200.0, name='luminosity_distance', latex_label='$D_L$', unit=None, boundary=None)
11:39 INFO    :   KNphi = Uniform(minimum=15.0, maximum=75.0, name='KNphi', latex_label='$\\Phi$', unit=None, boundary=None)
11:39 INFO    :   inclination_EM = Sine(minimum=0.0, maximum=1.5707963267948966, name='inclination_EM', latex_label='$\\iota$', unit=None, boundary=None)
11:39 INFO    : Search parameters:
11:39 INFO    :   KNtimeshift = Uniform(minimum=-2.0, maximum=1.0, name='trigger_time', latex_label='$t_0$', unit=None, boundary=None)
11:39 INFO    :   luminosity_distance = Uniform(minimum=0.0, maximum=200.0, name='luminosity_distance', latex_label='$D_L$', unit=None, boundary=None)
11:39 INFO    :   KNphi = Uniform(minimum=15.0, maximum=75.0, name='KNphi', latex_label='$\\Phi$', unit=None, boundary=None)
11:39 INFO    :   log10_mej_dyn = Uniform(minimum=-3.0, maximum=-1.0, name='log10_mej_dyn', latex_label='$\\log_{10}M^{\\rm{dyn}}_{\\rm{ej}}$', unit=None, boundary=None)
11:39 INFO    :   inclination_EM = Sine(minimum=0.0, maximum=1.5707963267948966, name='inclination_EM', latex_label='$\\iota$', unit=None, boundary=None)
11:39 INFO    :   log10_mej_wind = Uniform(minimum=-3.0, maximum=-0.5, name='log10_mej_wind', latex_label='$\\log_{10}M^{\\rm{wind}}_{\\rm{ej}}$', unit=None, boundary=None)
11:39 INFO    :   KNtimeshift = Uniform(minimum=-2.0, maximum=1.0, name='trigger_time', latex_label='$t_0$', unit=None, boundary=None)
11:39 INFO    :   Ebv = 0.0
11:39 INFO    :   log10_mej_dyn = Uniform(minimum=-3.0, maximum=-1.0, name='log10_mej_dyn', latex_label='$\\log_{10}M^{\\rm{dyn}}_{\\rm{ej}}$', unit=None, boundary=None)
11:39 WARNING : Supplied argument 'npool' not an argument of 'Pymultinest', removing.
11:39 WARNING : Supplied argument 'queue_size' not an argument of 'Pymultinest', removing.
11:39 WARNING : Supplied argument 'check_point_delta_t' not an argument of 'Pymultinest', removing.
11:39 INFO    :   log10_mej_wind = Uniform(minimum=-3.0, maximum=-0.5, name='log10_mej_wind', latex_label='$\\log_{10}M^{\\rm{wind}}_{\\rm{ej}}$', unit=None, boundary=None)
11:39 INFO    : Using sampler Pymultinest with kwargs {'importance_nested_sampling': False, 'resume': True, 'verbose': True, 'sampling_efficiency': 'parameter', 'n_live_points': 2048, 'n_params': 6, 'n_clustering_params': None, 'wrapped_params': None, 'multimodal': True, 'const_efficiency_mode': False, 'evidence_tolerance': 0.5, 'n_iter_before_update': 100, 'null_log_evidence': -1e+90, 'max_modes': 100, 'mode_tolerance': -1e+90, 'seed': 42, 'context': 0, 'write_output': True, 'log_zero': -1e+100, 'max_iter': 0, 'init_MPI': False, 'dump_callback': <bound method Pymultinest._dump_callback of <bilby.core.sampler.pymultinest.Pymultinest object at 0x7ffb5c102790>>}
11:39 INFO    :   Ebv = 0.0
11:39 INFO    : Temporary directory incompatible with MPI, will run in original directory
11:39 WARNING : Supplied argument 'npool' not an argument of 'Pymultinest', removing.
11:39 WARNING : Supplied argument 'queue_size' not an argument of 'Pymultinest', removing.
11:39 WARNING : Supplied argument 'check_point_delta_t' not an argument of 'Pymultinest', removing.
11:39 INFO    : Using sampler Pymultinest with kwargs {'importance_nested_sampling': False, 'resume': True, 'verbose': True, 'sampling_efficiency': 'parameter', 'n_live_points': 2048, 'n_params': 6, 'n_clustering_params': None, 'wrapped_params': None, 'multimodal': True, 'const_efficiency_mode': False, 'evidence_tolerance': 0.5, 'n_iter_before_update': 100, 'null_log_evidence': -1e+90, 'max_modes': 100, 'mode_tolerance': -1e+90, 'seed': 42, 'context': 0, 'write_output': True, 'log_zero': -1e+100, 'max_iter': 0, 'init_MPI': False, 'dump_callback': <bound method Pymultinest._dump_callback of <bilby.core.sampler.pymultinest.Pymultinest object at 0x7f8dc44c1b80>>}
11:39 INFO    : Using output file output/svdtrunc/pm_AT2017gfo/
11:39 INFO    : Temporary directory incompatible with MPI, will run in original directory
11:39 INFO    : Using output file output/svdtrunc/pm_AT2017gfo/
11:39 INFO    : Search parameters:
11:39 INFO    :   luminosity_distance = Uniform(minimum=0.0, maximum=200.0, name='luminosity_distance', latex_label='$D_L$', unit=None, boundary=None)
11:39 INFO    :   KNphi = Uniform(minimum=15.0, maximum=75.0, name='KNphi', latex_label='$\\Phi$', unit=None, boundary=None)
11:39 INFO    :   inclination_EM = Sine(minimum=0.0, maximum=1.5707963267948966, name='inclination_EM', latex_label='$\\iota$', unit=None, boundary=None)
11:39 INFO    :   KNtimeshift = Uniform(minimum=-2.0, maximum=1.0, name='trigger_time', latex_label='$t_0$', unit=None, boundary=None)
11:39 INFO    :   log10_mej_dyn = Uniform(minimum=-3.0, maximum=-1.0, name='log10_mej_dyn', latex_label='$\\log_{10}M^{\\rm{dyn}}_{\\rm{ej}}$', unit=None, boundary=None)
11:39 INFO    :   log10_mej_wind = Uniform(minimum=-3.0, maximum=-0.5, name='log10_mej_wind', latex_label='$\\log_{10}M^{\\rm{wind}}_{\\rm{ej}}$', unit=None, boundary=None)
11:39 INFO    :   Ebv = 0.0
11:39 WARNING : Supplied argument 'npool' not an argument of 'Pymultinest', removing.
11:39 WARNING : Supplied argument 'queue_size' not an argument of 'Pymultinest', removing.
11:39 WARNING : Supplied argument 'check_point_delta_t' not an argument of 'Pymultinest', removing.
11:39 INFO    : Using sampler Pymultinest with kwargs {'importance_nested_sampling': False, 'resume': True, 'verbose': True, 'sampling_efficiency': 'parameter', 'n_live_points': 2048, 'n_params': 6, 'n_clustering_params': None, 'wrapped_params': None, 'multimodal': True, 'const_efficiency_mode': False, 'evidence_tolerance': 0.5, 'n_iter_before_update': 100, 'null_log_evidence': -1e+90, 'max_modes': 100, 'mode_tolerance': -1e+90, 'seed': 42, 'context': 0, 'write_output': True, 'log_zero': -1e+100, 'max_iter': 0, 'init_MPI': False, 'dump_callback': <bound method Pymultinest._dump_callback of <bilby.core.sampler.pymultinest.Pymultinest object at 0x7f8f603ded00>>}
11:39 INFO    : Temporary directory incompatible with MPI, will run in original directory
11:39 INFO    : Using output file output/svdtrunc/pm_AT2017gfo/
11:39 INFO    : Search parameters:
11:39 INFO    :   luminosity_distance = Uniform(minimum=0.0, maximum=200.0, name='luminosity_distance', latex_label='$D_L$', unit=None, boundary=None)
11:39 INFO    :   KNphi = Uniform(minimum=15.0, maximum=75.0, name='KNphi', latex_label='$\\Phi$', unit=None, boundary=None)
11:39 INFO    :   inclination_EM = Sine(minimum=0.0, maximum=1.5707963267948966, name='inclination_EM', latex_label='$\\iota$', unit=None, boundary=None)
11:39 INFO    :   KNtimeshift = Uniform(minimum=-2.0, maximum=1.0, name='trigger_time', latex_label='$t_0$', unit=None, boundary=None)
11:39 INFO    :   log10_mej_dyn = Uniform(minimum=-3.0, maximum=-1.0, name='log10_mej_dyn', latex_label='$\\log_{10}M^{\\rm{dyn}}_{\\rm{ej}}$', unit=None, boundary=None)
11:39 INFO    :   log10_mej_wind = Uniform(minimum=-3.0, maximum=-0.5, name='log10_mej_wind', latex_label='$\\log_{10}M^{\\rm{wind}}_{\\rm{ej}}$', unit=None, boundary=None)
11:39 INFO    :   Ebv = 0.0
11:39 WARNING : Supplied argument 'npool' not an argument of 'Pymultinest', removing.
11:39 WARNING : Supplied argument 'queue_size' not an argument of 'Pymultinest', removing.
11:39 WARNING : Supplied argument 'check_point_delta_t' not an argument of 'Pymultinest', removing.
11:39 INFO    : Using sampler Pymultinest with kwargs {'importance_nested_sampling': False, 'resume': True, 'verbose': True, 'sampling_efficiency': 'parameter', 'n_live_points': 2048, 'n_params': 6, 'n_clustering_params': None, 'wrapped_params': None, 'multimodal': True, 'const_efficiency_mode': False, 'evidence_tolerance': 0.5, 'n_iter_before_update': 100, 'null_log_evidence': -1e+90, 'max_modes': 100, 'mode_tolerance': -1e+90, 'seed': 42, 'context': 0, 'write_output': True, 'log_zero': -1e+100, 'max_iter': 0, 'init_MPI': False, 'dump_callback': <bound method Pymultinest._dump_callback of <bilby.core.sampler.pymultinest.Pymultinest object at 0x7f2d24563b80>>}
11:39 INFO    : Temporary directory incompatible with MPI, will run in original directory
11:39 INFO    : Using output file output/svdtrunc/pm_AT2017gfo/
13:03 INFO    : Sampling time: 1:24:35.892409
13:03 INFO    : Sampling time: 1:24:35.893535
13:03 INFO    : Sampling time: 1:24:36.642714
13:03 INFO    : Sampling time: 1:24:36.569478
13:03 INFO    : Sampling time: 1:24:36.526267
13:03 INFO    : Sampling time: 1:24:36.588461
13:03 INFO    : Sampling time: 1:24:36.542888
13:03 INFO    : Sampling time: 1:24:36.520201
13:03 INFO    : Sampling time: 1:24:36.659064
13:03 INFO    : Sampling time: 1:24:36.552983
13:03 INFO    : Sampling time: 1:24:36.530859
13:03 INFO    : Sampling time: 1:24:36.546065
13:03 INFO    : Sampling time: 1:24:36.651429
13:03 INFO    : Sampling time: 1:24:36.604869
13:03 INFO    : Summary of results:
nsamples: 17527
ln_noise_evidence:  0.000
ln_evidence: -180.551 +/-  0.107
ln_bayes_factor: -180.551 +/-  0.107

13:03 INFO    : Writing samples file to /nfs/enlil/pouyans/codes/nmma/output/svdtrunc/AT2017gfo_posterior_samples.dat
13:03 INFO    : Summary of results:
nsamples: 17527
ln_noise_evidence:  0.000
ln_evidence: -180.551 +/-  0.107
ln_bayes_factor: -180.551 +/-  0.107

13:03 INFO    : Summary of results:
nsamples: 17527
ln_noise_evidence:  0.000
ln_evidence: -180.551 +/-  0.107
ln_bayes_factor: -180.551 +/-  0.107

13:03 INFO    : Summary of results:
nsamples: 17527
ln_noise_evidence:  0.000
ln_evidence: -180.551 +/-  0.107
ln_bayes_factor: -180.551 +/-  0.107

13:03 INFO    : Writing samples file to /nfs/enlil/pouyans/codes/nmma/output/svdtrunc/AT2017gfo_posterior_samples.dat
13:03 INFO    : Writing samples file to /nfs/enlil/pouyans/codes/nmma/output/svdtrunc/AT2017gfo_posterior_samples.dat
13:03 INFO    : Writing samples file to /nfs/enlil/pouyans/codes/nmma/output/svdtrunc/AT2017gfo_posterior_samples.dat
13:03 INFO    : Summary of results:
nsamples: 17527
ln_noise_evidence:  0.000
ln_evidence: -180.551 +/-  0.107
ln_bayes_factor: -180.551 +/-  0.107

13:03 INFO    : Writing samples file to /nfs/enlil/pouyans/codes/nmma/output/svdtrunc/AT2017gfo_posterior_samples.dat
13:03 INFO    : Summary of results:
nsamples: 17527
ln_noise_evidence:  0.000
ln_evidence: -180.551 +/-  0.107
ln_bayes_factor: -180.551 +/-  0.107

13:03 INFO    : Writing samples file to /nfs/enlil/pouyans/codes/nmma/output/svdtrunc/AT2017gfo_posterior_samples.dat
13:03 INFO    : Summary of results:
nsamples: 17527
ln_noise_evidence:  0.000
ln_evidence: -180.551 +/-  0.107
ln_bayes_factor: -180.551 +/-  0.107

13:03 INFO    : Writing samples file to /nfs/enlil/pouyans/codes/nmma/output/svdtrunc/AT2017gfo_posterior_samples.dat
13:03 INFO    : Summary of results:
nsamples: 17527
ln_noise_evidence:  0.000
ln_evidence: -180.551 +/-  0.107
ln_bayes_factor: -180.551 +/-  0.107

13:03 INFO    : Writing samples file to /nfs/enlil/pouyans/codes/nmma/output/svdtrunc/AT2017gfo_posterior_samples.dat
13:03 INFO    : Summary of results:
nsamples: 17527
ln_noise_evidence:  0.000
ln_evidence: -180.551 +/-  0.107
ln_bayes_factor: -180.551 +/-  0.107

13:03 INFO    : Writing samples file to /nfs/enlil/pouyans/codes/nmma/output/svdtrunc/AT2017gfo_posterior_samples.dat
13:03 INFO    : Summary of results:
nsamples: 17527
ln_noise_evidence:  0.000
ln_evidence: -180.551 +/-  0.107
ln_bayes_factor: -180.551 +/-  0.107

13:03 INFO    : Writing samples file to /nfs/enlil/pouyans/codes/nmma/output/svdtrunc/AT2017gfo_posterior_samples.dat
