      date     time           total        used        free      shared  buff/cache   available
2022-05-11 14:14:22           31817        1029       23281         150        7506       30183
2022-05-11 14:14:32           31817        4025       20285         150        7506       27187
2022-05-11 14:14:42           31817        5426       18880         154        7510       25782
2022-05-11 14:14:52           31817        5547       18758         154        7511       25660
2022-05-11 14:15:02           31817        5671       18634         154        7511       25537
2022-05-11 14:15:12           31817        5769       18536         154        7511       25438
2022-05-11 14:15:22           31817        5831       18474         154        7511       25377
2022-05-11 14:15:32           31817        5831       18474         154        7511       25377
2022-05-11 14:15:42           31817        5830       18474         154        7511       25377
2022-05-11 14:15:52           31817        5302       19003         154        7511       25905
2022-05-11 14:16:02           31817        5661       18645         154        7509       25546
2022-05-11 14:16:12           31817        6388       17916         154        7511       24819
2022-05-11 14:16:22           31817        6384       17920         154        7511       24824
2022-05-11 14:16:32           31817        6380       17924         154        7512       24828
2022-05-11 14:16:42           31817        6182       18122         154        7512       25025
2022-05-11 14:16:52           31817        6108       18195         155        7512       25099
2022-05-11 14:17:02           31817        6049       18253         156        7513       25157
2022-05-11 14:17:12           31817        6038       18264         156        7514       25168
2022-05-11 14:17:22           31817        6031       18270         156        7514       25174
2022-05-11 14:17:32           31817        5992       18310         156        7514       25214
2022-05-11 14:17:42           31817        6000       18301         156        7514       25205
2022-05-11 14:17:52           31817        5998       18302         156        7515       25207
2022-05-11 14:18:02           31817        6000       18301         157        7515       25205
2022-05-11 14:18:12           31817        5998       18303         157        7515       25207
2022-05-11 14:18:22           31817        6011       18289         157        7515       25193
2022-05-11 14:18:32           31817        6010       18290         157        7515       25195
2022-05-11 14:18:43           31817        6012       18288         157        7515       25193
2022-05-11 14:18:53           31817        6003       18297         157        7516       25201
2022-05-11 14:19:03           31817        6009       18290         157        7516       25195
2022-05-11 14:19:13           31817        6004       18295         157        7516       25200
2022-05-11 14:19:23           31817        6011       18288         157        7516       25193
2022-05-11 14:19:33           31817        5998       18302         157        7516       25207
2022-05-11 14:19:43           31817        5999       18300         157        7516       25205
2022-05-11 14:19:53           31817        6023       18276         157        7516       25181
2022-05-11 14:20:03           31817        6020       18279         157        7517       25184
2022-05-11 14:20:13           31817        6027       18272         157        7517       25177
2022-05-11 14:20:23           31817        6017       18282         157        7517       25187
2022-05-11 14:20:33           31817        6026       18273         157        7517       25179
2022-05-11 14:20:43           31817        6033       18265         157        7517       25171
2022-05-11 14:20:53           31817        6020       18278         157        7517       25184
2022-05-11 14:21:03           31817        6004       18294         158        7517       25200
2022-05-11 14:21:13           31817        5999       18299         158        7518       25205
2022-05-11 14:21:23           31817        6002       18296         158        7518       25202
2022-05-11 14:21:33           31817        6010       18288         158        7518       25194
2022-05-11 14:21:43           31817        5996       18301         158        7518       25207
2022-05-11 14:21:53           31817        5996       18301         158        7518       25208
2022-05-11 14:22:03           31817        6018       18280         158        7518       25186
2022-05-11 14:22:13           31817        6010       18287         158        7518       25193
2022-05-11 14:22:23           31817        6005       18292         158        7518       25198
2022-05-11 14:22:33           31817        6012       18285         158        7518       25192
2022-05-11 14:22:43           31817        6011       18286         158        7518       25193
2022-05-11 14:22:53           31817        6021       18276         158        7519       25183
2022-05-11 14:23:03           31817        6039       18258         158        7519       25165
2022-05-11 14:23:13           31817        6008       18289         158        7519       25195
2022-05-11 14:23:23           31817        6032       18265         158        7519       25172
2022-05-11 14:23:33           31817        6028       18269         158        7519       25175
2022-05-11 14:23:43           31817        6015       18282         158        7519       25189
2022-05-11 14:23:53           31817        6024       18273         158        7519       25180
2022-05-11 14:24:03           31817        6023       18274         158        7519       25181
2022-05-11 14:24:13           31817        6044       18253         158        7519       25160
2022-05-11 14:24:23           31817        6028       18268         158        7519       25176
2022-05-11 14:24:33           31817        6049       18248         158        7519       25155
2022-05-11 14:24:43           31817        6052       18245         158        7519       25152
2022-05-11 14:24:53           31817        6040       18257         158        7519       25164
2022-05-11 14:25:03           31817        6046       18250         158        7519       25157
2022-05-11 14:25:13           31817        6046       18250         158        7519       25158
2022-05-11 14:25:23           31817        6038       18258         158        7520       25166
2022-05-11 14:25:33           31817        6044       18252         158        7520       25159
2022-05-11 14:25:43           31817        6037       18259         158        7520       25167
2022-05-11 14:25:53           31817        6043       18253         158        7520       25161
2022-05-11 14:26:03           31817        6054       18242         158        7520       25150
2022-05-11 14:26:13           31817        6055       18241         158        7520       25149
2022-05-11 14:26:23           31817        6070       18226         158        7520       25134
2022-05-11 14:26:33           31817        6053       18242         158        7520       25150
2022-05-11 14:26:43           31817        6065       18230         158        7520       25138
2022-05-11 14:26:53           31817        6051       18244         158        7520       25153
2022-05-11 14:27:03           31817        6070       18225         158        7520       25133
2022-05-11 14:27:13           31817        6063       18233         158        7520       25141
2022-05-11 14:27:23           31817        6073       18222         158        7521       25131
2022-05-11 14:27:33           31817        6073       18222         158        7521       25130
2022-05-11 14:27:43           31817        6078       18217         158        7521       25125
2022-05-11 14:27:53           31817        6085       18210         158        7521       25119
2022-05-11 14:28:03           31817        6085       18210         158        7521       25119
2022-05-11 14:28:13           31817        6075       18219         158        7521       25128
2022-05-11 14:28:23           31817        6077       18218         158        7521       25127
2022-05-11 14:28:33           31817        6082       18212         158        7521       25121
2022-05-11 14:28:43           31817        6082       18212         158        7521       25121
2022-05-11 14:28:53           31817        6080       18215         158        7521       25124
2022-05-11 14:29:03           31817        6073       18221         158        7521       25130
2022-05-11 14:29:13           31817        6096       18198         158        7521       25107
2022-05-11 14:29:23           31817        6085       18209         158        7522       25118
2022-05-11 14:29:33           31817        6101       18192         158        7522       25102
2022-05-11 14:29:43           31817        6102       18192         158        7522       25102
2022-05-11 14:29:53           31817        6093       18200         158        7522       25110
2022-05-11 14:30:03           31817        6099       18195         158        7522       25105
2022-05-11 14:30:13           31817        6091       18202         158        7522       25112
2022-05-11 14:30:23           31817        6120       18173         158        7522       25083
2022-05-11 14:30:33           31817        6106       18188         158        7522       25097
2022-05-11 14:30:43           31817        6095       18199         158        7522       25109
2022-05-11 14:30:53           31817        6105       18189         158        7522       25099
2022-05-11 14:31:03           31817        6116       18177         158        7522       25087
2022-05-11 14:31:13           31817        6110       18183         158        7522       25093
2022-05-11 14:31:23           31817        6124       18170         158        7522       25080
2022-05-11 14:31:33           31817        6109       18184         158        7522       25095
2022-05-11 14:31:43           31817        6122       18171         158        7522       25081
2022-05-11 14:31:53           31817        6129       18164         158        7522       25075
2022-05-11 14:32:03           31817        6118       18176         158        7522       25086
2022-05-11 14:32:13           31817        6131       18162         158        7523       25073
2022-05-11 14:32:23           31817        6123       18169         158        7523       25080
2022-05-11 14:32:33           31817        6127       18165         158        7523       25076
2022-05-11 14:32:43           31817        6129       18164         158        7523       25075
2022-05-11 14:32:53           31817        6122       18171         158        7523       25082
2022-05-11 14:33:03           31817        6132       18160         158        7523       25071
2022-05-11 14:33:13           31817        6140       18152         158        7523       25064
2022-05-11 14:33:23           31817        6144       18148         158        7523       25059
2022-05-11 14:33:33           31817        6151       18141         158        7523       25052
2022-05-11 14:33:43           31817        6125       18167         158        7524       25078
2022-05-11 14:33:53           31817        6147       18145         158        7524       25057
2022-05-11 14:34:03           31817        6148       18144         158        7524       25056
2022-05-11 14:34:13           31817        6152       18140         158        7524       25051
2022-05-11 14:34:23           31817        6141       18151         158        7524       25063
2022-05-11 14:34:33           31817        6151       18141         158        7524       25053
2022-05-11 14:34:43           31817        6165       18127         158        7524       25039
2022-05-11 14:34:53           31817        6155       18137         158        7524       25049
2022-05-11 14:35:03           31817        6155       18136         158        7524       25048
2022-05-11 14:35:13           31817        6155       18136         158        7525       25048
2022-05-11 14:35:23           31817        6150       18140         158        7525       25053
2022-05-11 14:35:33           31817        6172       18119         158        7525       25031
2022-05-11 14:35:44           31817        6164       18126         158        7525       25039
2022-05-11 14:35:54           31817        6162       18129         158        7525       25042
2022-05-11 14:36:04           31817        6161       18130         158        7525       25042
2022-05-11 14:36:14           31817        6159       18132         158        7525       25045
2022-05-11 14:36:24           31817        6176       18115         158        7525       25027
2022-05-11 14:36:34           31817        6165       18126         158        7525       25038
2022-05-11 14:36:44           31817        6172       18118         158        7525       25031
2022-05-11 14:36:54           31817        6172       18118         158        7525       25032
2022-05-11 14:37:04           31817        6163       18127         158        7525       25041
2022-05-11 14:37:14           31817        6156       18134         158        7525       25048
2022-05-11 14:37:24           31817        6192       18099         158        7525       25012
2022-05-11 14:37:34           31817        6188       18102         158        7525       25015
2022-05-11 14:37:44           31817        6184       18106         158        7525       25019
2022-05-11 14:37:54           31817        6186       18105         158        7525       25018
2022-05-11 14:38:04           31817        6166       18124         158        7526       25037
2022-05-11 14:38:14           31817        6170       18120         158        7526       25034
2022-05-11 14:38:24           31817        6193       18096         158        7526       25011
2022-05-11 14:38:34           31817        6185       18105         158        7526       25019
2022-05-11 14:38:44           31817        6196       18093         158        7526       25007
2022-05-11 14:38:54           31817        6182       18108         158        7526       25022
2022-05-11 14:39:04           31817        6186       18103         158        7526       25017
2022-05-11 14:39:14           31817        6191       18099         158        7526       25013
2022-05-11 14:39:24           31817        6186       18104         158        7526       25018
2022-05-11 14:39:34           31817        6189       18101         158        7526       25015
2022-05-11 14:39:44           31817        6177       18114         158        7524       25026
2022-05-11 14:39:54           31817        6204       18085         158        7526       24999
2022-05-11 14:40:04           31817        6195       18094         158        7527       25008
2022-05-11 14:40:14           31817        6198       18090         158        7527       25005
2022-05-11 14:40:24           31817        6209       18079         158        7527       24994
2022-05-11 14:40:34           31817        6201       18088         158        7527       25003
2022-05-11 14:40:44           31817        6223       18066         158        7527       24981
2022-05-11 14:40:54           31817        6202       18086         158        7527       25001
2022-05-11 14:41:04           31817        6210       18079         158        7527       24994
2022-05-11 14:41:14           31817        6208       18080         158        7527       24995
2022-05-11 14:41:24           31817        6216       18072         158        7528       24988
2022-05-11 14:41:34           31817        6228       18060         158        7528       24975
2022-05-11 14:41:44           31817        6217       18070         158        7528       24986
2022-05-11 14:41:54           31817        6213       18074         158        7528       24990
2022-05-11 14:42:04           31817        6220       18068         158        7528       24984
2022-05-11 14:42:14           31817        6225       18062         158        7528       24978
2022-05-11 14:42:24           31817        6239       18048         158        7528       24964
2022-05-11 14:42:34           31817        6229       18059         158        7528       24975
2022-05-11 14:42:44           31817        6228       18059         158        7528       24975
2022-05-11 14:42:54           31817        6229       18059         158        7528       24974
2022-05-11 14:43:04           31817        6222       18065         158        7528       24982
2022-05-11 14:43:14           31817        6225       18062         158        7528       24978
2022-05-11 14:43:24           31817        6228       18059         158        7528       24975
2022-05-11 14:43:34           31817        6351       17881         158        7583       24852
2022-05-11 14:43:44           31817        1101       23177         150        7538       30111
2022-05-11 14:43:54           31817        1099       23178         150        7538       30112
2022-05-11 14:44:04           31817        1098       23179         150        7538       30113
2022-05-11 14:44:14           31817        1098       23180         150        7538       30114
2022-05-11 14:44:24           31817        1098       23179         150        7538       30113
2022-05-11 14:44:34           31817        1098       23179         150        7538       30113
2022-05-11 14:44:44           31817        1097       23180         150        7538       30114
2022-05-11 14:44:54           31817        1097       23180         150        7538       30114