      date     time           total        used        free      shared  buff/cache   available
2022-05-17 15:28:19          385564        4426      138137          66      242999      378465
2022-05-17 15:28:29          385564        4432      138131          66      243000      378459
2022-05-17 15:28:39          385564        4433      138130          66      242999      378459
2022-05-17 15:28:49          385564        4434      138130          66      242999      378458
2022-05-17 15:28:59          385564        4435      138128          66      242999      378456
2022-05-17 15:29:09          385564        4411      138189          66      242963      378481
2022-05-17 15:29:19          385564        4419      138181          66      242963      378473
2022-05-17 15:29:29          385564        4424      138175          66      242963      378467
2022-05-17 15:29:39          385564        4655      137944          66      242963      378236
2022-05-17 15:29:49          385564      115382       50222          77      219959      266265
2022-05-17 15:29:59          385564      115363       56986          77      213213      266681
2022-05-17 15:30:09          385564      115362       59604          77      210597      266743
2022-05-17 15:30:19          385564      115313       59679          77      210570      266791
2022-05-17 15:30:29          385564      115333       59659          77      210571      266772
2022-05-17 15:30:39          385564      115337       59654          77      210571      266767
2022-05-17 15:30:49          385564      115347       59645          77      210571      266758
2022-05-17 15:30:59          385564      115350       59642          77      210571      266755
2022-05-17 15:31:09          385564      115348       59643          77      210571      266756
2022-05-17 15:31:19          385564      115349       59642          77      210571      266756
2022-05-17 15:31:29          385564      115351       59641          77      210571      266754
2022-05-17 15:31:39          385564      115353       59638          77      210571      266751
2022-05-17 15:31:49          385564      115358       59633          77      210571      266746
2022-05-17 15:31:59          385564      115329       59690          77      210543      266775
2022-05-17 15:32:09          385564      115350       59669          77      210544      266755
2022-05-17 15:32:19          385564      115352       59667          77      210544      266752
2022-05-17 15:32:29          385564      115360       59660          77      210544      266745
2022-05-17 15:32:39          385564      115363       59656          77      210544      266742
2022-05-17 15:32:49          385564      115370       59622          77      210570      266734
2022-05-17 15:32:59          385564      115352       59641          77      210570      266753
2022-05-17 15:33:09          385564      115361       59631          77      210570      266743
2022-05-17 15:33:19          385564      115365       59849          77      210349      266739
2022-05-17 15:33:29          385564      115368       59846          77      210349      266736
2022-05-17 15:33:39          385564      115407       60547          77      209609      267514
2022-05-17 15:33:49          385564      115361       60647          77      209555      266764
2022-05-17 15:33:59          385564      115375       60631          77      209556      266749
2022-05-17 15:34:09          385564      115384       60622          77      209557      266740
2022-05-17 15:34:19          385564      115391       60616          77      209557      266734
2022-05-17 15:34:29          385564      115392       60614          77      209557      266733
2022-05-17 15:34:39          385564      115392       60614          77      209557      266733
2022-05-17 15:34:49          385564      115362       60667          77      209534      266764
2022-05-17 15:34:59          385564      115362       60697          77      209504      266763
2022-05-17 15:35:09          385564      115379       60680          77      209504      266746
2022-05-17 15:35:19          385564      115386       60673          77      209504      266739
2022-05-17 15:35:29          385564      115393       60665          77      209504      266732
2022-05-17 15:35:39          385564      115402       60656          77      209504      266723
2022-05-17 15:35:49          385564      115401       60657          77      209504      266724
2022-05-17 15:35:59          385564      115357       60729          77      209477      266768
2022-05-17 15:36:09          385564      115361       60790          77      209412      266765
2022-05-17 15:36:19          385564      115374       60777          77      209412      266751
2022-05-17 15:36:29          385564      115379       60772          77      209412      266747
2022-05-17 15:36:39          385564      115382       60768          77      209412      266743
2022-05-17 15:36:49          385564      115383       60767          77      209412      266742
2022-05-17 15:36:59          385564      115384       60766          77      209412      266741
2022-05-17 15:37:09          385564      115359       60820          77      209384      266766
2022-05-17 15:37:19          385564      115358       60848          77      209357      266767
2022-05-17 15:37:29          385564      115366       60840          77      209357      266759
2022-05-17 15:37:39          385564      115371       60835          77      209357      266754
2022-05-17 15:37:49          385564      115374       60832          77      209357      266752
2022-05-17 15:37:59          385564      115374       60832          77      209358      266752
2022-05-17 15:38:09          385564      115377       60829          77      209358      266749
2022-05-17 15:38:20          385564      115356       60877          77      209330      266770
2022-05-17 15:38:30          385564      115362       60870          77      209330      266763
2022-05-17 15:38:40          385564      115365       60867          77      209330      266760
2022-05-17 15:38:50          385564      115368       60864          77      209330      266757
2022-05-17 15:39:00          385564      115371       60861          77      209330      266754
2022-05-17 15:39:10          385564      115376       60856          77      209331      266749
2022-05-17 15:39:20          385564      115363       60869          77      209331      266762
2022-05-17 15:39:30          385564      115365       60867          77      209331      266760
2022-05-17 15:39:40          385564      115367       60865          77      209331      266758
2022-05-17 15:39:50          385564      115369       60863          77      209331      266757
2022-05-17 15:40:00          385564      115370       60861          77      209331      266755
2022-05-17 15:40:10          385564      115379       60852          77      209331      266746
2022-05-17 15:40:20          385564      115380       60851          77      209332      266746
2022-05-17 15:40:30          385564      115359       60872          78      209332      266766
2022-05-17 15:40:40          385564      115360       60871          78      209332      266766
2022-05-17 15:40:50          385564      115364       60866          78      209333      266761
2022-05-17 15:41:00          385564      115365       60865          78      209333      266760
2022-05-17 15:41:10          385564      115367       60863          78      209333      266759
2022-05-17 15:41:20          385564      115369       60861          78      209333      266756
2022-05-17 15:41:30          385564      115371       60858          78      209333      266754
2022-05-17 15:41:40          385564      115362       60868          78      209333      266763
2022-05-17 15:41:50          385564      115359       60871          78      209333      266767
2022-05-17 15:42:00          385564      115366       60864          78      209333      266760
2022-05-17 15:42:10          385564      115367       60863          78      209333      266758
2022-05-17 15:42:20          385564      115371       60858          78      209333      266754
2022-05-17 15:42:30          385564      115373       60856          78      209333      266752
2022-05-17 15:42:40          385564      115375       60854          78      209334      266751
2022-05-17 15:42:50          385564      115360       60869          78      209334      266765
2022-05-17 15:43:00          385564      115360       60868          78      209334      266765
2022-05-17 15:43:10          385564      115365       60864          78      209334      266760
2022-05-17 15:43:20          385564      115368       60860          78      209334      266757
2022-05-17 15:43:30          385564      115372       60857          78      209334      266754
2022-05-17 15:43:40          385564      115374       60854          78      209334      266751
2022-05-17 15:43:50          385564      115376       60853          78      209334      266749
2022-05-17 15:44:00          385564      115361       60896          78      209306      266764
2022-05-17 15:44:10          385564      115368       60889          78      209306      266757
2022-05-17 15:44:20          385564      115373       60884          78      209306      266752
2022-05-17 15:44:30          385564      115364       60921          78      209278      266761
2022-05-17 15:44:40          385564      115374       60911          78      209278      266751
2022-05-17 15:44:50          385564      115379       60906          78      209278      266747
2022-05-17 15:45:00          385564      115381       60903          78      209278      266744
2022-05-17 15:45:10          385564      115393       60919          78      209250      266705
2022-05-17 15:45:20          385564      115394       60918          78      209250      266703
2022-05-17 15:45:30          385564      115359       61018          78      209186      266739
2022-05-17 15:45:40          385564      115356       61021          78      209186      266742
2022-05-17 15:45:50          385564      115368       61009          78      209186      266729
2022-05-17 15:46:00          385564      115370       61007          78      209186      266727
2022-05-17 15:46:10          385564      115372       61005          78      209186      266725
2022-05-17 15:46:20          385564      115375       61003          78      209186      266723
2022-05-17 15:46:30          385564      115375       61002          78      209186      266722
2022-05-17 15:46:40          385564      115376       61001          78      209186      266721
2022-05-17 15:46:50          385564      115362       61015          78      209186      266735
2022-05-17 15:47:00          385564      115367       61010          78      209186      266731
2022-05-17 15:47:10          385564      115370       61007          78      209186      266728
2022-05-17 15:47:20          385564      115366       61011          78      209186      266732
2022-05-17 15:47:30          385564      115370       61006          78      209186      266727
2022-05-17 15:47:40          385564      115364       61013          78      209186      266734
2022-05-17 15:47:50          385564      115368       61009          78      209186      266730
2022-05-17 15:48:00          385564      115372       61005          78      209186      266726
2022-05-17 15:48:10          385564      115373       61003          78      209186      266724
2022-05-17 15:48:20          385564      115403       60973          78      209186      266694
2022-05-17 15:48:30          385564      115403       60973          78      209186      266694
2022-05-17 15:48:40          385564      115361       61015          78      209186      266736
2022-05-17 15:48:50          385564      115365       61012          78      209186      266733
2022-05-17 15:49:00          385564      115370       61006          78      209186      266727
2022-05-17 15:49:10          385564      115371       61005          78      209186      266726
2022-05-17 15:49:20          385564      115376       61000          78      209186      266721
2022-05-17 15:49:30          385564      115377       61000          78      209186      266721
2022-05-17 15:49:40          385564      115378       60998          78      209187      266720
2022-05-17 15:49:50          385564      115378       60998          78      209187      266719
2022-05-17 15:50:00          385564      115362       61014          78      209187      266735
2022-05-17 15:50:10          385564      115376       61000          78      209187      266722
2022-05-17 15:50:20          385564      115379       60996          78      209187      266718
2022-05-17 15:50:30          385564      115380       60996          78      209187      266717
2022-05-17 15:50:40          385564      115380       60996          78      209187      266717
2022-05-17 15:50:50          385564      115383       60993          78      209187      266715
2022-05-17 15:51:00          385564      115362       61042          78      209159      266735
2022-05-17 15:51:10          385564      115368       61036          78      209159      266730
2022-05-17 15:51:20          385564      115371       61034          78      209159      266727
2022-05-17 15:51:30          385564      115374       61030          78      209159      266723
2022-05-17 15:51:40          385564      115379       61025          78      209159      266718
2022-05-17 15:51:50          385564      115380       61024          78      209159      266717
2022-05-17 15:52:00          385564      115361       61071          78      209131      266736
2022-05-17 15:52:10          385564      115361       61103          78      209099      266736
2022-05-17 15:52:20          385564      115371       61092          78      209099      266726
2022-05-17 15:52:30          385564      115375       61089          78      209099      266722
2022-05-17 15:52:40          385564      115377       61086          78      209099      266720
2022-05-17 15:52:50          385564      115379       61084          78      209099      266718
2022-05-17 15:53:01          385564      115382       61082          78      209099      266715
2022-05-17 15:53:11          385564      115363       61129          78      209071      266734
2022-05-17 15:53:21          385564      115357       61547          78      208658      266720
2022-05-17 15:53:31          385564      115366       61536          78      208661      266712
2022-05-17 15:53:41          385564      115369       61533          78      208661      266709
2022-05-17 15:53:51          385564      115370       61532          78      208661      266708
2022-05-17 15:54:01          385564      115374       61528          78      208661      266703
2022-05-17 15:54:11          385564      115375       61527          78      208661      266703
2022-05-17 15:54:21          385564      115375       61527          78      208661      266703
2022-05-17 15:54:31          385564      115361       61569          78      208633      266716
2022-05-17 15:54:41          385564      115367       61562          78      208633      266710
2022-05-17 15:54:51          385564      115365       61592          78      208605      266712
2022-05-17 15:55:01          385564      115371       61586          78      208606      266706
2022-05-17 15:55:11          385564      115382       62781          78      207400      267539
2022-05-17 15:55:21          385564      115389       63650          78      206524      266728
2022-05-17 15:55:31          385564      115394       64079          78      206090      266716
2022-05-17 15:55:41          385564      115366       65201          78      204995      266735
2022-05-17 15:55:51          385564      115349       65216          78      204998      266752
2022-05-17 15:56:01          385564      115360       65205          78      204998      266741
2022-05-17 15:56:11          385564      115362       65203          78      204998      266740
2022-05-17 15:56:21          385564      115365       65200          78      204998      266737
2022-05-17 15:56:31          385564      115367       65198          78      204998      266735
2022-05-17 15:56:41          385564      115373       65192          78      204998      266729
2022-05-17 15:56:51          385564      115373       65192          78      204998      266728
2022-05-17 15:57:01          385564      115375       65189          78      204998      266726
2022-05-17 15:57:11          385564      115376       65189          78      204998      266726
2022-05-17 15:57:21          385564      115379       65185          78      204999      266722
2022-05-17 15:57:31          385564      115379       65185          78      204999      266722
2022-05-17 15:57:41          385564      115381       65183          78      204999      266721
2022-05-17 15:57:51          385564      115381       65183          78      204999      266720
2022-05-17 15:58:01          385564      115379       65185          78      204999      266722
2022-05-17 15:58:11          385564      115381       65183          78      204999      266721
2022-05-17 15:58:21          385564      115382       65182          78      204999      266720
2022-05-17 15:58:31          385564      115381       65183          78      204999      266721
2022-05-17 15:58:41          385564      115354       65237          78      204971      266747
2022-05-17 15:58:51          385564      115359       65232          78      204971      266742
2022-05-17 15:59:01          385564      115360       65231          78      204971      266741
2022-05-17 15:59:11          385564      115362       65230          78      204971      266739
2022-05-17 15:59:21          385564      115356       65288          78      204918      266745
2022-05-17 15:59:31          385564      115361       65283          78      204919      266740
2022-05-17 15:59:41          385564      115363       65281          78      204919      266738
2022-05-17 15:59:51          385564      115364       65281          78      204919      266738
2022-05-17 16:00:01          385564      115364       65280          78      204919      266738
2022-05-17 16:00:11          385564      115396       65657          78      204510      266746
2022-05-17 16:00:21          385564      115351       66357          78      203855      267570
2022-05-17 16:00:31          385564      115346       67160          78      203057      266740
2022-05-17 16:00:41          385564      115346       67186          78      203031      266739
2022-05-17 16:00:51          385564      115361       67196          78      203006      266724
2022-05-17 16:01:01          385564      115369       67188          78      203006      266717
2022-05-17 16:01:11          385564      115367       67190          78      203006      266718
2022-05-17 16:01:21          385564      115369       67188          78      203006      266716
2022-05-17 16:01:31          385564      115370       67187          78      203006      266715
2022-05-17 16:01:41          385564      115375       67180          78      203007      266710
2022-05-17 16:01:51          385564      115374       67181          78      203007      266711
2022-05-17 16:02:01          385564      115352       67230          78      202980      266733
2022-05-17 16:02:11          385564      115352       67331          78      202879      266733
2022-05-17 16:02:21          385564      115358       67326          78      202880      266728
2022-05-17 16:02:31          385564      115360       67323          78      202880      266725
2022-05-17 16:02:41          385564      115362       67322          78      202880      266724
2022-05-17 16:02:51          385564      115365       67318          78      202880      266720
2022-05-17 16:03:01          385564      115367       67316          78      202880      266718
2022-05-17 16:03:11          385564      115355       67380          78      202827      266726
2022-05-17 16:03:21          385564      115359       67628          78      202576      267563
2022-05-17 16:03:31          385564      115372       68310          78      201881      267549
2022-05-17 16:03:41          385564      115376       69001          78      201186      267237
2022-05-17 16:03:51          385564      115377       70028          78      200158      267544
2022-05-17 16:04:01          385564      115375       70816          78      199371      266422
2022-05-17 16:04:11          385564      115378       71549          78      198636      266492
2022-05-17 16:04:21          385564      115378       71906          78      198278      267543
2022-05-17 16:04:31          385564      115344       72357          78      197862      267577
2022-05-17 16:04:41          385564      115335       72779          78      197448      266750
2022-05-17 16:04:51          385564      115342       72773          78      197448      266744
2022-05-17 16:05:01          385564      115357       73148          78      197058      267565
2022-05-17 16:05:11          385564      115370       73423          78      196769      267551
2022-05-17 16:05:21          385564      115373       73420          78      196770      267548
2022-05-17 16:05:31          385564      115378       73805          78      196380      267543
2022-05-17 16:05:41          385564      115396       74175          78      195991      266713
2022-05-17 16:05:51          385564      115339       74697          78      195527      266850
2022-05-17 16:06:01          385564      115364       75373          78      194826      266678
2022-05-17 16:06:11          385564      115369       75753          78      194441      267553
2022-05-17 16:06:21          385564      115368       75754          78      194441      267554
2022-05-17 16:06:31          385564      115369       75752          78      194441      267552
2022-05-17 16:06:41          385564      115379       75742          78      194441      266738
2022-05-17 16:06:51          385564      115336       76200          78      194027      266749
2022-05-17 16:07:01          385564      115364       76924          78      193274      267557
2022-05-17 16:07:12          385564      115338       77000          78      193225      267584
2022-05-17 16:07:22          385564      115347       77015          78      193201      267575
2022-05-17 16:07:32          385564      115364       76993          78      193205      267557
2022-05-17 16:07:42          385564      115381       77652          78      192530      267540
2022-05-17 16:07:52          385564      115390       78031          78      192143      267531
2022-05-17 16:08:02          385564      115395       78414          78      191753      267526
2022-05-17 16:08:12          385564      115393       78416          78      191753      267528
2022-05-17 16:08:22          385564      115392       78418          78      191753      267529
2022-05-17 16:08:32          385564      115389       78420          78      191753      267532
2022-05-17 16:08:42          385564      115340       78494          78      191728      267581
2022-05-17 16:08:52          385564      115341       78512          78      191710      266445
2022-05-17 16:09:02          385564      115353       79260          78      190950      267568
2022-05-17 16:09:12          385564      115352       79261          78      190950      267569
2022-05-17 16:09:22          385564      115353       79260          78      190950      267568
2022-05-17 16:09:32          385564      115352       79261          78      190950      267569
2022-05-17 16:09:42          385564      115352       79261          78      190950      267569
2022-05-17 16:09:52          385564      115358       79255          78      190950      267563
2022-05-17 16:10:02          385564      115375       79652          78      190536      267546
2022-05-17 16:10:12          385564      115370       79657          78      190536      267551
2022-05-17 16:10:22          385564      115369       79657          78      190536      267552
2022-05-17 16:10:32          385564      115333       79717          78      190512      267588
2022-05-17 16:10:42          385564      115337       79713          78      190512      267584
2022-05-17 16:10:52          385564      115332       79741          78      190490      267589
2022-05-17 16:11:02          385564      115310       79764          78      190489      267612
2022-05-17 16:11:12          385564      115313       79760          78      190489      267608
2022-05-17 16:11:22          385564      115314       79759          78      190489      267607
2022-05-17 16:11:32          385564      115315       79758          78      190489      267606
2022-05-17 16:11:42          385564      115319       79755          78      190489      267603
2022-05-17 16:11:52          385564      115319       79754          78      190490      267602
2022-05-17 16:12:02          385564      115322       79751          78      190490      267600
2022-05-17 16:12:12          385564      115321       79751          78      190490      267600
2022-05-17 16:12:22          385564      115323       79750          78      190490      267599
2022-05-17 16:12:32          385564      115298       79826          78      190438      267623
2022-05-17 16:12:42          385564      115300       79824          78      190439      267621
2022-05-17 16:12:52          385564        4457      190638          66      190468      378476
2022-05-17 16:13:02          385564        4456      190639          66      190468      378477
2022-05-17 16:13:12          385564        4453      190642          66      190468      378480

