16:24 INFO    : Running for label 'AT2017gfo', output will be saved to 'output/GPnoTFnoGau'
16:24 INFO    : Running for label 'AT2017gfo', output will be saved to 'output/GPnoTFnoGau'
16:24 INFO    : Running for label 'AT2017gfo', output will be saved to 'output/GPnoTFnoGau'
16:24 INFO    : Running for label 'AT2017gfo', output will be saved to 'output/GPnoTFnoGau'
16:24 INFO    : Running for label 'AT2017gfo', output will be saved to 'output/GPnoTFnoGau'
16:24 INFO    : Running for label 'AT2017gfo', output will be saved to 'output/GPnoTFnoGau'
16:24 INFO    : Running for label 'AT2017gfo', output will be saved to 'output/GPnoTFnoGau'
16:24 INFO    : Running for label 'AT2017gfo', output will be saved to 'output/GPnoTFnoGau'
16:24 INFO    : Running for label 'AT2017gfo', output will be saved to 'output/GPnoTFnoGau'
16:24 INFO    : Running for label 'AT2017gfo', output will be saved to 'output/GPnoTFnoGau'
16:24 INFO    : Running for label 'AT2017gfo', output will be saved to 'output/GPnoTFnoGau'
16:24 INFO    : Running for label 'AT2017gfo', output will be saved to 'output/GPnoTFnoGau'
16:24 INFO    : Running for label 'AT2017gfo', output will be saved to 'output/GPnoTFnoGau'
16:24 INFO    : Running for label 'AT2017gfo', output will be saved to 'output/GPnoTFnoGau'
16:24 INFO    : Running for label 'AT2017gfo', output will be saved to 'output/GPnoTFnoGau'
16:24 INFO    : Running for label 'AT2017gfo', output will be saved to 'output/GPnoTFnoGau'
16:24 INFO    : Running for label 'AT2017gfo', output will be saved to 'output/GPnoTFnoGau'
16:24 INFO    : Running for label 'AT2017gfo', output will be saved to 'output/GPnoTFnoGau'
16:24 INFO    : Running for label 'AT2017gfo', output will be saved to 'output/GPnoTFnoGau'
16:24 INFO    : Running for label 'AT2017gfo', output will be saved to 'output/GPnoTFnoGau'
16:24 INFO    : Running for label 'AT2017gfo', output will be saved to 'output/GPnoTFnoGau'
16:24 INFO    : Running for label 'AT2017gfo', output will be saved to 'output/GPnoTFnoGau'
16:24 INFO    : Running for label 'AT2017gfo', output will be saved to 'output/GPnoTFnoGau'
16:24 INFO    : Running for label 'AT2017gfo', output will be saved to 'output/GPnoTFnoGau'
16:24 INFO    : Running for label 'AT2017gfo', output will be saved to 'output/GPnoTFnoGau'
16:24 INFO    : Running for label 'AT2017gfo', output will be saved to 'output/GPnoTFnoGau'
16:24 INFO    : Running for label 'AT2017gfo', output will be saved to 'output/GPnoTFnoGau'
16:24 INFO    : Running for label 'AT2017gfo', output will be saved to 'output/GPnoTFnoGau'
16:24 INFO    : Running for label 'AT2017gfo', output will be saved to 'output/GPnoTFnoGau'
16:24 INFO    : Running for label 'AT2017gfo', output will be saved to 'output/GPnoTFnoGau'
16:24 INFO    : Search parameters:
16:24 INFO    :   luminosity_distance = Uniform(minimum=0.0, maximum=200.0, name='luminosity_distance', latex_label='$D_L$', unit=None, boundary=None)
16:24 INFO    :   KNphi = Uniform(minimum=15.0, maximum=75.0, name='KNphi', latex_label='$\\Phi$', unit=None, boundary=None)
16:24 INFO    :   inclination_EM = Sine(minimum=0.0, maximum=1.5707963267948966, name='inclination_EM', latex_label='$\\iota$', unit=None, boundary=None)
16:24 INFO    :   KNtimeshift = Uniform(minimum=-2.0, maximum=1.0, name='trigger_time', latex_label='$t_0$', unit=None, boundary=None)
16:24 INFO    :   log10_mej_dyn = Uniform(minimum=-3.0, maximum=-1.0, name='log10_mej_dyn', latex_label='$\\log_{10}M^{\\rm{dyn}}_{\\rm{ej}}$', unit=None, boundary=None)
16:24 INFO    :   log10_mej_wind = Uniform(minimum=-3.0, maximum=-0.5, name='log10_mej_wind', latex_label='$\\log_{10}M^{\\rm{wind}}_{\\rm{ej}}$', unit=None, boundary=None)
16:24 INFO    :   Ebv = 0.0
16:24 WARNING : Supplied argument 'npool' not an argument of 'Pymultinest', removing.
16:24 WARNING : Supplied argument 'queue_size' not an argument of 'Pymultinest', removing.
16:24 WARNING : Supplied argument 'check_point_delta_t' not an argument of 'Pymultinest', removing.
16:24 INFO    : Using sampler Pymultinest with kwargs {'importance_nested_sampling': False, 'resume': True, 'verbose': True, 'sampling_efficiency': 'parameter', 'n_live_points': 2048, 'n_params': 6, 'n_clustering_params': None, 'wrapped_params': None, 'multimodal': True, 'const_efficiency_mode': False, 'evidence_tolerance': 0.5, 'n_iter_before_update': 100, 'null_log_evidence': -1e+90, 'max_modes': 100, 'mode_tolerance': -1e+90, 'seed': 42, 'context': 0, 'write_output': True, 'log_zero': -1e+100, 'max_iter': 0, 'init_MPI': False, 'dump_callback': <bound method Pymultinest._dump_callback of <bilby.core.sampler.pymultinest.Pymultinest object at 0x7f0ab7307670>>}
16:24 INFO    : Temporary directory incompatible with MPI, will run in original directory
16:24 INFO    : Using output file output/GPnoTFnoGau/pm_AT2017gfo/
16:24 INFO    : Search parameters:
16:24 INFO    :   luminosity_distance = Uniform(minimum=0.0, maximum=200.0, name='luminosity_distance', latex_label='$D_L$', unit=None, boundary=None)
16:24 INFO    :   KNphi = Uniform(minimum=15.0, maximum=75.0, name='KNphi', latex_label='$\\Phi$', unit=None, boundary=None)
16:24 INFO    :   inclination_EM = Sine(minimum=0.0, maximum=1.5707963267948966, name='inclination_EM', latex_label='$\\iota$', unit=None, boundary=None)
16:24 INFO    :   KNtimeshift = Uniform(minimum=-2.0, maximum=1.0, name='trigger_time', latex_label='$t_0$', unit=None, boundary=None)
16:24 INFO    :   log10_mej_dyn = Uniform(minimum=-3.0, maximum=-1.0, name='log10_mej_dyn', latex_label='$\\log_{10}M^{\\rm{dyn}}_{\\rm{ej}}$', unit=None, boundary=None)
16:24 INFO    :   log10_mej_wind = Uniform(minimum=-3.0, maximum=-0.5, name='log10_mej_wind', latex_label='$\\log_{10}M^{\\rm{wind}}_{\\rm{ej}}$', unit=None, boundary=None)
16:24 INFO    :   Ebv = 0.0
16:24 WARNING : Supplied argument 'npool' not an argument of 'Pymultinest', removing.
16:24 WARNING : Supplied argument 'queue_size' not an argument of 'Pymultinest', removing.
16:24 WARNING : Supplied argument 'check_point_delta_t' not an argument of 'Pymultinest', removing.
16:24 INFO    : Using sampler Pymultinest with kwargs {'importance_nested_sampling': False, 'resume': True, 'verbose': True, 'sampling_efficiency': 'parameter', 'n_live_points': 2048, 'n_params': 6, 'n_clustering_params': None, 'wrapped_params': None, 'multimodal': True, 'const_efficiency_mode': False, 'evidence_tolerance': 0.5, 'n_iter_before_update': 100, 'null_log_evidence': -1e+90, 'max_modes': 100, 'mode_tolerance': -1e+90, 'seed': 42, 'context': 0, 'write_output': True, 'log_zero': -1e+100, 'max_iter': 0, 'init_MPI': False, 'dump_callback': <bound method Pymultinest._dump_callback of <bilby.core.sampler.pymultinest.Pymultinest object at 0x7f02012858e0>>}
16:24 INFO    : Temporary directory incompatible with MPI, will run in original directory
16:24 INFO    : Using output file output/GPnoTFnoGau/pm_AT2017gfo/
16:24 INFO    : Search parameters:
16:24 INFO    : Search parameters:
16:24 INFO    :   luminosity_distance = Uniform(minimum=0.0, maximum=200.0, name='luminosity_distance', latex_label='$D_L$', unit=None, boundary=None)
16:24 INFO    :   luminosity_distance = Uniform(minimum=0.0, maximum=200.0, name='luminosity_distance', latex_label='$D_L$', unit=None, boundary=None)
16:24 INFO    :   KNphi = Uniform(minimum=15.0, maximum=75.0, name='KNphi', latex_label='$\\Phi$', unit=None, boundary=None)
16:24 INFO    :   KNphi = Uniform(minimum=15.0, maximum=75.0, name='KNphi', latex_label='$\\Phi$', unit=None, boundary=None)
16:24 INFO    :   inclination_EM = Sine(minimum=0.0, maximum=1.5707963267948966, name='inclination_EM', latex_label='$\\iota$', unit=None, boundary=None)
16:24 INFO    :   KNtimeshift = Uniform(minimum=-2.0, maximum=1.0, name='trigger_time', latex_label='$t_0$', unit=None, boundary=None)
16:24 INFO    :   inclination_EM = Sine(minimum=0.0, maximum=1.5707963267948966, name='inclination_EM', latex_label='$\\iota$', unit=None, boundary=None)
16:24 INFO    :   log10_mej_dyn = Uniform(minimum=-3.0, maximum=-1.0, name='log10_mej_dyn', latex_label='$\\log_{10}M^{\\rm{dyn}}_{\\rm{ej}}$', unit=None, boundary=None)
16:24 INFO    :   KNtimeshift = Uniform(minimum=-2.0, maximum=1.0, name='trigger_time', latex_label='$t_0$', unit=None, boundary=None)
16:24 INFO    :   log10_mej_wind = Uniform(minimum=-3.0, maximum=-0.5, name='log10_mej_wind', latex_label='$\\log_{10}M^{\\rm{wind}}_{\\rm{ej}}$', unit=None, boundary=None)
16:24 INFO    :   log10_mej_dyn = Uniform(minimum=-3.0, maximum=-1.0, name='log10_mej_dyn', latex_label='$\\log_{10}M^{\\rm{dyn}}_{\\rm{ej}}$', unit=None, boundary=None)
16:24 INFO    :   Ebv = 0.0
16:24 INFO    :   log10_mej_wind = Uniform(minimum=-3.0, maximum=-0.5, name='log10_mej_wind', latex_label='$\\log_{10}M^{\\rm{wind}}_{\\rm{ej}}$', unit=None, boundary=None)
16:24 WARNING : Supplied argument 'npool' not an argument of 'Pymultinest', removing.
16:24 INFO    :   Ebv = 0.0
16:24 WARNING : Supplied argument 'queue_size' not an argument of 'Pymultinest', removing.
16:24 WARNING : Supplied argument 'check_point_delta_t' not an argument of 'Pymultinest', removing.
16:24 WARNING : Supplied argument 'npool' not an argument of 'Pymultinest', removing.
16:24 INFO    : Using sampler Pymultinest with kwargs {'importance_nested_sampling': False, 'resume': True, 'verbose': True, 'sampling_efficiency': 'parameter', 'n_live_points': 2048, 'n_params': 6, 'n_clustering_params': None, 'wrapped_params': None, 'multimodal': True, 'const_efficiency_mode': False, 'evidence_tolerance': 0.5, 'n_iter_before_update': 100, 'null_log_evidence': -1e+90, 'max_modes': 100, 'mode_tolerance': -1e+90, 'seed': 42, 'context': 0, 'write_output': True, 'log_zero': -1e+100, 'max_iter': 0, 'init_MPI': False, 'dump_callback': <bound method Pymultinest._dump_callback of <bilby.core.sampler.pymultinest.Pymultinest object at 0x7f0766733f40>>}
16:24 WARNING : Supplied argument 'queue_size' not an argument of 'Pymultinest', removing.
16:24 WARNING : Supplied argument 'check_point_delta_t' not an argument of 'Pymultinest', removing.
16:24 INFO    : Search parameters:
16:24 INFO    : Using sampler Pymultinest with kwargs {'importance_nested_sampling': False, 'resume': True, 'verbose': True, 'sampling_efficiency': 'parameter', 'n_live_points': 2048, 'n_params': 6, 'n_clustering_params': None, 'wrapped_params': None, 'multimodal': True, 'const_efficiency_mode': False, 'evidence_tolerance': 0.5, 'n_iter_before_update': 100, 'null_log_evidence': -1e+90, 'max_modes': 100, 'mode_tolerance': -1e+90, 'seed': 42, 'context': 0, 'write_output': True, 'log_zero': -1e+100, 'max_iter': 0, 'init_MPI': False, 'dump_callback': <bound method Pymultinest._dump_callback of <bilby.core.sampler.pymultinest.Pymultinest object at 0x7fceeaf04b80>>}
16:24 INFO    : Search parameters:
16:24 INFO    : Temporary directory incompatible with MPI, will run in original directory
16:24 INFO    :   luminosity_distance = Uniform(minimum=0.0, maximum=200.0, name='luminosity_distance', latex_label='$D_L$', unit=None, boundary=None)
16:24 INFO    : Temporary directory incompatible with MPI, will run in original directory
16:24 INFO    : Using output file output/GPnoTFnoGau/pm_AT2017gfo/
16:24 INFO    : Using output file output/GPnoTFnoGau/pm_AT2017gfo/
16:24 INFO    :   luminosity_distance = Uniform(minimum=0.0, maximum=200.0, name='luminosity_distance', latex_label='$D_L$', unit=None, boundary=None)
16:24 INFO    :   KNphi = Uniform(minimum=15.0, maximum=75.0, name='KNphi', latex_label='$\\Phi$', unit=None, boundary=None)
16:24 INFO    :   KNphi = Uniform(minimum=15.0, maximum=75.0, name='KNphi', latex_label='$\\Phi$', unit=None, boundary=None)
16:24 INFO    :   inclination_EM = Sine(minimum=0.0, maximum=1.5707963267948966, name='inclination_EM', latex_label='$\\iota$', unit=None, boundary=None)
16:24 INFO    :   KNtimeshift = Uniform(minimum=-2.0, maximum=1.0, name='trigger_time', latex_label='$t_0$', unit=None, boundary=None)
16:24 INFO    :   inclination_EM = Sine(minimum=0.0, maximum=1.5707963267948966, name='inclination_EM', latex_label='$\\iota$', unit=None, boundary=None)
16:24 INFO    :   log10_mej_dyn = Uniform(minimum=-3.0, maximum=-1.0, name='log10_mej_dyn', latex_label='$\\log_{10}M^{\\rm{dyn}}_{\\rm{ej}}$', unit=None, boundary=None)
16:24 INFO    :   KNtimeshift = Uniform(minimum=-2.0, maximum=1.0, name='trigger_time', latex_label='$t_0$', unit=None, boundary=None)
16:24 INFO    :   log10_mej_wind = Uniform(minimum=-3.0, maximum=-0.5, name='log10_mej_wind', latex_label='$\\log_{10}M^{\\rm{wind}}_{\\rm{ej}}$', unit=None, boundary=None)
16:24 INFO    :   Ebv = 0.0
16:24 INFO    :   log10_mej_dyn = Uniform(minimum=-3.0, maximum=-1.0, name='log10_mej_dyn', latex_label='$\\log_{10}M^{\\rm{dyn}}_{\\rm{ej}}$', unit=None, boundary=None)
16:24 WARNING : Supplied argument 'npool' not an argument of 'Pymultinest', removing.
16:24 INFO    :   log10_mej_wind = Uniform(minimum=-3.0, maximum=-0.5, name='log10_mej_wind', latex_label='$\\log_{10}M^{\\rm{wind}}_{\\rm{ej}}$', unit=None, boundary=None)
16:24 WARNING : Supplied argument 'queue_size' not an argument of 'Pymultinest', removing.
16:24 WARNING : Supplied argument 'check_point_delta_t' not an argument of 'Pymultinest', removing.
16:24 INFO    :   Ebv = 0.0
16:24 WARNING : Supplied argument 'npool' not an argument of 'Pymultinest', removing.
16:24 INFO    : Using sampler Pymultinest with kwargs {'importance_nested_sampling': False, 'resume': True, 'verbose': True, 'sampling_efficiency': 'parameter', 'n_live_points': 2048, 'n_params': 6, 'n_clustering_params': None, 'wrapped_params': None, 'multimodal': True, 'const_efficiency_mode': False, 'evidence_tolerance': 0.5, 'n_iter_before_update': 100, 'null_log_evidence': -1e+90, 'max_modes': 100, 'mode_tolerance': -1e+90, 'seed': 42, 'context': 0, 'write_output': True, 'log_zero': -1e+100, 'max_iter': 0, 'init_MPI': False, 'dump_callback': <bound method Pymultinest._dump_callback of <bilby.core.sampler.pymultinest.Pymultinest object at 0x7fa0dc8d08e0>>}
16:24 WARNING : Supplied argument 'queue_size' not an argument of 'Pymultinest', removing.
16:24 WARNING : Supplied argument 'check_point_delta_t' not an argument of 'Pymultinest', removing.
16:24 INFO    : Using sampler Pymultinest with kwargs {'importance_nested_sampling': False, 'resume': True, 'verbose': True, 'sampling_efficiency': 'parameter', 'n_live_points': 2048, 'n_params': 6, 'n_clustering_params': None, 'wrapped_params': None, 'multimodal': True, 'const_efficiency_mode': False, 'evidence_tolerance': 0.5, 'n_iter_before_update': 100, 'null_log_evidence': -1e+90, 'max_modes': 100, 'mode_tolerance': -1e+90, 'seed': 42, 'context': 0, 'write_output': True, 'log_zero': -1e+100, 'max_iter': 0, 'init_MPI': False, 'dump_callback': <bound method Pymultinest._dump_callback of <bilby.core.sampler.pymultinest.Pymultinest object at 0x7f357aab4940>>}
16:24 INFO    : Temporary directory incompatible with MPI, will run in original directory
16:24 INFO    : Using output file output/GPnoTFnoGau/pm_AT2017gfo/
16:24 INFO    : Temporary directory incompatible with MPI, will run in original directory
16:24 INFO    : Using output file output/GPnoTFnoGau/pm_AT2017gfo/
16:24 INFO    : Search parameters:
16:24 INFO    :   luminosity_distance = Uniform(minimum=0.0, maximum=200.0, name='luminosity_distance', latex_label='$D_L$', unit=None, boundary=None)
16:24 INFO    :   KNphi = Uniform(minimum=15.0, maximum=75.0, name='KNphi', latex_label='$\\Phi$', unit=None, boundary=None)
16:24 INFO    :   inclination_EM = Sine(minimum=0.0, maximum=1.5707963267948966, name='inclination_EM', latex_label='$\\iota$', unit=None, boundary=None)
16:24 INFO    :   KNtimeshift = Uniform(minimum=-2.0, maximum=1.0, name='trigger_time', latex_label='$t_0$', unit=None, boundary=None)
16:24 INFO    : Search parameters:
16:24 INFO    :   log10_mej_dyn = Uniform(minimum=-3.0, maximum=-1.0, name='log10_mej_dyn', latex_label='$\\log_{10}M^{\\rm{dyn}}_{\\rm{ej}}$', unit=None, boundary=None)
16:24 INFO    :   log10_mej_wind = Uniform(minimum=-3.0, maximum=-0.5, name='log10_mej_wind', latex_label='$\\log_{10}M^{\\rm{wind}}_{\\rm{ej}}$', unit=None, boundary=None)
16:24 INFO    :   Ebv = 0.0
16:24 INFO    :   luminosity_distance = Uniform(minimum=0.0, maximum=200.0, name='luminosity_distance', latex_label='$D_L$', unit=None, boundary=None)
16:24 WARNING : Supplied argument 'npool' not an argument of 'Pymultinest', removing.
16:24 WARNING : Supplied argument 'queue_size' not an argument of 'Pymultinest', removing.
16:24 INFO    :   KNphi = Uniform(minimum=15.0, maximum=75.0, name='KNphi', latex_label='$\\Phi$', unit=None, boundary=None)
16:24 INFO    : Search parameters:
16:24 WARNING : Supplied argument 'check_point_delta_t' not an argument of 'Pymultinest', removing.
16:24 INFO    : Search parameters:
16:24 INFO    :   inclination_EM = Sine(minimum=0.0, maximum=1.5707963267948966, name='inclination_EM', latex_label='$\\iota$', unit=None, boundary=None)
16:24 INFO    : Using sampler Pymultinest with kwargs {'importance_nested_sampling': False, 'resume': True, 'verbose': True, 'sampling_efficiency': 'parameter', 'n_live_points': 2048, 'n_params': 6, 'n_clustering_params': None, 'wrapped_params': None, 'multimodal': True, 'const_efficiency_mode': False, 'evidence_tolerance': 0.5, 'n_iter_before_update': 100, 'null_log_evidence': -1e+90, 'max_modes': 100, 'mode_tolerance': -1e+90, 'seed': 42, 'context': 0, 'write_output': True, 'log_zero': -1e+100, 'max_iter': 0, 'init_MPI': False, 'dump_callback': <bound method Pymultinest._dump_callback of <bilby.core.sampler.pymultinest.Pymultinest object at 0x7f90478b5700>>}
16:24 INFO    :   luminosity_distance = Uniform(minimum=0.0, maximum=200.0, name='luminosity_distance', latex_label='$D_L$', unit=None, boundary=None)
16:24 INFO    :   KNtimeshift = Uniform(minimum=-2.0, maximum=1.0, name='trigger_time', latex_label='$t_0$', unit=None, boundary=None)
16:24 INFO    :   luminosity_distance = Uniform(minimum=0.0, maximum=200.0, name='luminosity_distance', latex_label='$D_L$', unit=None, boundary=None)
16:24 INFO    :   KNphi = Uniform(minimum=15.0, maximum=75.0, name='KNphi', latex_label='$\\Phi$', unit=None, boundary=None)
16:24 INFO    :   log10_mej_dyn = Uniform(minimum=-3.0, maximum=-1.0, name='log10_mej_dyn', latex_label='$\\log_{10}M^{\\rm{dyn}}_{\\rm{ej}}$', unit=None, boundary=None)
16:24 INFO    : Temporary directory incompatible with MPI, will run in original directory
16:24 INFO    :   KNphi = Uniform(minimum=15.0, maximum=75.0, name='KNphi', latex_label='$\\Phi$', unit=None, boundary=None)
16:24 INFO    :   log10_mej_wind = Uniform(minimum=-3.0, maximum=-0.5, name='log10_mej_wind', latex_label='$\\log_{10}M^{\\rm{wind}}_{\\rm{ej}}$', unit=None, boundary=None)
16:24 INFO    :   inclination_EM = Sine(minimum=0.0, maximum=1.5707963267948966, name='inclination_EM', latex_label='$\\iota$', unit=None, boundary=None)
16:24 INFO    :   Ebv = 0.0
16:24 INFO    : Using output file output/GPnoTFnoGau/pm_AT2017gfo/
16:24 INFO    :   inclination_EM = Sine(minimum=0.0, maximum=1.5707963267948966, name='inclination_EM', latex_label='$\\iota$', unit=None, boundary=None)
16:24 INFO    :   KNtimeshift = Uniform(minimum=-2.0, maximum=1.0, name='trigger_time', latex_label='$t_0$', unit=None, boundary=None)
16:24 WARNING : Supplied argument 'npool' not an argument of 'Pymultinest', removing.
16:24 WARNING : Supplied argument 'queue_size' not an argument of 'Pymultinest', removing.
16:24 INFO    :   KNtimeshift = Uniform(minimum=-2.0, maximum=1.0, name='trigger_time', latex_label='$t_0$', unit=None, boundary=None)
16:24 WARNING : Supplied argument 'check_point_delta_t' not an argument of 'Pymultinest', removing.
16:24 INFO    :   log10_mej_dyn = Uniform(minimum=-3.0, maximum=-1.0, name='log10_mej_dyn', latex_label='$\\log_{10}M^{\\rm{dyn}}_{\\rm{ej}}$', unit=None, boundary=None)
16:24 INFO    :   log10_mej_dyn = Uniform(minimum=-3.0, maximum=-1.0, name='log10_mej_dyn', latex_label='$\\log_{10}M^{\\rm{dyn}}_{\\rm{ej}}$', unit=None, boundary=None)
16:24 INFO    : Using sampler Pymultinest with kwargs {'importance_nested_sampling': False, 'resume': True, 'verbose': True, 'sampling_efficiency': 'parameter', 'n_live_points': 2048, 'n_params': 6, 'n_clustering_params': None, 'wrapped_params': None, 'multimodal': True, 'const_efficiency_mode': False, 'evidence_tolerance': 0.5, 'n_iter_before_update': 100, 'null_log_evidence': -1e+90, 'max_modes': 100, 'mode_tolerance': -1e+90, 'seed': 42, 'context': 0, 'write_output': True, 'log_zero': -1e+100, 'max_iter': 0, 'init_MPI': False, 'dump_callback': <bound method Pymultinest._dump_callback of <bilby.core.sampler.pymultinest.Pymultinest object at 0x7f0a99bd04c0>>}
16:24 INFO    :   log10_mej_wind = Uniform(minimum=-3.0, maximum=-0.5, name='log10_mej_wind', latex_label='$\\log_{10}M^{\\rm{wind}}_{\\rm{ej}}$', unit=None, boundary=None)
16:24 INFO    :   Ebv = 0.0
16:24 INFO    :   log10_mej_wind = Uniform(minimum=-3.0, maximum=-0.5, name='log10_mej_wind', latex_label='$\\log_{10}M^{\\rm{wind}}_{\\rm{ej}}$', unit=None, boundary=None)
16:24 WARNING : Supplied argument 'npool' not an argument of 'Pymultinest', removing.
16:24 INFO    :   Ebv = 0.0
16:24 WARNING : Supplied argument 'queue_size' not an argument of 'Pymultinest', removing.
16:24 WARNING : Supplied argument 'check_point_delta_t' not an argument of 'Pymultinest', removing.
16:24 WARNING : Supplied argument 'npool' not an argument of 'Pymultinest', removing.
16:24 WARNING : Supplied argument 'queue_size' not an argument of 'Pymultinest', removing.
16:24 INFO    : Temporary directory incompatible with MPI, will run in original directory
16:24 WARNING : Supplied argument 'check_point_delta_t' not an argument of 'Pymultinest', removing.
16:24 INFO    : Using sampler Pymultinest with kwargs {'importance_nested_sampling': False, 'resume': True, 'verbose': True, 'sampling_efficiency': 'parameter', 'n_live_points': 2048, 'n_params': 6, 'n_clustering_params': None, 'wrapped_params': None, 'multimodal': True, 'const_efficiency_mode': False, 'evidence_tolerance': 0.5, 'n_iter_before_update': 100, 'null_log_evidence': -1e+90, 'max_modes': 100, 'mode_tolerance': -1e+90, 'seed': 42, 'context': 0, 'write_output': True, 'log_zero': -1e+100, 'max_iter': 0, 'init_MPI': False, 'dump_callback': <bound method Pymultinest._dump_callback of <bilby.core.sampler.pymultinest.Pymultinest object at 0x7f10673f8940>>}
16:24 INFO    : Using sampler Pymultinest with kwargs {'importance_nested_sampling': False, 'resume': True, 'verbose': True, 'sampling_efficiency': 'parameter', 'n_live_points': 2048, 'n_params': 6, 'n_clustering_params': None, 'wrapped_params': None, 'multimodal': True, 'const_efficiency_mode': False, 'evidence_tolerance': 0.5, 'n_iter_before_update': 100, 'null_log_evidence': -1e+90, 'max_modes': 100, 'mode_tolerance': -1e+90, 'seed': 42, 'context': 0, 'write_output': True, 'log_zero': -1e+100, 'max_iter': 0, 'init_MPI': False, 'dump_callback': <bound method Pymultinest._dump_callback of <bilby.core.sampler.pymultinest.Pymultinest object at 0x7f3edca9b520>>}
16:24 INFO    : Using output file output/GPnoTFnoGau/pm_AT2017gfo/
16:24 INFO    : Search parameters:
16:24 INFO    : Temporary directory incompatible with MPI, will run in original directory
16:24 INFO    : Temporary directory incompatible with MPI, will run in original directory
16:24 INFO    : Using output file output/GPnoTFnoGau/pm_AT2017gfo/
16:24 INFO    :   luminosity_distance = Uniform(minimum=0.0, maximum=200.0, name='luminosity_distance', latex_label='$D_L$', unit=None, boundary=None)
16:24 INFO    : Using output file output/GPnoTFnoGau/pm_AT2017gfo/
16:24 INFO    :   KNphi = Uniform(minimum=15.0, maximum=75.0, name='KNphi', latex_label='$\\Phi$', unit=None, boundary=None)
16:24 INFO    :   inclination_EM = Sine(minimum=0.0, maximum=1.5707963267948966, name='inclination_EM', latex_label='$\\iota$', unit=None, boundary=None)
16:24 INFO    :   KNtimeshift = Uniform(minimum=-2.0, maximum=1.0, name='trigger_time', latex_label='$t_0$', unit=None, boundary=None)
16:24 INFO    :   log10_mej_dyn = Uniform(minimum=-3.0, maximum=-1.0, name='log10_mej_dyn', latex_label='$\\log_{10}M^{\\rm{dyn}}_{\\rm{ej}}$', unit=None, boundary=None)
16:24 INFO    :   log10_mej_wind = Uniform(minimum=-3.0, maximum=-0.5, name='log10_mej_wind', latex_label='$\\log_{10}M^{\\rm{wind}}_{\\rm{ej}}$', unit=None, boundary=None)
16:24 INFO    :   Ebv = 0.0
16:24 WARNING : Supplied argument 'npool' not an argument of 'Pymultinest', removing.
16:24 INFO    : Search parameters:
16:24 WARNING : Supplied argument 'queue_size' not an argument of 'Pymultinest', removing.
16:24 WARNING : Supplied argument 'check_point_delta_t' not an argument of 'Pymultinest', removing.
16:24 INFO    : Using sampler Pymultinest with kwargs {'importance_nested_sampling': False, 'resume': True, 'verbose': True, 'sampling_efficiency': 'parameter', 'n_live_points': 2048, 'n_params': 6, 'n_clustering_params': None, 'wrapped_params': None, 'multimodal': True, 'const_efficiency_mode': False, 'evidence_tolerance': 0.5, 'n_iter_before_update': 100, 'null_log_evidence': -1e+90, 'max_modes': 100, 'mode_tolerance': -1e+90, 'seed': 42, 'context': 0, 'write_output': True, 'log_zero': -1e+100, 'max_iter': 0, 'init_MPI': False, 'dump_callback': <bound method Pymultinest._dump_callback of <bilby.core.sampler.pymultinest.Pymultinest object at 0x7fcd431cec70>>}
16:24 INFO    :   luminosity_distance = Uniform(minimum=0.0, maximum=200.0, name='luminosity_distance', latex_label='$D_L$', unit=None, boundary=None)
16:24 INFO    :   KNphi = Uniform(minimum=15.0, maximum=75.0, name='KNphi', latex_label='$\\Phi$', unit=None, boundary=None)
16:24 INFO    : Temporary directory incompatible with MPI, will run in original directory
16:24 INFO    : Using output file output/GPnoTFnoGau/pm_AT2017gfo/
16:24 INFO    :   inclination_EM = Sine(minimum=0.0, maximum=1.5707963267948966, name='inclination_EM', latex_label='$\\iota$', unit=None, boundary=None)
16:24 INFO    :   KNtimeshift = Uniform(minimum=-2.0, maximum=1.0, name='trigger_time', latex_label='$t_0$', unit=None, boundary=None)
16:24 INFO    :   log10_mej_dyn = Uniform(minimum=-3.0, maximum=-1.0, name='log10_mej_dyn', latex_label='$\\log_{10}M^{\\rm{dyn}}_{\\rm{ej}}$', unit=None, boundary=None)
16:24 INFO    :   log10_mej_wind = Uniform(minimum=-3.0, maximum=-0.5, name='log10_mej_wind', latex_label='$\\log_{10}M^{\\rm{wind}}_{\\rm{ej}}$', unit=None, boundary=None)
16:24 INFO    :   Ebv = 0.0
16:24 WARNING : Supplied argument 'npool' not an argument of 'Pymultinest', removing.
16:24 WARNING : Supplied argument 'queue_size' not an argument of 'Pymultinest', removing.
16:24 WARNING : Supplied argument 'check_point_delta_t' not an argument of 'Pymultinest', removing.
16:24 INFO    : Using sampler Pymultinest with kwargs {'importance_nested_sampling': False, 'resume': True, 'verbose': True, 'sampling_efficiency': 'parameter', 'n_live_points': 2048, 'n_params': 6, 'n_clustering_params': None, 'wrapped_params': None, 'multimodal': True, 'const_efficiency_mode': False, 'evidence_tolerance': 0.5, 'n_iter_before_update': 100, 'null_log_evidence': -1e+90, 'max_modes': 100, 'mode_tolerance': -1e+90, 'seed': 42, 'context': 0, 'write_output': True, 'log_zero': -1e+100, 'max_iter': 0, 'init_MPI': False, 'dump_callback': <bound method Pymultinest._dump_callback of <bilby.core.sampler.pymultinest.Pymultinest object at 0x7f785573f940>>}
16:24 INFO    : Temporary directory incompatible with MPI, will run in original directory
16:24 INFO    : Using output file output/GPnoTFnoGau/pm_AT2017gfo/
16:24 INFO    : Search parameters:
16:24 INFO    : Search parameters:
16:24 INFO    :   luminosity_distance = Uniform(minimum=0.0, maximum=200.0, name='luminosity_distance', latex_label='$D_L$', unit=None, boundary=None)
16:24 INFO    :   KNphi = Uniform(minimum=15.0, maximum=75.0, name='KNphi', latex_label='$\\Phi$', unit=None, boundary=None)
16:24 INFO    :   luminosity_distance = Uniform(minimum=0.0, maximum=200.0, name='luminosity_distance', latex_label='$D_L$', unit=None, boundary=None)
16:24 INFO    :   inclination_EM = Sine(minimum=0.0, maximum=1.5707963267948966, name='inclination_EM', latex_label='$\\iota$', unit=None, boundary=None)
16:24 INFO    :   KNtimeshift = Uniform(minimum=-2.0, maximum=1.0, name='trigger_time', latex_label='$t_0$', unit=None, boundary=None)
16:24 INFO    :   KNphi = Uniform(minimum=15.0, maximum=75.0, name='KNphi', latex_label='$\\Phi$', unit=None, boundary=None)
16:24 INFO    :   log10_mej_dyn = Uniform(minimum=-3.0, maximum=-1.0, name='log10_mej_dyn', latex_label='$\\log_{10}M^{\\rm{dyn}}_{\\rm{ej}}$', unit=None, boundary=None)
16:24 INFO    :   inclination_EM = Sine(minimum=0.0, maximum=1.5707963267948966, name='inclination_EM', latex_label='$\\iota$', unit=None, boundary=None)
16:24 INFO    :   log10_mej_wind = Uniform(minimum=-3.0, maximum=-0.5, name='log10_mej_wind', latex_label='$\\log_{10}M^{\\rm{wind}}_{\\rm{ej}}$', unit=None, boundary=None)
16:24 INFO    :   Ebv = 0.0
16:24 INFO    :   KNtimeshift = Uniform(minimum=-2.0, maximum=1.0, name='trigger_time', latex_label='$t_0$', unit=None, boundary=None)
16:24 INFO    :   log10_mej_dyn = Uniform(minimum=-3.0, maximum=-1.0, name='log10_mej_dyn', latex_label='$\\log_{10}M^{\\rm{dyn}}_{\\rm{ej}}$', unit=None, boundary=None)
16:24 INFO    : Search parameters:
16:24 WARNING : Supplied argument 'npool' not an argument of 'Pymultinest', removing.
16:24 WARNING : Supplied argument 'queue_size' not an argument of 'Pymultinest', removing.
16:24 WARNING : Supplied argument 'check_point_delta_t' not an argument of 'Pymultinest', removing.
16:24 INFO    :   luminosity_distance = Uniform(minimum=0.0, maximum=200.0, name='luminosity_distance', latex_label='$D_L$', unit=None, boundary=None)
16:24 INFO    : Using sampler Pymultinest with kwargs {'importance_nested_sampling': False, 'resume': True, 'verbose': True, 'sampling_efficiency': 'parameter', 'n_live_points': 2048, 'n_params': 6, 'n_clustering_params': None, 'wrapped_params': None, 'multimodal': True, 'const_efficiency_mode': False, 'evidence_tolerance': 0.5, 'n_iter_before_update': 100, 'null_log_evidence': -1e+90, 'max_modes': 100, 'mode_tolerance': -1e+90, 'seed': 42, 'context': 0, 'write_output': True, 'log_zero': -1e+100, 'max_iter': 0, 'init_MPI': False, 'dump_callback': <bound method Pymultinest._dump_callback of <bilby.core.sampler.pymultinest.Pymultinest object at 0x7f4825778940>>}
16:24 INFO    :   KNphi = Uniform(minimum=15.0, maximum=75.0, name='KNphi', latex_label='$\\Phi$', unit=None, boundary=None)
16:24 INFO    : Search parameters:
16:24 INFO    :   inclination_EM = Sine(minimum=0.0, maximum=1.5707963267948966, name='inclination_EM', latex_label='$\\iota$', unit=None, boundary=None)
16:24 INFO    :   KNtimeshift = Uniform(minimum=-2.0, maximum=1.0, name='trigger_time', latex_label='$t_0$', unit=None, boundary=None)
16:24 INFO    : Temporary directory incompatible with MPI, will run in original directory
16:24 INFO    :   log10_mej_dyn = Uniform(minimum=-3.0, maximum=-1.0, name='log10_mej_dyn', latex_label='$\\log_{10}M^{\\rm{dyn}}_{\\rm{ej}}$', unit=None, boundary=None)
16:24 INFO    :   luminosity_distance = Uniform(minimum=0.0, maximum=200.0, name='luminosity_distance', latex_label='$D_L$', unit=None, boundary=None)
16:24 INFO    :   log10_mej_wind = Uniform(minimum=-3.0, maximum=-0.5, name='log10_mej_wind', latex_label='$\\log_{10}M^{\\rm{wind}}_{\\rm{ej}}$', unit=None, boundary=None)
16:24 INFO    :   Ebv = 0.0
16:24 INFO    : Using output file output/GPnoTFnoGau/pm_AT2017gfo/
16:24 INFO    :   KNphi = Uniform(minimum=15.0, maximum=75.0, name='KNphi', latex_label='$\\Phi$', unit=None, boundary=None)
16:24 WARNING : Supplied argument 'npool' not an argument of 'Pymultinest', removing.
16:24 WARNING : Supplied argument 'queue_size' not an argument of 'Pymultinest', removing.
16:24 INFO    :   inclination_EM = Sine(minimum=0.0, maximum=1.5707963267948966, name='inclination_EM', latex_label='$\\iota$', unit=None, boundary=None)
16:24 WARNING : Supplied argument 'check_point_delta_t' not an argument of 'Pymultinest', removing.
16:24 INFO    :   KNtimeshift = Uniform(minimum=-2.0, maximum=1.0, name='trigger_time', latex_label='$t_0$', unit=None, boundary=None)
16:24 INFO    : Using sampler Pymultinest with kwargs {'importance_nested_sampling': False, 'resume': True, 'verbose': True, 'sampling_efficiency': 'parameter', 'n_live_points': 2048, 'n_params': 6, 'n_clustering_params': None, 'wrapped_params': None, 'multimodal': True, 'const_efficiency_mode': False, 'evidence_tolerance': 0.5, 'n_iter_before_update': 100, 'null_log_evidence': -1e+90, 'max_modes': 100, 'mode_tolerance': -1e+90, 'seed': 42, 'context': 0, 'write_output': True, 'log_zero': -1e+100, 'max_iter': 0, 'init_MPI': False, 'dump_callback': <bound method Pymultinest._dump_callback of <bilby.core.sampler.pymultinest.Pymultinest object at 0x7ff2df671a90>>}
16:24 INFO    :   log10_mej_dyn = Uniform(minimum=-3.0, maximum=-1.0, name='log10_mej_dyn', latex_label='$\\log_{10}M^{\\rm{dyn}}_{\\rm{ej}}$', unit=None, boundary=None)
16:24 INFO    :   log10_mej_wind = Uniform(minimum=-3.0, maximum=-0.5, name='log10_mej_wind', latex_label='$\\log_{10}M^{\\rm{wind}}_{\\rm{ej}}$', unit=None, boundary=None)
16:24 INFO    :   Ebv = 0.0
16:24 INFO    :   log10_mej_wind = Uniform(minimum=-3.0, maximum=-0.5, name='log10_mej_wind', latex_label='$\\log_{10}M^{\\rm{wind}}_{\\rm{ej}}$', unit=None, boundary=None)
16:24 INFO    :   Ebv = 0.0
16:24 INFO    : Temporary directory incompatible with MPI, will run in original directory
16:24 INFO    : Using output file output/GPnoTFnoGau/pm_AT2017gfo/
16:24 WARNING : Supplied argument 'npool' not an argument of 'Pymultinest', removing.
16:24 WARNING : Supplied argument 'npool' not an argument of 'Pymultinest', removing.
16:24 WARNING : Supplied argument 'queue_size' not an argument of 'Pymultinest', removing.
16:24 WARNING : Supplied argument 'queue_size' not an argument of 'Pymultinest', removing.
16:24 WARNING : Supplied argument 'check_point_delta_t' not an argument of 'Pymultinest', removing.
16:24 WARNING : Supplied argument 'check_point_delta_t' not an argument of 'Pymultinest', removing.
16:24 INFO    : Using sampler Pymultinest with kwargs {'importance_nested_sampling': False, 'resume': True, 'verbose': True, 'sampling_efficiency': 'parameter', 'n_live_points': 2048, 'n_params': 6, 'n_clustering_params': None, 'wrapped_params': None, 'multimodal': True, 'const_efficiency_mode': False, 'evidence_tolerance': 0.5, 'n_iter_before_update': 100, 'null_log_evidence': -1e+90, 'max_modes': 100, 'mode_tolerance': -1e+90, 'seed': 42, 'context': 0, 'write_output': True, 'log_zero': -1e+100, 'max_iter': 0, 'init_MPI': False, 'dump_callback': <bound method Pymultinest._dump_callback of <bilby.core.sampler.pymultinest.Pymultinest object at 0x7f2f7fbaa9a0>>}
16:24 INFO    : Using sampler Pymultinest with kwargs {'importance_nested_sampling': False, 'resume': True, 'verbose': True, 'sampling_efficiency': 'parameter', 'n_live_points': 2048, 'n_params': 6, 'n_clustering_params': None, 'wrapped_params': None, 'multimodal': True, 'const_efficiency_mode': False, 'evidence_tolerance': 0.5, 'n_iter_before_update': 100, 'null_log_evidence': -1e+90, 'max_modes': 100, 'mode_tolerance': -1e+90, 'seed': 42, 'context': 0, 'write_output': True, 'log_zero': -1e+100, 'max_iter': 0, 'init_MPI': False, 'dump_callback': <bound method Pymultinest._dump_callback of <bilby.core.sampler.pymultinest.Pymultinest object at 0x7f4bd41e19a0>>}
16:24 INFO    : Temporary directory incompatible with MPI, will run in original directory
16:24 INFO    : Temporary directory incompatible with MPI, will run in original directory
16:24 INFO    : Using output file output/GPnoTFnoGau/pm_AT2017gfo/
16:24 INFO    : Using output file output/GPnoTFnoGau/pm_AT2017gfo/
16:24 INFO    : Search parameters:
16:24 INFO    : Search parameters:
16:24 INFO    :   luminosity_distance = Uniform(minimum=0.0, maximum=200.0, name='luminosity_distance', latex_label='$D_L$', unit=None, boundary=None)
16:24 INFO    :   luminosity_distance = Uniform(minimum=0.0, maximum=200.0, name='luminosity_distance', latex_label='$D_L$', unit=None, boundary=None)
16:24 INFO    :   KNphi = Uniform(minimum=15.0, maximum=75.0, name='KNphi', latex_label='$\\Phi$', unit=None, boundary=None)
16:24 INFO    :   KNphi = Uniform(minimum=15.0, maximum=75.0, name='KNphi', latex_label='$\\Phi$', unit=None, boundary=None)
16:24 INFO    :   inclination_EM = Sine(minimum=0.0, maximum=1.5707963267948966, name='inclination_EM', latex_label='$\\iota$', unit=None, boundary=None)
16:24 INFO    :   inclination_EM = Sine(minimum=0.0, maximum=1.5707963267948966, name='inclination_EM', latex_label='$\\iota$', unit=None, boundary=None)
16:24 INFO    :   KNtimeshift = Uniform(minimum=-2.0, maximum=1.0, name='trigger_time', latex_label='$t_0$', unit=None, boundary=None)
16:24 INFO    :   KNtimeshift = Uniform(minimum=-2.0, maximum=1.0, name='trigger_time', latex_label='$t_0$', unit=None, boundary=None)
16:24 INFO    :   log10_mej_dyn = Uniform(minimum=-3.0, maximum=-1.0, name='log10_mej_dyn', latex_label='$\\log_{10}M^{\\rm{dyn}}_{\\rm{ej}}$', unit=None, boundary=None)
16:24 INFO    :   log10_mej_dyn = Uniform(minimum=-3.0, maximum=-1.0, name='log10_mej_dyn', latex_label='$\\log_{10}M^{\\rm{dyn}}_{\\rm{ej}}$', unit=None, boundary=None)
16:24 INFO    :   log10_mej_wind = Uniform(minimum=-3.0, maximum=-0.5, name='log10_mej_wind', latex_label='$\\log_{10}M^{\\rm{wind}}_{\\rm{ej}}$', unit=None, boundary=None)
16:24 INFO    :   Ebv = 0.0
16:24 INFO    :   log10_mej_wind = Uniform(minimum=-3.0, maximum=-0.5, name='log10_mej_wind', latex_label='$\\log_{10}M^{\\rm{wind}}_{\\rm{ej}}$', unit=None, boundary=None)
16:24 INFO    :   Ebv = 0.0
16:24 WARNING : Supplied argument 'npool' not an argument of 'Pymultinest', removing.
16:24 WARNING : Supplied argument 'npool' not an argument of 'Pymultinest', removing.
16:24 WARNING : Supplied argument 'queue_size' not an argument of 'Pymultinest', removing.
16:24 WARNING : Supplied argument 'check_point_delta_t' not an argument of 'Pymultinest', removing.
16:24 WARNING : Supplied argument 'queue_size' not an argument of 'Pymultinest', removing.
16:24 WARNING : Supplied argument 'check_point_delta_t' not an argument of 'Pymultinest', removing.
16:24 INFO    : Using sampler Pymultinest with kwargs {'importance_nested_sampling': False, 'resume': True, 'verbose': True, 'sampling_efficiency': 'parameter', 'n_live_points': 2048, 'n_params': 6, 'n_clustering_params': None, 'wrapped_params': None, 'multimodal': True, 'const_efficiency_mode': False, 'evidence_tolerance': 0.5, 'n_iter_before_update': 100, 'null_log_evidence': -1e+90, 'max_modes': 100, 'mode_tolerance': -1e+90, 'seed': 42, 'context': 0, 'write_output': True, 'log_zero': -1e+100, 'max_iter': 0, 'init_MPI': False, 'dump_callback': <bound method Pymultinest._dump_callback of <bilby.core.sampler.pymultinest.Pymultinest object at 0x7fb94011da30>>}
16:24 INFO    : Using sampler Pymultinest with kwargs {'importance_nested_sampling': False, 'resume': True, 'verbose': True, 'sampling_efficiency': 'parameter', 'n_live_points': 2048, 'n_params': 6, 'n_clustering_params': None, 'wrapped_params': None, 'multimodal': True, 'const_efficiency_mode': False, 'evidence_tolerance': 0.5, 'n_iter_before_update': 100, 'null_log_evidence': -1e+90, 'max_modes': 100, 'mode_tolerance': -1e+90, 'seed': 42, 'context': 0, 'write_output': True, 'log_zero': -1e+100, 'max_iter': 0, 'init_MPI': False, 'dump_callback': <bound method Pymultinest._dump_callback of <bilby.core.sampler.pymultinest.Pymultinest object at 0x7fbb623dd4c0>>}
16:24 INFO    : Temporary directory incompatible with MPI, will run in original directory
16:24 INFO    : Using output file output/GPnoTFnoGau/pm_AT2017gfo/
16:24 INFO    : Temporary directory incompatible with MPI, will run in original directory
16:24 INFO    : Using output file output/GPnoTFnoGau/pm_AT2017gfo/
16:24 INFO    : Search parameters:
16:24 INFO    :   luminosity_distance = Uniform(minimum=0.0, maximum=200.0, name='luminosity_distance', latex_label='$D_L$', unit=None, boundary=None)
16:24 INFO    :   KNphi = Uniform(minimum=15.0, maximum=75.0, name='KNphi', latex_label='$\\Phi$', unit=None, boundary=None)
16:24 INFO    :   inclination_EM = Sine(minimum=0.0, maximum=1.5707963267948966, name='inclination_EM', latex_label='$\\iota$', unit=None, boundary=None)
16:24 INFO    :   KNtimeshift = Uniform(minimum=-2.0, maximum=1.0, name='trigger_time', latex_label='$t_0$', unit=None, boundary=None)
16:24 INFO    :   log10_mej_dyn = Uniform(minimum=-3.0, maximum=-1.0, name='log10_mej_dyn', latex_label='$\\log_{10}M^{\\rm{dyn}}_{\\rm{ej}}$', unit=None, boundary=None)
16:24 INFO    :   log10_mej_wind = Uniform(minimum=-3.0, maximum=-0.5, name='log10_mej_wind', latex_label='$\\log_{10}M^{\\rm{wind}}_{\\rm{ej}}$', unit=None, boundary=None)
16:24 INFO    :   Ebv = 0.0
16:24 WARNING : Supplied argument 'npool' not an argument of 'Pymultinest', removing.
16:24 WARNING : Supplied argument 'queue_size' not an argument of 'Pymultinest', removing.
16:24 WARNING : Supplied argument 'check_point_delta_t' not an argument of 'Pymultinest', removing.
16:24 INFO    : Using sampler Pymultinest with kwargs {'importance_nested_sampling': False, 'resume': True, 'verbose': True, 'sampling_efficiency': 'parameter', 'n_live_points': 2048, 'n_params': 6, 'n_clustering_params': None, 'wrapped_params': None, 'multimodal': True, 'const_efficiency_mode': False, 'evidence_tolerance': 0.5, 'n_iter_before_update': 100, 'null_log_evidence': -1e+90, 'max_modes': 100, 'mode_tolerance': -1e+90, 'seed': 42, 'context': 0, 'write_output': True, 'log_zero': -1e+100, 'max_iter': 0, 'init_MPI': False, 'dump_callback': <bound method Pymultinest._dump_callback of <bilby.core.sampler.pymultinest.Pymultinest object at 0x7f2adad0e8e0>>}
16:24 INFO    : Temporary directory incompatible with MPI, will run in original directory
16:24 INFO    : Using output file output/GPnoTFnoGau/pm_AT2017gfo/
16:24 INFO    : Search parameters:
16:24 INFO    :   luminosity_distance = Uniform(minimum=0.0, maximum=200.0, name='luminosity_distance', latex_label='$D_L$', unit=None, boundary=None)
16:24 INFO    :   KNphi = Uniform(minimum=15.0, maximum=75.0, name='KNphi', latex_label='$\\Phi$', unit=None, boundary=None)
16:24 INFO    : Search parameters:
16:24 INFO    :   inclination_EM = Sine(minimum=0.0, maximum=1.5707963267948966, name='inclination_EM', latex_label='$\\iota$', unit=None, boundary=None)
16:24 INFO    :   KNtimeshift = Uniform(minimum=-2.0, maximum=1.0, name='trigger_time', latex_label='$t_0$', unit=None, boundary=None)
16:24 INFO    :   luminosity_distance = Uniform(minimum=0.0, maximum=200.0, name='luminosity_distance', latex_label='$D_L$', unit=None, boundary=None)
16:24 INFO    :   log10_mej_dyn = Uniform(minimum=-3.0, maximum=-1.0, name='log10_mej_dyn', latex_label='$\\log_{10}M^{\\rm{dyn}}_{\\rm{ej}}$', unit=None, boundary=None)
16:24 INFO    :   KNphi = Uniform(minimum=15.0, maximum=75.0, name='KNphi', latex_label='$\\Phi$', unit=None, boundary=None)
16:24 INFO    :   log10_mej_wind = Uniform(minimum=-3.0, maximum=-0.5, name='log10_mej_wind', latex_label='$\\log_{10}M^{\\rm{wind}}_{\\rm{ej}}$', unit=None, boundary=None)
16:24 INFO    :   Ebv = 0.0
16:24 INFO    :   inclination_EM = Sine(minimum=0.0, maximum=1.5707963267948966, name='inclination_EM', latex_label='$\\iota$', unit=None, boundary=None)
16:24 WARNING : Supplied argument 'npool' not an argument of 'Pymultinest', removing.
16:24 WARNING : Supplied argument 'queue_size' not an argument of 'Pymultinest', removing.
16:24 WARNING : Supplied argument 'check_point_delta_t' not an argument of 'Pymultinest', removing.
16:24 INFO    :   KNtimeshift = Uniform(minimum=-2.0, maximum=1.0, name='trigger_time', latex_label='$t_0$', unit=None, boundary=None)
16:24 INFO    : Using sampler Pymultinest with kwargs {'importance_nested_sampling': False, 'resume': True, 'verbose': True, 'sampling_efficiency': 'parameter', 'n_live_points': 2048, 'n_params': 6, 'n_clustering_params': None, 'wrapped_params': None, 'multimodal': True, 'const_efficiency_mode': False, 'evidence_tolerance': 0.5, 'n_iter_before_update': 100, 'null_log_evidence': -1e+90, 'max_modes': 100, 'mode_tolerance': -1e+90, 'seed': 42, 'context': 0, 'write_output': True, 'log_zero': -1e+100, 'max_iter': 0, 'init_MPI': False, 'dump_callback': <bound method Pymultinest._dump_callback of <bilby.core.sampler.pymultinest.Pymultinest object at 0x7fbca03b5910>>}
16:24 INFO    :   log10_mej_dyn = Uniform(minimum=-3.0, maximum=-1.0, name='log10_mej_dyn', latex_label='$\\log_{10}M^{\\rm{dyn}}_{\\rm{ej}}$', unit=None, boundary=None)
16:24 INFO    :   log10_mej_wind = Uniform(minimum=-3.0, maximum=-0.5, name='log10_mej_wind', latex_label='$\\log_{10}M^{\\rm{wind}}_{\\rm{ej}}$', unit=None, boundary=None)
16:24 INFO    :   Ebv = 0.0
16:24 INFO    : Temporary directory incompatible with MPI, will run in original directory
16:24 WARNING : Supplied argument 'npool' not an argument of 'Pymultinest', removing.
16:24 INFO    : Using output file output/GPnoTFnoGau/pm_AT2017gfo/
16:24 WARNING : Supplied argument 'queue_size' not an argument of 'Pymultinest', removing.
16:24 WARNING : Supplied argument 'check_point_delta_t' not an argument of 'Pymultinest', removing.
16:24 INFO    : Using sampler Pymultinest with kwargs {'importance_nested_sampling': False, 'resume': True, 'verbose': True, 'sampling_efficiency': 'parameter', 'n_live_points': 2048, 'n_params': 6, 'n_clustering_params': None, 'wrapped_params': None, 'multimodal': True, 'const_efficiency_mode': False, 'evidence_tolerance': 0.5, 'n_iter_before_update': 100, 'null_log_evidence': -1e+90, 'max_modes': 100, 'mode_tolerance': -1e+90, 'seed': 42, 'context': 0, 'write_output': True, 'log_zero': -1e+100, 'max_iter': 0, 'init_MPI': False, 'dump_callback': <bound method Pymultinest._dump_callback of <bilby.core.sampler.pymultinest.Pymultinest object at 0x7f05e1f274f0>>}
16:24 INFO    : Temporary directory incompatible with MPI, will run in original directory
16:24 INFO    : Using output file output/GPnoTFnoGau/pm_AT2017gfo/
16:24 INFO    : Search parameters:
16:24 INFO    :   luminosity_distance = Uniform(minimum=0.0, maximum=200.0, name='luminosity_distance', latex_label='$D_L$', unit=None, boundary=None)
16:24 INFO    :   KNphi = Uniform(minimum=15.0, maximum=75.0, name='KNphi', latex_label='$\\Phi$', unit=None, boundary=None)
16:24 INFO    :   inclination_EM = Sine(minimum=0.0, maximum=1.5707963267948966, name='inclination_EM', latex_label='$\\iota$', unit=None, boundary=None)
16:24 INFO    :   KNtimeshift = Uniform(minimum=-2.0, maximum=1.0, name='trigger_time', latex_label='$t_0$', unit=None, boundary=None)
16:24 INFO    :   log10_mej_dyn = Uniform(minimum=-3.0, maximum=-1.0, name='log10_mej_dyn', latex_label='$\\log_{10}M^{\\rm{dyn}}_{\\rm{ej}}$', unit=None, boundary=None)
16:24 INFO    :   log10_mej_wind = Uniform(minimum=-3.0, maximum=-0.5, name='log10_mej_wind', latex_label='$\\log_{10}M^{\\rm{wind}}_{\\rm{ej}}$', unit=None, boundary=None)
16:24 INFO    :   Ebv = 0.0
16:24 WARNING : Supplied argument 'npool' not an argument of 'Pymultinest', removing.
16:24 WARNING : Supplied argument 'queue_size' not an argument of 'Pymultinest', removing.
16:24 WARNING : Supplied argument 'check_point_delta_t' not an argument of 'Pymultinest', removing.
16:24 INFO    : Using sampler Pymultinest with kwargs {'importance_nested_sampling': False, 'resume': True, 'verbose': True, 'sampling_efficiency': 'parameter', 'n_live_points': 2048, 'n_params': 6, 'n_clustering_params': None, 'wrapped_params': None, 'multimodal': True, 'const_efficiency_mode': False, 'evidence_tolerance': 0.5, 'n_iter_before_update': 100, 'null_log_evidence': -1e+90, 'max_modes': 100, 'mode_tolerance': -1e+90, 'seed': 42, 'context': 0, 'write_output': True, 'log_zero': -1e+100, 'max_iter': 0, 'init_MPI': False, 'dump_callback': <bound method Pymultinest._dump_callback of <bilby.core.sampler.pymultinest.Pymultinest object at 0x7f39f54c36d0>>}
16:24 INFO    : Temporary directory incompatible with MPI, will run in original directory
16:24 INFO    : Using output file output/GPnoTFnoGau/pm_AT2017gfo/
16:24 INFO    : Search parameters:
16:24 INFO    :   luminosity_distance = Uniform(minimum=0.0, maximum=200.0, name='luminosity_distance', latex_label='$D_L$', unit=None, boundary=None)
16:24 INFO    :   KNphi = Uniform(minimum=15.0, maximum=75.0, name='KNphi', latex_label='$\\Phi$', unit=None, boundary=None)
16:24 INFO    :   inclination_EM = Sine(minimum=0.0, maximum=1.5707963267948966, name='inclination_EM', latex_label='$\\iota$', unit=None, boundary=None)
16:24 INFO    :   KNtimeshift = Uniform(minimum=-2.0, maximum=1.0, name='trigger_time', latex_label='$t_0$', unit=None, boundary=None)
16:24 INFO    :   log10_mej_dyn = Uniform(minimum=-3.0, maximum=-1.0, name='log10_mej_dyn', latex_label='$\\log_{10}M^{\\rm{dyn}}_{\\rm{ej}}$', unit=None, boundary=None)
16:24 INFO    :   log10_mej_wind = Uniform(minimum=-3.0, maximum=-0.5, name='log10_mej_wind', latex_label='$\\log_{10}M^{\\rm{wind}}_{\\rm{ej}}$', unit=None, boundary=None)
16:24 INFO    :   Ebv = 0.0
16:24 WARNING : Supplied argument 'npool' not an argument of 'Pymultinest', removing.
16:24 WARNING : Supplied argument 'queue_size' not an argument of 'Pymultinest', removing.
16:24 WARNING : Supplied argument 'check_point_delta_t' not an argument of 'Pymultinest', removing.
16:24 INFO    : Using sampler Pymultinest with kwargs {'importance_nested_sampling': False, 'resume': True, 'verbose': True, 'sampling_efficiency': 'parameter', 'n_live_points': 2048, 'n_params': 6, 'n_clustering_params': None, 'wrapped_params': None, 'multimodal': True, 'const_efficiency_mode': False, 'evidence_tolerance': 0.5, 'n_iter_before_update': 100, 'null_log_evidence': -1e+90, 'max_modes': 100, 'mode_tolerance': -1e+90, 'seed': 42, 'context': 0, 'write_output': True, 'log_zero': -1e+100, 'max_iter': 0, 'init_MPI': False, 'dump_callback': <bound method Pymultinest._dump_callback of <bilby.core.sampler.pymultinest.Pymultinest object at 0x7f81cc30f9a0>>}
16:24 INFO    : Temporary directory incompatible with MPI, will run in original directory
16:24 INFO    : Using output file output/GPnoTFnoGau/pm_AT2017gfo/
16:24 INFO    : Search parameters:
16:24 INFO    :   luminosity_distance = Uniform(minimum=0.0, maximum=200.0, name='luminosity_distance', latex_label='$D_L$', unit=None, boundary=None)
16:24 INFO    :   KNphi = Uniform(minimum=15.0, maximum=75.0, name='KNphi', latex_label='$\\Phi$', unit=None, boundary=None)
16:24 INFO    :   inclination_EM = Sine(minimum=0.0, maximum=1.5707963267948966, name='inclination_EM', latex_label='$\\iota$', unit=None, boundary=None)
16:24 INFO    :   KNtimeshift = Uniform(minimum=-2.0, maximum=1.0, name='trigger_time', latex_label='$t_0$', unit=None, boundary=None)
16:24 INFO    :   log10_mej_dyn = Uniform(minimum=-3.0, maximum=-1.0, name='log10_mej_dyn', latex_label='$\\log_{10}M^{\\rm{dyn}}_{\\rm{ej}}$', unit=None, boundary=None)
16:24 INFO    :   log10_mej_wind = Uniform(minimum=-3.0, maximum=-0.5, name='log10_mej_wind', latex_label='$\\log_{10}M^{\\rm{wind}}_{\\rm{ej}}$', unit=None, boundary=None)
16:24 INFO    :   Ebv = 0.0
16:24 WARNING : Supplied argument 'npool' not an argument of 'Pymultinest', removing.
16:24 WARNING : Supplied argument 'queue_size' not an argument of 'Pymultinest', removing.
16:24 WARNING : Supplied argument 'check_point_delta_t' not an argument of 'Pymultinest', removing.
16:24 INFO    : Using sampler Pymultinest with kwargs {'importance_nested_sampling': False, 'resume': True, 'verbose': True, 'sampling_efficiency': 'parameter', 'n_live_points': 2048, 'n_params': 6, 'n_clustering_params': None, 'wrapped_params': None, 'multimodal': True, 'const_efficiency_mode': False, 'evidence_tolerance': 0.5, 'n_iter_before_update': 100, 'null_log_evidence': -1e+90, 'max_modes': 100, 'mode_tolerance': -1e+90, 'seed': 42, 'context': 0, 'write_output': True, 'log_zero': -1e+100, 'max_iter': 0, 'init_MPI': False, 'dump_callback': <bound method Pymultinest._dump_callback of <bilby.core.sampler.pymultinest.Pymultinest object at 0x7f98c1af1790>>}
16:24 INFO    : Temporary directory incompatible with MPI, will run in original directory
16:24 INFO    : Using output file output/GPnoTFnoGau/pm_AT2017gfo/
16:24 INFO    : Search parameters:
16:24 INFO    :   luminosity_distance = Uniform(minimum=0.0, maximum=200.0, name='luminosity_distance', latex_label='$D_L$', unit=None, boundary=None)
16:24 INFO    :   KNphi = Uniform(minimum=15.0, maximum=75.0, name='KNphi', latex_label='$\\Phi$', unit=None, boundary=None)
16:24 INFO    :   inclination_EM = Sine(minimum=0.0, maximum=1.5707963267948966, name='inclination_EM', latex_label='$\\iota$', unit=None, boundary=None)
16:24 INFO    :   KNtimeshift = Uniform(minimum=-2.0, maximum=1.0, name='trigger_time', latex_label='$t_0$', unit=None, boundary=None)
16:24 INFO    :   log10_mej_dyn = Uniform(minimum=-3.0, maximum=-1.0, name='log10_mej_dyn', latex_label='$\\log_{10}M^{\\rm{dyn}}_{\\rm{ej}}$', unit=None, boundary=None)
16:24 INFO    :   log10_mej_wind = Uniform(minimum=-3.0, maximum=-0.5, name='log10_mej_wind', latex_label='$\\log_{10}M^{\\rm{wind}}_{\\rm{ej}}$', unit=None, boundary=None)
16:24 INFO    :   Ebv = 0.0
16:24 WARNING : Supplied argument 'npool' not an argument of 'Pymultinest', removing.
16:24 WARNING : Supplied argument 'queue_size' not an argument of 'Pymultinest', removing.
16:24 WARNING : Supplied argument 'check_point_delta_t' not an argument of 'Pymultinest', removing.
16:24 INFO    : Using sampler Pymultinest with kwargs {'importance_nested_sampling': False, 'resume': True, 'verbose': True, 'sampling_efficiency': 'parameter', 'n_live_points': 2048, 'n_params': 6, 'n_clustering_params': None, 'wrapped_params': None, 'multimodal': True, 'const_efficiency_mode': False, 'evidence_tolerance': 0.5, 'n_iter_before_update': 100, 'null_log_evidence': -1e+90, 'max_modes': 100, 'mode_tolerance': -1e+90, 'seed': 42, 'context': 0, 'write_output': True, 'log_zero': -1e+100, 'max_iter': 0, 'init_MPI': False, 'dump_callback': <bound method Pymultinest._dump_callback of <bilby.core.sampler.pymultinest.Pymultinest object at 0x7fac412768e0>>}
16:24 INFO    : Temporary directory incompatible with MPI, will run in original directory
16:24 INFO    : Using output file output/GPnoTFnoGau/pm_AT2017gfo/
16:24 INFO    : Search parameters:
16:24 INFO    :   luminosity_distance = Uniform(minimum=0.0, maximum=200.0, name='luminosity_distance', latex_label='$D_L$', unit=None, boundary=None)
16:24 INFO    :   KNphi = Uniform(minimum=15.0, maximum=75.0, name='KNphi', latex_label='$\\Phi$', unit=None, boundary=None)
16:24 INFO    :   inclination_EM = Sine(minimum=0.0, maximum=1.5707963267948966, name='inclination_EM', latex_label='$\\iota$', unit=None, boundary=None)
16:24 INFO    :   KNtimeshift = Uniform(minimum=-2.0, maximum=1.0, name='trigger_time', latex_label='$t_0$', unit=None, boundary=None)
16:24 INFO    :   log10_mej_dyn = Uniform(minimum=-3.0, maximum=-1.0, name='log10_mej_dyn', latex_label='$\\log_{10}M^{\\rm{dyn}}_{\\rm{ej}}$', unit=None, boundary=None)
16:24 INFO    :   log10_mej_wind = Uniform(minimum=-3.0, maximum=-0.5, name='log10_mej_wind', latex_label='$\\log_{10}M^{\\rm{wind}}_{\\rm{ej}}$', unit=None, boundary=None)
16:24 INFO    :   Ebv = 0.0
16:24 WARNING : Supplied argument 'npool' not an argument of 'Pymultinest', removing.
16:24 WARNING : Supplied argument 'queue_size' not an argument of 'Pymultinest', removing.
16:24 WARNING : Supplied argument 'check_point_delta_t' not an argument of 'Pymultinest', removing.
16:24 INFO    : Using sampler Pymultinest with kwargs {'importance_nested_sampling': False, 'resume': True, 'verbose': True, 'sampling_efficiency': 'parameter', 'n_live_points': 2048, 'n_params': 6, 'n_clustering_params': None, 'wrapped_params': None, 'multimodal': True, 'const_efficiency_mode': False, 'evidence_tolerance': 0.5, 'n_iter_before_update': 100, 'null_log_evidence': -1e+90, 'max_modes': 100, 'mode_tolerance': -1e+90, 'seed': 42, 'context': 0, 'write_output': True, 'log_zero': -1e+100, 'max_iter': 0, 'init_MPI': False, 'dump_callback': <bound method Pymultinest._dump_callback of <bilby.core.sampler.pymultinest.Pymultinest object at 0x7f4110b8d7c0>>}
16:24 INFO    : Temporary directory incompatible with MPI, will run in original directory
16:24 INFO    : Using output file output/GPnoTFnoGau/pm_AT2017gfo/
16:24 INFO    : Search parameters:
16:24 INFO    :   luminosity_distance = Uniform(minimum=0.0, maximum=200.0, name='luminosity_distance', latex_label='$D_L$', unit=None, boundary=None)
16:24 INFO    :   KNphi = Uniform(minimum=15.0, maximum=75.0, name='KNphi', latex_label='$\\Phi$', unit=None, boundary=None)
16:24 INFO    :   inclination_EM = Sine(minimum=0.0, maximum=1.5707963267948966, name='inclination_EM', latex_label='$\\iota$', unit=None, boundary=None)
16:24 INFO    :   KNtimeshift = Uniform(minimum=-2.0, maximum=1.0, name='trigger_time', latex_label='$t_0$', unit=None, boundary=None)
16:24 INFO    :   log10_mej_dyn = Uniform(minimum=-3.0, maximum=-1.0, name='log10_mej_dyn', latex_label='$\\log_{10}M^{\\rm{dyn}}_{\\rm{ej}}$', unit=None, boundary=None)
16:24 INFO    :   log10_mej_wind = Uniform(minimum=-3.0, maximum=-0.5, name='log10_mej_wind', latex_label='$\\log_{10}M^{\\rm{wind}}_{\\rm{ej}}$', unit=None, boundary=None)
16:24 INFO    :   Ebv = 0.0
16:24 WARNING : Supplied argument 'npool' not an argument of 'Pymultinest', removing.
16:24 WARNING : Supplied argument 'queue_size' not an argument of 'Pymultinest', removing.
16:24 WARNING : Supplied argument 'check_point_delta_t' not an argument of 'Pymultinest', removing.
16:24 INFO    : Using sampler Pymultinest with kwargs {'importance_nested_sampling': False, 'resume': True, 'verbose': True, 'sampling_efficiency': 'parameter', 'n_live_points': 2048, 'n_params': 6, 'n_clustering_params': None, 'wrapped_params': None, 'multimodal': True, 'const_efficiency_mode': False, 'evidence_tolerance': 0.5, 'n_iter_before_update': 100, 'null_log_evidence': -1e+90, 'max_modes': 100, 'mode_tolerance': -1e+90, 'seed': 42, 'context': 0, 'write_output': True, 'log_zero': -1e+100, 'max_iter': 0, 'init_MPI': False, 'dump_callback': <bound method Pymultinest._dump_callback of <bilby.core.sampler.pymultinest.Pymultinest object at 0x7f1d042e8490>>}
16:24 INFO    : Search parameters:
16:24 INFO    : Temporary directory incompatible with MPI, will run in original directory
16:24 INFO    :   luminosity_distance = Uniform(minimum=0.0, maximum=200.0, name='luminosity_distance', latex_label='$D_L$', unit=None, boundary=None)
16:24 INFO    : Using output file output/GPnoTFnoGau/pm_AT2017gfo/
16:24 INFO    :   KNphi = Uniform(minimum=15.0, maximum=75.0, name='KNphi', latex_label='$\\Phi$', unit=None, boundary=None)
16:24 INFO    :   inclination_EM = Sine(minimum=0.0, maximum=1.5707963267948966, name='inclination_EM', latex_label='$\\iota$', unit=None, boundary=None)
16:24 INFO    :   KNtimeshift = Uniform(minimum=-2.0, maximum=1.0, name='trigger_time', latex_label='$t_0$', unit=None, boundary=None)
16:24 INFO    :   log10_mej_dyn = Uniform(minimum=-3.0, maximum=-1.0, name='log10_mej_dyn', latex_label='$\\log_{10}M^{\\rm{dyn}}_{\\rm{ej}}$', unit=None, boundary=None)
16:24 INFO    :   log10_mej_wind = Uniform(minimum=-3.0, maximum=-0.5, name='log10_mej_wind', latex_label='$\\log_{10}M^{\\rm{wind}}_{\\rm{ej}}$', unit=None, boundary=None)
16:24 INFO    :   Ebv = 0.0
16:24 WARNING : Supplied argument 'npool' not an argument of 'Pymultinest', removing.
16:24 WARNING : Supplied argument 'queue_size' not an argument of 'Pymultinest', removing.
16:24 WARNING : Supplied argument 'check_point_delta_t' not an argument of 'Pymultinest', removing.
16:24 INFO    : Using sampler Pymultinest with kwargs {'importance_nested_sampling': False, 'resume': True, 'verbose': True, 'sampling_efficiency': 'parameter', 'n_live_points': 2048, 'n_params': 6, 'n_clustering_params': None, 'wrapped_params': None, 'multimodal': True, 'const_efficiency_mode': False, 'evidence_tolerance': 0.5, 'n_iter_before_update': 100, 'null_log_evidence': -1e+90, 'max_modes': 100, 'mode_tolerance': -1e+90, 'seed': 42, 'context': 0, 'write_output': True, 'log_zero': -1e+100, 'max_iter': 0, 'init_MPI': False, 'dump_callback': <bound method Pymultinest._dump_callback of <bilby.core.sampler.pymultinest.Pymultinest object at 0x7f8a95877c10>>}
16:24 INFO    : Temporary directory incompatible with MPI, will run in original directory
16:24 INFO    : Using output file output/GPnoTFnoGau/pm_AT2017gfo/
16:24 INFO    : Search parameters:
16:24 INFO    :   luminosity_distance = Uniform(minimum=0.0, maximum=200.0, name='luminosity_distance', latex_label='$D_L$', unit=None, boundary=None)
16:24 INFO    :   KNphi = Uniform(minimum=15.0, maximum=75.0, name='KNphi', latex_label='$\\Phi$', unit=None, boundary=None)
16:24 INFO    : Search parameters:
16:24 INFO    :   inclination_EM = Sine(minimum=0.0, maximum=1.5707963267948966, name='inclination_EM', latex_label='$\\iota$', unit=None, boundary=None)
16:24 INFO    :   KNtimeshift = Uniform(minimum=-2.0, maximum=1.0, name='trigger_time', latex_label='$t_0$', unit=None, boundary=None)
16:24 INFO    :   luminosity_distance = Uniform(minimum=0.0, maximum=200.0, name='luminosity_distance', latex_label='$D_L$', unit=None, boundary=None)
16:24 INFO    :   log10_mej_dyn = Uniform(minimum=-3.0, maximum=-1.0, name='log10_mej_dyn', latex_label='$\\log_{10}M^{\\rm{dyn}}_{\\rm{ej}}$', unit=None, boundary=None)
16:24 INFO    :   KNphi = Uniform(minimum=15.0, maximum=75.0, name='KNphi', latex_label='$\\Phi$', unit=None, boundary=None)
16:24 INFO    :   log10_mej_wind = Uniform(minimum=-3.0, maximum=-0.5, name='log10_mej_wind', latex_label='$\\log_{10}M^{\\rm{wind}}_{\\rm{ej}}$', unit=None, boundary=None)
16:24 INFO    :   Ebv = 0.0
16:24 INFO    :   inclination_EM = Sine(minimum=0.0, maximum=1.5707963267948966, name='inclination_EM', latex_label='$\\iota$', unit=None, boundary=None)
16:24 WARNING : Supplied argument 'npool' not an argument of 'Pymultinest', removing.
16:24 WARNING : Supplied argument 'queue_size' not an argument of 'Pymultinest', removing.
16:24 WARNING : Supplied argument 'check_point_delta_t' not an argument of 'Pymultinest', removing.
16:24 INFO    :   KNtimeshift = Uniform(minimum=-2.0, maximum=1.0, name='trigger_time', latex_label='$t_0$', unit=None, boundary=None)
16:24 INFO    :   log10_mej_dyn = Uniform(minimum=-3.0, maximum=-1.0, name='log10_mej_dyn', latex_label='$\\log_{10}M^{\\rm{dyn}}_{\\rm{ej}}$', unit=None, boundary=None)
16:24 INFO    : Using sampler Pymultinest with kwargs {'importance_nested_sampling': False, 'resume': True, 'verbose': True, 'sampling_efficiency': 'parameter', 'n_live_points': 2048, 'n_params': 6, 'n_clustering_params': None, 'wrapped_params': None, 'multimodal': True, 'const_efficiency_mode': False, 'evidence_tolerance': 0.5, 'n_iter_before_update': 100, 'null_log_evidence': -1e+90, 'max_modes': 100, 'mode_tolerance': -1e+90, 'seed': 42, 'context': 0, 'write_output': True, 'log_zero': -1e+100, 'max_iter': 0, 'init_MPI': False, 'dump_callback': <bound method Pymultinest._dump_callback of <bilby.core.sampler.pymultinest.Pymultinest object at 0x7f6e72622520>>}
16:24 INFO    :   log10_mej_wind = Uniform(minimum=-3.0, maximum=-0.5, name='log10_mej_wind', latex_label='$\\log_{10}M^{\\rm{wind}}_{\\rm{ej}}$', unit=None, boundary=None)
16:24 INFO    :   Ebv = 0.0
16:24 WARNING : Supplied argument 'npool' not an argument of 'Pymultinest', removing.
16:24 WARNING : Supplied argument 'queue_size' not an argument of 'Pymultinest', removing.
16:24 WARNING : Supplied argument 'check_point_delta_t' not an argument of 'Pymultinest', removing.
16:24 INFO    : Temporary directory incompatible with MPI, will run in original directory
16:24 INFO    : Using sampler Pymultinest with kwargs {'importance_nested_sampling': False, 'resume': True, 'verbose': True, 'sampling_efficiency': 'parameter', 'n_live_points': 2048, 'n_params': 6, 'n_clustering_params': None, 'wrapped_params': None, 'multimodal': True, 'const_efficiency_mode': False, 'evidence_tolerance': 0.5, 'n_iter_before_update': 100, 'null_log_evidence': -1e+90, 'max_modes': 100, 'mode_tolerance': -1e+90, 'seed': 42, 'context': 0, 'write_output': True, 'log_zero': -1e+100, 'max_iter': 0, 'init_MPI': False, 'dump_callback': <bound method Pymultinest._dump_callback of <bilby.core.sampler.pymultinest.Pymultinest object at 0x7f2b97649880>>}
16:24 INFO    : Using output file output/GPnoTFnoGau/pm_AT2017gfo/
16:24 INFO    : Temporary directory incompatible with MPI, will run in original directory
16:24 INFO    : Using output file output/GPnoTFnoGau/pm_AT2017gfo/
17:01 INFO    : Sampling time: 0:37:25.018787
17:01 INFO    : Sampling time: 0:37:25.017077
17:01 INFO    : Sampling time: 0:37:25.010271
17:01 INFO    : Sampling time: 0:37:25.010153
17:01 INFO    : Sampling time: 0:37:25.019476
17:01 INFO    : Sampling time: 0:37:24.694507
17:01 INFO    : Sampling time: 0:37:25.024295
17:01 INFO    : Sampling time: 0:37:24.764105
17:01 INFO    : Sampling time: 0:37:25.063327
17:01 INFO    : Sampling time: 0:37:24.938233
17:01 INFO    : Sampling time: 0:37:24.929377
17:01 INFO    : Sampling time: 0:37:24.942587
17:01 INFO    : Sampling time: 0:37:25.013669
17:01 INFO    : Sampling time: 0:37:25.023796
17:01 INFO    : Sampling time: 0:37:25.063059
17:01 INFO    : Sampling time: 0:37:25.027304
17:01 INFO    : Sampling time: 0:37:25.005502
17:01 INFO    : Sampling time: 0:37:24.702121
17:01 INFO    : Sampling time: 0:37:24.795448
17:01 INFO    : Sampling time: 0:37:25.010002
17:01 INFO    : Sampling time: 0:37:25.033762
17:01 INFO    : Sampling time: 0:37:24.778304
17:01 INFO    : Sampling time: 0:37:24.808069
17:01 INFO    : Sampling time: 0:37:25.016830
17:01 INFO    : Sampling time: 0:37:24.696032
17:01 INFO    : Sampling time: 0:37:24.690324
17:01 INFO    : Sampling time: 0:37:25.029054
17:01 INFO    : Sampling time: 0:37:25.035660
17:01 INFO    : Sampling time: 0:37:25.044888
17:01 INFO    : Sampling time: 0:37:24.949806
17:01 INFO    : Summary of results:
nsamples: 10064
ln_noise_evidence:  0.000
ln_evidence: -132.955 +/-  0.057
ln_bayes_factor: -132.955 +/-  0.057

17:01 INFO    : Writing samples file to /home/enlil/pouyans/codes/nmma/output/GPnoTFnoGau/AT2017gfo_posterior_samples.dat
17:01 INFO    : Summary of results:
nsamples: 10064
ln_noise_evidence:  0.000
ln_evidence: -132.955 +/-  0.057
ln_bayes_factor: -132.955 +/-  0.057

17:01 INFO    : Writing samples file to /home/enlil/pouyans/codes/nmma/output/GPnoTFnoGau/AT2017gfo_posterior_samples.dat
17:01 INFO    : Summary of results:
nsamples: 10064
ln_noise_evidence:  0.000
ln_evidence: -132.955 +/-  0.057
ln_bayes_factor: -132.955 +/-  0.057

17:01 INFO    : Summary of results:
nsamples: 10064
ln_noise_evidence:  0.000
ln_evidence: -132.955 +/-  0.057
ln_bayes_factor: -132.955 +/-  0.057

17:01 INFO    : Writing samples file to /home/enlil/pouyans/codes/nmma/output/GPnoTFnoGau/AT2017gfo_posterior_samples.dat
17:01 INFO    : Writing samples file to /home/enlil/pouyans/codes/nmma/output/GPnoTFnoGau/AT2017gfo_posterior_samples.dat
17:01 INFO    : Summary of results:
nsamples: 10064
ln_noise_evidence:  0.000
ln_evidence: -132.955 +/-  0.057
ln_bayes_factor: -132.955 +/-  0.057

17:01 INFO    : Writing samples file to /home/enlil/pouyans/codes/nmma/output/GPnoTFnoGau/AT2017gfo_posterior_samples.dat
17:01 INFO    : Summary of results:
nsamples: 10064
ln_noise_evidence:  0.000
ln_evidence: -132.955 +/-  0.057
ln_bayes_factor: -132.955 +/-  0.057

17:01 INFO    : Writing samples file to /home/enlil/pouyans/codes/nmma/output/GPnoTFnoGau/AT2017gfo_posterior_samples.dat
17:01 INFO    : Summary of results:
nsamples: 10064
ln_noise_evidence:  0.000
ln_evidence: -132.955 +/-  0.057
ln_bayes_factor: -132.955 +/-  0.057

17:01 INFO    : Summary of results:
nsamples: 10064
ln_noise_evidence:  0.000
ln_evidence: -132.955 +/-  0.057
ln_bayes_factor: -132.955 +/-  0.057

17:01 INFO    : Writing samples file to /home/enlil/pouyans/codes/nmma/output/GPnoTFnoGau/AT2017gfo_posterior_samples.dat
17:01 INFO    : Writing samples file to /home/enlil/pouyans/codes/nmma/output/GPnoTFnoGau/AT2017gfo_posterior_samples.dat
17:01 INFO    : Summary of results:
nsamples: 10064
ln_noise_evidence:  0.000
ln_evidence: -132.955 +/-  0.057
ln_bayes_factor: -132.955 +/-  0.057

17:01 INFO    : Summary of results:
nsamples: 10064
ln_noise_evidence:  0.000
ln_evidence: -132.955 +/-  0.057
ln_bayes_factor: -132.955 +/-  0.057

17:01 INFO    : Writing samples file to /home/enlil/pouyans/codes/nmma/output/GPnoTFnoGau/AT2017gfo_posterior_samples.dat
17:01 INFO    : Summary of results:
nsamples: 10064
ln_noise_evidence:  0.000
ln_evidence: -132.955 +/-  0.057
ln_bayes_factor: -132.955 +/-  0.057

17:01 INFO    : Writing samples file to /home/enlil/pouyans/codes/nmma/output/GPnoTFnoGau/AT2017gfo_posterior_samples.dat
17:01 INFO    : Summary of results:
nsamples: 10064
ln_noise_evidence:  0.000
ln_evidence: -132.955 +/-  0.057
ln_bayes_factor: -132.955 +/-  0.057

17:01 INFO    : Writing samples file to /home/enlil/pouyans/codes/nmma/output/GPnoTFnoGau/AT2017gfo_posterior_samples.dat
17:01 INFO    : Summary of results:
nsamples: 10064
ln_noise_evidence:  0.000
ln_evidence: -132.955 +/-  0.057
ln_bayes_factor: -132.955 +/-  0.057

17:01 INFO    : Writing samples file to /home/enlil/pouyans/codes/nmma/output/GPnoTFnoGau/AT2017gfo_posterior_samples.dat
17:01 INFO    : Writing samples file to /home/enlil/pouyans/codes/nmma/output/GPnoTFnoGau/AT2017gfo_posterior_samples.dat
17:01 INFO    : Summary of results:
nsamples: 10064
ln_noise_evidence:  0.000
ln_evidence: -132.955 +/-  0.057
ln_bayes_factor: -132.955 +/-  0.057

17:01 INFO    : Summary of results:
nsamples: 10064
ln_noise_evidence:  0.000
ln_evidence: -132.955 +/-  0.057
ln_bayes_factor: -132.955 +/-  0.057

17:01 INFO    : Writing samples file to /home/enlil/pouyans/codes/nmma/output/GPnoTFnoGau/AT2017gfo_posterior_samples.dat
17:01 INFO    : Writing samples file to /home/enlil/pouyans/codes/nmma/output/GPnoTFnoGau/AT2017gfo_posterior_samples.dat
17:01 INFO    : Summary of results:
nsamples: 10064
ln_noise_evidence:  0.000
ln_evidence: -132.955 +/-  0.057
ln_bayes_factor: -132.955 +/-  0.057

17:01 INFO    : Summary of results:
nsamples: 10064
ln_noise_evidence:  0.000
ln_evidence: -132.955 +/-  0.057
ln_bayes_factor: -132.955 +/-  0.057

17:01 INFO    : Writing samples file to /home/enlil/pouyans/codes/nmma/output/GPnoTFnoGau/AT2017gfo_posterior_samples.dat
17:01 INFO    : Writing samples file to /home/enlil/pouyans/codes/nmma/output/GPnoTFnoGau/AT2017gfo_posterior_samples.dat
17:01 INFO    : Summary of results:
nsamples: 10064
ln_noise_evidence:  0.000
ln_evidence: -132.955 +/-  0.057
ln_bayes_factor: -132.955 +/-  0.057

17:01 INFO    : Summary of results:
nsamples: 10064
ln_noise_evidence:  0.000
ln_evidence: -132.955 +/-  0.057
ln_bayes_factor: -132.955 +/-  0.057

17:01 INFO    : Writing samples file to /home/enlil/pouyans/codes/nmma/output/GPnoTFnoGau/AT2017gfo_posterior_samples.dat
17:01 INFO    : Summary of results:
nsamples: 10064
ln_noise_evidence:  0.000
ln_evidence: -132.955 +/-  0.057
ln_bayes_factor: -132.955 +/-  0.057

17:01 INFO    : Writing samples file to /home/enlil/pouyans/codes/nmma/output/GPnoTFnoGau/AT2017gfo_posterior_samples.dat
17:01 INFO    : Summary of results:
nsamples: 10064
ln_noise_evidence:  0.000
ln_evidence: -132.955 +/-  0.057
ln_bayes_factor: -132.955 +/-  0.057

17:01 INFO    : Writing samples file to /home/enlil/pouyans/codes/nmma/output/GPnoTFnoGau/AT2017gfo_posterior_samples.dat
17:01 INFO    : Writing samples file to /home/enlil/pouyans/codes/nmma/output/GPnoTFnoGau/AT2017gfo_posterior_samples.dat
17:01 INFO    : Summary of results:
nsamples: 10064
ln_noise_evidence:  0.000
ln_evidence: -132.955 +/-  0.057
ln_bayes_factor: -132.955 +/-  0.057

17:01 INFO    : Writing samples file to /home/enlil/pouyans/codes/nmma/output/GPnoTFnoGau/AT2017gfo_posterior_samples.dat
17:01 INFO    : Summary of results:
nsamples: 10064
ln_noise_evidence:  0.000
ln_evidence: -132.955 +/-  0.057
ln_bayes_factor: -132.955 +/-  0.057

17:01 INFO    : Writing samples file to /home/enlil/pouyans/codes/nmma/output/GPnoTFnoGau/AT2017gfo_posterior_samples.dat
17:01 INFO    : Summary of results:
nsamples: 10064
ln_noise_evidence:  0.000
ln_evidence: -132.955 +/-  0.057
ln_bayes_factor: -132.955 +/-  0.057

17:01 INFO    : Writing samples file to /home/enlil/pouyans/codes/nmma/output/GPnoTFnoGau/AT2017gfo_posterior_samples.dat
17:01 INFO    : Summary of results:
nsamples: 10064
ln_noise_evidence:  0.000
ln_evidence: -132.955 +/-  0.057
ln_bayes_factor: -132.955 +/-  0.057

17:01 INFO    : Summary of results:
nsamples: 10064
ln_noise_evidence:  0.000
ln_evidence: -132.955 +/-  0.057
ln_bayes_factor: -132.955 +/-  0.057

17:01 INFO    : Writing samples file to /home/enlil/pouyans/codes/nmma/output/GPnoTFnoGau/AT2017gfo_posterior_samples.dat
17:01 INFO    : Writing samples file to /home/enlil/pouyans/codes/nmma/output/GPnoTFnoGau/AT2017gfo_posterior_samples.dat
17:01 INFO    : Summary of results:
nsamples: 10064
ln_noise_evidence:  0.000
ln_evidence: -132.955 +/-  0.057
ln_bayes_factor: -132.955 +/-  0.057

17:01 INFO    : Writing samples file to /home/enlil/pouyans/codes/nmma/output/GPnoTFnoGau/AT2017gfo_posterior_samples.dat
17:01 INFO    : Summary of results:
nsamples: 10064
ln_noise_evidence:  0.000
ln_evidence: -132.955 +/-  0.057
ln_bayes_factor: -132.955 +/-  0.057

17:01 INFO    : Writing samples file to /home/enlil/pouyans/codes/nmma/output/GPnoTFnoGau/AT2017gfo_posterior_samples.dat
17:01 INFO    : Summary of results:
nsamples: 10064
ln_noise_evidence:  0.000
ln_evidence: -132.955 +/-  0.057
ln_bayes_factor: -132.955 +/-  0.057

17:01 INFO    : Writing samples file to /home/enlil/pouyans/codes/nmma/output/GPnoTFnoGau/AT2017gfo_posterior_samples.dat
