      date     time           total        used        free      shared  buff/cache   available
2022-05-17 16:24:39          385564      115323       80621          77      189619      267595
2022-05-17 16:24:49          385564      115322       80622          77      189619      267596
2022-05-17 16:24:59          385564      115320       80624          77      189619      267598
2022-05-17 16:25:09          385564      115302       80642          77      189619      267616
2022-05-17 16:25:19          385564      115287       80657          77      189619      267631
2022-05-17 16:25:29          385564      115285       80659          77      189619      267633
2022-05-17 16:25:39          385564      115284       80660          77      189619      267634
2022-05-17 16:25:49          385564      115285       80659          77      189619      267633
2022-05-17 16:25:59          385564      114804       81140          77      189619      268114
2022-05-17 16:26:09          385564      114805       81139          77      189619      268113
2022-05-17 16:26:19          385564      114804       81139          77      189620      268114
2022-05-17 16:26:29          385564      114805       81138          77      189620      268113
2022-05-17 16:26:40          385564      114806       81137          77      189620      268112
2022-05-17 16:26:50          385564      114805       81138          77      189620      268113
2022-05-17 16:27:00          385564      114804       81138          77      189620      268113
2022-05-17 16:27:10          385564      114804       81139          77      189620      268114
2022-05-17 16:27:20          385564      114805       81138          77      189620      268113
2022-05-17 16:27:30          385564      114805       81138          77      189620      268113
2022-05-17 16:27:40          385564      114804       81138          77      189620      268114
2022-05-17 16:27:50          385564      114804       81138          77      189620      268114
2022-05-17 16:28:00          385564      114804       81138          77      189620      268113
2022-05-17 16:28:10          385564      114803       81139          77      189620      268114
2022-05-17 16:28:20          385564      114803       81139          77      189621      268114
2022-05-17 16:28:30          385564      114803       81139          77      189621      268115
2022-05-17 16:28:40          385564      114802       81140          77      189621      268115
2022-05-17 16:28:50          385564      114803       81139          77      189621      268115
2022-05-17 16:29:00          385564      114803       81139          77      189621      268115
2022-05-17 16:29:10          385564      114803       81139          77      189621      268115
2022-05-17 16:29:20          385564      114802       81140          77      189621      268116
2022-05-17 16:29:30          385564      114801       81141          77      189621      268117
2022-05-17 16:29:40          385564      114800       81141          77      189621      268118
2022-05-17 16:29:50          385564      114800       81141          77      189621      268118
2022-05-17 16:30:00          385564      114800       81141          77      189622      268118
2022-05-17 16:30:10          385564      114805       81136          77      189622      268113
2022-05-17 16:30:20          385564      114804       81137          77      189622      268113
2022-05-17 16:30:30          385564      114804       81137          78      189622      268113
2022-05-17 16:30:40          385564      114804       81137          78      189622      268114
2022-05-17 16:30:50          385564      114803       81138          78      189622      268114
2022-05-17 16:31:00          385564      114708       81233          77      189622      268210
2022-05-17 16:31:10          385564      114707       81233          77      189622      268211
2022-05-17 16:31:20          385564      114707       81233          77      189622      268210
2022-05-17 16:31:30          385564      114707       81233          78      189622      268211
2022-05-17 16:31:40          385564      114706       81234          78      189622      268211
2022-05-17 16:31:50          385564      114706       81235          78      189622      268212
2022-05-17 16:32:00          385564      114706       81234          78      189622      268211
2022-05-17 16:32:10          385564      114705       81235          78      189622      268212
2022-05-17 16:32:20          385564      114705       81235          78      189623      268213
2022-05-17 16:32:30          385564      114705       81235          78      189623      268213
2022-05-17 16:32:40          385564      114705       81235          78      189623      268213
2022-05-17 16:32:50          385564      114703       81236          78      189623      268214
2022-05-17 16:33:00          385564      114703       81237          78      189623      268215
2022-05-17 16:33:10          385564      114702       81237          78      189623      268215
2022-05-17 16:33:20          385564      114702       81238          78      189623      268216
2022-05-17 16:33:30          385564      114702       81238          78      189623      268216
2022-05-17 16:33:40          385564      114702       81237          78      189623      268215
2022-05-17 16:33:50          385564      114702       81237          78      189623      268215
2022-05-17 16:34:00          385564      114702       81237          78      189624      268215
2022-05-17 16:34:10          385564      114702       81237          78      189624      268215
2022-05-17 16:34:20          385564      114703       81235          78      189624      268214
2022-05-17 16:34:30          385564      114704       81235          78      189624      268214
2022-05-17 16:34:40          385564      114704       81235          78      189624      268214
2022-05-17 16:34:50          385564      114703       81236          78      189624      268215
2022-05-17 16:35:00          385564      114702       81236          78      189624      268215
2022-05-17 16:35:10          385564      114705       81234          78      189624      268213
2022-05-17 16:35:20          385564      114704       81235          78      189624      268214
2022-05-17 16:35:30          385564      114703       81235          78      189624      268215
2022-05-17 16:35:40          385564      114703       81236          78      189624      268215
2022-05-17 16:35:50          385564      114703       81235          78      189625      268215
2022-05-17 16:36:00          385564      114703       81235          78      189625      268215
2022-05-17 16:36:10          385564      114702       81236          78      189625      268215
2022-05-17 16:36:20          385564      114702       81236          78      189625      268216
2022-05-17 16:36:30          385564      114702       81236          78      189625      268216
2022-05-17 16:36:40          385564      114702       81236          78      189625      268215
2022-05-17 16:36:50          385564      114702       81236          78      189625      268215
2022-05-17 16:37:00          385564      114702       81236          78      189625      268215
2022-05-17 16:37:10          385564      114701       81237          78      189625      268217
2022-05-17 16:37:20          385564      114701       81237          78      189625      268217
2022-05-17 16:37:30          385564      114701       81237          78      189625      268217
2022-05-17 16:37:40          385564      114700       81237          78      189625      268217
2022-05-17 16:37:50          385564      114700       81237          78      189625      268218
2022-05-17 16:38:00          385564      114699       81238          78      189625      268218
2022-05-17 16:38:10          385564      114699       81238          78      189626      268218
2022-05-17 16:38:20          385564      114700       81237          78      189626      268217
2022-05-17 16:38:30          385564      114701       81237          78      189625      268217
2022-05-17 16:38:40          385564      114701       81236          78      189625      268217
2022-05-17 16:38:50          385564      114701       81236          78      189625      268217
2022-05-17 16:39:00          385564      114701       81236          78      189626      268217
2022-05-17 16:39:10          385564      114701       81236          78      189626      268217
2022-05-17 16:39:20          385564      114701       81235          78      189626      268216
2022-05-17 16:39:30          385564      114703       81234          78      189626      268215
2022-05-17 16:39:40          385564      114704       81233          78      189626      268214
2022-05-17 16:39:50          385564      114703       81234          78      189626      268215
2022-05-17 16:40:00          385564      114703       81234          78      189626      268214
2022-05-17 16:40:10          385564      114705       81232          78      189626      268213
2022-05-17 16:40:20          385564      114705       81232          78      189626      268213
2022-05-17 16:40:30          385564      114704       81232          78      189626      268213
2022-05-17 16:40:40          385564      114704       81232          78      189627      268214
2022-05-17 16:40:51          385564      114705       81232          78      189627      268213
2022-05-17 16:41:01          385564      114704       81232          78      189627      268213
2022-05-17 16:41:11          385564      114704       81232          78      189627      268214
2022-05-17 16:41:21          385564      114703       81232          78      189627      268214
2022-05-17 16:41:31          385564      114704       81232          78      189627      268214
2022-05-17 16:41:41          385564      114704       81232          78      189627      268214
2022-05-17 16:41:51          385564      114704       81232          78      189627      268214
2022-05-17 16:42:01          385564      114704       81232          78      189627      268214
2022-05-17 16:42:11          385564      114704       81232          78      189627      268214
2022-05-17 16:42:21          385564      114704       81232          78      189628      268214
2022-05-17 16:42:31          385564      114703       81232          78      189628      268215
2022-05-17 16:42:41          385564      114703       81232          78      189628      268214
2022-05-17 16:42:51          385564      114703       81233          78      189628      268215
2022-05-17 16:43:01          385564      114702       81233          78      189628      268215
2022-05-17 16:43:11          385564      114702       81233          78      189628      268215
2022-05-17 16:43:21          385564      114702       81233          78      189628      268215
2022-05-17 16:43:31          385564      114702       81233          78      189628      268216
2022-05-17 16:43:41          385564      114703       81232          78      189628      268214
2022-05-17 16:43:51          385564      114703       81232          78      189628      268214
2022-05-17 16:44:01          385564      114702       81233          78      189628      268216
2022-05-17 16:44:11          385564      114702       81233          78      189628      268215
2022-05-17 16:44:21          385564      114701       81233          78      189629      268216
2022-05-17 16:44:31          385564      114702       81233          78      189628      268216
2022-05-17 16:44:41          385564      114704       81231          78      189628      268214
2022-05-17 16:44:51          385564      114703       81231          78      189629      268215
2022-05-17 16:45:01          385564      114702       81232          78      189629      268215
2022-05-17 16:45:11          385564      114704       81230          78      189629      268213
2022-05-17 16:45:21          385564      114705       81229          78      189629      268213
2022-05-17 16:45:31          385564      114704       81230          78      189629      268214
2022-05-17 16:45:41          385564      114703       81231          78      189629      268215
2022-05-17 16:45:51          385564      114704       81230          78      189629      268214
2022-05-17 16:46:01          385564      114704       81230          78      189629      268214
2022-05-17 16:46:11          385564      114703       81230          78      189629      268214
2022-05-17 16:46:21          385564      114703       81230          78      189629      268214
2022-05-17 16:46:31          385564      114704       81230          78      189629      268214
2022-05-17 16:46:41          385564      114704       81230          78      189629      268214
2022-05-17 16:46:51          385564      114703       81230          78      189629      268215
2022-05-17 16:47:01          385564      114702       81231          78      189629      268215
2022-05-17 16:47:11          385564      114702       81231          78      189630      268215
2022-05-17 16:47:21          385564      114703       81230          78      189630      268215
2022-05-17 16:47:31          385564      114703       81230          78      189630      268215
2022-05-17 16:47:41          385564      114702       81231          78      189630      268215
2022-05-17 16:47:51          385564      114702       81231          78      189630      268215
2022-05-17 16:48:01          385564      114702       81230          78      189630      268216
2022-05-17 16:48:11          385564      114702       81231          78      189630      268216
2022-05-17 16:48:21          385564      114701       81231          78      189630      268217
2022-05-17 16:48:31          385564      114702       81231          78      189630      268216
2022-05-17 16:48:41          385564      114702       81231          78      189630      268216
2022-05-17 16:48:51          385564      114702       81230          78      189630      268216
2022-05-17 16:49:01          385564      114702       81231          78      189630      268216
2022-05-17 16:49:11          385564      114701       81231          78      189631      268216
2022-05-17 16:49:21          385564      114701       81232          78      189630      268217
2022-05-17 16:49:31          385564      114702       81231          78      189630      268216
2022-05-17 16:49:41          385564      114702       81231          78      189630      268216
2022-05-17 16:49:51          385564      114702       81230          78      189630      268215
2022-05-17 16:50:01          385564      114703       81231          78      189629      268215
2022-05-17 16:50:11          385564      114705       81227          78      189631      268213
2022-05-17 16:50:21          385564      114704       81227          78      189631      268213
2022-05-17 16:50:31          385564      114704       81228          78      189631      268214
2022-05-17 16:50:41          385564      114702       81229          78      189631      268215
2022-05-17 16:50:51          385564      114701       81230          78      189631      268216
2022-05-17 16:51:01          385564      114701       81230          78      189631      268216
2022-05-17 16:51:11          385564      114701       81230          78      189631      268216
2022-05-17 16:51:21          385564      114701       81231          78      189631      268217
2022-05-17 16:51:31          385564      114700       81231          78      189631      268217
2022-05-17 16:51:41          385564      114700       81231          78      189631      268217
2022-05-17 16:51:51          385564      114700       81231          78      189631      268217
2022-05-17 16:52:01          385564      114700       81231          78      189631      268218
2022-05-17 16:52:11          385564      114700       81231          78      189632      268218
2022-05-17 16:52:21          385564      114700       81231          78      189632      268218
2022-05-17 16:52:31          385564      114699       81232          78      189632      268219
2022-05-17 16:52:41          385564      114698       81232          78      189632      268219
2022-05-17 16:52:51          385564      114698       81232          78      189633      268219
2022-05-17 16:53:01          385564      114699       81231          78      189632      268219
2022-05-17 16:53:11          385564      114699       81231          78      189632      268219
2022-05-17 16:53:21          385564      114700       81231          78      189633      268218
2022-05-17 16:53:31          385564      114700       81231          78      189632      268218
2022-05-17 16:53:41          385564      114701       81230          78      189633      268217
2022-05-17 16:53:51          385564      114700       81230          78      189633      268217
2022-05-17 16:54:01          385564      114700       81230          78      189633      268218
2022-05-17 16:54:11          385564      114699       81231          78      189633      268218
2022-05-17 16:54:21          385564      114699       81231          78      189633      268218
2022-05-17 16:54:31          385564      114700       81229          78      189633      268218
2022-05-17 16:54:41          385564      114700       81229          78      189633      268218
2022-05-17 16:54:51          385564      114700       81229          78      189633      268218
2022-05-17 16:55:01          385564      114707       81223          78      189633      268211
2022-05-17 16:55:11          385564      114705       81224          78      189633      268212
2022-05-17 16:55:22          385564      114706       81223          78      189634      268212
2022-05-17 16:55:32          385564      114705       81225          78      189634      268213
2022-05-17 16:55:42          385564      114704       81225          78      189634      268214
2022-05-17 16:55:52          385564      114703       81226          78      189634      268214
2022-05-17 16:56:02          385564      114704       81225          78      189634      268214
2022-05-17 16:56:12          385564      114702       81227          78      189634      268215
2022-05-17 16:56:22          385564      114702       81227          78      189634      268216
2022-05-17 16:56:32          385564      114702       81227          78      189634      268215
2022-05-17 16:56:42          385564      114701       81227          78      189634      268216
2022-05-17 16:56:52          385564      114701       81227          78      189635      268216
2022-05-17 16:57:02          385564      114702       81227          78      189635      268216
2022-05-17 16:57:12          385564      114701       81227          78      189635      268216
2022-05-17 16:57:22          385564      114701       81227          78      189635      268216
2022-05-17 16:57:32          385564      114702       81227          78      189635      268216
2022-05-17 16:57:42          385564      114702       81226          78      189635      268215
2022-05-17 16:57:52          385564      114702       81226          78      189635      268215
2022-05-17 16:58:02          385564      115037       80891          78      189635      267881
2022-05-17 16:58:12          385564      115746       80181          78      189635      267171
2022-05-17 16:58:22          385564      115721       80207          78      189635      267197
2022-05-17 16:58:32          385564      115376       80552          78      189635      267543
2022-05-17 16:58:42          385564      115288       80639          78      189635      267629
2022-05-17 16:58:52          385564      115289       80638          78      189636      267629
2022-05-17 16:59:02          385564      115287       80640          78      189636      267631
2022-05-17 16:59:12          385564      115285       80642          78      189636      267632
2022-05-17 16:59:22          385564      115283       80643          78      189636      267634
2022-05-17 16:59:32          385564      115284       80643          78      189636      267633
2022-05-17 16:59:42          385564      115282       80644          78      189636      267635
2022-05-17 16:59:52          385564      114796       81130          78      189636      268122
2022-05-17 17:00:02          385564      114801       81124          78      189637      268117
2022-05-17 17:00:12          385564      114804       81123          78      189636      268114
2022-05-17 17:00:22          385564      114802       81124          78      189636      268115
2022-05-17 17:00:32          385564      114801       81125          78      189636      268116
2022-05-17 17:00:42          385564      114800       81126          78      189637      268117
2022-05-17 17:00:52          385564      114799       81127          78      189637      268118
2022-05-17 17:01:02          385564      114798       81128          78      189637      268120
2022-05-17 17:01:12          385564      114796       81374          78      189393      268121
2022-05-17 17:01:22          385564      114795       81375          78      189393      268122
2022-05-17 17:01:32          385564      111542       84445          78      189576      271368
2022-05-17 17:01:42          385564        3884      192278          66      189401      379045
2022-05-17 17:01:52          385564        3884      192278          66      189401      379045
2022-05-17 17:02:02          385564        3882      192280          66      189401      379047
2022-05-17 17:02:12          385564        3881      192281          66      189401      379048
2022-05-17 17:02:22          385564        3880      192282          66      189401      379049
2022-05-17 17:02:32          385564        3879      192283          66      189401      379050
2022-05-17 17:02:42          385564        3877      192284          66      189401      379052
2022-05-17 17:02:52          385564        3876      192286          66      189401      379053
2022-05-17 17:03:02          385564        3875      192286          66      189401      379054
2022-05-17 17:03:12          385564        3874      192288          66      189401      379055
2022-05-17 17:03:22          385564        3872      192290          66      189401      379057
2022-05-17 17:03:32          385564        3870      192292          66      189401      379059
2022-05-17 17:03:42          385564        3868      192294          66      189401      379061
2022-05-17 17:03:52          385564        3868      192294          66      189401      379061
2022-05-17 17:04:02          385564        3867      192295          66      189401      379062
2022-05-17 17:04:12          385564        3865      192296          66      189401      379064
2022-05-17 17:04:22          385564        3866      192296          66      189401      379063
2022-05-17 17:04:32          385564        3865      192297          66      189401      379064
2022-05-17 17:04:42          385564        3864      192298          66      189401      379065
2022-05-17 17:04:52          385564        3795      192367          66      189401      379135
2022-05-17 17:05:02          385564        3795      192366          66      189401      379134
2022-05-17 17:05:12          385564        3794      192368          66      189401      379136
2022-05-17 17:05:22          385564        3792      192369          66      189401      379137
2022-05-17 17:05:32          385564        3791      192371          66      189401      379138
2022-05-17 17:05:42          385564        3790      192372          66      189401      379139
2022-05-17 17:05:52          385564        3790      192372          66      189401      379139
2022-05-17 17:06:02          385564        3789      192373          66      189401      379140
2022-05-17 17:06:12          385564        3788      192374          66      189401      379141
2022-05-17 17:06:22          385564        3787      192374          66      189401      379142
2022-05-17 17:06:32          385564        3787      192375          66      189401      379142
2022-05-17 17:06:42          385564        3785      192376          66      189401      379144
2022-05-17 17:06:52          385564        3785      192377          66      189401      379144
2022-05-17 17:07:02          385564        3784      192378          66      189401      379145
2022-05-17 17:07:12          385564        3782      192380          66      189401      379147
2022-05-17 17:07:22          385564        3781      192381          66      189401      379148
2022-05-17 17:07:32          385564        3780      192381          66      189401      379149
2022-05-17 17:07:42          385564        3804      192354          66      189405      379125
2022-05-17 17:07:52          385564        3802      192356          66      189405      379127
2022-05-17 17:08:02          385564        3802      192356          66      189405      379127
2022-05-17 17:08:12          385564        3801      192357          66      189405      379128
2022-05-17 17:08:22          385564        3800      192358          66      189405      379129
2022-05-17 17:08:32          385564        3799      192359          66      189405      379130
2022-05-17 17:08:42          385564        3799      192359          66      189405      379130
2022-05-17 17:08:52          385564        3799      192359          66      189405      379130
2022-05-17 17:09:02          385564        3799      192359          66      189405      379130
2022-05-17 17:09:12          385564        3799      192359          66      189405      379130
2022-05-17 17:09:22          385564        3799      192359          66      189405      379130
2022-05-17 17:09:32          385564        3800      192359          66      189405      379129
2022-05-17 17:09:42          385564        3799      192359          66      189405      379130
2022-05-17 17:09:52          385564        3799      192359          66      189405      379130
2022-05-17 17:10:02          385564        3803      192355          66      189405      379126
2022-05-17 17:10:12          385564        3801      192357          66      189405      379128
2022-05-17 17:10:23          385564        3801      192357          66      189405      379128
2022-05-17 17:10:33          385564        3801      192357          66      189405      379128
2022-05-17 17:10:43          385564        3801      192358          66      189405      379129
2022-05-17 17:10:53          385564        3799      192359          66      189405      379130
2022-05-17 17:11:03          385564        3798      192360          66      189405      379131
2022-05-17 17:11:13          385564        3797      192361          66      189405      379132
2022-05-17 17:11:23          385564        3796      192362          66      189405      379133
2022-05-17 17:11:33          385564        3795      192363          66      189405      379134
2022-05-17 17:11:43          385564        3794      192364          66      189405      379135
2022-05-17 17:11:53          385564        3794      192364          66      189405      379135
2022-05-17 17:12:03          385564        3794      192364          66      189405      379135
2022-05-17 17:12:13          385564        3793      192365          66      189405      379136
2022-05-17 17:12:23          385564        3793      192365          66      189405      379136
2022-05-17 17:12:33          385564        3793      192365          66      189405      379136
2022-05-17 17:12:43          385564        3793      192365          66      189405      379136
2022-05-17 17:12:53          385564        3793      192365          66      189405      379136
2022-05-17 17:13:03          385564        3793      192365          66      189405      379136
2022-05-17 17:13:13          385564        3793      192365          66      189405      379136
2022-05-17 17:13:23          385564        3793      192365          66      189405      379136
2022-05-17 17:13:33          385564        3792      192366          66      189405      379137
2022-05-17 17:13:43          385564        3792      192366          66      189405      379137
2022-05-17 17:13:53          385564        3791      192367          66      189405      379138
2022-05-17 17:14:03          385564        3790      192368          66      189405      379139
2022-05-17 17:14:13          385564        3790      192368          66      189405      379139
2022-05-17 17:14:23          385564        3790      192368          66      189405      379139
2022-05-17 17:14:33          385564        3790      192368          66      189405      379139
2022-05-17 17:14:43          385564        3789      192369          66      189405      379140
2022-05-17 17:14:53          385564        3789      192369          66      189405      379140
2022-05-17 17:15:03          385564        3797      192361          66      189405      379132
2022-05-17 17:15:13          385564        3794      192364          66      189405      379135
2022-05-17 17:15:23          385564        3794      192364          66      189405      379135
2022-05-17 17:15:33          385564        3793      192365          66      189405      379136
2022-05-17 17:15:43          385564        3793      192365          66      189405      379136
2022-05-17 17:15:53          385564        3793      192365          66      189405      379136
2022-05-17 17:16:03          385564        3792      192366          66      189405      379137
2022-05-17 17:16:13          385564        3792      192366          66      189405      379137
2022-05-17 17:16:23          385564        3791      192367          66      189405      379138
2022-05-17 17:16:33          385564        3790      192368          66      189405      379139
2022-05-17 17:16:43          385564        3790      192368          66      189405      379139
2022-05-17 17:16:53          385564        3789      192369          66      189405      379140
2022-05-17 17:17:03          385564        3788      192370          66      189405      379141
2022-05-17 17:17:13          385564        3787      192371          66      189405      379142
2022-05-17 17:17:23          385564        3787      192371          66      189405      379142
2022-05-17 17:17:33          385564        3787      192371          66      189405      379142
2022-05-17 17:17:43          385564        3786      192372          66      189405      379143
2022-05-17 17:17:53          385564        3787      192371          66      189405      379142
2022-05-17 17:18:03          385564        4844      191314          66      189405      378085
