14:02 INFO    : Running for label 'AT2017gfo', output will be saved to 'GPout/GPnoTF2/'
14:02 INFO    : Running for label 'AT2017gfo', output will be saved to 'GPout/GPnoTF2/'
14:02 INFO    : Running for label 'AT2017gfo', output will be saved to 'GPout/GPnoTF2/'
14:02 INFO    : Running for label 'AT2017gfo', output will be saved to 'GPout/GPnoTF2/'
14:02 INFO    : Running for label 'AT2017gfo', output will be saved to 'GPout/GPnoTF2/'
14:02 INFO    : Running for label 'AT2017gfo', output will be saved to 'GPout/GPnoTF2/'
14:02 INFO    : Running for label 'AT2017gfo', output will be saved to 'GPout/GPnoTF2/'
14:02 INFO    : Running for label 'AT2017gfo', output will be saved to 'GPout/GPnoTF2/'
14:02 INFO    : Running for label 'AT2017gfo', output will be saved to 'GPout/GPnoTF2/'
14:02 INFO    : Running for label 'AT2017gfo', output will be saved to 'GPout/GPnoTF2/'
14:02 INFO    : Running for label 'AT2017gfo', output will be saved to 'GPout/GPnoTF2/'
14:02 INFO    : Running for label 'AT2017gfo', output will be saved to 'GPout/GPnoTF2/'
14:02 INFO    : Running for label 'AT2017gfo', output will be saved to 'GPout/GPnoTF2/'
14:02 INFO    : Running for label 'AT2017gfo', output will be saved to 'GPout/GPnoTF2/'
14:02 INFO    : Running for label 'AT2017gfo', output will be saved to 'GPout/GPnoTF2/'
14:02 INFO    : Running for label 'AT2017gfo', output will be saved to 'GPout/GPnoTF2/'
14:02 INFO    : Running for label 'AT2017gfo', output will be saved to 'GPout/GPnoTF2/'
14:02 INFO    : Running for label 'AT2017gfo', output will be saved to 'GPout/GPnoTF2/'
14:02 INFO    : Running for label 'AT2017gfo', output will be saved to 'GPout/GPnoTF2/'
14:02 INFO    : Running for label 'AT2017gfo', output will be saved to 'GPout/GPnoTF2/'
14:02 INFO    : Running for label 'AT2017gfo', output will be saved to 'GPout/GPnoTF2/'
14:02 INFO    : Running for label 'AT2017gfo', output will be saved to 'GPout/GPnoTF2/'
14:02 INFO    : Running for label 'AT2017gfo', output will be saved to 'GPout/GPnoTF2/'
14:02 INFO    : Running for label 'AT2017gfo', output will be saved to 'GPout/GPnoTF2/'
14:02 INFO    : Running for label 'AT2017gfo', output will be saved to 'GPout/GPnoTF2/'
14:02 INFO    : Running for label 'AT2017gfo', output will be saved to 'GPout/GPnoTF2/'
14:02 INFO    : Running for label 'AT2017gfo', output will be saved to 'GPout/GPnoTF2/'
14:02 INFO    : Running for label 'AT2017gfo', output will be saved to 'GPout/GPnoTF2/'
14:02 INFO    : Running for label 'AT2017gfo', output will be saved to 'GPout/GPnoTF2/'
14:02 INFO    : Running for label 'AT2017gfo', output will be saved to 'GPout/GPnoTF2/'
14:02 INFO    : Running for label 'AT2017gfo', output will be saved to 'GPout/GPnoTF2/'
14:02 INFO    : Running for label 'AT2017gfo', output will be saved to 'GPout/GPnoTF2/'
14:02 INFO    : Running for label 'AT2017gfo', output will be saved to 'GPout/GPnoTF2/'
14:02 INFO    : Running for label 'AT2017gfo', output will be saved to 'GPout/GPnoTF2/'
14:02 INFO    : Running for label 'AT2017gfo', output will be saved to 'GPout/GPnoTF2/'
14:02 INFO    : Running for label 'AT2017gfo', output will be saved to 'GPout/GPnoTF2/'
14:02 INFO    : Running for label 'AT2017gfo', output will be saved to 'GPout/GPnoTF2/'
14:02 INFO    : Running for label 'AT2017gfo', output will be saved to 'GPout/GPnoTF2/'
14:02 INFO    : Running for label 'AT2017gfo', output will be saved to 'GPout/GPnoTF2/'
14:02 INFO    : Running for label 'AT2017gfo', output will be saved to 'GPout/GPnoTF2/'
14:02 INFO    : Search parameters:
14:02 INFO    :   luminosity_distance = Uniform(minimum=0.0, maximum=200.0, name='luminosity_distance', latex_label='$D_L$', unit=None, boundary=None)
14:02 INFO    :   KNphi = Uniform(minimum=15.0, maximum=75.0, name='KNphi', latex_label='$\\Phi$', unit=None, boundary=None)
14:02 INFO    :   inclination_EM = Sine(minimum=0.0, maximum=1.5707963267948966, name='inclination_EM', latex_label='$\\iota$', unit=None, boundary=None)
14:02 INFO    :   KNtimeshift = Uniform(minimum=-2.0, maximum=1.0, name='trigger_time', latex_label='$t_0$', unit=None, boundary=None)
14:02 INFO    :   log10_mej_dyn = Uniform(minimum=-3.0, maximum=-1.0, name='log10_mej_dyn', latex_label='$\\log_{10}M^{\\rm{dyn}}_{\\rm{ej}}$', unit=None, boundary=None)
14:02 INFO    :   log10_mej_wind = Uniform(minimum=-3.0, maximum=-0.5, name='log10_mej_wind', latex_label='$\\log_{10}M^{\\rm{wind}}_{\\rm{ej}}$', unit=None, boundary=None)
14:02 INFO    :   Ebv = 0.0
14:02 WARNING : Supplied argument 'npool' not an argument of 'Pymultinest', removing.
14:02 WARNING : Supplied argument 'queue_size' not an argument of 'Pymultinest', removing.
14:02 WARNING : Supplied argument 'check_point_delta_t' not an argument of 'Pymultinest', removing.
14:02 INFO    : Using sampler Pymultinest with kwargs {'importance_nested_sampling': False, 'resume': True, 'verbose': True, 'sampling_efficiency': 'parameter', 'n_live_points': 2048, 'n_params': 6, 'n_clustering_params': None, 'wrapped_params': None, 'multimodal': True, 'const_efficiency_mode': False, 'evidence_tolerance': 0.5, 'n_iter_before_update': 100, 'null_log_evidence': -1e+90, 'max_modes': 100, 'mode_tolerance': -1e+90, 'seed': 42, 'context': 0, 'write_output': True, 'log_zero': -1e+100, 'max_iter': 0, 'init_MPI': False, 'dump_callback': <bound method Pymultinest._dump_callback of <bilby.core.sampler.pymultinest.Pymultinest object at 0x7fea71e76940>>}
14:02 INFO    : Temporary directory incompatible with MPI, will run in original directory
14:02 INFO    : Search parameters:
14:02 INFO    : Using output file GPout/GPnoTF2//pm_AT2017gfo/
14:02 INFO    :   luminosity_distance = Uniform(minimum=0.0, maximum=200.0, name='luminosity_distance', latex_label='$D_L$', unit=None, boundary=None)
14:02 INFO    :   KNphi = Uniform(minimum=15.0, maximum=75.0, name='KNphi', latex_label='$\\Phi$', unit=None, boundary=None)
14:02 INFO    :   inclination_EM = Sine(minimum=0.0, maximum=1.5707963267948966, name='inclination_EM', latex_label='$\\iota$', unit=None, boundary=None)
14:02 INFO    :   KNtimeshift = Uniform(minimum=-2.0, maximum=1.0, name='trigger_time', latex_label='$t_0$', unit=None, boundary=None)
14:02 INFO    :   log10_mej_dyn = Uniform(minimum=-3.0, maximum=-1.0, name='log10_mej_dyn', latex_label='$\\log_{10}M^{\\rm{dyn}}_{\\rm{ej}}$', unit=None, boundary=None)
14:02 INFO    :   log10_mej_wind = Uniform(minimum=-3.0, maximum=-0.5, name='log10_mej_wind', latex_label='$\\log_{10}M^{\\rm{wind}}_{\\rm{ej}}$', unit=None, boundary=None)
14:02 INFO    :   Ebv = 0.0
14:02 INFO    : Search parameters:
14:02 WARNING : Supplied argument 'npool' not an argument of 'Pymultinest', removing.
14:02 WARNING : Supplied argument 'queue_size' not an argument of 'Pymultinest', removing.
14:02 WARNING : Supplied argument 'check_point_delta_t' not an argument of 'Pymultinest', removing.
14:02 INFO    : Using sampler Pymultinest with kwargs {'importance_nested_sampling': False, 'resume': True, 'verbose': True, 'sampling_efficiency': 'parameter', 'n_live_points': 2048, 'n_params': 6, 'n_clustering_params': None, 'wrapped_params': None, 'multimodal': True, 'const_efficiency_mode': False, 'evidence_tolerance': 0.5, 'n_iter_before_update': 100, 'null_log_evidence': -1e+90, 'max_modes': 100, 'mode_tolerance': -1e+90, 'seed': 42, 'context': 0, 'write_output': True, 'log_zero': -1e+100, 'max_iter': 0, 'init_MPI': False, 'dump_callback': <bound method Pymultinest._dump_callback of <bilby.core.sampler.pymultinest.Pymultinest object at 0x7fee610319d0>>}
14:02 INFO    :   luminosity_distance = Uniform(minimum=0.0, maximum=200.0, name='luminosity_distance', latex_label='$D_L$', unit=None, boundary=None)
14:02 INFO    :   KNphi = Uniform(minimum=15.0, maximum=75.0, name='KNphi', latex_label='$\\Phi$', unit=None, boundary=None)
14:02 INFO    : Temporary directory incompatible with MPI, will run in original directory
14:02 INFO    : Using output file GPout/GPnoTF2//pm_AT2017gfo/
14:02 INFO    :   inclination_EM = Sine(minimum=0.0, maximum=1.5707963267948966, name='inclination_EM', latex_label='$\\iota$', unit=None, boundary=None)
14:02 INFO    :   KNtimeshift = Uniform(minimum=-2.0, maximum=1.0, name='trigger_time', latex_label='$t_0$', unit=None, boundary=None)
14:02 INFO    :   log10_mej_dyn = Uniform(minimum=-3.0, maximum=-1.0, name='log10_mej_dyn', latex_label='$\\log_{10}M^{\\rm{dyn}}_{\\rm{ej}}$', unit=None, boundary=None)
14:02 INFO    :   log10_mej_wind = Uniform(minimum=-3.0, maximum=-0.5, name='log10_mej_wind', latex_label='$\\log_{10}M^{\\rm{wind}}_{\\rm{ej}}$', unit=None, boundary=None)
14:02 INFO    :   Ebv = 0.0
14:02 WARNING : Supplied argument 'npool' not an argument of 'Pymultinest', removing.
14:02 WARNING : Supplied argument 'queue_size' not an argument of 'Pymultinest', removing.
14:02 WARNING : Supplied argument 'check_point_delta_t' not an argument of 'Pymultinest', removing.
14:02 INFO    : Using sampler Pymultinest with kwargs {'importance_nested_sampling': False, 'resume': True, 'verbose': True, 'sampling_efficiency': 'parameter', 'n_live_points': 2048, 'n_params': 6, 'n_clustering_params': None, 'wrapped_params': None, 'multimodal': True, 'const_efficiency_mode': False, 'evidence_tolerance': 0.5, 'n_iter_before_update': 100, 'null_log_evidence': -1e+90, 'max_modes': 100, 'mode_tolerance': -1e+90, 'seed': 42, 'context': 0, 'write_output': True, 'log_zero': -1e+100, 'max_iter': 0, 'init_MPI': False, 'dump_callback': <bound method Pymultinest._dump_callback of <bilby.core.sampler.pymultinest.Pymultinest object at 0x7eff32d10460>>}
14:02 INFO    : Temporary directory incompatible with MPI, will run in original directory
14:02 INFO    : Using output file GPout/GPnoTF2//pm_AT2017gfo/
14:02 INFO    : Search parameters:
14:02 INFO    : Search parameters:
14:02 INFO    :   luminosity_distance = Uniform(minimum=0.0, maximum=200.0, name='luminosity_distance', latex_label='$D_L$', unit=None, boundary=None)
14:02 INFO    :   luminosity_distance = Uniform(minimum=0.0, maximum=200.0, name='luminosity_distance', latex_label='$D_L$', unit=None, boundary=None)
14:02 INFO    :   KNphi = Uniform(minimum=15.0, maximum=75.0, name='KNphi', latex_label='$\\Phi$', unit=None, boundary=None)
14:02 INFO    : Search parameters:
14:02 INFO    :   KNphi = Uniform(minimum=15.0, maximum=75.0, name='KNphi', latex_label='$\\Phi$', unit=None, boundary=None)
14:02 INFO    :   inclination_EM = Sine(minimum=0.0, maximum=1.5707963267948966, name='inclination_EM', latex_label='$\\iota$', unit=None, boundary=None)
14:02 INFO    :   inclination_EM = Sine(minimum=0.0, maximum=1.5707963267948966, name='inclination_EM', latex_label='$\\iota$', unit=None, boundary=None)
14:02 INFO    :   KNtimeshift = Uniform(minimum=-2.0, maximum=1.0, name='trigger_time', latex_label='$t_0$', unit=None, boundary=None)
14:02 INFO    :   luminosity_distance = Uniform(minimum=0.0, maximum=200.0, name='luminosity_distance', latex_label='$D_L$', unit=None, boundary=None)
14:02 INFO    :   KNtimeshift = Uniform(minimum=-2.0, maximum=1.0, name='trigger_time', latex_label='$t_0$', unit=None, boundary=None)
14:02 INFO    :   log10_mej_dyn = Uniform(minimum=-3.0, maximum=-1.0, name='log10_mej_dyn', latex_label='$\\log_{10}M^{\\rm{dyn}}_{\\rm{ej}}$', unit=None, boundary=None)
14:02 INFO    :   KNphi = Uniform(minimum=15.0, maximum=75.0, name='KNphi', latex_label='$\\Phi$', unit=None, boundary=None)
14:02 INFO    :   log10_mej_dyn = Uniform(minimum=-3.0, maximum=-1.0, name='log10_mej_dyn', latex_label='$\\log_{10}M^{\\rm{dyn}}_{\\rm{ej}}$', unit=None, boundary=None)
14:02 INFO    :   log10_mej_wind = Uniform(minimum=-3.0, maximum=-0.5, name='log10_mej_wind', latex_label='$\\log_{10}M^{\\rm{wind}}_{\\rm{ej}}$', unit=None, boundary=None)
14:02 INFO    :   Ebv = 0.0
14:02 INFO    :   inclination_EM = Sine(minimum=0.0, maximum=1.5707963267948966, name='inclination_EM', latex_label='$\\iota$', unit=None, boundary=None)
14:02 INFO    :   log10_mej_wind = Uniform(minimum=-3.0, maximum=-0.5, name='log10_mej_wind', latex_label='$\\log_{10}M^{\\rm{wind}}_{\\rm{ej}}$', unit=None, boundary=None)
14:02 WARNING : Supplied argument 'npool' not an argument of 'Pymultinest', removing.
14:02 INFO    :   Ebv = 0.0
14:02 WARNING : Supplied argument 'queue_size' not an argument of 'Pymultinest', removing.
14:02 INFO    :   KNtimeshift = Uniform(minimum=-2.0, maximum=1.0, name='trigger_time', latex_label='$t_0$', unit=None, boundary=None)
14:02 WARNING : Supplied argument 'check_point_delta_t' not an argument of 'Pymultinest', removing.
14:02 WARNING : Supplied argument 'npool' not an argument of 'Pymultinest', removing.
14:02 INFO    : Using sampler Pymultinest with kwargs {'importance_nested_sampling': False, 'resume': True, 'verbose': True, 'sampling_efficiency': 'parameter', 'n_live_points': 2048, 'n_params': 6, 'n_clustering_params': None, 'wrapped_params': None, 'multimodal': True, 'const_efficiency_mode': False, 'evidence_tolerance': 0.5, 'n_iter_before_update': 100, 'null_log_evidence': -1e+90, 'max_modes': 100, 'mode_tolerance': -1e+90, 'seed': 42, 'context': 0, 'write_output': True, 'log_zero': -1e+100, 'max_iter': 0, 'init_MPI': False, 'dump_callback': <bound method Pymultinest._dump_callback of <bilby.core.sampler.pymultinest.Pymultinest object at 0x7f01d2e96be0>>}
14:02 INFO    :   log10_mej_dyn = Uniform(minimum=-3.0, maximum=-1.0, name='log10_mej_dyn', latex_label='$\\log_{10}M^{\\rm{dyn}}_{\\rm{ej}}$', unit=None, boundary=None)
14:02 WARNING : Supplied argument 'queue_size' not an argument of 'Pymultinest', removing.
14:02 WARNING : Supplied argument 'check_point_delta_t' not an argument of 'Pymultinest', removing.
14:02 INFO    :   log10_mej_wind = Uniform(minimum=-3.0, maximum=-0.5, name='log10_mej_wind', latex_label='$\\log_{10}M^{\\rm{wind}}_{\\rm{ej}}$', unit=None, boundary=None)
14:02 INFO    :   Ebv = 0.0
14:02 INFO    : Using sampler Pymultinest with kwargs {'importance_nested_sampling': False, 'resume': True, 'verbose': True, 'sampling_efficiency': 'parameter', 'n_live_points': 2048, 'n_params': 6, 'n_clustering_params': None, 'wrapped_params': None, 'multimodal': True, 'const_efficiency_mode': False, 'evidence_tolerance': 0.5, 'n_iter_before_update': 100, 'null_log_evidence': -1e+90, 'max_modes': 100, 'mode_tolerance': -1e+90, 'seed': 42, 'context': 0, 'write_output': True, 'log_zero': -1e+100, 'max_iter': 0, 'init_MPI': False, 'dump_callback': <bound method Pymultinest._dump_callback of <bilby.core.sampler.pymultinest.Pymultinest object at 0x7ff56031e910>>}
14:02 INFO    : Temporary directory incompatible with MPI, will run in original directory
14:02 WARNING : Supplied argument 'npool' not an argument of 'Pymultinest', removing.
14:02 WARNING : Supplied argument 'queue_size' not an argument of 'Pymultinest', removing.
14:02 WARNING : Supplied argument 'check_point_delta_t' not an argument of 'Pymultinest', removing.
14:02 INFO    : Using output file GPout/GPnoTF2//pm_AT2017gfo/
14:02 INFO    : Using sampler Pymultinest with kwargs {'importance_nested_sampling': False, 'resume': True, 'verbose': True, 'sampling_efficiency': 'parameter', 'n_live_points': 2048, 'n_params': 6, 'n_clustering_params': None, 'wrapped_params': None, 'multimodal': True, 'const_efficiency_mode': False, 'evidence_tolerance': 0.5, 'n_iter_before_update': 100, 'null_log_evidence': -1e+90, 'max_modes': 100, 'mode_tolerance': -1e+90, 'seed': 42, 'context': 0, 'write_output': True, 'log_zero': -1e+100, 'max_iter': 0, 'init_MPI': False, 'dump_callback': <bound method Pymultinest._dump_callback of <bilby.core.sampler.pymultinest.Pymultinest object at 0x7f35e92e7460>>}
14:02 INFO    : Temporary directory incompatible with MPI, will run in original directory
14:02 INFO    : Using output file GPout/GPnoTF2//pm_AT2017gfo/
14:02 INFO    : Search parameters:
14:02 INFO    : Temporary directory incompatible with MPI, will run in original directory
14:02 INFO    : Using output file GPout/GPnoTF2//pm_AT2017gfo/
14:02 INFO    :   luminosity_distance = Uniform(minimum=0.0, maximum=200.0, name='luminosity_distance', latex_label='$D_L$', unit=None, boundary=None)
14:02 INFO    :   KNphi = Uniform(minimum=15.0, maximum=75.0, name='KNphi', latex_label='$\\Phi$', unit=None, boundary=None)
14:02 INFO    :   inclination_EM = Sine(minimum=0.0, maximum=1.5707963267948966, name='inclination_EM', latex_label='$\\iota$', unit=None, boundary=None)
14:02 INFO    :   KNtimeshift = Uniform(minimum=-2.0, maximum=1.0, name='trigger_time', latex_label='$t_0$', unit=None, boundary=None)
14:02 INFO    :   log10_mej_dyn = Uniform(minimum=-3.0, maximum=-1.0, name='log10_mej_dyn', latex_label='$\\log_{10}M^{\\rm{dyn}}_{\\rm{ej}}$', unit=None, boundary=None)
14:02 INFO    :   log10_mej_wind = Uniform(minimum=-3.0, maximum=-0.5, name='log10_mej_wind', latex_label='$\\log_{10}M^{\\rm{wind}}_{\\rm{ej}}$', unit=None, boundary=None)
14:02 INFO    :   Ebv = 0.0
14:02 WARNING : Supplied argument 'npool' not an argument of 'Pymultinest', removing.
14:02 WARNING : Supplied argument 'queue_size' not an argument of 'Pymultinest', removing.
14:02 WARNING : Supplied argument 'check_point_delta_t' not an argument of 'Pymultinest', removing.
14:02 INFO    : Using sampler Pymultinest with kwargs {'importance_nested_sampling': False, 'resume': True, 'verbose': True, 'sampling_efficiency': 'parameter', 'n_live_points': 2048, 'n_params': 6, 'n_clustering_params': None, 'wrapped_params': None, 'multimodal': True, 'const_efficiency_mode': False, 'evidence_tolerance': 0.5, 'n_iter_before_update': 100, 'null_log_evidence': -1e+90, 'max_modes': 100, 'mode_tolerance': -1e+90, 'seed': 42, 'context': 0, 'write_output': True, 'log_zero': -1e+100, 'max_iter': 0, 'init_MPI': False, 'dump_callback': <bound method Pymultinest._dump_callback of <bilby.core.sampler.pymultinest.Pymultinest object at 0x7efe15c086a0>>}
14:02 INFO    : Temporary directory incompatible with MPI, will run in original directory
14:02 INFO    : Using output file GPout/GPnoTF2//pm_AT2017gfo/
14:02 INFO    : Search parameters:
14:02 INFO    :   luminosity_distance = Uniform(minimum=0.0, maximum=200.0, name='luminosity_distance', latex_label='$D_L$', unit=None, boundary=None)
14:02 INFO    :   KNphi = Uniform(minimum=15.0, maximum=75.0, name='KNphi', latex_label='$\\Phi$', unit=None, boundary=None)
14:02 INFO    : Search parameters:
14:02 INFO    :   inclination_EM = Sine(minimum=0.0, maximum=1.5707963267948966, name='inclination_EM', latex_label='$\\iota$', unit=None, boundary=None)
14:02 INFO    :   KNtimeshift = Uniform(minimum=-2.0, maximum=1.0, name='trigger_time', latex_label='$t_0$', unit=None, boundary=None)
14:02 INFO    :   luminosity_distance = Uniform(minimum=0.0, maximum=200.0, name='luminosity_distance', latex_label='$D_L$', unit=None, boundary=None)
14:02 INFO    :   log10_mej_dyn = Uniform(minimum=-3.0, maximum=-1.0, name='log10_mej_dyn', latex_label='$\\log_{10}M^{\\rm{dyn}}_{\\rm{ej}}$', unit=None, boundary=None)
14:02 INFO    : Search parameters:
14:02 INFO    :   KNphi = Uniform(minimum=15.0, maximum=75.0, name='KNphi', latex_label='$\\Phi$', unit=None, boundary=None)
14:02 INFO    :   log10_mej_wind = Uniform(minimum=-3.0, maximum=-0.5, name='log10_mej_wind', latex_label='$\\log_{10}M^{\\rm{wind}}_{\\rm{ej}}$', unit=None, boundary=None)
14:02 INFO    :   Ebv = 0.0
14:02 INFO    :   inclination_EM = Sine(minimum=0.0, maximum=1.5707963267948966, name='inclination_EM', latex_label='$\\iota$', unit=None, boundary=None)
14:02 WARNING : Supplied argument 'npool' not an argument of 'Pymultinest', removing.
14:02 WARNING : Supplied argument 'queue_size' not an argument of 'Pymultinest', removing.
14:02 WARNING : Supplied argument 'check_point_delta_t' not an argument of 'Pymultinest', removing.
14:02 INFO    :   luminosity_distance = Uniform(minimum=0.0, maximum=200.0, name='luminosity_distance', latex_label='$D_L$', unit=None, boundary=None)
14:02 INFO    :   KNtimeshift = Uniform(minimum=-2.0, maximum=1.0, name='trigger_time', latex_label='$t_0$', unit=None, boundary=None)
14:02 INFO    : Using sampler Pymultinest with kwargs {'importance_nested_sampling': False, 'resume': True, 'verbose': True, 'sampling_efficiency': 'parameter', 'n_live_points': 2048, 'n_params': 6, 'n_clustering_params': None, 'wrapped_params': None, 'multimodal': True, 'const_efficiency_mode': False, 'evidence_tolerance': 0.5, 'n_iter_before_update': 100, 'null_log_evidence': -1e+90, 'max_modes': 100, 'mode_tolerance': -1e+90, 'seed': 42, 'context': 0, 'write_output': True, 'log_zero': -1e+100, 'max_iter': 0, 'init_MPI': False, 'dump_callback': <bound method Pymultinest._dump_callback of <bilby.core.sampler.pymultinest.Pymultinest object at 0x7f9624a59460>>}
14:02 INFO    : Search parameters:
14:02 INFO    :   KNphi = Uniform(minimum=15.0, maximum=75.0, name='KNphi', latex_label='$\\Phi$', unit=None, boundary=None)
14:02 INFO    :   log10_mej_dyn = Uniform(minimum=-3.0, maximum=-1.0, name='log10_mej_dyn', latex_label='$\\log_{10}M^{\\rm{dyn}}_{\\rm{ej}}$', unit=None, boundary=None)
14:02 INFO    : Search parameters:
14:02 INFO    : Search parameters:
14:02 INFO    :   log10_mej_wind = Uniform(minimum=-3.0, maximum=-0.5, name='log10_mej_wind', latex_label='$\\log_{10}M^{\\rm{wind}}_{\\rm{ej}}$', unit=None, boundary=None)
14:02 INFO    :   inclination_EM = Sine(minimum=0.0, maximum=1.5707963267948966, name='inclination_EM', latex_label='$\\iota$', unit=None, boundary=None)
14:02 INFO    : Temporary directory incompatible with MPI, will run in original directory
14:02 INFO    :   Ebv = 0.0
14:02 INFO    :   luminosity_distance = Uniform(minimum=0.0, maximum=200.0, name='luminosity_distance', latex_label='$D_L$', unit=None, boundary=None)
14:02 INFO    :   KNtimeshift = Uniform(minimum=-2.0, maximum=1.0, name='trigger_time', latex_label='$t_0$', unit=None, boundary=None)
14:02 INFO    : Using output file GPout/GPnoTF2//pm_AT2017gfo/
14:02 WARNING : Supplied argument 'npool' not an argument of 'Pymultinest', removing.
14:02 INFO    :   luminosity_distance = Uniform(minimum=0.0, maximum=200.0, name='luminosity_distance', latex_label='$D_L$', unit=None, boundary=None)
14:02 WARNING : Supplied argument 'queue_size' not an argument of 'Pymultinest', removing.
14:02 WARNING : Supplied argument 'check_point_delta_t' not an argument of 'Pymultinest', removing.
14:02 INFO    :   KNphi = Uniform(minimum=15.0, maximum=75.0, name='KNphi', latex_label='$\\Phi$', unit=None, boundary=None)
14:02 INFO    :   log10_mej_dyn = Uniform(minimum=-3.0, maximum=-1.0, name='log10_mej_dyn', latex_label='$\\log_{10}M^{\\rm{dyn}}_{\\rm{ej}}$', unit=None, boundary=None)
14:02 INFO    :   luminosity_distance = Uniform(minimum=0.0, maximum=200.0, name='luminosity_distance', latex_label='$D_L$', unit=None, boundary=None)
14:02 INFO    :   KNphi = Uniform(minimum=15.0, maximum=75.0, name='KNphi', latex_label='$\\Phi$', unit=None, boundary=None)
14:02 INFO    : Using sampler Pymultinest with kwargs {'importance_nested_sampling': False, 'resume': True, 'verbose': True, 'sampling_efficiency': 'parameter', 'n_live_points': 2048, 'n_params': 6, 'n_clustering_params': None, 'wrapped_params': None, 'multimodal': True, 'const_efficiency_mode': False, 'evidence_tolerance': 0.5, 'n_iter_before_update': 100, 'null_log_evidence': -1e+90, 'max_modes': 100, 'mode_tolerance': -1e+90, 'seed': 42, 'context': 0, 'write_output': True, 'log_zero': -1e+100, 'max_iter': 0, 'init_MPI': False, 'dump_callback': <bound method Pymultinest._dump_callback of <bilby.core.sampler.pymultinest.Pymultinest object at 0x7fca81b38a30>>}
14:02 INFO    :   inclination_EM = Sine(minimum=0.0, maximum=1.5707963267948966, name='inclination_EM', latex_label='$\\iota$', unit=None, boundary=None)
14:02 INFO    :   log10_mej_wind = Uniform(minimum=-3.0, maximum=-0.5, name='log10_mej_wind', latex_label='$\\log_{10}M^{\\rm{wind}}_{\\rm{ej}}$', unit=None, boundary=None)
14:02 INFO    : Search parameters:
14:02 INFO    :   Ebv = 0.0
14:02 INFO    :   KNphi = Uniform(minimum=15.0, maximum=75.0, name='KNphi', latex_label='$\\Phi$', unit=None, boundary=None)
14:02 INFO    :   inclination_EM = Sine(minimum=0.0, maximum=1.5707963267948966, name='inclination_EM', latex_label='$\\iota$', unit=None, boundary=None)
14:02 INFO    :   KNtimeshift = Uniform(minimum=-2.0, maximum=1.0, name='trigger_time', latex_label='$t_0$', unit=None, boundary=None)
14:02 WARNING : Supplied argument 'npool' not an argument of 'Pymultinest', removing.
14:02 WARNING : Supplied argument 'queue_size' not an argument of 'Pymultinest', removing.
14:02 INFO    :   inclination_EM = Sine(minimum=0.0, maximum=1.5707963267948966, name='inclination_EM', latex_label='$\\iota$', unit=None, boundary=None)
14:02 WARNING : Supplied argument 'check_point_delta_t' not an argument of 'Pymultinest', removing.
14:02 INFO    :   KNtimeshift = Uniform(minimum=-2.0, maximum=1.0, name='trigger_time', latex_label='$t_0$', unit=None, boundary=None)
14:02 INFO    :   log10_mej_dyn = Uniform(minimum=-3.0, maximum=-1.0, name='log10_mej_dyn', latex_label='$\\log_{10}M^{\\rm{dyn}}_{\\rm{ej}}$', unit=None, boundary=None)
14:02 INFO    : Temporary directory incompatible with MPI, will run in original directory
14:02 INFO    :   luminosity_distance = Uniform(minimum=0.0, maximum=200.0, name='luminosity_distance', latex_label='$D_L$', unit=None, boundary=None)
14:02 INFO    : Using sampler Pymultinest with kwargs {'importance_nested_sampling': False, 'resume': True, 'verbose': True, 'sampling_efficiency': 'parameter', 'n_live_points': 2048, 'n_params': 6, 'n_clustering_params': None, 'wrapped_params': None, 'multimodal': True, 'const_efficiency_mode': False, 'evidence_tolerance': 0.5, 'n_iter_before_update': 100, 'null_log_evidence': -1e+90, 'max_modes': 100, 'mode_tolerance': -1e+90, 'seed': 42, 'context': 0, 'write_output': True, 'log_zero': -1e+100, 'max_iter': 0, 'init_MPI': False, 'dump_callback': <bound method Pymultinest._dump_callback of <bilby.core.sampler.pymultinest.Pymultinest object at 0x7fa95bcf7b50>>}
14:02 INFO    :   KNtimeshift = Uniform(minimum=-2.0, maximum=1.0, name='trigger_time', latex_label='$t_0$', unit=None, boundary=None)
14:02 INFO    :   log10_mej_dyn = Uniform(minimum=-3.0, maximum=-1.0, name='log10_mej_dyn', latex_label='$\\log_{10}M^{\\rm{dyn}}_{\\rm{ej}}$', unit=None, boundary=None)
14:02 INFO    :   log10_mej_wind = Uniform(minimum=-3.0, maximum=-0.5, name='log10_mej_wind', latex_label='$\\log_{10}M^{\\rm{wind}}_{\\rm{ej}}$', unit=None, boundary=None)
14:02 INFO    :   Ebv = 0.0
14:02 INFO    : Using output file GPout/GPnoTF2//pm_AT2017gfo/
14:02 INFO    :   KNphi = Uniform(minimum=15.0, maximum=75.0, name='KNphi', latex_label='$\\Phi$', unit=None, boundary=None)
14:02 INFO    :   log10_mej_dyn = Uniform(minimum=-3.0, maximum=-1.0, name='log10_mej_dyn', latex_label='$\\log_{10}M^{\\rm{dyn}}_{\\rm{ej}}$', unit=None, boundary=None)
14:02 INFO    :   log10_mej_wind = Uniform(minimum=-3.0, maximum=-0.5, name='log10_mej_wind', latex_label='$\\log_{10}M^{\\rm{wind}}_{\\rm{ej}}$', unit=None, boundary=None)
14:02 INFO    :   Ebv = 0.0
14:02 WARNING : Supplied argument 'npool' not an argument of 'Pymultinest', removing.
14:02 WARNING : Supplied argument 'queue_size' not an argument of 'Pymultinest', removing.
14:02 INFO    :   inclination_EM = Sine(minimum=0.0, maximum=1.5707963267948966, name='inclination_EM', latex_label='$\\iota$', unit=None, boundary=None)
14:02 INFO    :   log10_mej_wind = Uniform(minimum=-3.0, maximum=-0.5, name='log10_mej_wind', latex_label='$\\log_{10}M^{\\rm{wind}}_{\\rm{ej}}$', unit=None, boundary=None)
14:02 WARNING : Supplied argument 'check_point_delta_t' not an argument of 'Pymultinest', removing.
14:02 INFO    : Temporary directory incompatible with MPI, will run in original directory
14:02 INFO    :   Ebv = 0.0
14:02 WARNING : Supplied argument 'npool' not an argument of 'Pymultinest', removing.
14:02 WARNING : Supplied argument 'queue_size' not an argument of 'Pymultinest', removing.
14:02 WARNING : Supplied argument 'check_point_delta_t' not an argument of 'Pymultinest', removing.
14:02 INFO    :   KNtimeshift = Uniform(minimum=-2.0, maximum=1.0, name='trigger_time', latex_label='$t_0$', unit=None, boundary=None)
14:02 INFO    : Using output file GPout/GPnoTF2//pm_AT2017gfo/
14:02 INFO    : Search parameters:
14:02 INFO    : Using sampler Pymultinest with kwargs {'importance_nested_sampling': False, 'resume': True, 'verbose': True, 'sampling_efficiency': 'parameter', 'n_live_points': 2048, 'n_params': 6, 'n_clustering_params': None, 'wrapped_params': None, 'multimodal': True, 'const_efficiency_mode': False, 'evidence_tolerance': 0.5, 'n_iter_before_update': 100, 'null_log_evidence': -1e+90, 'max_modes': 100, 'mode_tolerance': -1e+90, 'seed': 42, 'context': 0, 'write_output': True, 'log_zero': -1e+100, 'max_iter': 0, 'init_MPI': False, 'dump_callback': <bound method Pymultinest._dump_callback of <bilby.core.sampler.pymultinest.Pymultinest object at 0x7f23fe24e8e0>>}
14:02 WARNING : Supplied argument 'npool' not an argument of 'Pymultinest', removing.
14:02 WARNING : Supplied argument 'queue_size' not an argument of 'Pymultinest', removing.
14:02 INFO    : Using sampler Pymultinest with kwargs {'importance_nested_sampling': False, 'resume': True, 'verbose': True, 'sampling_efficiency': 'parameter', 'n_live_points': 2048, 'n_params': 6, 'n_clustering_params': None, 'wrapped_params': None, 'multimodal': True, 'const_efficiency_mode': False, 'evidence_tolerance': 0.5, 'n_iter_before_update': 100, 'null_log_evidence': -1e+90, 'max_modes': 100, 'mode_tolerance': -1e+90, 'seed': 42, 'context': 0, 'write_output': True, 'log_zero': -1e+100, 'max_iter': 0, 'init_MPI': False, 'dump_callback': <bound method Pymultinest._dump_callback of <bilby.core.sampler.pymultinest.Pymultinest object at 0x7f4e35c87850>>}
14:02 WARNING : Supplied argument 'check_point_delta_t' not an argument of 'Pymultinest', removing.
14:02 INFO    :   log10_mej_dyn = Uniform(minimum=-3.0, maximum=-1.0, name='log10_mej_dyn', latex_label='$\\log_{10}M^{\\rm{dyn}}_{\\rm{ej}}$', unit=None, boundary=None)
14:02 INFO    : Using sampler Pymultinest with kwargs {'importance_nested_sampling': False, 'resume': True, 'verbose': True, 'sampling_efficiency': 'parameter', 'n_live_points': 2048, 'n_params': 6, 'n_clustering_params': None, 'wrapped_params': None, 'multimodal': True, 'const_efficiency_mode': False, 'evidence_tolerance': 0.5, 'n_iter_before_update': 100, 'null_log_evidence': -1e+90, 'max_modes': 100, 'mode_tolerance': -1e+90, 'seed': 42, 'context': 0, 'write_output': True, 'log_zero': -1e+100, 'max_iter': 0, 'init_MPI': False, 'dump_callback': <bound method Pymultinest._dump_callback of <bilby.core.sampler.pymultinest.Pymultinest object at 0x7f44aeef2940>>}
14:02 INFO    :   log10_mej_wind = Uniform(minimum=-3.0, maximum=-0.5, name='log10_mej_wind', latex_label='$\\log_{10}M^{\\rm{wind}}_{\\rm{ej}}$', unit=None, boundary=None)
14:02 INFO    : Temporary directory incompatible with MPI, will run in original directory
14:02 INFO    :   Ebv = 0.0
14:02 INFO    : Temporary directory incompatible with MPI, will run in original directory
14:02 INFO    :   luminosity_distance = Uniform(minimum=0.0, maximum=200.0, name='luminosity_distance', latex_label='$D_L$', unit=None, boundary=None)
14:02 INFO    : Using output file GPout/GPnoTF2//pm_AT2017gfo/
14:02 WARNING : Supplied argument 'npool' not an argument of 'Pymultinest', removing.
14:02 INFO    : Using output file GPout/GPnoTF2//pm_AT2017gfo/
14:02 WARNING : Supplied argument 'queue_size' not an argument of 'Pymultinest', removing.
14:02 INFO    :   KNphi = Uniform(minimum=15.0, maximum=75.0, name='KNphi', latex_label='$\\Phi$', unit=None, boundary=None)
14:02 WARNING : Supplied argument 'check_point_delta_t' not an argument of 'Pymultinest', removing.
14:02 INFO    : Temporary directory incompatible with MPI, will run in original directory
14:02 INFO    : Using sampler Pymultinest with kwargs {'importance_nested_sampling': False, 'resume': True, 'verbose': True, 'sampling_efficiency': 'parameter', 'n_live_points': 2048, 'n_params': 6, 'n_clustering_params': None, 'wrapped_params': None, 'multimodal': True, 'const_efficiency_mode': False, 'evidence_tolerance': 0.5, 'n_iter_before_update': 100, 'null_log_evidence': -1e+90, 'max_modes': 100, 'mode_tolerance': -1e+90, 'seed': 42, 'context': 0, 'write_output': True, 'log_zero': -1e+100, 'max_iter': 0, 'init_MPI': False, 'dump_callback': <bound method Pymultinest._dump_callback of <bilby.core.sampler.pymultinest.Pymultinest object at 0x7fa28a2639d0>>}
14:02 INFO    :   inclination_EM = Sine(minimum=0.0, maximum=1.5707963267948966, name='inclination_EM', latex_label='$\\iota$', unit=None, boundary=None)
14:02 INFO    : Using output file GPout/GPnoTF2//pm_AT2017gfo/
14:02 INFO    :   KNtimeshift = Uniform(minimum=-2.0, maximum=1.0, name='trigger_time', latex_label='$t_0$', unit=None, boundary=None)
14:02 INFO    :   log10_mej_dyn = Uniform(minimum=-3.0, maximum=-1.0, name='log10_mej_dyn', latex_label='$\\log_{10}M^{\\rm{dyn}}_{\\rm{ej}}$', unit=None, boundary=None)
14:02 INFO    : Temporary directory incompatible with MPI, will run in original directory
14:02 INFO    :   log10_mej_wind = Uniform(minimum=-3.0, maximum=-0.5, name='log10_mej_wind', latex_label='$\\log_{10}M^{\\rm{wind}}_{\\rm{ej}}$', unit=None, boundary=None)
14:02 INFO    :   Ebv = 0.0
14:02 INFO    : Using output file GPout/GPnoTF2//pm_AT2017gfo/
14:02 WARNING : Supplied argument 'npool' not an argument of 'Pymultinest', removing.
14:02 WARNING : Supplied argument 'queue_size' not an argument of 'Pymultinest', removing.
14:02 WARNING : Supplied argument 'check_point_delta_t' not an argument of 'Pymultinest', removing.
14:02 INFO    : Using sampler Pymultinest with kwargs {'importance_nested_sampling': False, 'resume': True, 'verbose': True, 'sampling_efficiency': 'parameter', 'n_live_points': 2048, 'n_params': 6, 'n_clustering_params': None, 'wrapped_params': None, 'multimodal': True, 'const_efficiency_mode': False, 'evidence_tolerance': 0.5, 'n_iter_before_update': 100, 'null_log_evidence': -1e+90, 'max_modes': 100, 'mode_tolerance': -1e+90, 'seed': 42, 'context': 0, 'write_output': True, 'log_zero': -1e+100, 'max_iter': 0, 'init_MPI': False, 'dump_callback': <bound method Pymultinest._dump_callback of <bilby.core.sampler.pymultinest.Pymultinest object at 0x7fb302f4b940>>}
14:02 INFO    : Search parameters:
14:02 INFO    : Search parameters:
14:02 INFO    : Search parameters:
14:02 INFO    : Temporary directory incompatible with MPI, will run in original directory
14:02 INFO    :   luminosity_distance = Uniform(minimum=0.0, maximum=200.0, name='luminosity_distance', latex_label='$D_L$', unit=None, boundary=None)
14:02 INFO    :   luminosity_distance = Uniform(minimum=0.0, maximum=200.0, name='luminosity_distance', latex_label='$D_L$', unit=None, boundary=None)
14:02 INFO    :   luminosity_distance = Uniform(minimum=0.0, maximum=200.0, name='luminosity_distance', latex_label='$D_L$', unit=None, boundary=None)
14:02 INFO    :   KNphi = Uniform(minimum=15.0, maximum=75.0, name='KNphi', latex_label='$\\Phi$', unit=None, boundary=None)
14:02 INFO    : Using output file GPout/GPnoTF2//pm_AT2017gfo/
14:02 INFO    :   KNphi = Uniform(minimum=15.0, maximum=75.0, name='KNphi', latex_label='$\\Phi$', unit=None, boundary=None)
14:02 INFO    :   KNphi = Uniform(minimum=15.0, maximum=75.0, name='KNphi', latex_label='$\\Phi$', unit=None, boundary=None)
14:02 INFO    :   inclination_EM = Sine(minimum=0.0, maximum=1.5707963267948966, name='inclination_EM', latex_label='$\\iota$', unit=None, boundary=None)
14:02 INFO    :   KNtimeshift = Uniform(minimum=-2.0, maximum=1.0, name='trigger_time', latex_label='$t_0$', unit=None, boundary=None)
14:02 INFO    :   inclination_EM = Sine(minimum=0.0, maximum=1.5707963267948966, name='inclination_EM', latex_label='$\\iota$', unit=None, boundary=None)
14:02 INFO    :   inclination_EM = Sine(minimum=0.0, maximum=1.5707963267948966, name='inclination_EM', latex_label='$\\iota$', unit=None, boundary=None)
14:02 INFO    : Search parameters:
14:02 INFO    :   KNtimeshift = Uniform(minimum=-2.0, maximum=1.0, name='trigger_time', latex_label='$t_0$', unit=None, boundary=None)
14:02 INFO    :   log10_mej_dyn = Uniform(minimum=-3.0, maximum=-1.0, name='log10_mej_dyn', latex_label='$\\log_{10}M^{\\rm{dyn}}_{\\rm{ej}}$', unit=None, boundary=None)
14:02 INFO    :   KNtimeshift = Uniform(minimum=-2.0, maximum=1.0, name='trigger_time', latex_label='$t_0$', unit=None, boundary=None)
14:02 INFO    : Search parameters:
14:02 INFO    :   log10_mej_dyn = Uniform(minimum=-3.0, maximum=-1.0, name='log10_mej_dyn', latex_label='$\\log_{10}M^{\\rm{dyn}}_{\\rm{ej}}$', unit=None, boundary=None)
14:02 INFO    :   log10_mej_wind = Uniform(minimum=-3.0, maximum=-0.5, name='log10_mej_wind', latex_label='$\\log_{10}M^{\\rm{wind}}_{\\rm{ej}}$', unit=None, boundary=None)
14:02 INFO    :   log10_mej_dyn = Uniform(minimum=-3.0, maximum=-1.0, name='log10_mej_dyn', latex_label='$\\log_{10}M^{\\rm{dyn}}_{\\rm{ej}}$', unit=None, boundary=None)
14:02 INFO    :   Ebv = 0.0
14:02 INFO    :   log10_mej_wind = Uniform(minimum=-3.0, maximum=-0.5, name='log10_mej_wind', latex_label='$\\log_{10}M^{\\rm{wind}}_{\\rm{ej}}$', unit=None, boundary=None)
14:02 INFO    :   luminosity_distance = Uniform(minimum=0.0, maximum=200.0, name='luminosity_distance', latex_label='$D_L$', unit=None, boundary=None)
14:02 INFO    :   log10_mej_wind = Uniform(minimum=-3.0, maximum=-0.5, name='log10_mej_wind', latex_label='$\\log_{10}M^{\\rm{wind}}_{\\rm{ej}}$', unit=None, boundary=None)
14:02 WARNING : Supplied argument 'npool' not an argument of 'Pymultinest', removing.
14:02 INFO    :   Ebv = 0.0
14:02 INFO    :   Ebv = 0.0
14:02 WARNING : Supplied argument 'queue_size' not an argument of 'Pymultinest', removing.
14:02 WARNING : Supplied argument 'check_point_delta_t' not an argument of 'Pymultinest', removing.
14:02 WARNING : Supplied argument 'npool' not an argument of 'Pymultinest', removing.
14:02 INFO    :   luminosity_distance = Uniform(minimum=0.0, maximum=200.0, name='luminosity_distance', latex_label='$D_L$', unit=None, boundary=None)
14:02 WARNING : Supplied argument 'npool' not an argument of 'Pymultinest', removing.
14:02 INFO    :   KNphi = Uniform(minimum=15.0, maximum=75.0, name='KNphi', latex_label='$\\Phi$', unit=None, boundary=None)
14:02 WARNING : Supplied argument 'queue_size' not an argument of 'Pymultinest', removing.
14:02 INFO    : Using sampler Pymultinest with kwargs {'importance_nested_sampling': False, 'resume': True, 'verbose': True, 'sampling_efficiency': 'parameter', 'n_live_points': 2048, 'n_params': 6, 'n_clustering_params': None, 'wrapped_params': None, 'multimodal': True, 'const_efficiency_mode': False, 'evidence_tolerance': 0.5, 'n_iter_before_update': 100, 'null_log_evidence': -1e+90, 'max_modes': 100, 'mode_tolerance': -1e+90, 'seed': 42, 'context': 0, 'write_output': True, 'log_zero': -1e+100, 'max_iter': 0, 'init_MPI': False, 'dump_callback': <bound method Pymultinest._dump_callback of <bilby.core.sampler.pymultinest.Pymultinest object at 0x7f3608cdc9a0>>}
14:02 WARNING : Supplied argument 'queue_size' not an argument of 'Pymultinest', removing.
14:02 WARNING : Supplied argument 'check_point_delta_t' not an argument of 'Pymultinest', removing.
14:02 WARNING : Supplied argument 'check_point_delta_t' not an argument of 'Pymultinest', removing.
14:02 INFO    :   KNphi = Uniform(minimum=15.0, maximum=75.0, name='KNphi', latex_label='$\\Phi$', unit=None, boundary=None)
14:02 INFO    :   inclination_EM = Sine(minimum=0.0, maximum=1.5707963267948966, name='inclination_EM', latex_label='$\\iota$', unit=None, boundary=None)
14:02 INFO    : Using sampler Pymultinest with kwargs {'importance_nested_sampling': False, 'resume': True, 'verbose': True, 'sampling_efficiency': 'parameter', 'n_live_points': 2048, 'n_params': 6, 'n_clustering_params': None, 'wrapped_params': None, 'multimodal': True, 'const_efficiency_mode': False, 'evidence_tolerance': 0.5, 'n_iter_before_update': 100, 'null_log_evidence': -1e+90, 'max_modes': 100, 'mode_tolerance': -1e+90, 'seed': 42, 'context': 0, 'write_output': True, 'log_zero': -1e+100, 'max_iter': 0, 'init_MPI': False, 'dump_callback': <bound method Pymultinest._dump_callback of <bilby.core.sampler.pymultinest.Pymultinest object at 0x7f43dacbfa00>>}
14:02 INFO    : Using sampler Pymultinest with kwargs {'importance_nested_sampling': False, 'resume': True, 'verbose': True, 'sampling_efficiency': 'parameter', 'n_live_points': 2048, 'n_params': 6, 'n_clustering_params': None, 'wrapped_params': None, 'multimodal': True, 'const_efficiency_mode': False, 'evidence_tolerance': 0.5, 'n_iter_before_update': 100, 'null_log_evidence': -1e+90, 'max_modes': 100, 'mode_tolerance': -1e+90, 'seed': 42, 'context': 0, 'write_output': True, 'log_zero': -1e+100, 'max_iter': 0, 'init_MPI': False, 'dump_callback': <bound method Pymultinest._dump_callback of <bilby.core.sampler.pymultinest.Pymultinest object at 0x7f4a40084af0>>}
14:02 INFO    : Temporary directory incompatible with MPI, will run in original directory
14:02 INFO    :   KNtimeshift = Uniform(minimum=-2.0, maximum=1.0, name='trigger_time', latex_label='$t_0$', unit=None, boundary=None)
14:02 INFO    :   inclination_EM = Sine(minimum=0.0, maximum=1.5707963267948966, name='inclination_EM', latex_label='$\\iota$', unit=None, boundary=None)
14:02 INFO    : Temporary directory incompatible with MPI, will run in original directory
14:02 INFO    : Temporary directory incompatible with MPI, will run in original directory
14:02 INFO    : Using output file GPout/GPnoTF2//pm_AT2017gfo/
14:02 INFO    :   log10_mej_dyn = Uniform(minimum=-3.0, maximum=-1.0, name='log10_mej_dyn', latex_label='$\\log_{10}M^{\\rm{dyn}}_{\\rm{ej}}$', unit=None, boundary=None)
14:02 INFO    :   KNtimeshift = Uniform(minimum=-2.0, maximum=1.0, name='trigger_time', latex_label='$t_0$', unit=None, boundary=None)
14:02 INFO    : Using output file GPout/GPnoTF2//pm_AT2017gfo/
14:02 INFO    : Using output file GPout/GPnoTF2//pm_AT2017gfo/
14:02 INFO    :   log10_mej_wind = Uniform(minimum=-3.0, maximum=-0.5, name='log10_mej_wind', latex_label='$\\log_{10}M^{\\rm{wind}}_{\\rm{ej}}$', unit=None, boundary=None)
14:02 INFO    :   Ebv = 0.0
14:02 INFO    :   log10_mej_dyn = Uniform(minimum=-3.0, maximum=-1.0, name='log10_mej_dyn', latex_label='$\\log_{10}M^{\\rm{dyn}}_{\\rm{ej}}$', unit=None, boundary=None)
14:02 WARNING : Supplied argument 'npool' not an argument of 'Pymultinest', removing.
14:02 WARNING : Supplied argument 'queue_size' not an argument of 'Pymultinest', removing.
14:02 INFO    :   log10_mej_wind = Uniform(minimum=-3.0, maximum=-0.5, name='log10_mej_wind', latex_label='$\\log_{10}M^{\\rm{wind}}_{\\rm{ej}}$', unit=None, boundary=None)
14:02 WARNING : Supplied argument 'check_point_delta_t' not an argument of 'Pymultinest', removing.
14:02 INFO    :   Ebv = 0.0
14:02 INFO    : Using sampler Pymultinest with kwargs {'importance_nested_sampling': False, 'resume': True, 'verbose': True, 'sampling_efficiency': 'parameter', 'n_live_points': 2048, 'n_params': 6, 'n_clustering_params': None, 'wrapped_params': None, 'multimodal': True, 'const_efficiency_mode': False, 'evidence_tolerance': 0.5, 'n_iter_before_update': 100, 'null_log_evidence': -1e+90, 'max_modes': 100, 'mode_tolerance': -1e+90, 'seed': 42, 'context': 0, 'write_output': True, 'log_zero': -1e+100, 'max_iter': 0, 'init_MPI': False, 'dump_callback': <bound method Pymultinest._dump_callback of <bilby.core.sampler.pymultinest.Pymultinest object at 0x7f6a945eca00>>}
14:02 WARNING : Supplied argument 'npool' not an argument of 'Pymultinest', removing.
14:02 WARNING : Supplied argument 'queue_size' not an argument of 'Pymultinest', removing.
14:02 WARNING : Supplied argument 'check_point_delta_t' not an argument of 'Pymultinest', removing.
14:02 INFO    : Temporary directory incompatible with MPI, will run in original directory
14:02 INFO    : Using sampler Pymultinest with kwargs {'importance_nested_sampling': False, 'resume': True, 'verbose': True, 'sampling_efficiency': 'parameter', 'n_live_points': 2048, 'n_params': 6, 'n_clustering_params': None, 'wrapped_params': None, 'multimodal': True, 'const_efficiency_mode': False, 'evidence_tolerance': 0.5, 'n_iter_before_update': 100, 'null_log_evidence': -1e+90, 'max_modes': 100, 'mode_tolerance': -1e+90, 'seed': 42, 'context': 0, 'write_output': True, 'log_zero': -1e+100, 'max_iter': 0, 'init_MPI': False, 'dump_callback': <bound method Pymultinest._dump_callback of <bilby.core.sampler.pymultinest.Pymultinest object at 0x7f63a53d4550>>}
14:02 INFO    : Using output file GPout/GPnoTF2//pm_AT2017gfo/
14:02 INFO    : Temporary directory incompatible with MPI, will run in original directory
14:02 INFO    : Using output file GPout/GPnoTF2//pm_AT2017gfo/
14:02 INFO    : Search parameters:
14:02 INFO    : Search parameters:
14:02 INFO    :   luminosity_distance = Uniform(minimum=0.0, maximum=200.0, name='luminosity_distance', latex_label='$D_L$', unit=None, boundary=None)
14:02 INFO    :   KNphi = Uniform(minimum=15.0, maximum=75.0, name='KNphi', latex_label='$\\Phi$', unit=None, boundary=None)
14:02 INFO    :   luminosity_distance = Uniform(minimum=0.0, maximum=200.0, name='luminosity_distance', latex_label='$D_L$', unit=None, boundary=None)
14:02 INFO    :   inclination_EM = Sine(minimum=0.0, maximum=1.5707963267948966, name='inclination_EM', latex_label='$\\iota$', unit=None, boundary=None)
14:02 INFO    :   KNphi = Uniform(minimum=15.0, maximum=75.0, name='KNphi', latex_label='$\\Phi$', unit=None, boundary=None)
14:02 INFO    :   KNtimeshift = Uniform(minimum=-2.0, maximum=1.0, name='trigger_time', latex_label='$t_0$', unit=None, boundary=None)
14:02 INFO    :   inclination_EM = Sine(minimum=0.0, maximum=1.5707963267948966, name='inclination_EM', latex_label='$\\iota$', unit=None, boundary=None)
14:02 INFO    :   log10_mej_dyn = Uniform(minimum=-3.0, maximum=-1.0, name='log10_mej_dyn', latex_label='$\\log_{10}M^{\\rm{dyn}}_{\\rm{ej}}$', unit=None, boundary=None)
14:02 INFO    :   KNtimeshift = Uniform(minimum=-2.0, maximum=1.0, name='trigger_time', latex_label='$t_0$', unit=None, boundary=None)
14:02 INFO    :   log10_mej_wind = Uniform(minimum=-3.0, maximum=-0.5, name='log10_mej_wind', latex_label='$\\log_{10}M^{\\rm{wind}}_{\\rm{ej}}$', unit=None, boundary=None)
14:02 INFO    :   Ebv = 0.0
14:02 INFO    :   log10_mej_dyn = Uniform(minimum=-3.0, maximum=-1.0, name='log10_mej_dyn', latex_label='$\\log_{10}M^{\\rm{dyn}}_{\\rm{ej}}$', unit=None, boundary=None)
14:02 WARNING : Supplied argument 'npool' not an argument of 'Pymultinest', removing.
14:02 WARNING : Supplied argument 'queue_size' not an argument of 'Pymultinest', removing.
14:02 INFO    :   log10_mej_wind = Uniform(minimum=-3.0, maximum=-0.5, name='log10_mej_wind', latex_label='$\\log_{10}M^{\\rm{wind}}_{\\rm{ej}}$', unit=None, boundary=None)
14:02 WARNING : Supplied argument 'check_point_delta_t' not an argument of 'Pymultinest', removing.
14:02 INFO    :   Ebv = 0.0
14:02 INFO    : Using sampler Pymultinest with kwargs {'importance_nested_sampling': False, 'resume': True, 'verbose': True, 'sampling_efficiency': 'parameter', 'n_live_points': 2048, 'n_params': 6, 'n_clustering_params': None, 'wrapped_params': None, 'multimodal': True, 'const_efficiency_mode': False, 'evidence_tolerance': 0.5, 'n_iter_before_update': 100, 'null_log_evidence': -1e+90, 'max_modes': 100, 'mode_tolerance': -1e+90, 'seed': 42, 'context': 0, 'write_output': True, 'log_zero': -1e+100, 'max_iter': 0, 'init_MPI': False, 'dump_callback': <bound method Pymultinest._dump_callback of <bilby.core.sampler.pymultinest.Pymultinest object at 0x7f66bc622940>>}
14:02 WARNING : Supplied argument 'npool' not an argument of 'Pymultinest', removing.
14:02 WARNING : Supplied argument 'queue_size' not an argument of 'Pymultinest', removing.
14:02 WARNING : Supplied argument 'check_point_delta_t' not an argument of 'Pymultinest', removing.
14:02 INFO    : Search parameters:
14:02 INFO    : Temporary directory incompatible with MPI, will run in original directory
14:02 INFO    : Using sampler Pymultinest with kwargs {'importance_nested_sampling': False, 'resume': True, 'verbose': True, 'sampling_efficiency': 'parameter', 'n_live_points': 2048, 'n_params': 6, 'n_clustering_params': None, 'wrapped_params': None, 'multimodal': True, 'const_efficiency_mode': False, 'evidence_tolerance': 0.5, 'n_iter_before_update': 100, 'null_log_evidence': -1e+90, 'max_modes': 100, 'mode_tolerance': -1e+90, 'seed': 42, 'context': 0, 'write_output': True, 'log_zero': -1e+100, 'max_iter': 0, 'init_MPI': False, 'dump_callback': <bound method Pymultinest._dump_callback of <bilby.core.sampler.pymultinest.Pymultinest object at 0x7f9e02fb1880>>}
14:02 INFO    : Using output file GPout/GPnoTF2//pm_AT2017gfo/
14:02 INFO    :   luminosity_distance = Uniform(minimum=0.0, maximum=200.0, name='luminosity_distance', latex_label='$D_L$', unit=None, boundary=None)
14:02 INFO    : Temporary directory incompatible with MPI, will run in original directory
14:02 INFO    :   KNphi = Uniform(minimum=15.0, maximum=75.0, name='KNphi', latex_label='$\\Phi$', unit=None, boundary=None)
14:02 INFO    : Using output file GPout/GPnoTF2//pm_AT2017gfo/
14:02 INFO    :   inclination_EM = Sine(minimum=0.0, maximum=1.5707963267948966, name='inclination_EM', latex_label='$\\iota$', unit=None, boundary=None)
14:02 INFO    :   KNtimeshift = Uniform(minimum=-2.0, maximum=1.0, name='trigger_time', latex_label='$t_0$', unit=None, boundary=None)
14:02 INFO    : Search parameters:
14:02 INFO    :   log10_mej_dyn = Uniform(minimum=-3.0, maximum=-1.0, name='log10_mej_dyn', latex_label='$\\log_{10}M^{\\rm{dyn}}_{\\rm{ej}}$', unit=None, boundary=None)
14:02 INFO    :   log10_mej_wind = Uniform(minimum=-3.0, maximum=-0.5, name='log10_mej_wind', latex_label='$\\log_{10}M^{\\rm{wind}}_{\\rm{ej}}$', unit=None, boundary=None)
14:02 INFO    :   Ebv = 0.0
14:02 INFO    :   luminosity_distance = Uniform(minimum=0.0, maximum=200.0, name='luminosity_distance', latex_label='$D_L$', unit=None, boundary=None)
14:02 WARNING : Supplied argument 'npool' not an argument of 'Pymultinest', removing.
14:02 WARNING : Supplied argument 'queue_size' not an argument of 'Pymultinest', removing.
14:02 WARNING : Supplied argument 'check_point_delta_t' not an argument of 'Pymultinest', removing.
14:02 INFO    : Search parameters:
14:02 INFO    :   KNphi = Uniform(minimum=15.0, maximum=75.0, name='KNphi', latex_label='$\\Phi$', unit=None, boundary=None)
14:02 INFO    : Using sampler Pymultinest with kwargs {'importance_nested_sampling': False, 'resume': True, 'verbose': True, 'sampling_efficiency': 'parameter', 'n_live_points': 2048, 'n_params': 6, 'n_clustering_params': None, 'wrapped_params': None, 'multimodal': True, 'const_efficiency_mode': False, 'evidence_tolerance': 0.5, 'n_iter_before_update': 100, 'null_log_evidence': -1e+90, 'max_modes': 100, 'mode_tolerance': -1e+90, 'seed': 42, 'context': 0, 'write_output': True, 'log_zero': -1e+100, 'max_iter': 0, 'init_MPI': False, 'dump_callback': <bound method Pymultinest._dump_callback of <bilby.core.sampler.pymultinest.Pymultinest object at 0x7fa6d48f9670>>}
14:02 INFO    :   inclination_EM = Sine(minimum=0.0, maximum=1.5707963267948966, name='inclination_EM', latex_label='$\\iota$', unit=None, boundary=None)
14:02 INFO    :   KNtimeshift = Uniform(minimum=-2.0, maximum=1.0, name='trigger_time', latex_label='$t_0$', unit=None, boundary=None)
14:02 INFO    :   luminosity_distance = Uniform(minimum=0.0, maximum=200.0, name='luminosity_distance', latex_label='$D_L$', unit=None, boundary=None)
14:02 INFO    :   log10_mej_dyn = Uniform(minimum=-3.0, maximum=-1.0, name='log10_mej_dyn', latex_label='$\\log_{10}M^{\\rm{dyn}}_{\\rm{ej}}$', unit=None, boundary=None)
14:02 INFO    :   KNphi = Uniform(minimum=15.0, maximum=75.0, name='KNphi', latex_label='$\\Phi$', unit=None, boundary=None)
14:02 INFO    : Temporary directory incompatible with MPI, will run in original directory
14:02 INFO    : Search parameters:
14:02 INFO    :   log10_mej_wind = Uniform(minimum=-3.0, maximum=-0.5, name='log10_mej_wind', latex_label='$\\log_{10}M^{\\rm{wind}}_{\\rm{ej}}$', unit=None, boundary=None)
14:02 INFO    :   Ebv = 0.0
14:02 INFO    :   inclination_EM = Sine(minimum=0.0, maximum=1.5707963267948966, name='inclination_EM', latex_label='$\\iota$', unit=None, boundary=None)
14:02 INFO    : Using output file GPout/GPnoTF2//pm_AT2017gfo/
14:02 INFO    :   KNtimeshift = Uniform(minimum=-2.0, maximum=1.0, name='trigger_time', latex_label='$t_0$', unit=None, boundary=None)
14:02 WARNING : Supplied argument 'npool' not an argument of 'Pymultinest', removing.
14:02 INFO    :   luminosity_distance = Uniform(minimum=0.0, maximum=200.0, name='luminosity_distance', latex_label='$D_L$', unit=None, boundary=None)
14:02 WARNING : Supplied argument 'queue_size' not an argument of 'Pymultinest', removing.
14:02 WARNING : Supplied argument 'check_point_delta_t' not an argument of 'Pymultinest', removing.
14:02 INFO    :   log10_mej_dyn = Uniform(minimum=-3.0, maximum=-1.0, name='log10_mej_dyn', latex_label='$\\log_{10}M^{\\rm{dyn}}_{\\rm{ej}}$', unit=None, boundary=None)
14:02 INFO    :   KNphi = Uniform(minimum=15.0, maximum=75.0, name='KNphi', latex_label='$\\Phi$', unit=None, boundary=None)
14:02 INFO    :   log10_mej_wind = Uniform(minimum=-3.0, maximum=-0.5, name='log10_mej_wind', latex_label='$\\log_{10}M^{\\rm{wind}}_{\\rm{ej}}$', unit=None, boundary=None)
14:02 INFO    :   Ebv = 0.0
14:02 INFO    : Using sampler Pymultinest with kwargs {'importance_nested_sampling': False, 'resume': True, 'verbose': True, 'sampling_efficiency': 'parameter', 'n_live_points': 2048, 'n_params': 6, 'n_clustering_params': None, 'wrapped_params': None, 'multimodal': True, 'const_efficiency_mode': False, 'evidence_tolerance': 0.5, 'n_iter_before_update': 100, 'null_log_evidence': -1e+90, 'max_modes': 100, 'mode_tolerance': -1e+90, 'seed': 42, 'context': 0, 'write_output': True, 'log_zero': -1e+100, 'max_iter': 0, 'init_MPI': False, 'dump_callback': <bound method Pymultinest._dump_callback of <bilby.core.sampler.pymultinest.Pymultinest object at 0x7f818e3b64c0>>}
14:02 INFO    : Search parameters:
14:02 INFO    :   inclination_EM = Sine(minimum=0.0, maximum=1.5707963267948966, name='inclination_EM', latex_label='$\\iota$', unit=None, boundary=None)
14:02 WARNING : Supplied argument 'npool' not an argument of 'Pymultinest', removing.
14:02 WARNING : Supplied argument 'queue_size' not an argument of 'Pymultinest', removing.
14:02 WARNING : Supplied argument 'check_point_delta_t' not an argument of 'Pymultinest', removing.
14:02 INFO    :   KNtimeshift = Uniform(minimum=-2.0, maximum=1.0, name='trigger_time', latex_label='$t_0$', unit=None, boundary=None)
14:02 INFO    :   luminosity_distance = Uniform(minimum=0.0, maximum=200.0, name='luminosity_distance', latex_label='$D_L$', unit=None, boundary=None)
14:02 INFO    :   log10_mej_dyn = Uniform(minimum=-3.0, maximum=-1.0, name='log10_mej_dyn', latex_label='$\\log_{10}M^{\\rm{dyn}}_{\\rm{ej}}$', unit=None, boundary=None)
14:02 INFO    : Using sampler Pymultinest with kwargs {'importance_nested_sampling': False, 'resume': True, 'verbose': True, 'sampling_efficiency': 'parameter', 'n_live_points': 2048, 'n_params': 6, 'n_clustering_params': None, 'wrapped_params': None, 'multimodal': True, 'const_efficiency_mode': False, 'evidence_tolerance': 0.5, 'n_iter_before_update': 100, 'null_log_evidence': -1e+90, 'max_modes': 100, 'mode_tolerance': -1e+90, 'seed': 42, 'context': 0, 'write_output': True, 'log_zero': -1e+100, 'max_iter': 0, 'init_MPI': False, 'dump_callback': <bound method Pymultinest._dump_callback of <bilby.core.sampler.pymultinest.Pymultinest object at 0x7fb5a42ebdf0>>}
14:02 INFO    : Temporary directory incompatible with MPI, will run in original directory
14:02 INFO    :   log10_mej_wind = Uniform(minimum=-3.0, maximum=-0.5, name='log10_mej_wind', latex_label='$\\log_{10}M^{\\rm{wind}}_{\\rm{ej}}$', unit=None, boundary=None)
14:02 INFO    :   KNphi = Uniform(minimum=15.0, maximum=75.0, name='KNphi', latex_label='$\\Phi$', unit=None, boundary=None)
14:02 INFO    :   Ebv = 0.0
14:02 INFO    : Using output file GPout/GPnoTF2//pm_AT2017gfo/
14:02 INFO    :   inclination_EM = Sine(minimum=0.0, maximum=1.5707963267948966, name='inclination_EM', latex_label='$\\iota$', unit=None, boundary=None)
14:02 WARNING : Supplied argument 'npool' not an argument of 'Pymultinest', removing.
14:02 INFO    : Temporary directory incompatible with MPI, will run in original directory
14:02 WARNING : Supplied argument 'queue_size' not an argument of 'Pymultinest', removing.
14:02 WARNING : Supplied argument 'check_point_delta_t' not an argument of 'Pymultinest', removing.
14:02 INFO    :   KNtimeshift = Uniform(minimum=-2.0, maximum=1.0, name='trigger_time', latex_label='$t_0$', unit=None, boundary=None)
14:02 INFO    : Using output file GPout/GPnoTF2//pm_AT2017gfo/
14:02 INFO    : Using sampler Pymultinest with kwargs {'importance_nested_sampling': False, 'resume': True, 'verbose': True, 'sampling_efficiency': 'parameter', 'n_live_points': 2048, 'n_params': 6, 'n_clustering_params': None, 'wrapped_params': None, 'multimodal': True, 'const_efficiency_mode': False, 'evidence_tolerance': 0.5, 'n_iter_before_update': 100, 'null_log_evidence': -1e+90, 'max_modes': 100, 'mode_tolerance': -1e+90, 'seed': 42, 'context': 0, 'write_output': True, 'log_zero': -1e+100, 'max_iter': 0, 'init_MPI': False, 'dump_callback': <bound method Pymultinest._dump_callback of <bilby.core.sampler.pymultinest.Pymultinest object at 0x7f2bf4dee8e0>>}
14:02 INFO    :   log10_mej_dyn = Uniform(minimum=-3.0, maximum=-1.0, name='log10_mej_dyn', latex_label='$\\log_{10}M^{\\rm{dyn}}_{\\rm{ej}}$', unit=None, boundary=None)
14:02 INFO    :   log10_mej_wind = Uniform(minimum=-3.0, maximum=-0.5, name='log10_mej_wind', latex_label='$\\log_{10}M^{\\rm{wind}}_{\\rm{ej}}$', unit=None, boundary=None)
14:02 INFO    :   Ebv = 0.0
14:02 INFO    : Temporary directory incompatible with MPI, will run in original directory
14:02 WARNING : Supplied argument 'npool' not an argument of 'Pymultinest', removing.
14:02 WARNING : Supplied argument 'queue_size' not an argument of 'Pymultinest', removing.
14:02 WARNING : Supplied argument 'check_point_delta_t' not an argument of 'Pymultinest', removing.
14:02 INFO    : Using output file GPout/GPnoTF2//pm_AT2017gfo/
14:02 INFO    : Using sampler Pymultinest with kwargs {'importance_nested_sampling': False, 'resume': True, 'verbose': True, 'sampling_efficiency': 'parameter', 'n_live_points': 2048, 'n_params': 6, 'n_clustering_params': None, 'wrapped_params': None, 'multimodal': True, 'const_efficiency_mode': False, 'evidence_tolerance': 0.5, 'n_iter_before_update': 100, 'null_log_evidence': -1e+90, 'max_modes': 100, 'mode_tolerance': -1e+90, 'seed': 42, 'context': 0, 'write_output': True, 'log_zero': -1e+100, 'max_iter': 0, 'init_MPI': False, 'dump_callback': <bound method Pymultinest._dump_callback of <bilby.core.sampler.pymultinest.Pymultinest object at 0x7f4de12ff940>>}
14:02 INFO    : Temporary directory incompatible with MPI, will run in original directory
14:02 INFO    : Using output file GPout/GPnoTF2//pm_AT2017gfo/
14:02 INFO    : Search parameters:
14:02 INFO    :   luminosity_distance = Uniform(minimum=0.0, maximum=200.0, name='luminosity_distance', latex_label='$D_L$', unit=None, boundary=None)
14:02 INFO    :   KNphi = Uniform(minimum=15.0, maximum=75.0, name='KNphi', latex_label='$\\Phi$', unit=None, boundary=None)
14:02 INFO    :   inclination_EM = Sine(minimum=0.0, maximum=1.5707963267948966, name='inclination_EM', latex_label='$\\iota$', unit=None, boundary=None)
14:02 INFO    :   KNtimeshift = Uniform(minimum=-2.0, maximum=1.0, name='trigger_time', latex_label='$t_0$', unit=None, boundary=None)
14:02 INFO    :   log10_mej_dyn = Uniform(minimum=-3.0, maximum=-1.0, name='log10_mej_dyn', latex_label='$\\log_{10}M^{\\rm{dyn}}_{\\rm{ej}}$', unit=None, boundary=None)
14:02 INFO    :   log10_mej_wind = Uniform(minimum=-3.0, maximum=-0.5, name='log10_mej_wind', latex_label='$\\log_{10}M^{\\rm{wind}}_{\\rm{ej}}$', unit=None, boundary=None)
14:02 INFO    :   Ebv = 0.0
14:02 WARNING : Supplied argument 'npool' not an argument of 'Pymultinest', removing.
14:02 WARNING : Supplied argument 'queue_size' not an argument of 'Pymultinest', removing.
14:02 WARNING : Supplied argument 'check_point_delta_t' not an argument of 'Pymultinest', removing.
14:02 INFO    : Using sampler Pymultinest with kwargs {'importance_nested_sampling': False, 'resume': True, 'verbose': True, 'sampling_efficiency': 'parameter', 'n_live_points': 2048, 'n_params': 6, 'n_clustering_params': None, 'wrapped_params': None, 'multimodal': True, 'const_efficiency_mode': False, 'evidence_tolerance': 0.5, 'n_iter_before_update': 100, 'null_log_evidence': -1e+90, 'max_modes': 100, 'mode_tolerance': -1e+90, 'seed': 42, 'context': 0, 'write_output': True, 'log_zero': -1e+100, 'max_iter': 0, 'init_MPI': False, 'dump_callback': <bound method Pymultinest._dump_callback of <bilby.core.sampler.pymultinest.Pymultinest object at 0x7ffbd1328a00>>}
14:02 INFO    : Temporary directory incompatible with MPI, will run in original directory
14:02 INFO    : Using output file GPout/GPnoTF2//pm_AT2017gfo/
14:02 INFO    : Search parameters:
14:02 INFO    :   luminosity_distance = Uniform(minimum=0.0, maximum=200.0, name='luminosity_distance', latex_label='$D_L$', unit=None, boundary=None)
14:02 INFO    :   KNphi = Uniform(minimum=15.0, maximum=75.0, name='KNphi', latex_label='$\\Phi$', unit=None, boundary=None)
14:02 INFO    :   inclination_EM = Sine(minimum=0.0, maximum=1.5707963267948966, name='inclination_EM', latex_label='$\\iota$', unit=None, boundary=None)
14:02 INFO    :   KNtimeshift = Uniform(minimum=-2.0, maximum=1.0, name='trigger_time', latex_label='$t_0$', unit=None, boundary=None)
14:02 INFO    :   log10_mej_dyn = Uniform(minimum=-3.0, maximum=-1.0, name='log10_mej_dyn', latex_label='$\\log_{10}M^{\\rm{dyn}}_{\\rm{ej}}$', unit=None, boundary=None)
14:02 INFO    :   log10_mej_wind = Uniform(minimum=-3.0, maximum=-0.5, name='log10_mej_wind', latex_label='$\\log_{10}M^{\\rm{wind}}_{\\rm{ej}}$', unit=None, boundary=None)
14:02 INFO    :   Ebv = 0.0
14:02 WARNING : Supplied argument 'npool' not an argument of 'Pymultinest', removing.
14:02 WARNING : Supplied argument 'queue_size' not an argument of 'Pymultinest', removing.
14:02 WARNING : Supplied argument 'check_point_delta_t' not an argument of 'Pymultinest', removing.
14:02 INFO    : Using sampler Pymultinest with kwargs {'importance_nested_sampling': False, 'resume': True, 'verbose': True, 'sampling_efficiency': 'parameter', 'n_live_points': 2048, 'n_params': 6, 'n_clustering_params': None, 'wrapped_params': None, 'multimodal': True, 'const_efficiency_mode': False, 'evidence_tolerance': 0.5, 'n_iter_before_update': 100, 'null_log_evidence': -1e+90, 'max_modes': 100, 'mode_tolerance': -1e+90, 'seed': 42, 'context': 0, 'write_output': True, 'log_zero': -1e+100, 'max_iter': 0, 'init_MPI': False, 'dump_callback': <bound method Pymultinest._dump_callback of <bilby.core.sampler.pymultinest.Pymultinest object at 0x7fc9d91dad90>>}
14:02 INFO    : Temporary directory incompatible with MPI, will run in original directory
14:02 INFO    : Using output file GPout/GPnoTF2//pm_AT2017gfo/
14:02 INFO    : Search parameters:
14:02 INFO    :   luminosity_distance = Uniform(minimum=0.0, maximum=200.0, name='luminosity_distance', latex_label='$D_L$', unit=None, boundary=None)
14:02 INFO    :   KNphi = Uniform(minimum=15.0, maximum=75.0, name='KNphi', latex_label='$\\Phi$', unit=None, boundary=None)
14:02 INFO    :   inclination_EM = Sine(minimum=0.0, maximum=1.5707963267948966, name='inclination_EM', latex_label='$\\iota$', unit=None, boundary=None)
14:02 INFO    :   KNtimeshift = Uniform(minimum=-2.0, maximum=1.0, name='trigger_time', latex_label='$t_0$', unit=None, boundary=None)
14:02 INFO    :   log10_mej_dyn = Uniform(minimum=-3.0, maximum=-1.0, name='log10_mej_dyn', latex_label='$\\log_{10}M^{\\rm{dyn}}_{\\rm{ej}}$', unit=None, boundary=None)
14:02 INFO    :   log10_mej_wind = Uniform(minimum=-3.0, maximum=-0.5, name='log10_mej_wind', latex_label='$\\log_{10}M^{\\rm{wind}}_{\\rm{ej}}$', unit=None, boundary=None)
14:02 INFO    :   Ebv = 0.0
14:02 WARNING : Supplied argument 'npool' not an argument of 'Pymultinest', removing.
14:02 INFO    : Search parameters:
14:02 WARNING : Supplied argument 'queue_size' not an argument of 'Pymultinest', removing.
14:02 WARNING : Supplied argument 'check_point_delta_t' not an argument of 'Pymultinest', removing.
14:02 INFO    : Using sampler Pymultinest with kwargs {'importance_nested_sampling': False, 'resume': True, 'verbose': True, 'sampling_efficiency': 'parameter', 'n_live_points': 2048, 'n_params': 6, 'n_clustering_params': None, 'wrapped_params': None, 'multimodal': True, 'const_efficiency_mode': False, 'evidence_tolerance': 0.5, 'n_iter_before_update': 100, 'null_log_evidence': -1e+90, 'max_modes': 100, 'mode_tolerance': -1e+90, 'seed': 42, 'context': 0, 'write_output': True, 'log_zero': -1e+100, 'max_iter': 0, 'init_MPI': False, 'dump_callback': <bound method Pymultinest._dump_callback of <bilby.core.sampler.pymultinest.Pymultinest object at 0x7fba01a26460>>}
14:02 INFO    :   luminosity_distance = Uniform(minimum=0.0, maximum=200.0, name='luminosity_distance', latex_label='$D_L$', unit=None, boundary=None)
14:02 INFO    :   KNphi = Uniform(minimum=15.0, maximum=75.0, name='KNphi', latex_label='$\\Phi$', unit=None, boundary=None)
14:02 INFO    : Temporary directory incompatible with MPI, will run in original directory
14:02 INFO    :   inclination_EM = Sine(minimum=0.0, maximum=1.5707963267948966, name='inclination_EM', latex_label='$\\iota$', unit=None, boundary=None)
14:02 INFO    :   KNtimeshift = Uniform(minimum=-2.0, maximum=1.0, name='trigger_time', latex_label='$t_0$', unit=None, boundary=None)
14:02 INFO    : Using output file GPout/GPnoTF2//pm_AT2017gfo/
14:02 INFO    :   log10_mej_dyn = Uniform(minimum=-3.0, maximum=-1.0, name='log10_mej_dyn', latex_label='$\\log_{10}M^{\\rm{dyn}}_{\\rm{ej}}$', unit=None, boundary=None)
14:02 INFO    :   log10_mej_wind = Uniform(minimum=-3.0, maximum=-0.5, name='log10_mej_wind', latex_label='$\\log_{10}M^{\\rm{wind}}_{\\rm{ej}}$', unit=None, boundary=None)
14:02 INFO    :   Ebv = 0.0
14:02 WARNING : Supplied argument 'npool' not an argument of 'Pymultinest', removing.
14:02 WARNING : Supplied argument 'queue_size' not an argument of 'Pymultinest', removing.
14:02 WARNING : Supplied argument 'check_point_delta_t' not an argument of 'Pymultinest', removing.
14:02 INFO    : Using sampler Pymultinest with kwargs {'importance_nested_sampling': False, 'resume': True, 'verbose': True, 'sampling_efficiency': 'parameter', 'n_live_points': 2048, 'n_params': 6, 'n_clustering_params': None, 'wrapped_params': None, 'multimodal': True, 'const_efficiency_mode': False, 'evidence_tolerance': 0.5, 'n_iter_before_update': 100, 'null_log_evidence': -1e+90, 'max_modes': 100, 'mode_tolerance': -1e+90, 'seed': 42, 'context': 0, 'write_output': True, 'log_zero': -1e+100, 'max_iter': 0, 'init_MPI': False, 'dump_callback': <bound method Pymultinest._dump_callback of <bilby.core.sampler.pymultinest.Pymultinest object at 0x7f929cf57d60>>}
14:02 INFO    : Temporary directory incompatible with MPI, will run in original directory
14:02 INFO    : Using output file GPout/GPnoTF2//pm_AT2017gfo/
14:02 INFO    : Search parameters:
14:02 INFO    :   luminosity_distance = Uniform(minimum=0.0, maximum=200.0, name='luminosity_distance', latex_label='$D_L$', unit=None, boundary=None)
14:02 INFO    :   KNphi = Uniform(minimum=15.0, maximum=75.0, name='KNphi', latex_label='$\\Phi$', unit=None, boundary=None)
14:02 INFO    :   inclination_EM = Sine(minimum=0.0, maximum=1.5707963267948966, name='inclination_EM', latex_label='$\\iota$', unit=None, boundary=None)
14:02 INFO    :   KNtimeshift = Uniform(minimum=-2.0, maximum=1.0, name='trigger_time', latex_label='$t_0$', unit=None, boundary=None)
14:02 INFO    :   log10_mej_dyn = Uniform(minimum=-3.0, maximum=-1.0, name='log10_mej_dyn', latex_label='$\\log_{10}M^{\\rm{dyn}}_{\\rm{ej}}$', unit=None, boundary=None)
14:02 INFO    :   log10_mej_wind = Uniform(minimum=-3.0, maximum=-0.5, name='log10_mej_wind', latex_label='$\\log_{10}M^{\\rm{wind}}_{\\rm{ej}}$', unit=None, boundary=None)
14:02 INFO    :   Ebv = 0.0
14:02 WARNING : Supplied argument 'npool' not an argument of 'Pymultinest', removing.
14:02 WARNING : Supplied argument 'queue_size' not an argument of 'Pymultinest', removing.
14:02 WARNING : Supplied argument 'check_point_delta_t' not an argument of 'Pymultinest', removing.
14:02 INFO    : Using sampler Pymultinest with kwargs {'importance_nested_sampling': False, 'resume': True, 'verbose': True, 'sampling_efficiency': 'parameter', 'n_live_points': 2048, 'n_params': 6, 'n_clustering_params': None, 'wrapped_params': None, 'multimodal': True, 'const_efficiency_mode': False, 'evidence_tolerance': 0.5, 'n_iter_before_update': 100, 'null_log_evidence': -1e+90, 'max_modes': 100, 'mode_tolerance': -1e+90, 'seed': 42, 'context': 0, 'write_output': True, 'log_zero': -1e+100, 'max_iter': 0, 'init_MPI': False, 'dump_callback': <bound method Pymultinest._dump_callback of <bilby.core.sampler.pymultinest.Pymultinest object at 0x7f82ffabe460>>}
14:02 INFO    : Temporary directory incompatible with MPI, will run in original directory
14:02 INFO    : Using output file GPout/GPnoTF2//pm_AT2017gfo/
14:02 INFO    : Search parameters:
14:02 INFO    :   luminosity_distance = Uniform(minimum=0.0, maximum=200.0, name='luminosity_distance', latex_label='$D_L$', unit=None, boundary=None)
14:02 INFO    :   KNphi = Uniform(minimum=15.0, maximum=75.0, name='KNphi', latex_label='$\\Phi$', unit=None, boundary=None)
14:02 INFO    :   inclination_EM = Sine(minimum=0.0, maximum=1.5707963267948966, name='inclination_EM', latex_label='$\\iota$', unit=None, boundary=None)
14:02 INFO    :   KNtimeshift = Uniform(minimum=-2.0, maximum=1.0, name='trigger_time', latex_label='$t_0$', unit=None, boundary=None)
14:02 INFO    :   log10_mej_dyn = Uniform(minimum=-3.0, maximum=-1.0, name='log10_mej_dyn', latex_label='$\\log_{10}M^{\\rm{dyn}}_{\\rm{ej}}$', unit=None, boundary=None)
14:02 INFO    :   log10_mej_wind = Uniform(minimum=-3.0, maximum=-0.5, name='log10_mej_wind', latex_label='$\\log_{10}M^{\\rm{wind}}_{\\rm{ej}}$', unit=None, boundary=None)
14:02 INFO    :   Ebv = 0.0
14:02 WARNING : Supplied argument 'npool' not an argument of 'Pymultinest', removing.
14:02 WARNING : Supplied argument 'queue_size' not an argument of 'Pymultinest', removing.
14:02 WARNING : Supplied argument 'check_point_delta_t' not an argument of 'Pymultinest', removing.
14:02 INFO    : Using sampler Pymultinest with kwargs {'importance_nested_sampling': False, 'resume': True, 'verbose': True, 'sampling_efficiency': 'parameter', 'n_live_points': 2048, 'n_params': 6, 'n_clustering_params': None, 'wrapped_params': None, 'multimodal': True, 'const_efficiency_mode': False, 'evidence_tolerance': 0.5, 'n_iter_before_update': 100, 'null_log_evidence': -1e+90, 'max_modes': 100, 'mode_tolerance': -1e+90, 'seed': 42, 'context': 0, 'write_output': True, 'log_zero': -1e+100, 'max_iter': 0, 'init_MPI': False, 'dump_callback': <bound method Pymultinest._dump_callback of <bilby.core.sampler.pymultinest.Pymultinest object at 0x7f0527f66490>>}
14:02 INFO    : Temporary directory incompatible with MPI, will run in original directory
14:02 INFO    : Using output file GPout/GPnoTF2//pm_AT2017gfo/
14:02 INFO    : Search parameters:
14:02 INFO    :   luminosity_distance = Uniform(minimum=0.0, maximum=200.0, name='luminosity_distance', latex_label='$D_L$', unit=None, boundary=None)
14:02 INFO    :   KNphi = Uniform(minimum=15.0, maximum=75.0, name='KNphi', latex_label='$\\Phi$', unit=None, boundary=None)
14:02 INFO    :   inclination_EM = Sine(minimum=0.0, maximum=1.5707963267948966, name='inclination_EM', latex_label='$\\iota$', unit=None, boundary=None)
14:02 INFO    :   KNtimeshift = Uniform(minimum=-2.0, maximum=1.0, name='trigger_time', latex_label='$t_0$', unit=None, boundary=None)
14:02 INFO    :   log10_mej_dyn = Uniform(minimum=-3.0, maximum=-1.0, name='log10_mej_dyn', latex_label='$\\log_{10}M^{\\rm{dyn}}_{\\rm{ej}}$', unit=None, boundary=None)
14:02 INFO    :   log10_mej_wind = Uniform(minimum=-3.0, maximum=-0.5, name='log10_mej_wind', latex_label='$\\log_{10}M^{\\rm{wind}}_{\\rm{ej}}$', unit=None, boundary=None)
14:02 INFO    :   Ebv = 0.0
14:02 WARNING : Supplied argument 'npool' not an argument of 'Pymultinest', removing.
14:02 WARNING : Supplied argument 'queue_size' not an argument of 'Pymultinest', removing.
14:02 WARNING : Supplied argument 'check_point_delta_t' not an argument of 'Pymultinest', removing.
14:02 INFO    : Using sampler Pymultinest with kwargs {'importance_nested_sampling': False, 'resume': True, 'verbose': True, 'sampling_efficiency': 'parameter', 'n_live_points': 2048, 'n_params': 6, 'n_clustering_params': None, 'wrapped_params': None, 'multimodal': True, 'const_efficiency_mode': False, 'evidence_tolerance': 0.5, 'n_iter_before_update': 100, 'null_log_evidence': -1e+90, 'max_modes': 100, 'mode_tolerance': -1e+90, 'seed': 42, 'context': 0, 'write_output': True, 'log_zero': -1e+100, 'max_iter': 0, 'init_MPI': False, 'dump_callback': <bound method Pymultinest._dump_callback of <bilby.core.sampler.pymultinest.Pymultinest object at 0x7f6a4489da90>>}
14:02 INFO    : Temporary directory incompatible with MPI, will run in original directory
14:02 INFO    : Using output file GPout/GPnoTF2//pm_AT2017gfo/
14:02 INFO    : Search parameters:
14:02 INFO    :   luminosity_distance = Uniform(minimum=0.0, maximum=200.0, name='luminosity_distance', latex_label='$D_L$', unit=None, boundary=None)
14:02 INFO    :   KNphi = Uniform(minimum=15.0, maximum=75.0, name='KNphi', latex_label='$\\Phi$', unit=None, boundary=None)
14:02 INFO    :   inclination_EM = Sine(minimum=0.0, maximum=1.5707963267948966, name='inclination_EM', latex_label='$\\iota$', unit=None, boundary=None)
14:02 INFO    :   KNtimeshift = Uniform(minimum=-2.0, maximum=1.0, name='trigger_time', latex_label='$t_0$', unit=None, boundary=None)
14:02 INFO    :   log10_mej_dyn = Uniform(minimum=-3.0, maximum=-1.0, name='log10_mej_dyn', latex_label='$\\log_{10}M^{\\rm{dyn}}_{\\rm{ej}}$', unit=None, boundary=None)
14:02 INFO    :   log10_mej_wind = Uniform(minimum=-3.0, maximum=-0.5, name='log10_mej_wind', latex_label='$\\log_{10}M^{\\rm{wind}}_{\\rm{ej}}$', unit=None, boundary=None)
14:02 INFO    :   Ebv = 0.0
14:02 WARNING : Supplied argument 'npool' not an argument of 'Pymultinest', removing.
14:02 WARNING : Supplied argument 'queue_size' not an argument of 'Pymultinest', removing.
14:02 WARNING : Supplied argument 'check_point_delta_t' not an argument of 'Pymultinest', removing.
14:02 INFO    : Using sampler Pymultinest with kwargs {'importance_nested_sampling': False, 'resume': True, 'verbose': True, 'sampling_efficiency': 'parameter', 'n_live_points': 2048, 'n_params': 6, 'n_clustering_params': None, 'wrapped_params': None, 'multimodal': True, 'const_efficiency_mode': False, 'evidence_tolerance': 0.5, 'n_iter_before_update': 100, 'null_log_evidence': -1e+90, 'max_modes': 100, 'mode_tolerance': -1e+90, 'seed': 42, 'context': 0, 'write_output': True, 'log_zero': -1e+100, 'max_iter': 0, 'init_MPI': False, 'dump_callback': <bound method Pymultinest._dump_callback of <bilby.core.sampler.pymultinest.Pymultinest object at 0x7f567d4078e0>>}
14:02 INFO    : Temporary directory incompatible with MPI, will run in original directory
14:02 INFO    : Using output file GPout/GPnoTF2//pm_AT2017gfo/
14:02 INFO    : Search parameters:
14:02 INFO    :   luminosity_distance = Uniform(minimum=0.0, maximum=200.0, name='luminosity_distance', latex_label='$D_L$', unit=None, boundary=None)
14:02 INFO    :   KNphi = Uniform(minimum=15.0, maximum=75.0, name='KNphi', latex_label='$\\Phi$', unit=None, boundary=None)
14:02 INFO    :   inclination_EM = Sine(minimum=0.0, maximum=1.5707963267948966, name='inclination_EM', latex_label='$\\iota$', unit=None, boundary=None)
14:02 INFO    :   KNtimeshift = Uniform(minimum=-2.0, maximum=1.0, name='trigger_time', latex_label='$t_0$', unit=None, boundary=None)
14:02 INFO    :   log10_mej_dyn = Uniform(minimum=-3.0, maximum=-1.0, name='log10_mej_dyn', latex_label='$\\log_{10}M^{\\rm{dyn}}_{\\rm{ej}}$', unit=None, boundary=None)
14:02 INFO    :   log10_mej_wind = Uniform(minimum=-3.0, maximum=-0.5, name='log10_mej_wind', latex_label='$\\log_{10}M^{\\rm{wind}}_{\\rm{ej}}$', unit=None, boundary=None)
14:02 INFO    :   Ebv = 0.0
14:02 WARNING : Supplied argument 'npool' not an argument of 'Pymultinest', removing.
14:02 WARNING : Supplied argument 'queue_size' not an argument of 'Pymultinest', removing.
14:02 WARNING : Supplied argument 'check_point_delta_t' not an argument of 'Pymultinest', removing.
14:02 INFO    : Using sampler Pymultinest with kwargs {'importance_nested_sampling': False, 'resume': True, 'verbose': True, 'sampling_efficiency': 'parameter', 'n_live_points': 2048, 'n_params': 6, 'n_clustering_params': None, 'wrapped_params': None, 'multimodal': True, 'const_efficiency_mode': False, 'evidence_tolerance': 0.5, 'n_iter_before_update': 100, 'null_log_evidence': -1e+90, 'max_modes': 100, 'mode_tolerance': -1e+90, 'seed': 42, 'context': 0, 'write_output': True, 'log_zero': -1e+100, 'max_iter': 0, 'init_MPI': False, 'dump_callback': <bound method Pymultinest._dump_callback of <bilby.core.sampler.pymultinest.Pymultinest object at 0x7f01798559a0>>}
14:02 INFO    : Temporary directory incompatible with MPI, will run in original directory
14:02 INFO    : Using output file GPout/GPnoTF2//pm_AT2017gfo/
14:02 INFO    : Search parameters:
14:02 INFO    :   luminosity_distance = Uniform(minimum=0.0, maximum=200.0, name='luminosity_distance', latex_label='$D_L$', unit=None, boundary=None)
14:02 INFO    :   KNphi = Uniform(minimum=15.0, maximum=75.0, name='KNphi', latex_label='$\\Phi$', unit=None, boundary=None)
14:02 INFO    :   inclination_EM = Sine(minimum=0.0, maximum=1.5707963267948966, name='inclination_EM', latex_label='$\\iota$', unit=None, boundary=None)
14:02 INFO    :   KNtimeshift = Uniform(minimum=-2.0, maximum=1.0, name='trigger_time', latex_label='$t_0$', unit=None, boundary=None)
14:02 INFO    :   log10_mej_dyn = Uniform(minimum=-3.0, maximum=-1.0, name='log10_mej_dyn', latex_label='$\\log_{10}M^{\\rm{dyn}}_{\\rm{ej}}$', unit=None, boundary=None)
14:02 INFO    :   log10_mej_wind = Uniform(minimum=-3.0, maximum=-0.5, name='log10_mej_wind', latex_label='$\\log_{10}M^{\\rm{wind}}_{\\rm{ej}}$', unit=None, boundary=None)
14:02 INFO    :   Ebv = 0.0
14:02 WARNING : Supplied argument 'npool' not an argument of 'Pymultinest', removing.
14:02 WARNING : Supplied argument 'queue_size' not an argument of 'Pymultinest', removing.
14:02 WARNING : Supplied argument 'check_point_delta_t' not an argument of 'Pymultinest', removing.
14:02 INFO    : Using sampler Pymultinest with kwargs {'importance_nested_sampling': False, 'resume': True, 'verbose': True, 'sampling_efficiency': 'parameter', 'n_live_points': 2048, 'n_params': 6, 'n_clustering_params': None, 'wrapped_params': None, 'multimodal': True, 'const_efficiency_mode': False, 'evidence_tolerance': 0.5, 'n_iter_before_update': 100, 'null_log_evidence': -1e+90, 'max_modes': 100, 'mode_tolerance': -1e+90, 'seed': 42, 'context': 0, 'write_output': True, 'log_zero': -1e+100, 'max_iter': 0, 'init_MPI': False, 'dump_callback': <bound method Pymultinest._dump_callback of <bilby.core.sampler.pymultinest.Pymultinest object at 0x7f053bc1cf10>>}
14:02 INFO    : Temporary directory incompatible with MPI, will run in original directory
14:02 INFO    : Using output file GPout/GPnoTF2//pm_AT2017gfo/
14:02 INFO    : Search parameters:
14:02 INFO    :   luminosity_distance = Uniform(minimum=0.0, maximum=200.0, name='luminosity_distance', latex_label='$D_L$', unit=None, boundary=None)
14:02 INFO    :   KNphi = Uniform(minimum=15.0, maximum=75.0, name='KNphi', latex_label='$\\Phi$', unit=None, boundary=None)
14:02 INFO    :   inclination_EM = Sine(minimum=0.0, maximum=1.5707963267948966, name='inclination_EM', latex_label='$\\iota$', unit=None, boundary=None)
14:02 INFO    :   KNtimeshift = Uniform(minimum=-2.0, maximum=1.0, name='trigger_time', latex_label='$t_0$', unit=None, boundary=None)
14:02 INFO    :   log10_mej_dyn = Uniform(minimum=-3.0, maximum=-1.0, name='log10_mej_dyn', latex_label='$\\log_{10}M^{\\rm{dyn}}_{\\rm{ej}}$', unit=None, boundary=None)
14:02 INFO    :   log10_mej_wind = Uniform(minimum=-3.0, maximum=-0.5, name='log10_mej_wind', latex_label='$\\log_{10}M^{\\rm{wind}}_{\\rm{ej}}$', unit=None, boundary=None)
14:02 INFO    :   Ebv = 0.0
14:02 WARNING : Supplied argument 'npool' not an argument of 'Pymultinest', removing.
14:02 WARNING : Supplied argument 'queue_size' not an argument of 'Pymultinest', removing.
14:02 WARNING : Supplied argument 'check_point_delta_t' not an argument of 'Pymultinest', removing.
14:02 INFO    : Using sampler Pymultinest with kwargs {'importance_nested_sampling': False, 'resume': True, 'verbose': True, 'sampling_efficiency': 'parameter', 'n_live_points': 2048, 'n_params': 6, 'n_clustering_params': None, 'wrapped_params': None, 'multimodal': True, 'const_efficiency_mode': False, 'evidence_tolerance': 0.5, 'n_iter_before_update': 100, 'null_log_evidence': -1e+90, 'max_modes': 100, 'mode_tolerance': -1e+90, 'seed': 42, 'context': 0, 'write_output': True, 'log_zero': -1e+100, 'max_iter': 0, 'init_MPI': False, 'dump_callback': <bound method Pymultinest._dump_callback of <bilby.core.sampler.pymultinest.Pymultinest object at 0x7f71ef63c970>>}
14:02 INFO    : Temporary directory incompatible with MPI, will run in original directory
14:02 INFO    : Using output file GPout/GPnoTF2//pm_AT2017gfo/
14:02 INFO    : Search parameters:
14:02 INFO    :   luminosity_distance = Uniform(minimum=0.0, maximum=200.0, name='luminosity_distance', latex_label='$D_L$', unit=None, boundary=None)
14:02 INFO    :   KNphi = Uniform(minimum=15.0, maximum=75.0, name='KNphi', latex_label='$\\Phi$', unit=None, boundary=None)
14:02 INFO    :   inclination_EM = Sine(minimum=0.0, maximum=1.5707963267948966, name='inclination_EM', latex_label='$\\iota$', unit=None, boundary=None)
14:02 INFO    :   KNtimeshift = Uniform(minimum=-2.0, maximum=1.0, name='trigger_time', latex_label='$t_0$', unit=None, boundary=None)
14:02 INFO    :   log10_mej_dyn = Uniform(minimum=-3.0, maximum=-1.0, name='log10_mej_dyn', latex_label='$\\log_{10}M^{\\rm{dyn}}_{\\rm{ej}}$', unit=None, boundary=None)
14:02 INFO    :   log10_mej_wind = Uniform(minimum=-3.0, maximum=-0.5, name='log10_mej_wind', latex_label='$\\log_{10}M^{\\rm{wind}}_{\\rm{ej}}$', unit=None, boundary=None)
14:02 INFO    :   Ebv = 0.0
14:02 WARNING : Supplied argument 'npool' not an argument of 'Pymultinest', removing.
14:02 WARNING : Supplied argument 'queue_size' not an argument of 'Pymultinest', removing.
14:02 WARNING : Supplied argument 'check_point_delta_t' not an argument of 'Pymultinest', removing.
14:02 INFO    : Using sampler Pymultinest with kwargs {'importance_nested_sampling': False, 'resume': True, 'verbose': True, 'sampling_efficiency': 'parameter', 'n_live_points': 2048, 'n_params': 6, 'n_clustering_params': None, 'wrapped_params': None, 'multimodal': True, 'const_efficiency_mode': False, 'evidence_tolerance': 0.5, 'n_iter_before_update': 100, 'null_log_evidence': -1e+90, 'max_modes': 100, 'mode_tolerance': -1e+90, 'seed': 42, 'context': 0, 'write_output': True, 'log_zero': -1e+100, 'max_iter': 0, 'init_MPI': False, 'dump_callback': <bound method Pymultinest._dump_callback of <bilby.core.sampler.pymultinest.Pymultinest object at 0x7f746c3328e0>>}
14:02 INFO    : Temporary directory incompatible with MPI, will run in original directory
14:02 INFO    : Using output file GPout/GPnoTF2//pm_AT2017gfo/
14:02 INFO    : Search parameters:
14:02 INFO    :   luminosity_distance = Uniform(minimum=0.0, maximum=200.0, name='luminosity_distance', latex_label='$D_L$', unit=None, boundary=None)
14:02 INFO    :   KNphi = Uniform(minimum=15.0, maximum=75.0, name='KNphi', latex_label='$\\Phi$', unit=None, boundary=None)
14:02 INFO    :   inclination_EM = Sine(minimum=0.0, maximum=1.5707963267948966, name='inclination_EM', latex_label='$\\iota$', unit=None, boundary=None)
14:02 INFO    :   KNtimeshift = Uniform(minimum=-2.0, maximum=1.0, name='trigger_time', latex_label='$t_0$', unit=None, boundary=None)
14:02 INFO    :   log10_mej_dyn = Uniform(minimum=-3.0, maximum=-1.0, name='log10_mej_dyn', latex_label='$\\log_{10}M^{\\rm{dyn}}_{\\rm{ej}}$', unit=None, boundary=None)
14:02 INFO    :   log10_mej_wind = Uniform(minimum=-3.0, maximum=-0.5, name='log10_mej_wind', latex_label='$\\log_{10}M^{\\rm{wind}}_{\\rm{ej}}$', unit=None, boundary=None)
14:02 INFO    :   Ebv = 0.0
14:02 WARNING : Supplied argument 'npool' not an argument of 'Pymultinest', removing.
14:02 WARNING : Supplied argument 'queue_size' not an argument of 'Pymultinest', removing.
14:02 WARNING : Supplied argument 'check_point_delta_t' not an argument of 'Pymultinest', removing.
14:02 INFO    : Using sampler Pymultinest with kwargs {'importance_nested_sampling': False, 'resume': True, 'verbose': True, 'sampling_efficiency': 'parameter', 'n_live_points': 2048, 'n_params': 6, 'n_clustering_params': None, 'wrapped_params': None, 'multimodal': True, 'const_efficiency_mode': False, 'evidence_tolerance': 0.5, 'n_iter_before_update': 100, 'null_log_evidence': -1e+90, 'max_modes': 100, 'mode_tolerance': -1e+90, 'seed': 42, 'context': 0, 'write_output': True, 'log_zero': -1e+100, 'max_iter': 0, 'init_MPI': False, 'dump_callback': <bound method Pymultinest._dump_callback of <bilby.core.sampler.pymultinest.Pymultinest object at 0x7f03e7c999d0>>}
14:02 INFO    : Temporary directory incompatible with MPI, will run in original directory
14:02 INFO    : Using output file GPout/GPnoTF2//pm_AT2017gfo/
14:39 INFO    : Sampling time: 0:36:57.561423
14:39 INFO    : Sampling time: 0:36:57.552194
14:39 INFO    : Sampling time: 0:36:57.495273
14:39 INFO    : Sampling time: 0:36:57.557833
14:39 INFO    : Sampling time: 0:36:57.550507
14:39 INFO    : Sampling time: 0:36:57.563566
14:39 INFO    : Sampling time: 0:36:57.507302
14:39 INFO    : Sampling time: 0:36:57.553915
14:39 INFO    : Sampling time: 0:36:57.553343
14:39 INFO    : Sampling time: 0:36:57.532042
14:39 INFO    : Sampling time: 0:36:57.530383
14:39 INFO    : Sampling time: 0:36:57.503661
14:39 INFO    : Sampling time: 0:36:57.565007
14:39 INFO    : Sampling time: 0:36:57.549016
14:39 INFO    : Sampling time: 0:36:57.529636
14:39 INFO    : Sampling time: 0:36:57.488168
14:39 INFO    : Sampling time: 0:36:57.553706
14:39 INFO    : Sampling time: 0:36:57.478466
14:39 INFO    : Sampling time: 0:36:57.555707
14:39 INFO    : Sampling time: 0:36:57.563918
14:39 INFO    : Sampling time: 0:36:57.524413
14:39 INFO    : Sampling time: 0:36:57.541255
14:39 INFO    : Sampling time: 0:36:57.554741
14:39 INFO    : Sampling time: 0:36:57.549186
14:39 INFO    : Sampling time: 0:36:57.556354
14:39 INFO    : Sampling time: 0:36:57.556185
14:39 INFO    : Sampling time: 0:36:57.547738
14:39 INFO    : Sampling time: 0:36:57.540594
14:39 INFO    : Sampling time: 0:36:57.570722
14:39 INFO    : Sampling time: 0:36:57.550454
14:39 INFO    : Sampling time: 0:36:57.486991
14:39 INFO    : Sampling time: 0:36:57.564951
14:39 INFO    : Sampling time: 0:36:57.572109
14:39 INFO    : Sampling time: 0:36:57.555384
14:39 INFO    : Sampling time: 0:36:57.563918
14:39 INFO    : Sampling time: 0:36:57.532695
14:39 INFO    : Sampling time: 0:36:57.557458
14:39 INFO    : Sampling time: 0:36:57.555494
14:39 INFO    : Sampling time: 0:36:57.559998
14:39 INFO    : Sampling time: 0:36:57.572932
14:39 INFO    : Summary of results:
nsamples: 9907
ln_noise_evidence:  0.000
ln_evidence: -132.994 +/-  0.058
ln_bayes_factor: -132.994 +/-  0.058

14:39 INFO    : Writing samples file to /home/enlil/pouyans/codes/nmma/GPout/GPnoTF2/AT2017gfo_posterior_samples.dat
14:39 INFO    : Summary of results:
nsamples: 9907
ln_noise_evidence:  0.000
ln_evidence: -132.994 +/-  0.058
ln_bayes_factor: -132.994 +/-  0.058

14:39 INFO    : Writing samples file to /home/enlil/pouyans/codes/nmma/GPout/GPnoTF2/AT2017gfo_posterior_samples.dat
14:39 INFO    : Summary of results:
nsamples: 9907
ln_noise_evidence:  0.000
ln_evidence: -132.994 +/-  0.058
ln_bayes_factor: -132.994 +/-  0.058

14:39 INFO    : Writing samples file to /home/enlil/pouyans/codes/nmma/GPout/GPnoTF2/AT2017gfo_posterior_samples.dat
