12:52 INFO    : Running for label 'AT2017gfo', output will be saved to 'output/POSSISnoSmoothUni'
12:52 INFO    : Running for label 'AT2017gfo', output will be saved to 'output/POSSISnoSmoothUni'
12:52 INFO    : Running for label 'AT2017gfo', output will be saved to 'output/POSSISnoSmoothUni'
12:52 INFO    : Running for label 'AT2017gfo', output will be saved to 'output/POSSISnoSmoothUni'
12:52 INFO    : Running for label 'AT2017gfo', output will be saved to 'output/POSSISnoSmoothUni'
12:52 INFO    : Running for label 'AT2017gfo', output will be saved to 'output/POSSISnoSmoothUni'
12:52 INFO    : Running for label 'AT2017gfo', output will be saved to 'output/POSSISnoSmoothUni'
12:52 INFO    : Running for label 'AT2017gfo', output will be saved to 'output/POSSISnoSmoothUni'
12:52 INFO    : Running for label 'AT2017gfo', output will be saved to 'output/POSSISnoSmoothUni'
12:52 INFO    : Running for label 'AT2017gfo', output will be saved to 'output/POSSISnoSmoothUni'
12:52 INFO    : Running for label 'AT2017gfo', output will be saved to 'output/POSSISnoSmoothUni'
12:52 INFO    : Running for label 'AT2017gfo', output will be saved to 'output/POSSISnoSmoothUni'
12:52 INFO    : Running for label 'AT2017gfo', output will be saved to 'output/POSSISnoSmoothUni'
12:52 INFO    : Running for label 'AT2017gfo', output will be saved to 'output/POSSISnoSmoothUni'
12:52 INFO    : Search parameters:
12:52 INFO    :   luminosity_distance = Uniform(minimum=0.0, maximum=200.0, name='luminosity_distance', latex_label='$D_L$', unit=None, boundary=None)
12:52 INFO    :   KNphi = Uniform(minimum=15.0, maximum=75.0, name='KNphi', latex_label='$\\Phi$', unit=None, boundary=None)
12:52 INFO    :   inclination_EM = Sine(minimum=0.0, maximum=1.5707963267948966, name='inclination_EM', latex_label='$\\iota$', unit=None, boundary=None)
12:52 INFO    :   KNtimeshift = Uniform(minimum=-2.0, maximum=1.0, name='trigger_time', latex_label='$t_0$', unit=None, boundary=None)
12:52 INFO    :   log10_mej_dyn = Uniform(minimum=-3.0, maximum=-1.0, name='log10_mej_dyn', latex_label='$\\log_{10}M^{\\rm{dyn}}_{\\rm{ej}}$', unit=None, boundary=None)
12:52 INFO    :   log10_mej_wind = Uniform(minimum=-3.0, maximum=-0.5, name='log10_mej_wind', latex_label='$\\log_{10}M^{\\rm{wind}}_{\\rm{ej}}$', unit=None, boundary=None)
12:52 INFO    :   Ebv = 0.0
12:52 WARNING : Supplied argument 'npool' not an argument of 'Pymultinest', removing.
12:52 WARNING : Supplied argument 'queue_size' not an argument of 'Pymultinest', removing.
12:52 WARNING : Supplied argument 'check_point_delta_t' not an argument of 'Pymultinest', removing.
12:52 INFO    : Using sampler Pymultinest with kwargs {'importance_nested_sampling': False, 'resume': True, 'verbose': True, 'sampling_efficiency': 'parameter', 'n_live_points': 2048, 'n_params': 6, 'n_clustering_params': None, 'wrapped_params': None, 'multimodal': True, 'const_efficiency_mode': False, 'evidence_tolerance': 0.5, 'n_iter_before_update': 100, 'null_log_evidence': -1e+90, 'max_modes': 100, 'mode_tolerance': -1e+90, 'seed': 42, 'context': 0, 'write_output': True, 'log_zero': -1e+100, 'max_iter': 0, 'init_MPI': False, 'dump_callback': <bound method Pymultinest._dump_callback of <bilby.core.sampler.pymultinest.Pymultinest object at 0x7f00201dc7c0>>}
12:52 INFO    : Temporary directory incompatible with MPI, will run in original directory
12:52 INFO    : Using output file output/POSSISnoSmoothUni/pm_AT2017gfo/
12:52 INFO    : Search parameters:
12:52 INFO    :   luminosity_distance = Uniform(minimum=0.0, maximum=200.0, name='luminosity_distance', latex_label='$D_L$', unit=None, boundary=None)
12:52 INFO    :   KNphi = Uniform(minimum=15.0, maximum=75.0, name='KNphi', latex_label='$\\Phi$', unit=None, boundary=None)
12:52 INFO    :   inclination_EM = Sine(minimum=0.0, maximum=1.5707963267948966, name='inclination_EM', latex_label='$\\iota$', unit=None, boundary=None)
12:52 INFO    :   KNtimeshift = Uniform(minimum=-2.0, maximum=1.0, name='trigger_time', latex_label='$t_0$', unit=None, boundary=None)
12:52 INFO    :   log10_mej_dyn = Uniform(minimum=-3.0, maximum=-1.0, name='log10_mej_dyn', latex_label='$\\log_{10}M^{\\rm{dyn}}_{\\rm{ej}}$', unit=None, boundary=None)
12:52 INFO    :   log10_mej_wind = Uniform(minimum=-3.0, maximum=-0.5, name='log10_mej_wind', latex_label='$\\log_{10}M^{\\rm{wind}}_{\\rm{ej}}$', unit=None, boundary=None)
12:52 INFO    :   Ebv = 0.0
12:52 WARNING : Supplied argument 'npool' not an argument of 'Pymultinest', removing.
12:52 WARNING : Supplied argument 'queue_size' not an argument of 'Pymultinest', removing.
12:52 WARNING : Supplied argument 'check_point_delta_t' not an argument of 'Pymultinest', removing.
12:52 INFO    : Using sampler Pymultinest with kwargs {'importance_nested_sampling': False, 'resume': True, 'verbose': True, 'sampling_efficiency': 'parameter', 'n_live_points': 2048, 'n_params': 6, 'n_clustering_params': None, 'wrapped_params': None, 'multimodal': True, 'const_efficiency_mode': False, 'evidence_tolerance': 0.5, 'n_iter_before_update': 100, 'null_log_evidence': -1e+90, 'max_modes': 100, 'mode_tolerance': -1e+90, 'seed': 42, 'context': 0, 'write_output': True, 'log_zero': -1e+100, 'max_iter': 0, 'init_MPI': False, 'dump_callback': <bound method Pymultinest._dump_callback of <bilby.core.sampler.pymultinest.Pymultinest object at 0x7f3bfc246340>>}
12:52 INFO    : Temporary directory incompatible with MPI, will run in original directory
12:52 INFO    : Using output file output/POSSISnoSmoothUni/pm_AT2017gfo/
12:52 INFO    : Search parameters:
12:52 INFO    :   luminosity_distance = Uniform(minimum=0.0, maximum=200.0, name='luminosity_distance', latex_label='$D_L$', unit=None, boundary=None)
12:52 INFO    : Search parameters:
12:52 INFO    :   KNphi = Uniform(minimum=15.0, maximum=75.0, name='KNphi', latex_label='$\\Phi$', unit=None, boundary=None)
12:52 INFO    :   luminosity_distance = Uniform(minimum=0.0, maximum=200.0, name='luminosity_distance', latex_label='$D_L$', unit=None, boundary=None)
12:52 INFO    :   KNphi = Uniform(minimum=15.0, maximum=75.0, name='KNphi', latex_label='$\\Phi$', unit=None, boundary=None)
12:52 INFO    :   inclination_EM = Sine(minimum=0.0, maximum=1.5707963267948966, name='inclination_EM', latex_label='$\\iota$', unit=None, boundary=None)
12:52 INFO    :   inclination_EM = Sine(minimum=0.0, maximum=1.5707963267948966, name='inclination_EM', latex_label='$\\iota$', unit=None, boundary=None)
12:52 INFO    :   KNtimeshift = Uniform(minimum=-2.0, maximum=1.0, name='trigger_time', latex_label='$t_0$', unit=None, boundary=None)
12:52 INFO    :   log10_mej_dyn = Uniform(minimum=-3.0, maximum=-1.0, name='log10_mej_dyn', latex_label='$\\log_{10}M^{\\rm{dyn}}_{\\rm{ej}}$', unit=None, boundary=None)
12:52 INFO    :   KNtimeshift = Uniform(minimum=-2.0, maximum=1.0, name='trigger_time', latex_label='$t_0$', unit=None, boundary=None)
12:52 INFO    :   log10_mej_wind = Uniform(minimum=-3.0, maximum=-0.5, name='log10_mej_wind', latex_label='$\\log_{10}M^{\\rm{wind}}_{\\rm{ej}}$', unit=None, boundary=None)
12:52 INFO    :   Ebv = 0.0
12:52 INFO    :   log10_mej_dyn = Uniform(minimum=-3.0, maximum=-1.0, name='log10_mej_dyn', latex_label='$\\log_{10}M^{\\rm{dyn}}_{\\rm{ej}}$', unit=None, boundary=None)
12:52 INFO    :   log10_mej_wind = Uniform(minimum=-3.0, maximum=-0.5, name='log10_mej_wind', latex_label='$\\log_{10}M^{\\rm{wind}}_{\\rm{ej}}$', unit=None, boundary=None)
12:52 WARNING : Supplied argument 'npool' not an argument of 'Pymultinest', removing.
12:52 WARNING : Supplied argument 'queue_size' not an argument of 'Pymultinest', removing.
12:52 INFO    :   Ebv = 0.0
12:52 WARNING : Supplied argument 'check_point_delta_t' not an argument of 'Pymultinest', removing.
12:52 INFO    : Using sampler Pymultinest with kwargs {'importance_nested_sampling': False, 'resume': True, 'verbose': True, 'sampling_efficiency': 'parameter', 'n_live_points': 2048, 'n_params': 6, 'n_clustering_params': None, 'wrapped_params': None, 'multimodal': True, 'const_efficiency_mode': False, 'evidence_tolerance': 0.5, 'n_iter_before_update': 100, 'null_log_evidence': -1e+90, 'max_modes': 100, 'mode_tolerance': -1e+90, 'seed': 42, 'context': 0, 'write_output': True, 'log_zero': -1e+100, 'max_iter': 0, 'init_MPI': False, 'dump_callback': <bound method Pymultinest._dump_callback of <bilby.core.sampler.pymultinest.Pymultinest object at 0x7f1a5c9ae7c0>>}
12:52 WARNING : Supplied argument 'npool' not an argument of 'Pymultinest', removing.
12:52 WARNING : Supplied argument 'queue_size' not an argument of 'Pymultinest', removing.
12:52 WARNING : Supplied argument 'check_point_delta_t' not an argument of 'Pymultinest', removing.
12:52 INFO    : Using sampler Pymultinest with kwargs {'importance_nested_sampling': False, 'resume': True, 'verbose': True, 'sampling_efficiency': 'parameter', 'n_live_points': 2048, 'n_params': 6, 'n_clustering_params': None, 'wrapped_params': None, 'multimodal': True, 'const_efficiency_mode': False, 'evidence_tolerance': 0.5, 'n_iter_before_update': 100, 'null_log_evidence': -1e+90, 'max_modes': 100, 'mode_tolerance': -1e+90, 'seed': 42, 'context': 0, 'write_output': True, 'log_zero': -1e+100, 'max_iter': 0, 'init_MPI': False, 'dump_callback': <bound method Pymultinest._dump_callback of <bilby.core.sampler.pymultinest.Pymultinest object at 0x7f9d33d24970>>}
12:52 INFO    : Temporary directory incompatible with MPI, will run in original directory
12:52 INFO    : Temporary directory incompatible with MPI, will run in original directory
12:52 INFO    : Using output file output/POSSISnoSmoothUni/pm_AT2017gfo/
12:52 INFO    : Using output file output/POSSISnoSmoothUni/pm_AT2017gfo/
12:52 INFO    : Search parameters:
12:52 INFO    :   luminosity_distance = Uniform(minimum=0.0, maximum=200.0, name='luminosity_distance', latex_label='$D_L$', unit=None, boundary=None)
12:52 INFO    :   KNphi = Uniform(minimum=15.0, maximum=75.0, name='KNphi', latex_label='$\\Phi$', unit=None, boundary=None)
12:52 INFO    :   inclination_EM = Sine(minimum=0.0, maximum=1.5707963267948966, name='inclination_EM', latex_label='$\\iota$', unit=None, boundary=None)
12:52 INFO    :   KNtimeshift = Uniform(minimum=-2.0, maximum=1.0, name='trigger_time', latex_label='$t_0$', unit=None, boundary=None)
12:52 INFO    :   log10_mej_dyn = Uniform(minimum=-3.0, maximum=-1.0, name='log10_mej_dyn', latex_label='$\\log_{10}M^{\\rm{dyn}}_{\\rm{ej}}$', unit=None, boundary=None)
12:52 INFO    :   log10_mej_wind = Uniform(minimum=-3.0, maximum=-0.5, name='log10_mej_wind', latex_label='$\\log_{10}M^{\\rm{wind}}_{\\rm{ej}}$', unit=None, boundary=None)
12:52 INFO    :   Ebv = 0.0
12:52 WARNING : Supplied argument 'npool' not an argument of 'Pymultinest', removing.
12:52 WARNING : Supplied argument 'queue_size' not an argument of 'Pymultinest', removing.
12:52 WARNING : Supplied argument 'check_point_delta_t' not an argument of 'Pymultinest', removing.
12:52 INFO    : Using sampler Pymultinest with kwargs {'importance_nested_sampling': False, 'resume': True, 'verbose': True, 'sampling_efficiency': 'parameter', 'n_live_points': 2048, 'n_params': 6, 'n_clustering_params': None, 'wrapped_params': None, 'multimodal': True, 'const_efficiency_mode': False, 'evidence_tolerance': 0.5, 'n_iter_before_update': 100, 'null_log_evidence': -1e+90, 'max_modes': 100, 'mode_tolerance': -1e+90, 'seed': 42, 'context': 0, 'write_output': True, 'log_zero': -1e+100, 'max_iter': 0, 'init_MPI': False, 'dump_callback': <bound method Pymultinest._dump_callback of <bilby.core.sampler.pymultinest.Pymultinest object at 0x7f1c986a2eb0>>}
12:52 INFO    : Temporary directory incompatible with MPI, will run in original directory
12:52 INFO    : Search parameters:
12:52 INFO    : Using output file output/POSSISnoSmoothUni/pm_AT2017gfo/
12:52 INFO    :   luminosity_distance = Uniform(minimum=0.0, maximum=200.0, name='luminosity_distance', latex_label='$D_L$', unit=None, boundary=None)
12:52 INFO    :   KNphi = Uniform(minimum=15.0, maximum=75.0, name='KNphi', latex_label='$\\Phi$', unit=None, boundary=None)
12:52 INFO    :   inclination_EM = Sine(minimum=0.0, maximum=1.5707963267948966, name='inclination_EM', latex_label='$\\iota$', unit=None, boundary=None)
12:52 INFO    :   KNtimeshift = Uniform(minimum=-2.0, maximum=1.0, name='trigger_time', latex_label='$t_0$', unit=None, boundary=None)
12:52 INFO    :   log10_mej_dyn = Uniform(minimum=-3.0, maximum=-1.0, name='log10_mej_dyn', latex_label='$\\log_{10}M^{\\rm{dyn}}_{\\rm{ej}}$', unit=None, boundary=None)
12:52 INFO    :   log10_mej_wind = Uniform(minimum=-3.0, maximum=-0.5, name='log10_mej_wind', latex_label='$\\log_{10}M^{\\rm{wind}}_{\\rm{ej}}$', unit=None, boundary=None)
12:52 INFO    :   Ebv = 0.0
12:52 WARNING : Supplied argument 'npool' not an argument of 'Pymultinest', removing.
12:52 WARNING : Supplied argument 'queue_size' not an argument of 'Pymultinest', removing.
12:52 WARNING : Supplied argument 'check_point_delta_t' not an argument of 'Pymultinest', removing.
12:52 INFO    : Using sampler Pymultinest with kwargs {'importance_nested_sampling': False, 'resume': True, 'verbose': True, 'sampling_efficiency': 'parameter', 'n_live_points': 2048, 'n_params': 6, 'n_clustering_params': None, 'wrapped_params': None, 'multimodal': True, 'const_efficiency_mode': False, 'evidence_tolerance': 0.5, 'n_iter_before_update': 100, 'null_log_evidence': -1e+90, 'max_modes': 100, 'mode_tolerance': -1e+90, 'seed': 42, 'context': 0, 'write_output': True, 'log_zero': -1e+100, 'max_iter': 0, 'init_MPI': False, 'dump_callback': <bound method Pymultinest._dump_callback of <bilby.core.sampler.pymultinest.Pymultinest object at 0x7f3d1c0d77c0>>}
12:52 INFO    : Temporary directory incompatible with MPI, will run in original directory
12:52 INFO    : Using output file output/POSSISnoSmoothUni/pm_AT2017gfo/
12:52 INFO    : Search parameters:
12:52 INFO    :   luminosity_distance = Uniform(minimum=0.0, maximum=200.0, name='luminosity_distance', latex_label='$D_L$', unit=None, boundary=None)
12:52 INFO    :   KNphi = Uniform(minimum=15.0, maximum=75.0, name='KNphi', latex_label='$\\Phi$', unit=None, boundary=None)
12:52 INFO    :   inclination_EM = Sine(minimum=0.0, maximum=1.5707963267948966, name='inclination_EM', latex_label='$\\iota$', unit=None, boundary=None)
12:52 INFO    :   KNtimeshift = Uniform(minimum=-2.0, maximum=1.0, name='trigger_time', latex_label='$t_0$', unit=None, boundary=None)
12:52 INFO    :   log10_mej_dyn = Uniform(minimum=-3.0, maximum=-1.0, name='log10_mej_dyn', latex_label='$\\log_{10}M^{\\rm{dyn}}_{\\rm{ej}}$', unit=None, boundary=None)
12:52 INFO    :   log10_mej_wind = Uniform(minimum=-3.0, maximum=-0.5, name='log10_mej_wind', latex_label='$\\log_{10}M^{\\rm{wind}}_{\\rm{ej}}$', unit=None, boundary=None)
12:52 INFO    :   Ebv = 0.0
12:52 WARNING : Supplied argument 'npool' not an argument of 'Pymultinest', removing.
12:52 WARNING : Supplied argument 'queue_size' not an argument of 'Pymultinest', removing.
12:52 WARNING : Supplied argument 'check_point_delta_t' not an argument of 'Pymultinest', removing.
12:52 INFO    : Using sampler Pymultinest with kwargs {'importance_nested_sampling': False, 'resume': True, 'verbose': True, 'sampling_efficiency': 'parameter', 'n_live_points': 2048, 'n_params': 6, 'n_clustering_params': None, 'wrapped_params': None, 'multimodal': True, 'const_efficiency_mode': False, 'evidence_tolerance': 0.5, 'n_iter_before_update': 100, 'null_log_evidence': -1e+90, 'max_modes': 100, 'mode_tolerance': -1e+90, 'seed': 42, 'context': 0, 'write_output': True, 'log_zero': -1e+100, 'max_iter': 0, 'init_MPI': False, 'dump_callback': <bound method Pymultinest._dump_callback of <bilby.core.sampler.pymultinest.Pymultinest object at 0x7fbb446e60a0>>}
12:52 INFO    : Search parameters:
12:52 INFO    : Temporary directory incompatible with MPI, will run in original directory
12:52 INFO    :   luminosity_distance = Uniform(minimum=0.0, maximum=200.0, name='luminosity_distance', latex_label='$D_L$', unit=None, boundary=None)
12:52 INFO    :   KNphi = Uniform(minimum=15.0, maximum=75.0, name='KNphi', latex_label='$\\Phi$', unit=None, boundary=None)
12:52 INFO    : Using output file output/POSSISnoSmoothUni/pm_AT2017gfo/
12:52 INFO    : Search parameters:
12:52 INFO    :   inclination_EM = Sine(minimum=0.0, maximum=1.5707963267948966, name='inclination_EM', latex_label='$\\iota$', unit=None, boundary=None)
12:52 INFO    : Search parameters:
12:52 INFO    :   luminosity_distance = Uniform(minimum=0.0, maximum=200.0, name='luminosity_distance', latex_label='$D_L$', unit=None, boundary=None)
12:52 INFO    :   KNphi = Uniform(minimum=15.0, maximum=75.0, name='KNphi', latex_label='$\\Phi$', unit=None, boundary=None)
12:52 INFO    :   KNtimeshift = Uniform(minimum=-2.0, maximum=1.0, name='trigger_time', latex_label='$t_0$', unit=None, boundary=None)
12:52 INFO    :   luminosity_distance = Uniform(minimum=0.0, maximum=200.0, name='luminosity_distance', latex_label='$D_L$', unit=None, boundary=None)
12:52 INFO    :   inclination_EM = Sine(minimum=0.0, maximum=1.5707963267948966, name='inclination_EM', latex_label='$\\iota$', unit=None, boundary=None)
12:52 INFO    :   log10_mej_dyn = Uniform(minimum=-3.0, maximum=-1.0, name='log10_mej_dyn', latex_label='$\\log_{10}M^{\\rm{dyn}}_{\\rm{ej}}$', unit=None, boundary=None)
12:52 INFO    :   KNphi = Uniform(minimum=15.0, maximum=75.0, name='KNphi', latex_label='$\\Phi$', unit=None, boundary=None)
12:52 INFO    :   KNtimeshift = Uniform(minimum=-2.0, maximum=1.0, name='trigger_time', latex_label='$t_0$', unit=None, boundary=None)
12:52 INFO    :   log10_mej_wind = Uniform(minimum=-3.0, maximum=-0.5, name='log10_mej_wind', latex_label='$\\log_{10}M^{\\rm{wind}}_{\\rm{ej}}$', unit=None, boundary=None)
12:52 INFO    :   Ebv = 0.0
12:52 INFO    :   inclination_EM = Sine(minimum=0.0, maximum=1.5707963267948966, name='inclination_EM', latex_label='$\\iota$', unit=None, boundary=None)
12:52 INFO    :   log10_mej_dyn = Uniform(minimum=-3.0, maximum=-1.0, name='log10_mej_dyn', latex_label='$\\log_{10}M^{\\rm{dyn}}_{\\rm{ej}}$', unit=None, boundary=None)
12:52 INFO    : Search parameters:
12:52 INFO    :   luminosity_distance = Uniform(minimum=0.0, maximum=200.0, name='luminosity_distance', latex_label='$D_L$', unit=None, boundary=None)
12:52 INFO    :   KNtimeshift = Uniform(minimum=-2.0, maximum=1.0, name='trigger_time', latex_label='$t_0$', unit=None, boundary=None)
12:52 INFO    :   log10_mej_wind = Uniform(minimum=-3.0, maximum=-0.5, name='log10_mej_wind', latex_label='$\\log_{10}M^{\\rm{wind}}_{\\rm{ej}}$', unit=None, boundary=None)
12:52 INFO    :   Ebv = 0.0
12:52 INFO    :   log10_mej_dyn = Uniform(minimum=-3.0, maximum=-1.0, name='log10_mej_dyn', latex_label='$\\log_{10}M^{\\rm{dyn}}_{\\rm{ej}}$', unit=None, boundary=None)
12:52 INFO    :   KNphi = Uniform(minimum=15.0, maximum=75.0, name='KNphi', latex_label='$\\Phi$', unit=None, boundary=None)
12:52 WARNING : Supplied argument 'npool' not an argument of 'Pymultinest', removing.
12:52 WARNING : Supplied argument 'queue_size' not an argument of 'Pymultinest', removing.
12:52 WARNING : Supplied argument 'check_point_delta_t' not an argument of 'Pymultinest', removing.
12:52 INFO    :   log10_mej_wind = Uniform(minimum=-3.0, maximum=-0.5, name='log10_mej_wind', latex_label='$\\log_{10}M^{\\rm{wind}}_{\\rm{ej}}$', unit=None, boundary=None)
12:52 INFO    :   Ebv = 0.0
12:52 INFO    :   inclination_EM = Sine(minimum=0.0, maximum=1.5707963267948966, name='inclination_EM', latex_label='$\\iota$', unit=None, boundary=None)
12:52 INFO    : Using sampler Pymultinest with kwargs {'importance_nested_sampling': False, 'resume': True, 'verbose': True, 'sampling_efficiency': 'parameter', 'n_live_points': 2048, 'n_params': 6, 'n_clustering_params': None, 'wrapped_params': None, 'multimodal': True, 'const_efficiency_mode': False, 'evidence_tolerance': 0.5, 'n_iter_before_update': 100, 'null_log_evidence': -1e+90, 'max_modes': 100, 'mode_tolerance': -1e+90, 'seed': 42, 'context': 0, 'write_output': True, 'log_zero': -1e+100, 'max_iter': 0, 'init_MPI': False, 'dump_callback': <bound method Pymultinest._dump_callback of <bilby.core.sampler.pymultinest.Pymultinest object at 0x7f2ad9ea1a60>>}
12:52 WARNING : Supplied argument 'npool' not an argument of 'Pymultinest', removing.
12:52 INFO    :   KNtimeshift = Uniform(minimum=-2.0, maximum=1.0, name='trigger_time', latex_label='$t_0$', unit=None, boundary=None)
12:52 INFO    : Temporary directory incompatible with MPI, will run in original directory
12:52 INFO    : Search parameters:
12:52 WARNING : Supplied argument 'npool' not an argument of 'Pymultinest', removing.
12:52 WARNING : Supplied argument 'queue_size' not an argument of 'Pymultinest', removing.
12:52 WARNING : Supplied argument 'queue_size' not an argument of 'Pymultinest', removing.
12:52 WARNING : Supplied argument 'check_point_delta_t' not an argument of 'Pymultinest', removing.
12:52 WARNING : Supplied argument 'check_point_delta_t' not an argument of 'Pymultinest', removing.
12:52 INFO    :   log10_mej_dyn = Uniform(minimum=-3.0, maximum=-1.0, name='log10_mej_dyn', latex_label='$\\log_{10}M^{\\rm{dyn}}_{\\rm{ej}}$', unit=None, boundary=None)
12:52 INFO    : Using sampler Pymultinest with kwargs {'importance_nested_sampling': False, 'resume': True, 'verbose': True, 'sampling_efficiency': 'parameter', 'n_live_points': 2048, 'n_params': 6, 'n_clustering_params': None, 'wrapped_params': None, 'multimodal': True, 'const_efficiency_mode': False, 'evidence_tolerance': 0.5, 'n_iter_before_update': 100, 'null_log_evidence': -1e+90, 'max_modes': 100, 'mode_tolerance': -1e+90, 'seed': 42, 'context': 0, 'write_output': True, 'log_zero': -1e+100, 'max_iter': 0, 'init_MPI': False, 'dump_callback': <bound method Pymultinest._dump_callback of <bilby.core.sampler.pymultinest.Pymultinest object at 0x7f7a54070bb0>>}
12:52 INFO    : Using sampler Pymultinest with kwargs {'importance_nested_sampling': False, 'resume': True, 'verbose': True, 'sampling_efficiency': 'parameter', 'n_live_points': 2048, 'n_params': 6, 'n_clustering_params': None, 'wrapped_params': None, 'multimodal': True, 'const_efficiency_mode': False, 'evidence_tolerance': 0.5, 'n_iter_before_update': 100, 'null_log_evidence': -1e+90, 'max_modes': 100, 'mode_tolerance': -1e+90, 'seed': 42, 'context': 0, 'write_output': True, 'log_zero': -1e+100, 'max_iter': 0, 'init_MPI': False, 'dump_callback': <bound method Pymultinest._dump_callback of <bilby.core.sampler.pymultinest.Pymultinest object at 0x7f9b6c75e1c0>>}
12:52 INFO    :   luminosity_distance = Uniform(minimum=0.0, maximum=200.0, name='luminosity_distance', latex_label='$D_L$', unit=None, boundary=None)
12:52 INFO    :   log10_mej_wind = Uniform(minimum=-3.0, maximum=-0.5, name='log10_mej_wind', latex_label='$\\log_{10}M^{\\rm{wind}}_{\\rm{ej}}$', unit=None, boundary=None)
12:52 INFO    : Temporary directory incompatible with MPI, will run in original directory
12:52 INFO    : Using output file output/POSSISnoSmoothUni/pm_AT2017gfo/
12:52 INFO    : Search parameters:
12:52 INFO    : Temporary directory incompatible with MPI, will run in original directory
12:52 INFO    :   Ebv = 0.0
12:52 INFO    :   KNphi = Uniform(minimum=15.0, maximum=75.0, name='KNphi', latex_label='$\\Phi$', unit=None, boundary=None)
12:52 INFO    :   luminosity_distance = Uniform(minimum=0.0, maximum=200.0, name='luminosity_distance', latex_label='$D_L$', unit=None, boundary=None)
12:52 INFO    :   inclination_EM = Sine(minimum=0.0, maximum=1.5707963267948966, name='inclination_EM', latex_label='$\\iota$', unit=None, boundary=None)
12:52 INFO    : Using output file output/POSSISnoSmoothUni/pm_AT2017gfo/
12:52 WARNING : Supplied argument 'npool' not an argument of 'Pymultinest', removing.
12:52 INFO    : Using output file output/POSSISnoSmoothUni/pm_AT2017gfo/
12:52 WARNING : Supplied argument 'queue_size' not an argument of 'Pymultinest', removing.
12:52 WARNING : Supplied argument 'check_point_delta_t' not an argument of 'Pymultinest', removing.
12:52 INFO    : Using sampler Pymultinest with kwargs {'importance_nested_sampling': False, 'resume': True, 'verbose': True, 'sampling_efficiency': 'parameter', 'n_live_points': 2048, 'n_params': 6, 'n_clustering_params': None, 'wrapped_params': None, 'multimodal': True, 'const_efficiency_mode': False, 'evidence_tolerance': 0.5, 'n_iter_before_update': 100, 'null_log_evidence': -1e+90, 'max_modes': 100, 'mode_tolerance': -1e+90, 'seed': 42, 'context': 0, 'write_output': True, 'log_zero': -1e+100, 'max_iter': 0, 'init_MPI': False, 'dump_callback': <bound method Pymultinest._dump_callback of <bilby.core.sampler.pymultinest.Pymultinest object at 0x7fce1c549ca0>>}
12:52 INFO    :   KNphi = Uniform(minimum=15.0, maximum=75.0, name='KNphi', latex_label='$\\Phi$', unit=None, boundary=None)
12:52 INFO    :   KNtimeshift = Uniform(minimum=-2.0, maximum=1.0, name='trigger_time', latex_label='$t_0$', unit=None, boundary=None)
12:52 INFO    : Temporary directory incompatible with MPI, will run in original directory
12:52 INFO    :   inclination_EM = Sine(minimum=0.0, maximum=1.5707963267948966, name='inclination_EM', latex_label='$\\iota$', unit=None, boundary=None)
12:52 INFO    :   log10_mej_dyn = Uniform(minimum=-3.0, maximum=-1.0, name='log10_mej_dyn', latex_label='$\\log_{10}M^{\\rm{dyn}}_{\\rm{ej}}$', unit=None, boundary=None)
12:52 INFO    : Using output file output/POSSISnoSmoothUni/pm_AT2017gfo/
12:52 INFO    :   KNtimeshift = Uniform(minimum=-2.0, maximum=1.0, name='trigger_time', latex_label='$t_0$', unit=None, boundary=None)
12:52 INFO    :   log10_mej_wind = Uniform(minimum=-3.0, maximum=-0.5, name='log10_mej_wind', latex_label='$\\log_{10}M^{\\rm{wind}}_{\\rm{ej}}$', unit=None, boundary=None)
12:52 INFO    :   Ebv = 0.0
12:52 INFO    :   log10_mej_dyn = Uniform(minimum=-3.0, maximum=-1.0, name='log10_mej_dyn', latex_label='$\\log_{10}M^{\\rm{dyn}}_{\\rm{ej}}$', unit=None, boundary=None)
12:52 INFO    :   log10_mej_wind = Uniform(minimum=-3.0, maximum=-0.5, name='log10_mej_wind', latex_label='$\\log_{10}M^{\\rm{wind}}_{\\rm{ej}}$', unit=None, boundary=None)
12:52 WARNING : Supplied argument 'npool' not an argument of 'Pymultinest', removing.
12:52 INFO    :   Ebv = 0.0
12:52 WARNING : Supplied argument 'queue_size' not an argument of 'Pymultinest', removing.
12:52 WARNING : Supplied argument 'check_point_delta_t' not an argument of 'Pymultinest', removing.
12:52 INFO    : Using sampler Pymultinest with kwargs {'importance_nested_sampling': False, 'resume': True, 'verbose': True, 'sampling_efficiency': 'parameter', 'n_live_points': 2048, 'n_params': 6, 'n_clustering_params': None, 'wrapped_params': None, 'multimodal': True, 'const_efficiency_mode': False, 'evidence_tolerance': 0.5, 'n_iter_before_update': 100, 'null_log_evidence': -1e+90, 'max_modes': 100, 'mode_tolerance': -1e+90, 'seed': 42, 'context': 0, 'write_output': True, 'log_zero': -1e+100, 'max_iter': 0, 'init_MPI': False, 'dump_callback': <bound method Pymultinest._dump_callback of <bilby.core.sampler.pymultinest.Pymultinest object at 0x7f9870450eb0>>}
12:52 WARNING : Supplied argument 'npool' not an argument of 'Pymultinest', removing.
12:52 WARNING : Supplied argument 'queue_size' not an argument of 'Pymultinest', removing.
12:52 WARNING : Supplied argument 'check_point_delta_t' not an argument of 'Pymultinest', removing.
12:52 INFO    : Temporary directory incompatible with MPI, will run in original directory
12:52 INFO    : Using sampler Pymultinest with kwargs {'importance_nested_sampling': False, 'resume': True, 'verbose': True, 'sampling_efficiency': 'parameter', 'n_live_points': 2048, 'n_params': 6, 'n_clustering_params': None, 'wrapped_params': None, 'multimodal': True, 'const_efficiency_mode': False, 'evidence_tolerance': 0.5, 'n_iter_before_update': 100, 'null_log_evidence': -1e+90, 'max_modes': 100, 'mode_tolerance': -1e+90, 'seed': 42, 'context': 0, 'write_output': True, 'log_zero': -1e+100, 'max_iter': 0, 'init_MPI': False, 'dump_callback': <bound method Pymultinest._dump_callback of <bilby.core.sampler.pymultinest.Pymultinest object at 0x7f9c481d1f70>>}
12:52 INFO    : Temporary directory incompatible with MPI, will run in original directory
12:52 INFO    : Using output file output/POSSISnoSmoothUni/pm_AT2017gfo/
12:52 INFO    : Using output file output/POSSISnoSmoothUni/pm_AT2017gfo/
12:52 INFO    : Search parameters:
12:52 INFO    :   luminosity_distance = Uniform(minimum=0.0, maximum=200.0, name='luminosity_distance', latex_label='$D_L$', unit=None, boundary=None)
12:52 INFO    :   KNphi = Uniform(minimum=15.0, maximum=75.0, name='KNphi', latex_label='$\\Phi$', unit=None, boundary=None)
12:52 INFO    :   inclination_EM = Sine(minimum=0.0, maximum=1.5707963267948966, name='inclination_EM', latex_label='$\\iota$', unit=None, boundary=None)
12:52 INFO    :   KNtimeshift = Uniform(minimum=-2.0, maximum=1.0, name='trigger_time', latex_label='$t_0$', unit=None, boundary=None)
12:52 INFO    :   log10_mej_dyn = Uniform(minimum=-3.0, maximum=-1.0, name='log10_mej_dyn', latex_label='$\\log_{10}M^{\\rm{dyn}}_{\\rm{ej}}$', unit=None, boundary=None)
12:52 INFO    :   log10_mej_wind = Uniform(minimum=-3.0, maximum=-0.5, name='log10_mej_wind', latex_label='$\\log_{10}M^{\\rm{wind}}_{\\rm{ej}}$', unit=None, boundary=None)
12:52 INFO    :   Ebv = 0.0
12:52 WARNING : Supplied argument 'npool' not an argument of 'Pymultinest', removing.
12:52 WARNING : Supplied argument 'queue_size' not an argument of 'Pymultinest', removing.
12:52 WARNING : Supplied argument 'check_point_delta_t' not an argument of 'Pymultinest', removing.
12:52 INFO    : Using sampler Pymultinest with kwargs {'importance_nested_sampling': False, 'resume': True, 'verbose': True, 'sampling_efficiency': 'parameter', 'n_live_points': 2048, 'n_params': 6, 'n_clustering_params': None, 'wrapped_params': None, 'multimodal': True, 'const_efficiency_mode': False, 'evidence_tolerance': 0.5, 'n_iter_before_update': 100, 'null_log_evidence': -1e+90, 'max_modes': 100, 'mode_tolerance': -1e+90, 'seed': 42, 'context': 0, 'write_output': True, 'log_zero': -1e+100, 'max_iter': 0, 'init_MPI': False, 'dump_callback': <bound method Pymultinest._dump_callback of <bilby.core.sampler.pymultinest.Pymultinest object at 0x7fa230663250>>}
12:52 INFO    : Temporary directory incompatible with MPI, will run in original directory
12:52 INFO    : Using output file output/POSSISnoSmoothUni/pm_AT2017gfo/
13:30 INFO    : Sampling time: 0:38:03.972534
13:30 INFO    : Sampling time: 0:38:03.894205
13:30 INFO    : Sampling time: 0:38:04.355354
13:30 INFO    : Sampling time: 0:38:04.265271
13:30 INFO    : Sampling time: 0:38:04.197828
13:30 INFO    : Sampling time: 0:38:04.395295
13:30 INFO    : Sampling time: 0:38:04.230656
13:30 INFO    : Sampling time: 0:38:04.268156
13:30 INFO    : Sampling time: 0:38:04.257602
13:30 INFO    : Sampling time: 0:38:04.260664
13:30 INFO    : Sampling time: 0:38:04.259847
13:30 INFO    : Sampling time: 0:38:04.268015
13:30 INFO    : Sampling time: 0:38:04.263864
13:30 INFO    : Sampling time: 0:38:04.351963
13:30 INFO    : Summary of results:
nsamples: 12177
ln_noise_evidence:  0.000
ln_evidence: -132.781 +/-  0.053
ln_bayes_factor: -132.781 +/-  0.053

13:30 INFO    : Writing samples file to /nfs/enlil/pouyans/codes/nmma/output/POSSISnoSmoothUni/AT2017gfo_posterior_samples.dat
13:30 INFO    : Summary of results:
nsamples: 12177
ln_noise_evidence:  0.000
ln_evidence: -132.781 +/-  0.053
ln_bayes_factor: -132.781 +/-  0.053

13:30 INFO    : Writing samples file to /nfs/enlil/pouyans/codes/nmma/output/POSSISnoSmoothUni/AT2017gfo_posterior_samples.dat
13:30 INFO    : Summary of results:
nsamples: 12177
ln_noise_evidence:  0.000
ln_evidence: -132.781 +/-  0.053
ln_bayes_factor: -132.781 +/-  0.053

13:30 INFO    : Writing samples file to /nfs/enlil/pouyans/codes/nmma/output/POSSISnoSmoothUni/AT2017gfo_posterior_samples.dat
13:30 INFO    : Summary of results:
nsamples: 12177
ln_noise_evidence:  0.000
ln_evidence: -132.781 +/-  0.053
ln_bayes_factor: -132.781 +/-  0.053

13:30 INFO    : Summary of results:
nsamples: 12177
ln_noise_evidence:  0.000
ln_evidence: -132.781 +/-  0.053
ln_bayes_factor: -132.781 +/-  0.053

13:30 INFO    : Writing samples file to /nfs/enlil/pouyans/codes/nmma/output/POSSISnoSmoothUni/AT2017gfo_posterior_samples.dat
13:30 INFO    : Writing samples file to /nfs/enlil/pouyans/codes/nmma/output/POSSISnoSmoothUni/AT2017gfo_posterior_samples.dat
13:30 INFO    : Summary of results:
nsamples: 12177
ln_noise_evidence:  0.000
ln_evidence: -132.781 +/-  0.053
ln_bayes_factor: -132.781 +/-  0.053

13:30 INFO    : Writing samples file to /nfs/enlil/pouyans/codes/nmma/output/POSSISnoSmoothUni/AT2017gfo_posterior_samples.dat
13:30 INFO    : Summary of results:
nsamples: 12177
ln_noise_evidence:  0.000
ln_evidence: -132.781 +/-  0.053
ln_bayes_factor: -132.781 +/-  0.053

13:30 INFO    : Writing samples file to /nfs/enlil/pouyans/codes/nmma/output/POSSISnoSmoothUni/AT2017gfo_posterior_samples.dat
