15:45 INFO    : Running for label 'AT2017gfo', output will be saved to 'output/UniModel'
15:45 INFO    : Running for label 'AT2017gfo', output will be saved to 'output/UniModel'
15:45 INFO    : Running for label 'AT2017gfo', output will be saved to 'output/UniModel'
15:45 INFO    : Running for label 'AT2017gfo', output will be saved to 'output/UniModel'
15:45 INFO    : Running for label 'AT2017gfo', output will be saved to 'output/UniModel'
15:45 INFO    : Running for label 'AT2017gfo', output will be saved to 'output/UniModel'
15:45 INFO    : Running for label 'AT2017gfo', output will be saved to 'output/UniModel'
15:45 INFO    : Running for label 'AT2017gfo', output will be saved to 'output/UniModel'
15:45 INFO    : Running for label 'AT2017gfo', output will be saved to 'output/UniModel'
15:45 INFO    : Running for label 'AT2017gfo', output will be saved to 'output/UniModel'
15:45 INFO    : Running for label 'AT2017gfo', output will be saved to 'output/UniModel'
15:45 INFO    : Running for label 'AT2017gfo', output will be saved to 'output/UniModel'
15:45 INFO    : Running for label 'AT2017gfo', output will be saved to 'output/UniModel'
15:45 INFO    : Running for label 'AT2017gfo', output will be saved to 'output/UniModel'
15:45 INFO    : Search parameters:
15:45 INFO    :   luminosity_distance = Uniform(minimum=0.0, maximum=200.0, name='luminosity_distance', latex_label='$D_L$', unit=None, boundary=None)
15:45 INFO    :   KNphi = Uniform(minimum=15.0, maximum=75.0, name='KNphi', latex_label='$\\Phi$', unit=None, boundary=None)
15:45 INFO    :   inclination_EM = Sine(minimum=0.0, maximum=1.5707963267948966, name='inclination_EM', latex_label='$\\iota$', unit=None, boundary=None)
15:45 INFO    :   KNtimeshift = Uniform(minimum=-2.0, maximum=1.0, name='trigger_time', latex_label='$t_0$', unit=None, boundary=None)
15:45 INFO    :   log10_mej_dyn = Uniform(minimum=-3.0, maximum=-1.0, name='log10_mej_dyn', latex_label='$\\log_{10}M^{\\rm{dyn}}_{\\rm{ej}}$', unit=None, boundary=None)
15:45 INFO    :   log10_mej_wind = Uniform(minimum=-3.0, maximum=-0.5, name='log10_mej_wind', latex_label='$\\log_{10}M^{\\rm{wind}}_{\\rm{ej}}$', unit=None, boundary=None)
15:45 INFO    :   Ebv = 0.0
15:45 WARNING : Supplied argument 'npool' not an argument of 'Pymultinest', removing.
15:45 WARNING : Supplied argument 'queue_size' not an argument of 'Pymultinest', removing.
15:45 WARNING : Supplied argument 'check_point_delta_t' not an argument of 'Pymultinest', removing.
15:45 INFO    : Using sampler Pymultinest with kwargs {'importance_nested_sampling': False, 'resume': True, 'verbose': True, 'sampling_efficiency': 'parameter', 'n_live_points': 2048, 'n_params': 6, 'n_clustering_params': None, 'wrapped_params': None, 'multimodal': True, 'const_efficiency_mode': False, 'evidence_tolerance': 0.5, 'n_iter_before_update': 100, 'null_log_evidence': -1e+90, 'max_modes': 100, 'mode_tolerance': -1e+90, 'seed': 42, 'context': 0, 'write_output': True, 'log_zero': -1e+100, 'max_iter': 0, 'init_MPI': False, 'dump_callback': <bound method Pymultinest._dump_callback of <bilby.core.sampler.pymultinest.Pymultinest object at 0x7f34846e2f70>>}
15:45 INFO    : Temporary directory incompatible with MPI, will run in original directory
15:45 INFO    : Using output file output/UniModel/pm_AT2017gfo/
15:45 INFO    : Search parameters:
15:45 INFO    :   luminosity_distance = Uniform(minimum=0.0, maximum=200.0, name='luminosity_distance', latex_label='$D_L$', unit=None, boundary=None)
15:45 INFO    :   KNphi = Uniform(minimum=15.0, maximum=75.0, name='KNphi', latex_label='$\\Phi$', unit=None, boundary=None)
15:45 INFO    :   inclination_EM = Sine(minimum=0.0, maximum=1.5707963267948966, name='inclination_EM', latex_label='$\\iota$', unit=None, boundary=None)
15:45 INFO    :   KNtimeshift = Uniform(minimum=-2.0, maximum=1.0, name='trigger_time', latex_label='$t_0$', unit=None, boundary=None)
15:45 INFO    :   log10_mej_dyn = Uniform(minimum=-3.0, maximum=-1.0, name='log10_mej_dyn', latex_label='$\\log_{10}M^{\\rm{dyn}}_{\\rm{ej}}$', unit=None, boundary=None)
15:45 INFO    :   log10_mej_wind = Uniform(minimum=-3.0, maximum=-0.5, name='log10_mej_wind', latex_label='$\\log_{10}M^{\\rm{wind}}_{\\rm{ej}}$', unit=None, boundary=None)
15:45 INFO    :   Ebv = 0.0
15:45 WARNING : Supplied argument 'npool' not an argument of 'Pymultinest', removing.
15:45 WARNING : Supplied argument 'queue_size' not an argument of 'Pymultinest', removing.
15:45 WARNING : Supplied argument 'check_point_delta_t' not an argument of 'Pymultinest', removing.
15:45 INFO    : Using sampler Pymultinest with kwargs {'importance_nested_sampling': False, 'resume': True, 'verbose': True, 'sampling_efficiency': 'parameter', 'n_live_points': 2048, 'n_params': 6, 'n_clustering_params': None, 'wrapped_params': None, 'multimodal': True, 'const_efficiency_mode': False, 'evidence_tolerance': 0.5, 'n_iter_before_update': 100, 'null_log_evidence': -1e+90, 'max_modes': 100, 'mode_tolerance': -1e+90, 'seed': 42, 'context': 0, 'write_output': True, 'log_zero': -1e+100, 'max_iter': 0, 'init_MPI': False, 'dump_callback': <bound method Pymultinest._dump_callback of <bilby.core.sampler.pymultinest.Pymultinest object at 0x7fac74411610>>}
15:45 INFO    : Temporary directory incompatible with MPI, will run in original directory
15:45 INFO    : Using output file output/UniModel/pm_AT2017gfo/
15:45 INFO    : Search parameters:
15:45 INFO    :   luminosity_distance = Uniform(minimum=0.0, maximum=200.0, name='luminosity_distance', latex_label='$D_L$', unit=None, boundary=None)
15:45 INFO    :   KNphi = Uniform(minimum=15.0, maximum=75.0, name='KNphi', latex_label='$\\Phi$', unit=None, boundary=None)
15:45 INFO    :   inclination_EM = Sine(minimum=0.0, maximum=1.5707963267948966, name='inclination_EM', latex_label='$\\iota$', unit=None, boundary=None)
15:45 INFO    :   KNtimeshift = Uniform(minimum=-2.0, maximum=1.0, name='trigger_time', latex_label='$t_0$', unit=None, boundary=None)
15:45 INFO    : Search parameters:
15:45 INFO    :   luminosity_distance = Uniform(minimum=0.0, maximum=200.0, name='luminosity_distance', latex_label='$D_L$', unit=None, boundary=None)
15:45 INFO    :   log10_mej_dyn = Uniform(minimum=-3.0, maximum=-1.0, name='log10_mej_dyn', latex_label='$\\log_{10}M^{\\rm{dyn}}_{\\rm{ej}}$', unit=None, boundary=None)
15:45 INFO    :   KNphi = Uniform(minimum=15.0, maximum=75.0, name='KNphi', latex_label='$\\Phi$', unit=None, boundary=None)
15:45 INFO    :   inclination_EM = Sine(minimum=0.0, maximum=1.5707963267948966, name='inclination_EM', latex_label='$\\iota$', unit=None, boundary=None)
15:45 INFO    :   KNtimeshift = Uniform(minimum=-2.0, maximum=1.0, name='trigger_time', latex_label='$t_0$', unit=None, boundary=None)
15:45 INFO    :   log10_mej_wind = Uniform(minimum=-3.0, maximum=-0.5, name='log10_mej_wind', latex_label='$\\log_{10}M^{\\rm{wind}}_{\\rm{ej}}$', unit=None, boundary=None)
15:45 INFO    :   Ebv = 0.0
15:45 INFO    :   log10_mej_dyn = Uniform(minimum=-3.0, maximum=-1.0, name='log10_mej_dyn', latex_label='$\\log_{10}M^{\\rm{dyn}}_{\\rm{ej}}$', unit=None, boundary=None)
15:45 WARNING : Supplied argument 'npool' not an argument of 'Pymultinest', removing.
15:45 WARNING : Supplied argument 'queue_size' not an argument of 'Pymultinest', removing.
15:45 WARNING : Supplied argument 'check_point_delta_t' not an argument of 'Pymultinest', removing.
15:45 INFO    :   log10_mej_wind = Uniform(minimum=-3.0, maximum=-0.5, name='log10_mej_wind', latex_label='$\\log_{10}M^{\\rm{wind}}_{\\rm{ej}}$', unit=None, boundary=None)
15:45 INFO    : Using sampler Pymultinest with kwargs {'importance_nested_sampling': False, 'resume': True, 'verbose': True, 'sampling_efficiency': 'parameter', 'n_live_points': 2048, 'n_params': 6, 'n_clustering_params': None, 'wrapped_params': None, 'multimodal': True, 'const_efficiency_mode': False, 'evidence_tolerance': 0.5, 'n_iter_before_update': 100, 'null_log_evidence': -1e+90, 'max_modes': 100, 'mode_tolerance': -1e+90, 'seed': 42, 'context': 0, 'write_output': True, 'log_zero': -1e+100, 'max_iter': 0, 'init_MPI': False, 'dump_callback': <bound method Pymultinest._dump_callback of <bilby.core.sampler.pymultinest.Pymultinest object at 0x7fcb5c1ed190>>}
15:45 INFO    :   Ebv = 0.0
15:45 INFO    : Temporary directory incompatible with MPI, will run in original directory
15:45 WARNING : Supplied argument 'npool' not an argument of 'Pymultinest', removing.
15:45 WARNING : Supplied argument 'queue_size' not an argument of 'Pymultinest', removing.
15:45 WARNING : Supplied argument 'check_point_delta_t' not an argument of 'Pymultinest', removing.
15:45 INFO    : Using sampler Pymultinest with kwargs {'importance_nested_sampling': False, 'resume': True, 'verbose': True, 'sampling_efficiency': 'parameter', 'n_live_points': 2048, 'n_params': 6, 'n_clustering_params': None, 'wrapped_params': None, 'multimodal': True, 'const_efficiency_mode': False, 'evidence_tolerance': 0.5, 'n_iter_before_update': 100, 'null_log_evidence': -1e+90, 'max_modes': 100, 'mode_tolerance': -1e+90, 'seed': 42, 'context': 0, 'write_output': True, 'log_zero': -1e+100, 'max_iter': 0, 'init_MPI': False, 'dump_callback': <bound method Pymultinest._dump_callback of <bilby.core.sampler.pymultinest.Pymultinest object at 0x7f49ac7236a0>>}
15:45 INFO    : Using output file output/UniModel/pm_AT2017gfo/
15:45 INFO    : Temporary directory incompatible with MPI, will run in original directory
15:45 INFO    : Search parameters:
15:45 INFO    : Using output file output/UniModel/pm_AT2017gfo/
15:45 INFO    :   luminosity_distance = Uniform(minimum=0.0, maximum=200.0, name='luminosity_distance', latex_label='$D_L$', unit=None, boundary=None)
15:45 INFO    :   KNphi = Uniform(minimum=15.0, maximum=75.0, name='KNphi', latex_label='$\\Phi$', unit=None, boundary=None)
15:45 INFO    :   inclination_EM = Sine(minimum=0.0, maximum=1.5707963267948966, name='inclination_EM', latex_label='$\\iota$', unit=None, boundary=None)
15:45 INFO    :   KNtimeshift = Uniform(minimum=-2.0, maximum=1.0, name='trigger_time', latex_label='$t_0$', unit=None, boundary=None)
15:45 INFO    :   log10_mej_dyn = Uniform(minimum=-3.0, maximum=-1.0, name='log10_mej_dyn', latex_label='$\\log_{10}M^{\\rm{dyn}}_{\\rm{ej}}$', unit=None, boundary=None)
15:45 INFO    :   log10_mej_wind = Uniform(minimum=-3.0, maximum=-0.5, name='log10_mej_wind', latex_label='$\\log_{10}M^{\\rm{wind}}_{\\rm{ej}}$', unit=None, boundary=None)
15:45 INFO    :   Ebv = 0.0
15:45 WARNING : Supplied argument 'npool' not an argument of 'Pymultinest', removing.
15:45 WARNING : Supplied argument 'queue_size' not an argument of 'Pymultinest', removing.
15:45 WARNING : Supplied argument 'check_point_delta_t' not an argument of 'Pymultinest', removing.
15:45 INFO    : Using sampler Pymultinest with kwargs {'importance_nested_sampling': False, 'resume': True, 'verbose': True, 'sampling_efficiency': 'parameter', 'n_live_points': 2048, 'n_params': 6, 'n_clustering_params': None, 'wrapped_params': None, 'multimodal': True, 'const_efficiency_mode': False, 'evidence_tolerance': 0.5, 'n_iter_before_update': 100, 'null_log_evidence': -1e+90, 'max_modes': 100, 'mode_tolerance': -1e+90, 'seed': 42, 'context': 0, 'write_output': True, 'log_zero': -1e+100, 'max_iter': 0, 'init_MPI': False, 'dump_callback': <bound method Pymultinest._dump_callback of <bilby.core.sampler.pymultinest.Pymultinest object at 0x7fdc0008b790>>}
15:45 INFO    : Temporary directory incompatible with MPI, will run in original directory
15:45 INFO    : Using output file output/UniModel/pm_AT2017gfo/
15:45 INFO    : Search parameters:
15:45 INFO    :   luminosity_distance = Uniform(minimum=0.0, maximum=200.0, name='luminosity_distance', latex_label='$D_L$', unit=None, boundary=None)
15:45 INFO    :   KNphi = Uniform(minimum=15.0, maximum=75.0, name='KNphi', latex_label='$\\Phi$', unit=None, boundary=None)
15:45 INFO    :   inclination_EM = Sine(minimum=0.0, maximum=1.5707963267948966, name='inclination_EM', latex_label='$\\iota$', unit=None, boundary=None)
15:45 INFO    :   KNtimeshift = Uniform(minimum=-2.0, maximum=1.0, name='trigger_time', latex_label='$t_0$', unit=None, boundary=None)
15:45 INFO    :   log10_mej_dyn = Uniform(minimum=-3.0, maximum=-1.0, name='log10_mej_dyn', latex_label='$\\log_{10}M^{\\rm{dyn}}_{\\rm{ej}}$', unit=None, boundary=None)
15:45 INFO    :   log10_mej_wind = Uniform(minimum=-3.0, maximum=-0.5, name='log10_mej_wind', latex_label='$\\log_{10}M^{\\rm{wind}}_{\\rm{ej}}$', unit=None, boundary=None)
15:45 INFO    :   Ebv = 0.0
15:45 WARNING : Supplied argument 'npool' not an argument of 'Pymultinest', removing.
15:45 WARNING : Supplied argument 'queue_size' not an argument of 'Pymultinest', removing.
15:45 WARNING : Supplied argument 'check_point_delta_t' not an argument of 'Pymultinest', removing.
15:45 INFO    : Using sampler Pymultinest with kwargs {'importance_nested_sampling': False, 'resume': True, 'verbose': True, 'sampling_efficiency': 'parameter', 'n_live_points': 2048, 'n_params': 6, 'n_clustering_params': None, 'wrapped_params': None, 'multimodal': True, 'const_efficiency_mode': False, 'evidence_tolerance': 0.5, 'n_iter_before_update': 100, 'null_log_evidence': -1e+90, 'max_modes': 100, 'mode_tolerance': -1e+90, 'seed': 42, 'context': 0, 'write_output': True, 'log_zero': -1e+100, 'max_iter': 0, 'init_MPI': False, 'dump_callback': <bound method Pymultinest._dump_callback of <bilby.core.sampler.pymultinest.Pymultinest object at 0x7f61740e1820>>}
15:45 INFO    : Temporary directory incompatible with MPI, will run in original directory
15:45 INFO    : Using output file output/UniModel/pm_AT2017gfo/
15:45 INFO    : Search parameters:
15:45 INFO    :   luminosity_distance = Uniform(minimum=0.0, maximum=200.0, name='luminosity_distance', latex_label='$D_L$', unit=None, boundary=None)
15:45 INFO    :   KNphi = Uniform(minimum=15.0, maximum=75.0, name='KNphi', latex_label='$\\Phi$', unit=None, boundary=None)
15:45 INFO    :   inclination_EM = Sine(minimum=0.0, maximum=1.5707963267948966, name='inclination_EM', latex_label='$\\iota$', unit=None, boundary=None)
15:45 INFO    :   KNtimeshift = Uniform(minimum=-2.0, maximum=1.0, name='trigger_time', latex_label='$t_0$', unit=None, boundary=None)
15:45 INFO    :   log10_mej_dyn = Uniform(minimum=-3.0, maximum=-1.0, name='log10_mej_dyn', latex_label='$\\log_{10}M^{\\rm{dyn}}_{\\rm{ej}}$', unit=None, boundary=None)
15:45 INFO    :   log10_mej_wind = Uniform(minimum=-3.0, maximum=-0.5, name='log10_mej_wind', latex_label='$\\log_{10}M^{\\rm{wind}}_{\\rm{ej}}$', unit=None, boundary=None)
15:45 INFO    :   Ebv = 0.0
15:45 WARNING : Supplied argument 'npool' not an argument of 'Pymultinest', removing.
15:45 WARNING : Supplied argument 'queue_size' not an argument of 'Pymultinest', removing.
15:45 WARNING : Supplied argument 'check_point_delta_t' not an argument of 'Pymultinest', removing.
15:45 INFO    : Using sampler Pymultinest with kwargs {'importance_nested_sampling': False, 'resume': True, 'verbose': True, 'sampling_efficiency': 'parameter', 'n_live_points': 2048, 'n_params': 6, 'n_clustering_params': None, 'wrapped_params': None, 'multimodal': True, 'const_efficiency_mode': False, 'evidence_tolerance': 0.5, 'n_iter_before_update': 100, 'null_log_evidence': -1e+90, 'max_modes': 100, 'mode_tolerance': -1e+90, 'seed': 42, 'context': 0, 'write_output': True, 'log_zero': -1e+100, 'max_iter': 0, 'init_MPI': False, 'dump_callback': <bound method Pymultinest._dump_callback of <bilby.core.sampler.pymultinest.Pymultinest object at 0x7fea6828ff70>>}
15:45 INFO    : Temporary directory incompatible with MPI, will run in original directory
15:45 INFO    : Using output file output/UniModel/pm_AT2017gfo/
15:45 INFO    : Search parameters:
15:45 INFO    :   luminosity_distance = Uniform(minimum=0.0, maximum=200.0, name='luminosity_distance', latex_label='$D_L$', unit=None, boundary=None)
15:45 INFO    : Search parameters:
15:45 INFO    :   KNphi = Uniform(minimum=15.0, maximum=75.0, name='KNphi', latex_label='$\\Phi$', unit=None, boundary=None)
15:45 INFO    :   luminosity_distance = Uniform(minimum=0.0, maximum=200.0, name='luminosity_distance', latex_label='$D_L$', unit=None, boundary=None)
15:45 INFO    :   inclination_EM = Sine(minimum=0.0, maximum=1.5707963267948966, name='inclination_EM', latex_label='$\\iota$', unit=None, boundary=None)
15:45 INFO    :   KNphi = Uniform(minimum=15.0, maximum=75.0, name='KNphi', latex_label='$\\Phi$', unit=None, boundary=None)
15:45 INFO    :   KNtimeshift = Uniform(minimum=-2.0, maximum=1.0, name='trigger_time', latex_label='$t_0$', unit=None, boundary=None)
15:45 INFO    :   inclination_EM = Sine(minimum=0.0, maximum=1.5707963267948966, name='inclination_EM', latex_label='$\\iota$', unit=None, boundary=None)
15:45 INFO    :   log10_mej_dyn = Uniform(minimum=-3.0, maximum=-1.0, name='log10_mej_dyn', latex_label='$\\log_{10}M^{\\rm{dyn}}_{\\rm{ej}}$', unit=None, boundary=None)
15:45 INFO    :   KNtimeshift = Uniform(minimum=-2.0, maximum=1.0, name='trigger_time', latex_label='$t_0$', unit=None, boundary=None)
15:45 INFO    :   log10_mej_wind = Uniform(minimum=-3.0, maximum=-0.5, name='log10_mej_wind', latex_label='$\\log_{10}M^{\\rm{wind}}_{\\rm{ej}}$', unit=None, boundary=None)
15:45 INFO    :   Ebv = 0.0
15:45 INFO    :   log10_mej_dyn = Uniform(minimum=-3.0, maximum=-1.0, name='log10_mej_dyn', latex_label='$\\log_{10}M^{\\rm{dyn}}_{\\rm{ej}}$', unit=None, boundary=None)
15:45 WARNING : Supplied argument 'npool' not an argument of 'Pymultinest', removing.
15:45 INFO    :   log10_mej_wind = Uniform(minimum=-3.0, maximum=-0.5, name='log10_mej_wind', latex_label='$\\log_{10}M^{\\rm{wind}}_{\\rm{ej}}$', unit=None, boundary=None)
15:45 WARNING : Supplied argument 'queue_size' not an argument of 'Pymultinest', removing.
15:45 INFO    :   Ebv = 0.0
15:45 WARNING : Supplied argument 'check_point_delta_t' not an argument of 'Pymultinest', removing.
15:45 INFO    : Using sampler Pymultinest with kwargs {'importance_nested_sampling': False, 'resume': True, 'verbose': True, 'sampling_efficiency': 'parameter', 'n_live_points': 2048, 'n_params': 6, 'n_clustering_params': None, 'wrapped_params': None, 'multimodal': True, 'const_efficiency_mode': False, 'evidence_tolerance': 0.5, 'n_iter_before_update': 100, 'null_log_evidence': -1e+90, 'max_modes': 100, 'mode_tolerance': -1e+90, 'seed': 42, 'context': 0, 'write_output': True, 'log_zero': -1e+100, 'max_iter': 0, 'init_MPI': False, 'dump_callback': <bound method Pymultinest._dump_callback of <bilby.core.sampler.pymultinest.Pymultinest object at 0x7fc6b80bb610>>}
15:45 WARNING : Supplied argument 'npool' not an argument of 'Pymultinest', removing.
15:45 WARNING : Supplied argument 'queue_size' not an argument of 'Pymultinest', removing.
15:45 INFO    : Temporary directory incompatible with MPI, will run in original directory
15:45 WARNING : Supplied argument 'check_point_delta_t' not an argument of 'Pymultinest', removing.
15:45 INFO    : Using sampler Pymultinest with kwargs {'importance_nested_sampling': False, 'resume': True, 'verbose': True, 'sampling_efficiency': 'parameter', 'n_live_points': 2048, 'n_params': 6, 'n_clustering_params': None, 'wrapped_params': None, 'multimodal': True, 'const_efficiency_mode': False, 'evidence_tolerance': 0.5, 'n_iter_before_update': 100, 'null_log_evidence': -1e+90, 'max_modes': 100, 'mode_tolerance': -1e+90, 'seed': 42, 'context': 0, 'write_output': True, 'log_zero': -1e+100, 'max_iter': 0, 'init_MPI': False, 'dump_callback': <bound method Pymultinest._dump_callback of <bilby.core.sampler.pymultinest.Pymultinest object at 0x7feb7c267bb0>>}
15:45 INFO    : Search parameters:
15:45 INFO    : Using output file output/UniModel/pm_AT2017gfo/
15:45 INFO    : Temporary directory incompatible with MPI, will run in original directory
15:45 INFO    :   luminosity_distance = Uniform(minimum=0.0, maximum=200.0, name='luminosity_distance', latex_label='$D_L$', unit=None, boundary=None)
15:45 INFO    :   KNphi = Uniform(minimum=15.0, maximum=75.0, name='KNphi', latex_label='$\\Phi$', unit=None, boundary=None)
15:45 INFO    :   inclination_EM = Sine(minimum=0.0, maximum=1.5707963267948966, name='inclination_EM', latex_label='$\\iota$', unit=None, boundary=None)
15:45 INFO    :   KNtimeshift = Uniform(minimum=-2.0, maximum=1.0, name='trigger_time', latex_label='$t_0$', unit=None, boundary=None)
15:45 INFO    : Search parameters:
15:45 INFO    :   log10_mej_dyn = Uniform(minimum=-3.0, maximum=-1.0, name='log10_mej_dyn', latex_label='$\\log_{10}M^{\\rm{dyn}}_{\\rm{ej}}$', unit=None, boundary=None)
15:45 INFO    :   log10_mej_wind = Uniform(minimum=-3.0, maximum=-0.5, name='log10_mej_wind', latex_label='$\\log_{10}M^{\\rm{wind}}_{\\rm{ej}}$', unit=None, boundary=None)
15:45 INFO    :   Ebv = 0.0
15:45 INFO    : Using output file output/UniModel/pm_AT2017gfo/
15:45 INFO    : Search parameters:
15:45 INFO    :   luminosity_distance = Uniform(minimum=0.0, maximum=200.0, name='luminosity_distance', latex_label='$D_L$', unit=None, boundary=None)
15:45 INFO    : Search parameters:
15:45 INFO    :   KNphi = Uniform(minimum=15.0, maximum=75.0, name='KNphi', latex_label='$\\Phi$', unit=None, boundary=None)
15:45 INFO    :   luminosity_distance = Uniform(minimum=0.0, maximum=200.0, name='luminosity_distance', latex_label='$D_L$', unit=None, boundary=None)
15:45 INFO    :   inclination_EM = Sine(minimum=0.0, maximum=1.5707963267948966, name='inclination_EM', latex_label='$\\iota$', unit=None, boundary=None)
15:45 INFO    :   KNphi = Uniform(minimum=15.0, maximum=75.0, name='KNphi', latex_label='$\\Phi$', unit=None, boundary=None)
15:45 INFO    :   luminosity_distance = Uniform(minimum=0.0, maximum=200.0, name='luminosity_distance', latex_label='$D_L$', unit=None, boundary=None)
15:45 INFO    :   KNtimeshift = Uniform(minimum=-2.0, maximum=1.0, name='trigger_time', latex_label='$t_0$', unit=None, boundary=None)
15:45 INFO    :   KNphi = Uniform(minimum=15.0, maximum=75.0, name='KNphi', latex_label='$\\Phi$', unit=None, boundary=None)
15:45 INFO    :   inclination_EM = Sine(minimum=0.0, maximum=1.5707963267948966, name='inclination_EM', latex_label='$\\iota$', unit=None, boundary=None)
15:45 INFO    : Search parameters:
15:45 INFO    :   KNtimeshift = Uniform(minimum=-2.0, maximum=1.0, name='trigger_time', latex_label='$t_0$', unit=None, boundary=None)
15:45 INFO    :   inclination_EM = Sine(minimum=0.0, maximum=1.5707963267948966, name='inclination_EM', latex_label='$\\iota$', unit=None, boundary=None)
15:45 INFO    :   log10_mej_dyn = Uniform(minimum=-3.0, maximum=-1.0, name='log10_mej_dyn', latex_label='$\\log_{10}M^{\\rm{dyn}}_{\\rm{ej}}$', unit=None, boundary=None)
15:45 INFO    :   luminosity_distance = Uniform(minimum=0.0, maximum=200.0, name='luminosity_distance', latex_label='$D_L$', unit=None, boundary=None)
15:45 WARNING : Supplied argument 'npool' not an argument of 'Pymultinest', removing.
15:45 WARNING : Supplied argument 'queue_size' not an argument of 'Pymultinest', removing.
15:45 WARNING : Supplied argument 'check_point_delta_t' not an argument of 'Pymultinest', removing.
15:45 INFO    :   log10_mej_wind = Uniform(minimum=-3.0, maximum=-0.5, name='log10_mej_wind', latex_label='$\\log_{10}M^{\\rm{wind}}_{\\rm{ej}}$', unit=None, boundary=None)
15:45 INFO    :   KNphi = Uniform(minimum=15.0, maximum=75.0, name='KNphi', latex_label='$\\Phi$', unit=None, boundary=None)
15:45 INFO    : Using sampler Pymultinest with kwargs {'importance_nested_sampling': False, 'resume': True, 'verbose': True, 'sampling_efficiency': 'parameter', 'n_live_points': 2048, 'n_params': 6, 'n_clustering_params': None, 'wrapped_params': None, 'multimodal': True, 'const_efficiency_mode': False, 'evidence_tolerance': 0.5, 'n_iter_before_update': 100, 'null_log_evidence': -1e+90, 'max_modes': 100, 'mode_tolerance': -1e+90, 'seed': 42, 'context': 0, 'write_output': True, 'log_zero': -1e+100, 'max_iter': 0, 'init_MPI': False, 'dump_callback': <bound method Pymultinest._dump_callback of <bilby.core.sampler.pymultinest.Pymultinest object at 0x7fbe81681b80>>}
15:45 INFO    :   log10_mej_dyn = Uniform(minimum=-3.0, maximum=-1.0, name='log10_mej_dyn', latex_label='$\\log_{10}M^{\\rm{dyn}}_{\\rm{ej}}$', unit=None, boundary=None)
15:45 INFO    :   Ebv = 0.0
15:45 INFO    :   inclination_EM = Sine(minimum=0.0, maximum=1.5707963267948966, name='inclination_EM', latex_label='$\\iota$', unit=None, boundary=None)
15:45 INFO    :   KNtimeshift = Uniform(minimum=-2.0, maximum=1.0, name='trigger_time', latex_label='$t_0$', unit=None, boundary=None)
15:45 INFO    :   log10_mej_wind = Uniform(minimum=-3.0, maximum=-0.5, name='log10_mej_wind', latex_label='$\\log_{10}M^{\\rm{wind}}_{\\rm{ej}}$', unit=None, boundary=None)
15:45 INFO    : Temporary directory incompatible with MPI, will run in original directory
15:45 INFO    :   Ebv = 0.0
15:45 WARNING : Supplied argument 'npool' not an argument of 'Pymultinest', removing.
15:45 INFO    :   KNtimeshift = Uniform(minimum=-2.0, maximum=1.0, name='trigger_time', latex_label='$t_0$', unit=None, boundary=None)
15:45 WARNING : Supplied argument 'queue_size' not an argument of 'Pymultinest', removing.
15:45 INFO    :   log10_mej_dyn = Uniform(minimum=-3.0, maximum=-1.0, name='log10_mej_dyn', latex_label='$\\log_{10}M^{\\rm{dyn}}_{\\rm{ej}}$', unit=None, boundary=None)
15:45 WARNING : Supplied argument 'check_point_delta_t' not an argument of 'Pymultinest', removing.
15:45 INFO    : Using sampler Pymultinest with kwargs {'importance_nested_sampling': False, 'resume': True, 'verbose': True, 'sampling_efficiency': 'parameter', 'n_live_points': 2048, 'n_params': 6, 'n_clustering_params': None, 'wrapped_params': None, 'multimodal': True, 'const_efficiency_mode': False, 'evidence_tolerance': 0.5, 'n_iter_before_update': 100, 'null_log_evidence': -1e+90, 'max_modes': 100, 'mode_tolerance': -1e+90, 'seed': 42, 'context': 0, 'write_output': True, 'log_zero': -1e+100, 'max_iter': 0, 'init_MPI': False, 'dump_callback': <bound method Pymultinest._dump_callback of <bilby.core.sampler.pymultinest.Pymultinest object at 0x7f0b8c8d9b80>>}
15:45 INFO    :   log10_mej_wind = Uniform(minimum=-3.0, maximum=-0.5, name='log10_mej_wind', latex_label='$\\log_{10}M^{\\rm{wind}}_{\\rm{ej}}$', unit=None, boundary=None)
15:45 INFO    :   log10_mej_dyn = Uniform(minimum=-3.0, maximum=-1.0, name='log10_mej_dyn', latex_label='$\\log_{10}M^{\\rm{dyn}}_{\\rm{ej}}$', unit=None, boundary=None)
15:45 INFO    : Using output file output/UniModel/pm_AT2017gfo/
15:45 INFO    :   Ebv = 0.0
15:45 INFO    :   log10_mej_wind = Uniform(minimum=-3.0, maximum=-0.5, name='log10_mej_wind', latex_label='$\\log_{10}M^{\\rm{wind}}_{\\rm{ej}}$', unit=None, boundary=None)
15:45 INFO    :   Ebv = 0.0
15:45 WARNING : Supplied argument 'npool' not an argument of 'Pymultinest', removing.
15:45 WARNING : Supplied argument 'queue_size' not an argument of 'Pymultinest', removing.
15:45 WARNING : Supplied argument 'check_point_delta_t' not an argument of 'Pymultinest', removing.
15:45 INFO    : Using sampler Pymultinest with kwargs {'importance_nested_sampling': False, 'resume': True, 'verbose': True, 'sampling_efficiency': 'parameter', 'n_live_points': 2048, 'n_params': 6, 'n_clustering_params': None, 'wrapped_params': None, 'multimodal': True, 'const_efficiency_mode': False, 'evidence_tolerance': 0.5, 'n_iter_before_update': 100, 'null_log_evidence': -1e+90, 'max_modes': 100, 'mode_tolerance': -1e+90, 'seed': 42, 'context': 0, 'write_output': True, 'log_zero': -1e+100, 'max_iter': 0, 'init_MPI': False, 'dump_callback': <bound method Pymultinest._dump_callback of <bilby.core.sampler.pymultinest.Pymultinest object at 0x7f3a1c71e130>>}
15:45 INFO    : Temporary directory incompatible with MPI, will run in original directory
15:45 INFO    : Using output file output/UniModel/pm_AT2017gfo/
15:45 WARNING : Supplied argument 'npool' not an argument of 'Pymultinest', removing.
15:45 INFO    : Temporary directory incompatible with MPI, will run in original directory
15:45 WARNING : Supplied argument 'npool' not an argument of 'Pymultinest', removing.
15:45 WARNING : Supplied argument 'queue_size' not an argument of 'Pymultinest', removing.
15:45 INFO    : Using output file output/UniModel/pm_AT2017gfo/
15:45 WARNING : Supplied argument 'queue_size' not an argument of 'Pymultinest', removing.
15:45 WARNING : Supplied argument 'check_point_delta_t' not an argument of 'Pymultinest', removing.
15:45 WARNING : Supplied argument 'check_point_delta_t' not an argument of 'Pymultinest', removing.
15:45 INFO    : Using sampler Pymultinest with kwargs {'importance_nested_sampling': False, 'resume': True, 'verbose': True, 'sampling_efficiency': 'parameter', 'n_live_points': 2048, 'n_params': 6, 'n_clustering_params': None, 'wrapped_params': None, 'multimodal': True, 'const_efficiency_mode': False, 'evidence_tolerance': 0.5, 'n_iter_before_update': 100, 'null_log_evidence': -1e+90, 'max_modes': 100, 'mode_tolerance': -1e+90, 'seed': 42, 'context': 0, 'write_output': True, 'log_zero': -1e+100, 'max_iter': 0, 'init_MPI': False, 'dump_callback': <bound method Pymultinest._dump_callback of <bilby.core.sampler.pymultinest.Pymultinest object at 0x7f9f843bd8b0>>}
15:45 INFO    : Temporary directory incompatible with MPI, will run in original directory
15:45 INFO    : Using sampler Pymultinest with kwargs {'importance_nested_sampling': False, 'resume': True, 'verbose': True, 'sampling_efficiency': 'parameter', 'n_live_points': 2048, 'n_params': 6, 'n_clustering_params': None, 'wrapped_params': None, 'multimodal': True, 'const_efficiency_mode': False, 'evidence_tolerance': 0.5, 'n_iter_before_update': 100, 'null_log_evidence': -1e+90, 'max_modes': 100, 'mode_tolerance': -1e+90, 'seed': 42, 'context': 0, 'write_output': True, 'log_zero': -1e+100, 'max_iter': 0, 'init_MPI': False, 'dump_callback': <bound method Pymultinest._dump_callback of <bilby.core.sampler.pymultinest.Pymultinest object at 0x7fbbe81a3f70>>}
15:45 INFO    : Temporary directory incompatible with MPI, will run in original directory
15:45 INFO    : Using output file output/UniModel/pm_AT2017gfo/
15:45 INFO    : Using output file output/UniModel/pm_AT2017gfo/
15:55 INFO    : Run interrupted by signal 2: checkpoint and exit on 77
15:55 INFO    : Run interrupted by signal 2: checkpoint and exit on 77
15:55 INFO    : Run interrupted by signal 2: checkpoint and exit on 77
15:55 INFO    : Run interrupted by signal 2: checkpoint and exit on 77
15:55 INFO    : Run interrupted by signal 2: checkpoint and exit on 77
15:55 INFO    : Run interrupted by signal 2: checkpoint and exit on 77
15:55 INFO    : Run interrupted by signal 2: checkpoint and exit on 77
15:55 INFO    : Run interrupted by signal 2: checkpoint and exit on 77
15:55 INFO    : Run interrupted by signal 2: checkpoint and exit on 77
15:55 INFO    : Run interrupted by signal 2: checkpoint and exit on 77
15:55 INFO    : Run interrupted by signal 2: checkpoint and exit on 77
15:55 INFO    : Run interrupted by signal 2: checkpoint and exit on 77
15:55 INFO    : Run interrupted by signal 2: checkpoint and exit on 77
15:55 INFO    : Run interrupted by signal 2: checkpoint and exit on 77
