11:48 INFO    : Running for label 'AT2017gfo', output will be saved to 'output/possisNoROQ_tf'
11:48 INFO    : Running for label 'AT2017gfo', output will be saved to 'output/possisNoROQ_tf'
11:48 INFO    : Running for label 'AT2017gfo', output will be saved to 'output/possisNoROQ_tf'
11:48 INFO    : Running for label 'AT2017gfo', output will be saved to 'output/possisNoROQ_tf'
11:48 INFO    : Running for label 'AT2017gfo', output will be saved to 'output/possisNoROQ_tf'
11:48 INFO    : Running for label 'AT2017gfo', output will be saved to 'output/possisNoROQ_tf'
11:48 INFO    : Running for label 'AT2017gfo', output will be saved to 'output/possisNoROQ_tf'
11:48 INFO    : Running for label 'AT2017gfo', output will be saved to 'output/possisNoROQ_tf'
11:48 INFO    : Running for label 'AT2017gfo', output will be saved to 'output/possisNoROQ_tf'
11:48 INFO    : Running for label 'AT2017gfo', output will be saved to 'output/possisNoROQ_tf'
11:48 INFO    : Running for label 'AT2017gfo', output will be saved to 'output/possisNoROQ_tf'
11:48 INFO    : Running for label 'AT2017gfo', output will be saved to 'output/possisNoROQ_tf'
11:48 INFO    : Running for label 'AT2017gfo', output will be saved to 'output/possisNoROQ_tf'
11:48 INFO    : Running for label 'AT2017gfo', output will be saved to 'output/possisNoROQ_tf'
11:48 INFO    : Search parameters:
11:48 INFO    : Search parameters:
11:48 INFO    :   KNphi = Uniform(minimum=15.0, maximum=75.0, name='KNphi', latex_label='$\\Phi$', unit=None, boundary=None)
11:48 INFO    :   KNphi = Uniform(minimum=15.0, maximum=75.0, name='KNphi', latex_label='$\\Phi$', unit=None, boundary=None)
11:48 INFO    :   inclination_EM = Sine(minimum=0.0, maximum=1.5707963267948966, name='inclination_EM', latex_label='$\\iota$', unit=None, boundary=None)
11:48 INFO    :   inclination_EM = Sine(minimum=0.0, maximum=1.5707963267948966, name='inclination_EM', latex_label='$\\iota$', unit=None, boundary=None)
11:48 INFO    :   log10_mej_dyn = Uniform(minimum=-3.0, maximum=-1.0, name='log10_mej_dyn', latex_label='$\\log_{10}M^{\\rm{dyn}}_{\\rm{ej}}$', unit=None, boundary=None)
11:48 INFO    :   log10_mej_dyn = Uniform(minimum=-3.0, maximum=-1.0, name='log10_mej_dyn', latex_label='$\\log_{10}M^{\\rm{dyn}}_{\\rm{ej}}$', unit=None, boundary=None)
11:48 INFO    :   log10_mej_wind = Uniform(minimum=-3.0, maximum=-1.0, name='log10_mej_wind', latex_label='$\\log_{10}M^{\\rm{wind}}_{\\rm{ej}}$', unit=None, boundary=None)
11:48 INFO    :   log10_mej_wind = Uniform(minimum=-3.0, maximum=-1.0, name='log10_mej_wind', latex_label='$\\log_{10}M^{\\rm{wind}}_{\\rm{ej}}$', unit=None, boundary=None)
11:48 INFO    :   luminosity_distance = 40.0
11:48 INFO    :   luminosity_distance = 40.0
11:48 INFO    :   KNtimeshift = 0.0
11:48 INFO    :   KNtimeshift = 0.0
11:48 INFO    :   Ebv = 0.0
11:48 INFO    :   Ebv = 0.0
11:48 WARNING : Supplied argument 'npool' not an argument of 'Pymultinest', removing.
11:48 WARNING : Supplied argument 'queue_size' not an argument of 'Pymultinest', removing.
11:48 WARNING : Supplied argument 'check_point_delta_t' not an argument of 'Pymultinest', removing.
11:48 INFO    : Using sampler Pymultinest with kwargs {'importance_nested_sampling': False, 'resume': True, 'verbose': True, 'sampling_efficiency': 'parameter', 'n_live_points': 2048, 'n_params': 4, 'n_clustering_params': None, 'wrapped_params': None, 'multimodal': True, 'const_efficiency_mode': False, 'evidence_tolerance': 0.5, 'n_iter_before_update': 100, 'null_log_evidence': -1e+90, 'max_modes': 100, 'mode_tolerance': -1e+90, 'seed': 42, 'context': 0, 'write_output': True, 'log_zero': -1e+100, 'max_iter': 0, 'init_MPI': False, 'dump_callback': <bound method Pymultinest._dump_callback of <bilby.core.sampler.pymultinest.Pymultinest object at 0x7f172d0777f0>>}
11:48 WARNING : Supplied argument 'npool' not an argument of 'Pymultinest', removing.
11:48 WARNING : Supplied argument 'queue_size' not an argument of 'Pymultinest', removing.
11:48 WARNING : Supplied argument 'check_point_delta_t' not an argument of 'Pymultinest', removing.
11:48 INFO    : Using sampler Pymultinest with kwargs {'importance_nested_sampling': False, 'resume': True, 'verbose': True, 'sampling_efficiency': 'parameter', 'n_live_points': 2048, 'n_params': 4, 'n_clustering_params': None, 'wrapped_params': None, 'multimodal': True, 'const_efficiency_mode': False, 'evidence_tolerance': 0.5, 'n_iter_before_update': 100, 'null_log_evidence': -1e+90, 'max_modes': 100, 'mode_tolerance': -1e+90, 'seed': 42, 'context': 0, 'write_output': True, 'log_zero': -1e+100, 'max_iter': 0, 'init_MPI': False, 'dump_callback': <bound method Pymultinest._dump_callback of <bilby.core.sampler.pymultinest.Pymultinest object at 0x7fccac341dc0>>}
11:48 INFO    : Temporary directory incompatible with MPI, will run in original directory
11:48 INFO    : Temporary directory incompatible with MPI, will run in original directory
11:48 INFO    : Using output file output/possisNoROQ_tf/pm_AT2017gfo/
11:48 INFO    : Using output file output/possisNoROQ_tf/pm_AT2017gfo/
11:48 INFO    : Search parameters:
11:48 INFO    :   KNphi = Uniform(minimum=15.0, maximum=75.0, name='KNphi', latex_label='$\\Phi$', unit=None, boundary=None)
11:48 INFO    :   inclination_EM = Sine(minimum=0.0, maximum=1.5707963267948966, name='inclination_EM', latex_label='$\\iota$', unit=None, boundary=None)
11:48 INFO    :   log10_mej_dyn = Uniform(minimum=-3.0, maximum=-1.0, name='log10_mej_dyn', latex_label='$\\log_{10}M^{\\rm{dyn}}_{\\rm{ej}}$', unit=None, boundary=None)
11:48 INFO    :   log10_mej_wind = Uniform(minimum=-3.0, maximum=-1.0, name='log10_mej_wind', latex_label='$\\log_{10}M^{\\rm{wind}}_{\\rm{ej}}$', unit=None, boundary=None)
11:48 INFO    :   luminosity_distance = 40.0
11:48 INFO    :   KNtimeshift = 0.0
11:48 INFO    :   Ebv = 0.0
11:48 WARNING : Supplied argument 'npool' not an argument of 'Pymultinest', removing.
11:48 WARNING : Supplied argument 'queue_size' not an argument of 'Pymultinest', removing.
11:48 WARNING : Supplied argument 'check_point_delta_t' not an argument of 'Pymultinest', removing.
11:48 INFO    : Using sampler Pymultinest with kwargs {'importance_nested_sampling': False, 'resume': True, 'verbose': True, 'sampling_efficiency': 'parameter', 'n_live_points': 2048, 'n_params': 4, 'n_clustering_params': None, 'wrapped_params': None, 'multimodal': True, 'const_efficiency_mode': False, 'evidence_tolerance': 0.5, 'n_iter_before_update': 100, 'null_log_evidence': -1e+90, 'max_modes': 100, 'mode_tolerance': -1e+90, 'seed': 42, 'context': 0, 'write_output': True, 'log_zero': -1e+100, 'max_iter': 0, 'init_MPI': False, 'dump_callback': <bound method Pymultinest._dump_callback of <bilby.core.sampler.pymultinest.Pymultinest object at 0x7fa940630040>>}
11:48 INFO    : Temporary directory incompatible with MPI, will run in original directory
11:48 INFO    : Using output file output/possisNoROQ_tf/pm_AT2017gfo/
11:48 INFO    : Search parameters:
11:48 INFO    :   KNphi = Uniform(minimum=15.0, maximum=75.0, name='KNphi', latex_label='$\\Phi$', unit=None, boundary=None)
11:48 INFO    :   inclination_EM = Sine(minimum=0.0, maximum=1.5707963267948966, name='inclination_EM', latex_label='$\\iota$', unit=None, boundary=None)
11:48 INFO    :   log10_mej_dyn = Uniform(minimum=-3.0, maximum=-1.0, name='log10_mej_dyn', latex_label='$\\log_{10}M^{\\rm{dyn}}_{\\rm{ej}}$', unit=None, boundary=None)
11:48 INFO    :   log10_mej_wind = Uniform(minimum=-3.0, maximum=-1.0, name='log10_mej_wind', latex_label='$\\log_{10}M^{\\rm{wind}}_{\\rm{ej}}$', unit=None, boundary=None)
11:48 INFO    :   luminosity_distance = 40.0
11:48 INFO    :   KNtimeshift = 0.0
11:48 INFO    :   Ebv = 0.0
11:48 WARNING : Supplied argument 'npool' not an argument of 'Pymultinest', removing.
11:48 WARNING : Supplied argument 'queue_size' not an argument of 'Pymultinest', removing.
11:48 WARNING : Supplied argument 'check_point_delta_t' not an argument of 'Pymultinest', removing.
11:48 INFO    : Using sampler Pymultinest with kwargs {'importance_nested_sampling': False, 'resume': True, 'verbose': True, 'sampling_efficiency': 'parameter', 'n_live_points': 2048, 'n_params': 4, 'n_clustering_params': None, 'wrapped_params': None, 'multimodal': True, 'const_efficiency_mode': False, 'evidence_tolerance': 0.5, 'n_iter_before_update': 100, 'null_log_evidence': -1e+90, 'max_modes': 100, 'mode_tolerance': -1e+90, 'seed': 42, 'context': 0, 'write_output': True, 'log_zero': -1e+100, 'max_iter': 0, 'init_MPI': False, 'dump_callback': <bound method Pymultinest._dump_callback of <bilby.core.sampler.pymultinest.Pymultinest object at 0x7f756e4f2550>>}
11:48 INFO    : Temporary directory incompatible with MPI, will run in original directory
11:48 INFO    : Using output file output/possisNoROQ_tf/pm_AT2017gfo/
11:48 INFO    : Search parameters:
11:48 INFO    :   KNphi = Uniform(minimum=15.0, maximum=75.0, name='KNphi', latex_label='$\\Phi$', unit=None, boundary=None)
11:48 INFO    :   inclination_EM = Sine(minimum=0.0, maximum=1.5707963267948966, name='inclination_EM', latex_label='$\\iota$', unit=None, boundary=None)
11:48 INFO    :   log10_mej_dyn = Uniform(minimum=-3.0, maximum=-1.0, name='log10_mej_dyn', latex_label='$\\log_{10}M^{\\rm{dyn}}_{\\rm{ej}}$', unit=None, boundary=None)
11:48 INFO    :   log10_mej_wind = Uniform(minimum=-3.0, maximum=-1.0, name='log10_mej_wind', latex_label='$\\log_{10}M^{\\rm{wind}}_{\\rm{ej}}$', unit=None, boundary=None)
11:48 INFO    :   luminosity_distance = 40.0
11:48 INFO    :   KNtimeshift = 0.0
11:48 INFO    :   Ebv = 0.0
11:48 WARNING : Supplied argument 'npool' not an argument of 'Pymultinest', removing.
11:48 WARNING : Supplied argument 'queue_size' not an argument of 'Pymultinest', removing.
11:48 WARNING : Supplied argument 'check_point_delta_t' not an argument of 'Pymultinest', removing.
11:48 INFO    : Using sampler Pymultinest with kwargs {'importance_nested_sampling': False, 'resume': True, 'verbose': True, 'sampling_efficiency': 'parameter', 'n_live_points': 2048, 'n_params': 4, 'n_clustering_params': None, 'wrapped_params': None, 'multimodal': True, 'const_efficiency_mode': False, 'evidence_tolerance': 0.5, 'n_iter_before_update': 100, 'null_log_evidence': -1e+90, 'max_modes': 100, 'mode_tolerance': -1e+90, 'seed': 42, 'context': 0, 'write_output': True, 'log_zero': -1e+100, 'max_iter': 0, 'init_MPI': False, 'dump_callback': <bound method Pymultinest._dump_callback of <bilby.core.sampler.pymultinest.Pymultinest object at 0x7f21ac781a30>>}
11:48 INFO    : Temporary directory incompatible with MPI, will run in original directory
11:48 INFO    : Using output file output/possisNoROQ_tf/pm_AT2017gfo/
11:48 INFO    : Search parameters:
11:48 INFO    :   KNphi = Uniform(minimum=15.0, maximum=75.0, name='KNphi', latex_label='$\\Phi$', unit=None, boundary=None)
11:48 INFO    :   inclination_EM = Sine(minimum=0.0, maximum=1.5707963267948966, name='inclination_EM', latex_label='$\\iota$', unit=None, boundary=None)
11:48 INFO    :   log10_mej_dyn = Uniform(minimum=-3.0, maximum=-1.0, name='log10_mej_dyn', latex_label='$\\log_{10}M^{\\rm{dyn}}_{\\rm{ej}}$', unit=None, boundary=None)
11:48 INFO    :   log10_mej_wind = Uniform(minimum=-3.0, maximum=-1.0, name='log10_mej_wind', latex_label='$\\log_{10}M^{\\rm{wind}}_{\\rm{ej}}$', unit=None, boundary=None)
11:48 INFO    :   luminosity_distance = 40.0
11:48 INFO    :   KNtimeshift = 0.0
11:48 INFO    :   Ebv = 0.0
11:48 WARNING : Supplied argument 'npool' not an argument of 'Pymultinest', removing.
11:48 WARNING : Supplied argument 'queue_size' not an argument of 'Pymultinest', removing.
11:48 WARNING : Supplied argument 'check_point_delta_t' not an argument of 'Pymultinest', removing.
11:48 INFO    : Using sampler Pymultinest with kwargs {'importance_nested_sampling': False, 'resume': True, 'verbose': True, 'sampling_efficiency': 'parameter', 'n_live_points': 2048, 'n_params': 4, 'n_clustering_params': None, 'wrapped_params': None, 'multimodal': True, 'const_efficiency_mode': False, 'evidence_tolerance': 0.5, 'n_iter_before_update': 100, 'null_log_evidence': -1e+90, 'max_modes': 100, 'mode_tolerance': -1e+90, 'seed': 42, 'context': 0, 'write_output': True, 'log_zero': -1e+100, 'max_iter': 0, 'init_MPI': False, 'dump_callback': <bound method Pymultinest._dump_callback of <bilby.core.sampler.pymultinest.Pymultinest object at 0x7f45007cc520>>}
11:48 INFO    : Temporary directory incompatible with MPI, will run in original directory
11:48 INFO    : Using output file output/possisNoROQ_tf/pm_AT2017gfo/
11:48 INFO    : Search parameters:
11:48 INFO    :   KNphi = Uniform(minimum=15.0, maximum=75.0, name='KNphi', latex_label='$\\Phi$', unit=None, boundary=None)
11:48 INFO    :   inclination_EM = Sine(minimum=0.0, maximum=1.5707963267948966, name='inclination_EM', latex_label='$\\iota$', unit=None, boundary=None)
11:48 INFO    :   log10_mej_dyn = Uniform(minimum=-3.0, maximum=-1.0, name='log10_mej_dyn', latex_label='$\\log_{10}M^{\\rm{dyn}}_{\\rm{ej}}$', unit=None, boundary=None)
11:48 INFO    :   log10_mej_wind = Uniform(minimum=-3.0, maximum=-1.0, name='log10_mej_wind', latex_label='$\\log_{10}M^{\\rm{wind}}_{\\rm{ej}}$', unit=None, boundary=None)
11:48 INFO    :   luminosity_distance = 40.0
11:48 INFO    :   KNtimeshift = 0.0
11:48 INFO    :   Ebv = 0.0
11:48 WARNING : Supplied argument 'npool' not an argument of 'Pymultinest', removing.
11:48 WARNING : Supplied argument 'queue_size' not an argument of 'Pymultinest', removing.
11:48 WARNING : Supplied argument 'check_point_delta_t' not an argument of 'Pymultinest', removing.
11:48 INFO    : Using sampler Pymultinest with kwargs {'importance_nested_sampling': False, 'resume': True, 'verbose': True, 'sampling_efficiency': 'parameter', 'n_live_points': 2048, 'n_params': 4, 'n_clustering_params': None, 'wrapped_params': None, 'multimodal': True, 'const_efficiency_mode': False, 'evidence_tolerance': 0.5, 'n_iter_before_update': 100, 'null_log_evidence': -1e+90, 'max_modes': 100, 'mode_tolerance': -1e+90, 'seed': 42, 'context': 0, 'write_output': True, 'log_zero': -1e+100, 'max_iter': 0, 'init_MPI': False, 'dump_callback': <bound method Pymultinest._dump_callback of <bilby.core.sampler.pymultinest.Pymultinest object at 0x7f1447269460>>}
11:48 INFO    : Temporary directory incompatible with MPI, will run in original directory
11:48 INFO    : Using output file output/possisNoROQ_tf/pm_AT2017gfo/
11:48 INFO    : Search parameters:
11:48 INFO    :   KNphi = Uniform(minimum=15.0, maximum=75.0, name='KNphi', latex_label='$\\Phi$', unit=None, boundary=None)
11:48 INFO    :   inclination_EM = Sine(minimum=0.0, maximum=1.5707963267948966, name='inclination_EM', latex_label='$\\iota$', unit=None, boundary=None)
11:48 INFO    :   log10_mej_dyn = Uniform(minimum=-3.0, maximum=-1.0, name='log10_mej_dyn', latex_label='$\\log_{10}M^{\\rm{dyn}}_{\\rm{ej}}$', unit=None, boundary=None)
11:48 INFO    :   log10_mej_wind = Uniform(minimum=-3.0, maximum=-1.0, name='log10_mej_wind', latex_label='$\\log_{10}M^{\\rm{wind}}_{\\rm{ej}}$', unit=None, boundary=None)
11:48 INFO    : Search parameters:
11:48 INFO    : Search parameters:
11:48 INFO    :   luminosity_distance = 40.0
11:48 INFO    :   KNtimeshift = 0.0
11:48 INFO    :   Ebv = 0.0
11:48 INFO    :   KNphi = Uniform(minimum=15.0, maximum=75.0, name='KNphi', latex_label='$\\Phi$', unit=None, boundary=None)
11:48 INFO    :   KNphi = Uniform(minimum=15.0, maximum=75.0, name='KNphi', latex_label='$\\Phi$', unit=None, boundary=None)
11:48 INFO    :   inclination_EM = Sine(minimum=0.0, maximum=1.5707963267948966, name='inclination_EM', latex_label='$\\iota$', unit=None, boundary=None)
11:48 INFO    :   inclination_EM = Sine(minimum=0.0, maximum=1.5707963267948966, name='inclination_EM', latex_label='$\\iota$', unit=None, boundary=None)
11:48 WARNING : Supplied argument 'npool' not an argument of 'Pymultinest', removing.
11:48 WARNING : Supplied argument 'queue_size' not an argument of 'Pymultinest', removing.
11:48 INFO    :   log10_mej_dyn = Uniform(minimum=-3.0, maximum=-1.0, name='log10_mej_dyn', latex_label='$\\log_{10}M^{\\rm{dyn}}_{\\rm{ej}}$', unit=None, boundary=None)
11:48 WARNING : Supplied argument 'check_point_delta_t' not an argument of 'Pymultinest', removing.
11:48 INFO    :   log10_mej_dyn = Uniform(minimum=-3.0, maximum=-1.0, name='log10_mej_dyn', latex_label='$\\log_{10}M^{\\rm{dyn}}_{\\rm{ej}}$', unit=None, boundary=None)
11:48 INFO    : Using sampler Pymultinest with kwargs {'importance_nested_sampling': False, 'resume': True, 'verbose': True, 'sampling_efficiency': 'parameter', 'n_live_points': 2048, 'n_params': 4, 'n_clustering_params': None, 'wrapped_params': None, 'multimodal': True, 'const_efficiency_mode': False, 'evidence_tolerance': 0.5, 'n_iter_before_update': 100, 'null_log_evidence': -1e+90, 'max_modes': 100, 'mode_tolerance': -1e+90, 'seed': 42, 'context': 0, 'write_output': True, 'log_zero': -1e+100, 'max_iter': 0, 'init_MPI': False, 'dump_callback': <bound method Pymultinest._dump_callback of <bilby.core.sampler.pymultinest.Pymultinest object at 0x7fdf119f92b0>>}
11:48 INFO    :   log10_mej_wind = Uniform(minimum=-3.0, maximum=-1.0, name='log10_mej_wind', latex_label='$\\log_{10}M^{\\rm{wind}}_{\\rm{ej}}$', unit=None, boundary=None)
11:48 INFO    :   log10_mej_wind = Uniform(minimum=-3.0, maximum=-1.0, name='log10_mej_wind', latex_label='$\\log_{10}M^{\\rm{wind}}_{\\rm{ej}}$', unit=None, boundary=None)
11:48 INFO    :   luminosity_distance = 40.0
11:48 INFO    :   luminosity_distance = 40.0
11:48 INFO    :   KNtimeshift = 0.0
11:48 INFO    :   KNtimeshift = 0.0
11:48 INFO    :   Ebv = 0.0
11:48 INFO    :   Ebv = 0.0
11:48 INFO    : Temporary directory incompatible with MPI, will run in original directory
11:48 WARNING : Supplied argument 'npool' not an argument of 'Pymultinest', removing.
11:48 WARNING : Supplied argument 'queue_size' not an argument of 'Pymultinest', removing.
11:48 WARNING : Supplied argument 'check_point_delta_t' not an argument of 'Pymultinest', removing.
11:48 INFO    : Using sampler Pymultinest with kwargs {'importance_nested_sampling': False, 'resume': True, 'verbose': True, 'sampling_efficiency': 'parameter', 'n_live_points': 2048, 'n_params': 4, 'n_clustering_params': None, 'wrapped_params': None, 'multimodal': True, 'const_efficiency_mode': False, 'evidence_tolerance': 0.5, 'n_iter_before_update': 100, 'null_log_evidence': -1e+90, 'max_modes': 100, 'mode_tolerance': -1e+90, 'seed': 42, 'context': 0, 'write_output': True, 'log_zero': -1e+100, 'max_iter': 0, 'init_MPI': False, 'dump_callback': <bound method Pymultinest._dump_callback of <bilby.core.sampler.pymultinest.Pymultinest object at 0x7f293695dbe0>>}
11:48 WARNING : Supplied argument 'npool' not an argument of 'Pymultinest', removing.
11:48 WARNING : Supplied argument 'queue_size' not an argument of 'Pymultinest', removing.
11:48 WARNING : Supplied argument 'check_point_delta_t' not an argument of 'Pymultinest', removing.
11:48 INFO    : Using sampler Pymultinest with kwargs {'importance_nested_sampling': False, 'resume': True, 'verbose': True, 'sampling_efficiency': 'parameter', 'n_live_points': 2048, 'n_params': 4, 'n_clustering_params': None, 'wrapped_params': None, 'multimodal': True, 'const_efficiency_mode': False, 'evidence_tolerance': 0.5, 'n_iter_before_update': 100, 'null_log_evidence': -1e+90, 'max_modes': 100, 'mode_tolerance': -1e+90, 'seed': 42, 'context': 0, 'write_output': True, 'log_zero': -1e+100, 'max_iter': 0, 'init_MPI': False, 'dump_callback': <bound method Pymultinest._dump_callback of <bilby.core.sampler.pymultinest.Pymultinest object at 0x7fe490646e80>>}
11:48 INFO    : Temporary directory incompatible with MPI, will run in original directory
11:48 INFO    : Using output file output/possisNoROQ_tf/pm_AT2017gfo/
11:48 INFO    : Temporary directory incompatible with MPI, will run in original directory
11:48 INFO    : Using output file output/possisNoROQ_tf/pm_AT2017gfo/
11:48 INFO    : Using output file output/possisNoROQ_tf/pm_AT2017gfo/
11:48 INFO    : Search parameters:
11:48 INFO    :   KNphi = Uniform(minimum=15.0, maximum=75.0, name='KNphi', latex_label='$\\Phi$', unit=None, boundary=None)
11:48 INFO    :   inclination_EM = Sine(minimum=0.0, maximum=1.5707963267948966, name='inclination_EM', latex_label='$\\iota$', unit=None, boundary=None)
11:48 INFO    :   log10_mej_dyn = Uniform(minimum=-3.0, maximum=-1.0, name='log10_mej_dyn', latex_label='$\\log_{10}M^{\\rm{dyn}}_{\\rm{ej}}$', unit=None, boundary=None)
11:48 INFO    :   log10_mej_wind = Uniform(minimum=-3.0, maximum=-1.0, name='log10_mej_wind', latex_label='$\\log_{10}M^{\\rm{wind}}_{\\rm{ej}}$', unit=None, boundary=None)
11:48 INFO    :   luminosity_distance = 40.0
11:48 INFO    :   KNtimeshift = 0.0
11:48 INFO    :   Ebv = 0.0
11:48 WARNING : Supplied argument 'npool' not an argument of 'Pymultinest', removing.
11:48 WARNING : Supplied argument 'queue_size' not an argument of 'Pymultinest', removing.
11:48 WARNING : Supplied argument 'check_point_delta_t' not an argument of 'Pymultinest', removing.
11:48 INFO    : Search parameters:
11:48 INFO    : Using sampler Pymultinest with kwargs {'importance_nested_sampling': False, 'resume': True, 'verbose': True, 'sampling_efficiency': 'parameter', 'n_live_points': 2048, 'n_params': 4, 'n_clustering_params': None, 'wrapped_params': None, 'multimodal': True, 'const_efficiency_mode': False, 'evidence_tolerance': 0.5, 'n_iter_before_update': 100, 'null_log_evidence': -1e+90, 'max_modes': 100, 'mode_tolerance': -1e+90, 'seed': 42, 'context': 0, 'write_output': True, 'log_zero': -1e+100, 'max_iter': 0, 'init_MPI': False, 'dump_callback': <bound method Pymultinest._dump_callback of <bilby.core.sampler.pymultinest.Pymultinest object at 0x7fc15c25b6a0>>}
11:48 INFO    :   KNphi = Uniform(minimum=15.0, maximum=75.0, name='KNphi', latex_label='$\\Phi$', unit=None, boundary=None)
11:48 INFO    : Temporary directory incompatible with MPI, will run in original directory
11:48 INFO    :   inclination_EM = Sine(minimum=0.0, maximum=1.5707963267948966, name='inclination_EM', latex_label='$\\iota$', unit=None, boundary=None)
11:48 INFO    :   log10_mej_dyn = Uniform(minimum=-3.0, maximum=-1.0, name='log10_mej_dyn', latex_label='$\\log_{10}M^{\\rm{dyn}}_{\\rm{ej}}$', unit=None, boundary=None)
11:48 INFO    : Using output file output/possisNoROQ_tf/pm_AT2017gfo/
11:48 INFO    :   log10_mej_wind = Uniform(minimum=-3.0, maximum=-1.0, name='log10_mej_wind', latex_label='$\\log_{10}M^{\\rm{wind}}_{\\rm{ej}}$', unit=None, boundary=None)
11:48 INFO    : Search parameters:
11:48 INFO    :   luminosity_distance = 40.0
11:48 INFO    :   KNtimeshift = 0.0
11:48 INFO    :   Ebv = 0.0
11:48 INFO    :   KNphi = Uniform(minimum=15.0, maximum=75.0, name='KNphi', latex_label='$\\Phi$', unit=None, boundary=None)
11:48 INFO    :   inclination_EM = Sine(minimum=0.0, maximum=1.5707963267948966, name='inclination_EM', latex_label='$\\iota$', unit=None, boundary=None)
11:48 INFO    :   log10_mej_dyn = Uniform(minimum=-3.0, maximum=-1.0, name='log10_mej_dyn', latex_label='$\\log_{10}M^{\\rm{dyn}}_{\\rm{ej}}$', unit=None, boundary=None)
11:48 WARNING : Supplied argument 'npool' not an argument of 'Pymultinest', removing.
11:48 WARNING : Supplied argument 'queue_size' not an argument of 'Pymultinest', removing.
11:48 INFO    : Search parameters:
11:48 WARNING : Supplied argument 'check_point_delta_t' not an argument of 'Pymultinest', removing.
11:48 INFO    :   log10_mej_wind = Uniform(minimum=-3.0, maximum=-1.0, name='log10_mej_wind', latex_label='$\\log_{10}M^{\\rm{wind}}_{\\rm{ej}}$', unit=None, boundary=None)
11:48 INFO    :   luminosity_distance = 40.0
11:48 INFO    :   KNtimeshift = 0.0
11:48 INFO    : Using sampler Pymultinest with kwargs {'importance_nested_sampling': False, 'resume': True, 'verbose': True, 'sampling_efficiency': 'parameter', 'n_live_points': 2048, 'n_params': 4, 'n_clustering_params': None, 'wrapped_params': None, 'multimodal': True, 'const_efficiency_mode': False, 'evidence_tolerance': 0.5, 'n_iter_before_update': 100, 'null_log_evidence': -1e+90, 'max_modes': 100, 'mode_tolerance': -1e+90, 'seed': 42, 'context': 0, 'write_output': True, 'log_zero': -1e+100, 'max_iter': 0, 'init_MPI': False, 'dump_callback': <bound method Pymultinest._dump_callback of <bilby.core.sampler.pymultinest.Pymultinest object at 0x7efcdec04280>>}
11:48 INFO    :   Ebv = 0.0
11:48 INFO    :   KNphi = Uniform(minimum=15.0, maximum=75.0, name='KNphi', latex_label='$\\Phi$', unit=None, boundary=None)
11:48 INFO    :   inclination_EM = Sine(minimum=0.0, maximum=1.5707963267948966, name='inclination_EM', latex_label='$\\iota$', unit=None, boundary=None)
11:48 INFO    : Temporary directory incompatible with MPI, will run in original directory
11:48 WARNING : Supplied argument 'npool' not an argument of 'Pymultinest', removing.
11:48 WARNING : Supplied argument 'queue_size' not an argument of 'Pymultinest', removing.
11:48 INFO    :   log10_mej_dyn = Uniform(minimum=-3.0, maximum=-1.0, name='log10_mej_dyn', latex_label='$\\log_{10}M^{\\rm{dyn}}_{\\rm{ej}}$', unit=None, boundary=None)
11:48 WARNING : Supplied argument 'check_point_delta_t' not an argument of 'Pymultinest', removing.
11:48 INFO    : Using sampler Pymultinest with kwargs {'importance_nested_sampling': False, 'resume': True, 'verbose': True, 'sampling_efficiency': 'parameter', 'n_live_points': 2048, 'n_params': 4, 'n_clustering_params': None, 'wrapped_params': None, 'multimodal': True, 'const_efficiency_mode': False, 'evidence_tolerance': 0.5, 'n_iter_before_update': 100, 'null_log_evidence': -1e+90, 'max_modes': 100, 'mode_tolerance': -1e+90, 'seed': 42, 'context': 0, 'write_output': True, 'log_zero': -1e+100, 'max_iter': 0, 'init_MPI': False, 'dump_callback': <bound method Pymultinest._dump_callback of <bilby.core.sampler.pymultinest.Pymultinest object at 0x7f0c08e036d0>>}
11:48 INFO    :   log10_mej_wind = Uniform(minimum=-3.0, maximum=-1.0, name='log10_mej_wind', latex_label='$\\log_{10}M^{\\rm{wind}}_{\\rm{ej}}$', unit=None, boundary=None)
11:48 INFO    :   luminosity_distance = 40.0
11:48 INFO    :   KNtimeshift = 0.0
11:48 INFO    :   Ebv = 0.0
11:48 WARNING : Supplied argument 'npool' not an argument of 'Pymultinest', removing.
11:48 WARNING : Supplied argument 'queue_size' not an argument of 'Pymultinest', removing.
11:48 WARNING : Supplied argument 'check_point_delta_t' not an argument of 'Pymultinest', removing.
11:48 INFO    : Using sampler Pymultinest with kwargs {'importance_nested_sampling': False, 'resume': True, 'verbose': True, 'sampling_efficiency': 'parameter', 'n_live_points': 2048, 'n_params': 4, 'n_clustering_params': None, 'wrapped_params': None, 'multimodal': True, 'const_efficiency_mode': False, 'evidence_tolerance': 0.5, 'n_iter_before_update': 100, 'null_log_evidence': -1e+90, 'max_modes': 100, 'mode_tolerance': -1e+90, 'seed': 42, 'context': 0, 'write_output': True, 'log_zero': -1e+100, 'max_iter': 0, 'init_MPI': False, 'dump_callback': <bound method Pymultinest._dump_callback of <bilby.core.sampler.pymultinest.Pymultinest object at 0x7fbd9f6505b0>>}
11:48 INFO    : Temporary directory incompatible with MPI, will run in original directory
11:48 INFO    : Using output file output/possisNoROQ_tf/pm_AT2017gfo/
11:48 INFO    : Temporary directory incompatible with MPI, will run in original directory
11:48 INFO    : Using output file output/possisNoROQ_tf/pm_AT2017gfo/
11:48 INFO    : Using output file output/possisNoROQ_tf/pm_AT2017gfo/
12:12 INFO    : Sampling time: 0:23:41.378441
12:12 INFO    : Sampling time: 0:23:41.488004
12:12 INFO    : Sampling time: 0:23:41.683290
12:12 INFO    : Sampling time: 0:23:41.542485
12:12 INFO    : Sampling time: 0:23:41.683550
12:12 INFO    : Sampling time: 0:23:41.654706
12:12 INFO    : Sampling time: 0:23:41.554976
12:12 INFO    : Sampling time: 0:23:41.563442
12:12 INFO    : Sampling time: 0:23:41.565566
12:12 INFO    : Sampling time: 0:23:41.753236
12:12 INFO    : Sampling time: 0:23:41.567573
12:12 INFO    : Sampling time: 0:23:41.570260
12:12 INFO    : Sampling time: 0:23:41.566983
12:12 INFO    : Sampling time: 0:23:41.611315
12:12 INFO    : Summary of results:
nsamples: 11573
ln_noise_evidence:  0.000
ln_evidence: -140.317 +/-  0.054
ln_bayes_factor: -140.317 +/-  0.054

12:12 INFO    : Writing samples file to /nfs/enlil/pouyans/codes/nmma/output/possisNoROQ_tf/AT2017gfo_posterior_samples.dat
12:12 INFO    : Summary of results:
nsamples: 11573
ln_noise_evidence:  0.000
ln_evidence: -140.317 +/-  0.054
ln_bayes_factor: -140.317 +/-  0.054

12:12 INFO    : Writing samples file to /nfs/enlil/pouyans/codes/nmma/output/possisNoROQ_tf/AT2017gfo_posterior_samples.dat
12:12 INFO    : Summary of results:
nsamples: 11573
ln_noise_evidence:  0.000
ln_evidence: -140.317 +/-  0.054
ln_bayes_factor: -140.317 +/-  0.054

12:12 INFO    : Writing samples file to /nfs/enlil/pouyans/codes/nmma/output/possisNoROQ_tf/AT2017gfo_posterior_samples.dat
12:12 INFO    : Summary of results:
nsamples: 11573
ln_noise_evidence:  0.000
ln_evidence: -140.317 +/-  0.054
ln_bayes_factor: -140.317 +/-  0.054

12:12 INFO    : Writing samples file to /nfs/enlil/pouyans/codes/nmma/output/possisNoROQ_tf/AT2017gfo_posterior_samples.dat
12:12 INFO    : Summary of results:
nsamples: 11573
ln_noise_evidence:  0.000
ln_evidence: -140.317 +/-  0.054
ln_bayes_factor: -140.317 +/-  0.054

12:12 INFO    : Writing samples file to /nfs/enlil/pouyans/codes/nmma/output/possisNoROQ_tf/AT2017gfo_posterior_samples.dat
12:12 INFO    : Summary of results:
nsamples: 11573
ln_noise_evidence:  0.000
ln_evidence: -140.317 +/-  0.054
ln_bayes_factor: -140.317 +/-  0.054

12:12 INFO    : Writing samples file to /nfs/enlil/pouyans/codes/nmma/output/possisNoROQ_tf/AT2017gfo_posterior_samples.dat
12:12 INFO    : Summary of results:
nsamples: 11573
ln_noise_evidence:  0.000
ln_evidence: -140.317 +/-  0.054
ln_bayes_factor: -140.317 +/-  0.054

12:12 INFO    : Summary of results:
nsamples: 11573
ln_noise_evidence:  0.000
ln_evidence: -140.317 +/-  0.054
ln_bayes_factor: -140.317 +/-  0.054

12:12 INFO    : Writing samples file to /nfs/enlil/pouyans/codes/nmma/output/possisNoROQ_tf/AT2017gfo_posterior_samples.dat
12:12 INFO    : Writing samples file to /nfs/enlil/pouyans/codes/nmma/output/possisNoROQ_tf/AT2017gfo_posterior_samples.dat
